2021-11-10 13:53:52,423 INFO SessionID：htgpstsns5qym15t4yjulure UserID：Z00040883 FunctionID：01010100 HTGType：REQ HTGName：establishSession Message：<?xml version="1.0" encoding="UTF-8"?>
<hostgateway>
  <header>
    <action type="establishSession" />
  </header>
  <body>
      <data id="applicationId" value="CSIP" />
      <data id="branchNo" value="0993" />
      <data id="passWord" value="********" />
      <data id="racfId" value="Z45120" />
      <data id="racfPassWord" value="********" />
      <data id="signOnLU0" value="no" />
      <data id="userId" value="Z00040883" />
  </body>
</hostgateway>

2021-11-10 13:53:53,159 INFO SessionID：htgpstsns5qym15t4yjulure UserID：Z00040883 FunctionID：01010100 HTGType：RTN HTGName：establishSession Message：<?xml version="1.0" encoding="UTF-8"?>

<hostgateway>

 <header>

  <rc value="700"/>

 </header>

 <body>

  <msg value="700 SESSION 建立成功"/>

  <data id="sessionId" value="CSIP203Fxdqqsuwv4BD+E7Hh6iUKdpiZ45120"/>

  <data id="loginServer" value="HTG203"/>

 </body>

</hostgateway>


2021-11-10 13:53:53,256 INFO SessionID：htgpstsns5qym15t4yjulure UserID：Z00040883 FunctionID：01010100 HTGType：REQ HTGName：P4_JCF6 Message：<?xml version="1.0" encoding="UTF-8"?>
<hostgateway>
  <header>
    <action type="transaction" />
      <data id="applicationId" value="CSIP" />
      <data id="lowValue" value="true" />
      <data id="luType" value="LU62" />
      <data id="sessionId" value="CSIP203Fxdqqsuwv4BD+E7Hh6iUKdpiZ45120" />
      <data id="transactionId" value="P4_JCF6" />
  </header>
  <body>
      <data id="ACCT_NBR" value="A123456789" />
      <data id="ADDR_1" value="" />
      <data id="ADDR_2" value="" />
      <data id="BILLING_CYCLE" value="" />
      <data id="BIRTH_DATE" value="" />
      <data id="CARD_ID1" value="" />
      <data id="CARD_ID10" value="" />
      <data id="CARD_ID11" value="" />
      <data id="CARD_ID12" value="" />
      <data id="CARD_ID13" value="" />
      <data id="CARD_ID14" value="" />
      <data id="CARD_ID15" value="" />
      <data id="CARD_ID16" value="" />
      <data id="CARD_ID17" value="" />
      <data id="CARD_ID18" value="" />
      <data id="CARD_ID2" value="" />
      <data id="CARD_ID3" value="" />
      <data id="CARD_ID4" value="" />
      <data id="CARD_ID5" value="" />
      <data id="CARD_ID6" value="" />
      <data id="CARD_ID7" value="" />
      <data id="CARD_ID8" value="" />
      <data id="CARD_ID9" value="" />
      <data id="CARD_NMBR1" value="" />
      <data id="CARD_NMBR10" value="" />
      <data id="CARD_NMBR11" value="" />
      <data id="CARD_NMBR12" value="" />
      <data id="CARD_NMBR13" value="" />
      <data id="CARD_NMBR14" value="" />
      <data id="CARD_NMBR15" value="" />
      <data id="CARD_NMBR16" value="" />
      <data id="CARD_NMBR17" value="" />
      <data id="CARD_NMBR18" value="" />
      <data id="CARD_NMBR2" value="" />
      <data id="CARD_NMBR3" value="" />
      <data id="CARD_NMBR4" value="" />
      <data id="CARD_NMBR5" value="" />
      <data id="CARD_NMBR6" value="" />
      <data id="CARD_NMBR7" value="" />
      <data id="CARD_NMBR8" value="" />
      <data id="CARD_NMBR9" value="" />
      <data id="CITY" value="" />
      <data id="CO_OWNER" value="" />
      <data id="CO_TAX_ID_TYPE" value="" />
      <data id="DD_ID" value="" />
      <data id="EMBOSSER_NAME_11" value="" />
      <data id="EMBOSSER_NAME_110" value="" />
      <data id="EMBOSSER_NAME_111" value="" />
      <data id="EMBOSSER_NAME_112" value="" />
      <data id="EMBOSSER_NAME_113" value="" />
      <data id="EMBOSSER_NAME_114" value="" />
      <data id="EMBOSSER_NAME_115" value="" />
      <data id="EMBOSSER_NAME_116" value="" />
      <data id="EMBOSSER_NAME_117" value="" />
      <data id="EMBOSSER_NAME_118" value="" />
      <data id="EMBOSSER_NAME_12" value="" />
      <data id="EMBOSSER_NAME_13" value="" />
      <data id="EMBOSSER_NAME_14" value="" />
      <data id="EMBOSSER_NAME_15" value="" />
      <data id="EMBOSSER_NAME_16" value="" />
      <data id="EMBOSSER_NAME_17" value="" />
      <data id="EMBOSSER_NAME_18" value="" />
      <data id="EMBOSSER_NAME_19" value="" />
      <data id="EMPLOYER" value="" />
      <data id="EU_CUSTOMER_CLASS" value="" />
      <data id="EU_DIRECT_MAIL" value="" />
      <data id="EU_NBR_OF_DEPS" value="" />
      <data id="FUNCTION_CODE" value="1" />
      <data id="GRADUATE_YYMM" value="" />
      <data id="HOME_PHONE" value="" />
      <data id="LINE_CNT" value="0000" />
      <data id="MANAGE_ZIP_CODE" value="" />
      <data id="MEMBER_SINCE" value="" />
      <data id="MEMO_1" value="" />
      <data id="MEMO_2" value="" />
      <data id="MESSAGE_TYPE" value="" />
      <data id="NAME_1" value="" />
      <data id="NAME_1_2" value="" />
      <data id="OFF_PHONE_FLAG" value="" />
      <data id="OFFICE_PHONE" value="" />
      <data id="SHORT_NAME1" value="" />
      <data id="SHORT_NAME10" value="" />
      <data id="SHORT_NAME11" value="" />
      <data id="SHORT_NAME12" value="" />
      <data id="SHORT_NAME13" value="" />
      <data id="SHORT_NAME14" value="" />
      <data id="SHORT_NAME15" value="" />
      <data id="SHORT_NAME16" value="" />
      <data id="SHORT_NAME17" value="" />
      <data id="SHORT_NAME18" value="" />
      <data id="SHORT_NAME2" value="" />
      <data id="SHORT_NAME3" value="" />
      <data id="SHORT_NAME4" value="" />
      <data id="SHORT_NAME5" value="" />
      <data id="SHORT_NAME6" value="" />
      <data id="SHORT_NAME7" value="" />
      <data id="SHORT_NAME8" value="" />
      <data id="SHORT_NAME9" value="" />
      <data id="TYPE1" value="" />
      <data id="TYPE10" value="" />
      <data id="TYPE11" value="" />
      <data id="TYPE12" value="" />
      <data id="TYPE13" value="" />
      <data id="TYPE14" value="" />
      <data id="TYPE15" value="" />
      <data id="TYPE16" value="" />
      <data id="TYPE17" value="" />
      <data id="TYPE18" value="" />
      <data id="TYPE2" value="" />
      <data id="TYPE3" value="" />
      <data id="TYPE4" value="" />
      <data id="TYPE5" value="" />
      <data id="TYPE6" value="" />
      <data id="TYPE7" value="" />
      <data id="TYPE8" value="" />
      <data id="TYPE9" value="" />
      <data id="USER_ID" value="Z45120" />
      <data id="WAIVE_FLAG" value="" />
      <data id="ZIP" value="" />
  </body>
</hostgateway>

2021-11-10 13:53:53,411 INFO SessionID：htgpstsns5qym15t4yjulure UserID：Z00040883 FunctionID：01010100 HTGType：RTN HTGName：P4_JCF6 Message：<?xml version="1.0" encoding="UTF-8"?>

<hostgateway>

 <header>

  <action type="transaction"/>

  <data id="sessionId" value="CSIP203Fxdqqsuwv4BD+E7Hh6iUKdpiZ45120"/>

  <data id="applicationId" value="CSIP"/>

  <data id="luType" value="LU62"/>

  <data id="transactionId" value="P4_JCF6"/>

 </header>

 <line no="1">

  <msgHeader/>

  <msgBody>

   <data id="TYPE14" value=""/>

   <data id="EMBOSSER_NAME_113" value=""/>

   <data id="TYPE13" value=""/>

   <data id="EMBOSSER_NAME_112" value=""/>

   <data id="SHORT_NAME9" value=""/>

   <data id="TYPE12" value=""/>

   <data id="EMBOSSER_NAME_111" value=""/>

   <data id="SHORT_NAME8" value=""/>

   <data id="TYPE11" value=""/>

   <data id="EMBOSSER_NAME_110" value=""/>

   <data id="SHORT_NAME7" value=""/>

   <data id="TYPE10" value=""/>

   <data id="SHORT_NAME6" value=""/>

   <data id="SHORT_NAME5" value=""/>

   <data id="SHORT_NAME4" value=""/>

   <data id="SHORT_NAME3" value=""/>

   <data id="SHORT_NAME2" value=""/>

   <data id="EMBOSSER_NAME_19" value=""/>

   <data id="SHORT_NAME1" value=""/>

   <data id="MESSAGE_TYPE" value="8888"/>

   <data id="EMBOSSER_NAME_18" value=""/>

   <data id="NAME_1" value=""/>

   <data id="EMBOSSER_NAME_17" value=""/>

   <data id="NAME_1_2" value=""/>

   <data id="EMBOSSER_NAME_16" value=""/>

   <data id="EMBOSSER_NAME_15" value=""/>

   <data id="EMBOSSER_NAME_14" value=""/>

   <data id="EMBOSSER_NAME_13" value=""/>

   <data id="EMBOSSER_NAME_12" value=""/>

   <data id="EMBOSSER_NAME_11" value=""/>

   <data id="MANAGE_ZIP_CODE" value=""/>

   <data id="EU_NBR_OF_DEPS" value=""/>

   <data id="MEMBER_SINCE" value=""/>

   <data id="CO_OWNER" value=""/>

   <data id="PROGRAM_ID" value="JCGU802"/>

   <data id="GRADUATE_YYMM" value=""/>

   <data id="CARD_ID18" value=""/>

   <data id="CARD_ID17" value=""/>

   <data id="EMPLOYER" value=""/>

   <data id="SHORT_NAME18" value=""/>

   <data id="CARD_ID16" value=""/>

   <data id="SHORT_NAME17" value=""/>

   <data id="CARD_ID15" value=""/>

   <data id="SHORT_NAME16" value=""/>

   <data id="CARD_ID14" value=""/>

   <data id="SHORT_NAME15" value=""/>

   <data id="CARD_ID13" value=""/>

   <data id="SHORT_NAME14" value=""/>

   <data id="CARD_ID12" value=""/>

   <data id="SHORT_NAME13" value=""/>

   <data id="CARD_ID11" value=""/>

   <data id="CO_TAX_ID_TYPE" value=""/>

   <data id="SHORT_NAME12" value=""/>

   <data id="CARD_ID10" value=""/>

   <data id="CITY" value=""/>

   <data id="SHORT_NAME11" value=""/>

   <data id="SHORT_NAME10" value=""/>

   <data id="CARD_NMBR9" value=""/>

   <data id="CARD_NMBR8" value=""/>

   <data id="TRAN_ID" value="JCF6"/>

   <data id="CARD_NMBR7" value=""/>

   <data id="CARD_NMBR6" value=""/>

   <data id="CARD_NMBR5" value=""/>

   <data id="CARD_NMBR4" value=""/>

   <data id="CARD_NMBR3" value=""/>

   <data id="TYPE9" value=""/>

   <data id="CARD_NMBR2" value=""/>

   <data id="TYPE8" value=""/>

   <data id="CARD_NMBR1" value=""/>

   <data id="TYPE7" value=""/>

   <data id="CARD_ID9" value=""/>

   <data id="TYPE6" value=""/>

   <data id="CARD_ID8" value=""/>

   <data id="TYPE5" value=""/>

   <data id="CARD_ID7" value=""/>

   <data id="TYPE4" value=""/>

   <data id="CARD_ID6" value=""/>

   <data id="BIRTH_DATE" value=""/>

   <data id="TYPE3" value=""/>

   <data id="CARD_ID5" value=""/>

   <data id="TYPE2" value=""/>

   <data id="CARD_ID4" value=""/>

   <data id="TYPE1" value=""/>

   <data id="CARD_ID3" value=""/>

   <data id="CARD_ID2" value=""/>

   <data id="CARD_ID1" value=""/>

   <data id="WAIVE_FLAG" value=""/>

   <data id="EU_CUSTOMER_CLASS" value=""/>

   <data id="BILLING_CYCLE" value=""/>

   <data id="CARD_NMBR18" value=""/>

   <data id="CARD_NMBR17" value=""/>

   <data id="CARD_NMBR16" value=""/>

   <data id="CARD_NMBR15" value=""/>

   <data id="CARD_NMBR14" value=""/>

   <data id="CARD_NMBR13" value=""/>

   <data id="CARD_NMBR12" value=""/>

   <data id="CARD_NMBR11" value=""/>

   <data id="CARD_NMBR10" value=""/>

   <data id="OFF_PHONE_FLAG" value=""/>

   <data id="EU_DIRECT_MAIL" value=""/>

   <data id="USER_ID" value="Z45120"/>

   <data id="DD_ID" value=""/>

   <data id="PROGRAM_VERSION" value=""/>

   <data id="MEMO_2" value=""/>

   <data id="HOME_PHONE" value=""/>

   <data id="MEMO_1" value=""/>

   <data id="OFFICE_PHONE" value=""/>

   <data id="ACCT_NBR" value="A123456789"/>

   <data id="ZIP" value=""/>

   <data id="ADDR_2" value=""/>

   <data id="ADDR_1" value=""/>

   <data id="LINE_CNT" value="0"/>

   <data id="EMBOSSER_NAME_118" value=""/>

   <data id="TYPE18" value=""/>

   <data id="EMBOSSER_NAME_117" value=""/>

   <data id="TYPE17" value=""/>

   <data id="EMBOSSER_NAME_116" value=""/>

   <data id="TYPE16" value=""/>

   <data id="EMBOSSER_NAME_115" value=""/>

   <data id="FUNCTION_CODE" value="1"/>

   <data id="TYPE15" value=""/>

   <data id="EMBOSSER_NAME_114" value=""/>

  </msgBody>

 </line>

</hostgateway>


2021-11-10 13:54:51,557 INFO SessionID：htgpstsns5qym15t4yjulure UserID：Z00040883 FunctionID：01010100 HTGType：REQ HTGName：P4_JCF6 Message：<?xml version="1.0" encoding="UTF-8"?>
<hostgateway>
  <header>
    <action type="transaction" />
      <data id="applicationId" value="CSIP" />
      <data id="lowValue" value="true" />
      <data id="luType" value="LU62" />
      <data id="sessionId" value="CSIP203Fxdqqsuwv4BD+E7Hh6iUKdpiZ45120" />
      <data id="transactionId" value="P4_JCF6" />
  </header>
  <body>
      <data id="ACCT_NBR" value="P200804030" />
      <data id="ADDR_1" value="" />
      <data id="ADDR_2" value="" />
      <data id="BILLING_CYCLE" value="" />
      <data id="BIRTH_DATE" value="" />
      <data id="CARD_ID1" value="" />
      <data id="CARD_ID10" value="" />
      <data id="CARD_ID11" value="" />
      <data id="CARD_ID12" value="" />
      <data id="CARD_ID13" value="" />
      <data id="CARD_ID14" value="" />
      <data id="CARD_ID15" value="" />
      <data id="CARD_ID16" value="" />
      <data id="CARD_ID17" value="" />
      <data id="CARD_ID18" value="" />
      <data id="CARD_ID2" value="" />
      <data id="CARD_ID3" value="" />
      <data id="CARD_ID4" value="" />
      <data id="CARD_ID5" value="" />
      <data id="CARD_ID6" value="" />
      <data id="CARD_ID7" value="" />
      <data id="CARD_ID8" value="" />
      <data id="CARD_ID9" value="" />
      <data id="CARD_NMBR1" value="" />
      <data id="CARD_NMBR10" value="" />
      <data id="CARD_NMBR11" value="" />
      <data id="CARD_NMBR12" value="" />
      <data id="CARD_NMBR13" value="" />
      <data id="CARD_NMBR14" value="" />
      <data id="CARD_NMBR15" value="" />
      <data id="CARD_NMBR16" value="" />
      <data id="CARD_NMBR17" value="" />
      <data id="CARD_NMBR18" value="" />
      <data id="CARD_NMBR2" value="" />
      <data id="CARD_NMBR3" value="" />
      <data id="CARD_NMBR4" value="" />
      <data id="CARD_NMBR5" value="" />
      <data id="CARD_NMBR6" value="" />
      <data id="CARD_NMBR7" value="" />
      <data id="CARD_NMBR8" value="" />
      <data id="CARD_NMBR9" value="" />
      <data id="CITY" value="" />
      <data id="CO_OWNER" value="" />
      <data id="CO_TAX_ID_TYPE" value="" />
      <data id="DD_ID" value="" />
      <data id="EMBOSSER_NAME_11" value="" />
      <data id="EMBOSSER_NAME_110" value="" />
      <data id="EMBOSSER_NAME_111" value="" />
      <data id="EMBOSSER_NAME_112" value="" />
      <data id="EMBOSSER_NAME_113" value="" />
      <data id="EMBOSSER_NAME_114" value="" />
      <data id="EMBOSSER_NAME_115" value="" />
      <data id="EMBOSSER_NAME_116" value="" />
      <data id="EMBOSSER_NAME_117" value="" />
      <data id="EMBOSSER_NAME_118" value="" />
      <data id="EMBOSSER_NAME_12" value="" />
      <data id="EMBOSSER_NAME_13" value="" />
      <data id="EMBOSSER_NAME_14" value="" />
      <data id="EMBOSSER_NAME_15" value="" />
      <data id="EMBOSSER_NAME_16" value="" />
      <data id="EMBOSSER_NAME_17" value="" />
      <data id="EMBOSSER_NAME_18" value="" />
      <data id="EMBOSSER_NAME_19" value="" />
      <data id="EMPLOYER" value="" />
      <data id="EU_CUSTOMER_CLASS" value="" />
      <data id="EU_DIRECT_MAIL" value="" />
      <data id="EU_NBR_OF_DEPS" value="" />
      <data id="FUNCTION_CODE" value="1" />
      <data id="GRADUATE_YYMM" value="" />
      <data id="HOME_PHONE" value="" />
      <data id="LINE_CNT" value="0000" />
      <data id="MANAGE_ZIP_CODE" value="" />
      <data id="MEMBER_SINCE" value="" />
      <data id="MEMO_1" value="" />
      <data id="MEMO_2" value="" />
      <data id="MESSAGE_TYPE" value="" />
      <data id="NAME_1" value="" />
      <data id="NAME_1_2" value="" />
      <data id="OFF_PHONE_FLAG" value="" />
      <data id="OFFICE_PHONE" value="" />
      <data id="SHORT_NAME1" value="" />
      <data id="SHORT_NAME10" value="" />
      <data id="SHORT_NAME11" value="" />
      <data id="SHORT_NAME12" value="" />
      <data id="SHORT_NAME13" value="" />
      <data id="SHORT_NAME14" value="" />
      <data id="SHORT_NAME15" value="" />
      <data id="SHORT_NAME16" value="" />
      <data id="SHORT_NAME17" value="" />
      <data id="SHORT_NAME18" value="" />
      <data id="SHORT_NAME2" value="" />
      <data id="SHORT_NAME3" value="" />
      <data id="SHORT_NAME4" value="" />
      <data id="SHORT_NAME5" value="" />
      <data id="SHORT_NAME6" value="" />
      <data id="SHORT_NAME7" value="" />
      <data id="SHORT_NAME8" value="" />
      <data id="SHORT_NAME9" value="" />
      <data id="TYPE1" value="" />
      <data id="TYPE10" value="" />
      <data id="TYPE11" value="" />
      <data id="TYPE12" value="" />
      <data id="TYPE13" value="" />
      <data id="TYPE14" value="" />
      <data id="TYPE15" value="" />
      <data id="TYPE16" value="" />
      <data id="TYPE17" value="" />
      <data id="TYPE18" value="" />
      <data id="TYPE2" value="" />
      <data id="TYPE3" value="" />
      <data id="TYPE4" value="" />
      <data id="TYPE5" value="" />
      <data id="TYPE6" value="" />
      <data id="TYPE7" value="" />
      <data id="TYPE8" value="" />
      <data id="TYPE9" value="" />
      <data id="USER_ID" value="Z45120" />
      <data id="WAIVE_FLAG" value="" />
      <data id="ZIP" value="" />
  </body>
</hostgateway>

2021-11-10 13:54:51,787 INFO SessionID：htgpstsns5qym15t4yjulure UserID：Z00040883 FunctionID：01010100 HTGType：RTN HTGName：P4_JCF6 Message：<?xml version="1.0" encoding="UTF-8"?>

<hostgateway>

 <header>

  <action type="transaction"/>

  <data id="sessionId" value="CSIP203Fxdqqsuwv4BD+E7Hh6iUKdpiZ45120"/>

  <data id="applicationId" value="CSIP"/>

  <data id="luType" value="LU62"/>

  <data id="transactionId" value="P4_JCF6"/>

 </header>

 <line no="1">

  <msgHeader/>

  <msgBody>

   <data id="TYPE14" value=""/>

   <data id="EMBOSSER_NAME_113" value=""/>

   <data id="TYPE13" value=""/>

   <data id="EMBOSSER_NAME_112" value=""/>

   <data id="SHORT_NAME9" value=""/>

   <data id="TYPE12" value=""/>

   <data id="EMBOSSER_NAME_111" value=""/>

   <data id="SHORT_NAME8" value=""/>

   <data id="TYPE11" value=""/>

   <data id="EMBOSSER_NAME_110" value=""/>

   <data id="SHORT_NAME7" value=""/>

   <data id="TYPE10" value=""/>

   <data id="SHORT_NAME6" value=""/>

   <data id="SHORT_NAME5" value=""/>

   <data id="SHORT_NAME4" value=""/>

   <data id="SHORT_NAME3" value=""/>

   <data id="SHORT_NAME2" value="測試季季"/>

   <data id="EMBOSSER_NAME_19" value=""/>

   <data id="SHORT_NAME1" value="測試季榮"/>

   <data id="MESSAGE_TYPE" value="0001"/>

   <data id="EMBOSSER_NAME_18" value=""/>

   <data id="NAME_1" value="測試皓祖     "/>

   <data id="EMBOSSER_NAME_17" value=""/>

   <data id="NAME_1_2" value="測試皓祖     "/>

   <data id="EMBOSSER_NAME_16" value=""/>

   <data id="EMBOSSER_NAME_15" value=""/>

   <data id="EMBOSSER_NAME_14" value=""/>

   <data id="EMBOSSER_NAME_13" value=""/>

   <data id="EMBOSSER_NAME_12" value="COTOWO-WCWIMOT"/>

   <data id="EMBOSSER_NAME_11" value="COTOWO-WCWIMOT"/>

   <data id="MANAGE_ZIP_CODE" value="100"/>

   <data id="EU_NBR_OF_DEPS" value="00"/>

   <data id="MEMBER_SINCE" value="21/09"/>

   <data id="CO_OWNER" value=""/>

   <data id="PROGRAM_ID" value="JCGU802"/>

   <data id="GRADUATE_YYMM" value="00/00"/>

   <data id="CARD_ID18" value=""/>

   <data id="CARD_ID17" value=""/>

   <data id="EMPLOYER" value="測試鴻五                    "/>

   <data id="SHORT_NAME18" value=""/>

   <data id="CARD_ID16" value=""/>

   <data id="SHORT_NAME17" value=""/>

   <data id="CARD_ID15" value=""/>

   <data id="SHORT_NAME16" value=""/>

   <data id="CARD_ID14" value=""/>

   <data id="SHORT_NAME15" value=""/>

   <data id="CARD_ID13" value=""/>

   <data id="SHORT_NAME14" value=""/>

   <data id="CARD_ID12" value=""/>

   <data id="SHORT_NAME13" value=""/>

   <data id="CARD_ID11" value=""/>

   <data id="CO_TAX_ID_TYPE" value="0"/>

   <data id="SHORT_NAME12" value=""/>

   <data id="CARD_ID10" value=""/>

   <data id="CITY" value="測試梅市    "/>

   <data id="SHORT_NAME11" value=""/>

   <data id="SHORT_NAME10" value=""/>

   <data id="CARD_NMBR9" value=""/>

   <data id="CARD_NMBR8" value=""/>

   <data id="TRAN_ID" value="JCF6"/>

   <data id="CARD_NMBR7" value=""/>

   <data id="CARD_NMBR6" value=""/>

   <data id="CARD_NMBR5" value=""/>

   <data id="CARD_NMBR4" value=""/>

   <data id="CARD_NMBR3" value=""/>

   <data id="TYPE9" value=""/>

   <data id="CARD_NMBR2" value="4311951060629789"/>

   <data id="TYPE8" value=""/>

   <data id="CARD_NMBR1" value="4311951060560190"/>

   <data id="TYPE7" value=""/>

   <data id="CARD_ID9" value=""/>

   <data id="TYPE6" value=""/>

   <data id="CARD_ID8" value=""/>

   <data id="TYPE5" value=""/>

   <data id="CARD_ID7" value=""/>

   <data id="TYPE4" value=""/>

   <data id="CARD_ID6" value=""/>

   <data id="BIRTH_DATE" value="08021997"/>

   <data id="TYPE3" value=""/>

   <data id="CARD_ID5" value=""/>

   <data id="TYPE2" value="450"/>

   <data id="CARD_ID4" value=""/>

   <data id="TYPE1" value="450"/>

   <data id="CARD_ID3" value=""/>

   <data id="CARD_ID2" value="Q197118962"/>

   <data id="CARD_ID1" value="P200804030"/>

   <data id="WAIVE_FLAG" value="0"/>

   <data id="EU_CUSTOMER_CLASS" value="0 "/>

   <data id="BILLING_CYCLE" value="10"/>

   <data id="CARD_NMBR18" value=""/>

   <data id="CARD_NMBR17" value=""/>

   <data id="CARD_NMBR16" value=""/>

   <data id="CARD_NMBR15" value=""/>

   <data id="CARD_NMBR14" value=""/>

   <data id="CARD_NMBR13" value=""/>

   <data id="CARD_NMBR12" value=""/>

   <data id="CARD_NMBR11" value=""/>

   <data id="CARD_NMBR10" value=""/>

   <data id="OFF_PHONE_FLAG" value="0"/>

   <data id="EU_DIRECT_MAIL" value="5"/>

   <data id="USER_ID" value="Z45120"/>

   <data id="DD_ID" value=""/>

   <data id="PROGRAM_VERSION" value=""/>

   <data id="MEMO_2" value=""/>

   <data id="HOME_PHONE" value="-              "/>

   <data id="MEMO_1" value=""/>

   <data id="OFFICE_PHONE" value="-              "/>

   <data id="ACCT_NBR" value="P200804030"/>

   <data id="ZIP" value="100"/>

   <data id="ADDR_2" value=""/>

   <data id="ADDR_1" value="測試省八八市八八區八八里    "/>

   <data id="LINE_CNT" value="2"/>

   <data id="EMBOSSER_NAME_118" value=""/>

   <data id="TYPE18" value=""/>

   <data id="EMBOSSER_NAME_117" value=""/>

   <data id="TYPE17" value=""/>

   <data id="EMBOSSER_NAME_116" value=""/>

   <data id="TYPE16" value=""/>

   <data id="EMBOSSER_NAME_115" value=""/>

   <data id="FUNCTION_CODE" value="1"/>

   <data id="TYPE15" value=""/>

   <data id="EMBOSSER_NAME_114" value=""/>

  </msgBody>

 </line>

</hostgateway>


2021-11-10 13:54:52,013 INFO SessionID：htgpstsns5qym15t4yjulure UserID：Z00040883 FunctionID：01010100 HTGType：REQ HTGName：P4_JCBG Message：<?xml version="1.0" encoding="UTF-8"?>
<hostgateway>
  <header>
    <action type="transaction" />
      <data id="applicationId" value="CSIP" />
      <data id="lowValue" value="true" />
      <data id="luType" value="LU62" />
      <data id="sessionId" value="CSIP203Fxdqqsuwv4BD+E7Hh6iUKdpiZ45120" />
      <data id="transactionId" value="P4_JCBG" />
  </header>
  <body>
      <data id="ACCT_NBR" value="P200804030" />
      <data id="CON_RPT" value="" />
      <data id="E_SERVICE_CODE" value="" />
      <data id="EBILL_FLAG" value="" />
      <data id="EMAIL" value="" />
      <data id="FAX_NO" value="" />
      <data id="FUNCTION_CODE" value="1" />
      <data id="GRADE_SCHOOL" value="" />
      <data id="GRADE_SCHOOL_LOCATE" value="" />
      <data id="INFORMANT_NAME_1" value="" />
      <data id="INFORMANT_NAME_2" value="" />
      <data id="INFORMANT_TEL_NO_1" value="" />
      <data id="INFORMANT_TEL_NO_2" value="" />
      <data id="LINE_CNT" value="0000" />
      <data id="MESSAGE_TYPE" value="" />
      <data id="MOBILE_PHONE" value="" />
      <data id="OVERSEA_PHONE" value="" />
      <data id="PERM_ADDR_1" value="" />
      <data id="PERM_ADDR_2" value="" />
      <data id="PERM_CITY" value="" />
      <data id="PERM_ZIP" value="" />
      <data id="PROGRAM_ID" value="JCGU638" />
      <data id="SAME_FLAG" value="" />
      <data id="SMS_NP_FLAG" value="" />
      <data id="STUS_ADDB" value="" />
      <data id="STUS_ADDP" value="" />
      <data id="STUS_EMAIL" value="" />
      <data id="STUS_FAX" value="" />
      <data id="STUS_ID" value="" />
      <data id="STUS_MOBIL" value="" />
      <data id="STUS_TELH" value="" />
      <data id="STUS_TELO" value="" />
      <data id="STUS_TELP" value="" />
      <data id="TEL_PERM" value="" />
      <data id="TEMP_E_MAIL" value="" />
      <data id="TEMP_E_MAIL_STATUS" value="" />
      <data id="TITLE" value="" />
      <data id="TMAL_CREATE_DATE" value="" />
      <data id="TRAN_ID" value="JCBG" />
      <data id="USER_ID" value="Z45120" />
      <data id="VALID_SEL" value="" />
      <data id="VERIFY_SEQ_NO" value="" />
  </body>
</hostgateway>

2021-11-10 13:54:53,307 INFO SessionID：htgpstsns5qym15t4yjulure UserID：Z00040883 FunctionID：01010100 HTGType：RTN HTGName：P4_JCBG Message：<?xml version="1.0" encoding="UTF-8"?>

<hostgateway>

 <header>

  <action type="transaction"/>

  <data id="sessionId" value="CSIP203Fxdqqsuwv4BD+E7Hh6iUKdpiZ45120"/>

  <data id="applicationId" value="CSIP"/>

  <data id="luType" value="LU62"/>

  <data id="transactionId" value="P4_JCBG"/>

 </header>

 <line no="1">

  <msgHeader/>

  <msgBody>

   <data id="STUS_MOBIL" value="00"/>

   <data id="VALID_SEL" value=""/>

   <data id="CON_RPT" value=""/>

   <data id="INFORMANT_TEL_NO_2" value="   -"/>

   <data id="PERM_CITY" value="測試城市"/>

   <data id="INFORMANT_TEL_NO_1" value="   -"/>

   <data id="OVERSEA_PHONE" value=""/>

   <data id="FAX_NO" value=""/>

   <data id="INFORMANT_NAME_2" value=""/>

   <data id="INFORMANT_NAME_1" value=""/>

   <data id="TRAN_ID" value="JCBG"/>

   <data id="SAME_FLAG" value="N"/>

   <data id="FUNCTION_CODE" value="1"/>

   <data id="TEL_PERM" value="   -"/>

   <data id="MOBILE_PHONE" value="0912345678"/>

   <data id="USER_ID" value="Z45120"/>

   <data id="PERM_ADDR_2" value=""/>

   <data id="PERM_ADDR_1" value="測試省八八市八八區八八里"/>

   <data id="VERIFY_SEQ_NO" value="CSIP2021110510551828"/>

   <data id="GRADE_SCHOOL_LOCATE" value="測試市"/>

   <data id="E_SERVICE_CODE" value=""/>

   <data id="TEMP_E_MAIL" value="unitest1@test.com"/>

   <data id="LINE_CNT" value="0000"/>

   <data id="ACCT_NBR" value="P200804030"/>

   <data id="MESSAGE_TYPE" value="0001"/>

   <data id="GRADE_SCHOOL" value="測試國小"/>

   <data id="STUS_EMAIL" value="01"/>

   <data id="SMS_NP_FLAG" value="N"/>

   <data id="TMAL_CREATE_DATE" value="20211105"/>

   <data id="PROGRAM_ID" value="JCGU638"/>

   <data id="EBILL_FLAG" value=""/>

   <data id="TEMP_E_MAIL_STATUS" value="P"/>

   <data id="EMAIL" value=""/>

   <data id="PERM_ZIP" value=""/>

   <data id="STUS_FAX" value="01"/>

   <data id="TITLE" value="工程師"/>

   <data id="STUS_ADDP" value="00"/>

   <data id="STUS_ID" value="00"/>

   <data id="STUS_TELP" value="11"/>

   <data id="STUS_TELO" value="11"/>

   <data id="STUS_ADDB" value="00"/>

   <data id="STUS_TELH" value="11"/>

  </msgBody>

 </line>

</hostgateway>


2021-11-10 13:54:59,672 INFO SessionID：htgpstsns5qym15t4yjulure UserID：Z00040883 FunctionID：01010100 HTGType：REQ HTGName：P4_JCF6 Message：<?xml version="1.0" encoding="UTF-8"?>
<hostgateway>
  <header>
    <action type="transaction" />
      <data id="applicationId" value="CSIP" />
      <data id="lowValue" value="true" />
      <data id="luType" value="LU62" />
      <data id="sessionId" value="CSIP203Fxdqqsuwv4BD+E7Hh6iUKdpiZ45120" />
      <data id="transactionId" value="P4_JCF6" />
  </header>
  <body>
      <data id="ACCT_NBR" value="P203613139" />
      <data id="ADDR_1" value="" />
      <data id="ADDR_2" value="" />
      <data id="BILLING_CYCLE" value="" />
      <data id="BIRTH_DATE" value="" />
      <data id="CARD_ID1" value="" />
      <data id="CARD_ID10" value="" />
      <data id="CARD_ID11" value="" />
      <data id="CARD_ID12" value="" />
      <data id="CARD_ID13" value="" />
      <data id="CARD_ID14" value="" />
      <data id="CARD_ID15" value="" />
      <data id="CARD_ID16" value="" />
      <data id="CARD_ID17" value="" />
      <data id="CARD_ID18" value="" />
      <data id="CARD_ID2" value="" />
      <data id="CARD_ID3" value="" />
      <data id="CARD_ID4" value="" />
      <data id="CARD_ID5" value="" />
      <data id="CARD_ID6" value="" />
      <data id="CARD_ID7" value="" />
      <data id="CARD_ID8" value="" />
      <data id="CARD_ID9" value="" />
      <data id="CARD_NMBR1" value="" />
      <data id="CARD_NMBR10" value="" />
      <data id="CARD_NMBR11" value="" />
      <data id="CARD_NMBR12" value="" />
      <data id="CARD_NMBR13" value="" />
      <data id="CARD_NMBR14" value="" />
      <data id="CARD_NMBR15" value="" />
      <data id="CARD_NMBR16" value="" />
      <data id="CARD_NMBR17" value="" />
      <data id="CARD_NMBR18" value="" />
      <data id="CARD_NMBR2" value="" />
      <data id="CARD_NMBR3" value="" />
      <data id="CARD_NMBR4" value="" />
      <data id="CARD_NMBR5" value="" />
      <data id="CARD_NMBR6" value="" />
      <data id="CARD_NMBR7" value="" />
      <data id="CARD_NMBR8" value="" />
      <data id="CARD_NMBR9" value="" />
      <data id="CITY" value="" />
      <data id="CO_OWNER" value="" />
      <data id="CO_TAX_ID_TYPE" value="" />
      <data id="DD_ID" value="" />
      <data id="EMBOSSER_NAME_11" value="" />
      <data id="EMBOSSER_NAME_110" value="" />
      <data id="EMBOSSER_NAME_111" value="" />
      <data id="EMBOSSER_NAME_112" value="" />
      <data id="EMBOSSER_NAME_113" value="" />
      <data id="EMBOSSER_NAME_114" value="" />
      <data id="EMBOSSER_NAME_115" value="" />
      <data id="EMBOSSER_NAME_116" value="" />
      <data id="EMBOSSER_NAME_117" value="" />
      <data id="EMBOSSER_NAME_118" value="" />
      <data id="EMBOSSER_NAME_12" value="" />
      <data id="EMBOSSER_NAME_13" value="" />
      <data id="EMBOSSER_NAME_14" value="" />
      <data id="EMBOSSER_NAME_15" value="" />
      <data id="EMBOSSER_NAME_16" value="" />
      <data id="EMBOSSER_NAME_17" value="" />
      <data id="EMBOSSER_NAME_18" value="" />
      <data id="EMBOSSER_NAME_19" value="" />
      <data id="EMPLOYER" value="" />
      <data id="EU_CUSTOMER_CLASS" value="" />
      <data id="EU_DIRECT_MAIL" value="" />
      <data id="EU_NBR_OF_DEPS" value="" />
      <data id="FUNCTION_CODE" value="1" />
      <data id="GRADUATE_YYMM" value="" />
      <data id="HOME_PHONE" value="" />
      <data id="LINE_CNT" value="0000" />
      <data id="MANAGE_ZIP_CODE" value="" />
      <data id="MEMBER_SINCE" value="" />
      <data id="MEMO_1" value="" />
      <data id="MEMO_2" value="" />
      <data id="MESSAGE_TYPE" value="" />
      <data id="NAME_1" value="" />
      <data id="NAME_1_2" value="" />
      <data id="OFF_PHONE_FLAG" value="" />
      <data id="OFFICE_PHONE" value="" />
      <data id="SHORT_NAME1" value="" />
      <data id="SHORT_NAME10" value="" />
      <data id="SHORT_NAME11" value="" />
      <data id="SHORT_NAME12" value="" />
      <data id="SHORT_NAME13" value="" />
      <data id="SHORT_NAME14" value="" />
      <data id="SHORT_NAME15" value="" />
      <data id="SHORT_NAME16" value="" />
      <data id="SHORT_NAME17" value="" />
      <data id="SHORT_NAME18" value="" />
      <data id="SHORT_NAME2" value="" />
      <data id="SHORT_NAME3" value="" />
      <data id="SHORT_NAME4" value="" />
      <data id="SHORT_NAME5" value="" />
      <data id="SHORT_NAME6" value="" />
      <data id="SHORT_NAME7" value="" />
      <data id="SHORT_NAME8" value="" />
      <data id="SHORT_NAME9" value="" />
      <data id="TYPE1" value="" />
      <data id="TYPE10" value="" />
      <data id="TYPE11" value="" />
      <data id="TYPE12" value="" />
      <data id="TYPE13" value="" />
      <data id="TYPE14" value="" />
      <data id="TYPE15" value="" />
      <data id="TYPE16" value="" />
      <data id="TYPE17" value="" />
      <data id="TYPE18" value="" />
      <data id="TYPE2" value="" />
      <data id="TYPE3" value="" />
      <data id="TYPE4" value="" />
      <data id="TYPE5" value="" />
      <data id="TYPE6" value="" />
      <data id="TYPE7" value="" />
      <data id="TYPE8" value="" />
      <data id="TYPE9" value="" />
      <data id="USER_ID" value="Z45120" />
      <data id="WAIVE_FLAG" value="" />
      <data id="ZIP" value="" />
  </body>
</hostgateway>

2021-11-10 13:55:00,093 INFO SessionID：htgpstsns5qym15t4yjulure UserID：Z00040883 FunctionID：01010100 HTGType：RTN HTGName：P4_JCF6 Message：<?xml version="1.0" encoding="UTF-8"?>

<hostgateway>

 <header>

  <action type="transaction"/>

  <data id="sessionId" value="CSIP203Fxdqqsuwv4BD+E7Hh6iUKdpiZ45120"/>

  <data id="applicationId" value="CSIP"/>

  <data id="luType" value="LU62"/>

  <data id="transactionId" value="P4_JCF6"/>

 </header>

 <line no="1">

  <msgHeader/>

  <msgBody>

   <data id="TYPE14" value=""/>

   <data id="EMBOSSER_NAME_113" value=""/>

   <data id="TYPE13" value=""/>

   <data id="EMBOSSER_NAME_112" value=""/>

   <data id="SHORT_NAME9" value=""/>

   <data id="TYPE12" value=""/>

   <data id="EMBOSSER_NAME_111" value=""/>

   <data id="SHORT_NAME8" value=""/>

   <data id="TYPE11" value=""/>

   <data id="EMBOSSER_NAME_110" value=""/>

   <data id="SHORT_NAME7" value=""/>

   <data id="TYPE10" value=""/>

   <data id="SHORT_NAME6" value=""/>

   <data id="SHORT_NAME5" value=""/>

   <data id="SHORT_NAME4" value=""/>

   <data id="SHORT_NAME3" value=""/>

   <data id="SHORT_NAME2" value=""/>

   <data id="EMBOSSER_NAME_19" value=""/>

   <data id="SHORT_NAME1" value="測試季榮"/>

   <data id="MESSAGE_TYPE" value="0001"/>

   <data id="EMBOSSER_NAME_18" value=""/>

   <data id="NAME_1" value="測試榮季     "/>

   <data id="EMBOSSER_NAME_17" value=""/>

   <data id="NAME_1_2" value="測試榮季     "/>

   <data id="EMBOSSER_NAME_16" value=""/>

   <data id="EMBOSSER_NAME_15" value=""/>

   <data id="EMBOSSER_NAME_14" value=""/>

   <data id="EMBOSSER_NAME_13" value=""/>

   <data id="EMBOSSER_NAME_12" value=""/>

   <data id="EMBOSSER_NAME_11" value="COTOWO-WCOCCWC"/>

   <data id="MANAGE_ZIP_CODE" value="100"/>

   <data id="EU_NBR_OF_DEPS" value="00"/>

   <data id="MEMBER_SINCE" value="21/06"/>

   <data id="CO_OWNER" value=""/>

   <data id="PROGRAM_ID" value="JCGU802"/>

   <data id="GRADUATE_YYMM" value="00/00"/>

   <data id="CARD_ID18" value=""/>

   <data id="CARD_ID17" value=""/>

   <data id="EMPLOYER" value="測試玉七                    "/>

   <data id="SHORT_NAME18" value=""/>

   <data id="CARD_ID16" value=""/>

   <data id="SHORT_NAME17" value=""/>

   <data id="CARD_ID15" value=""/>

   <data id="SHORT_NAME16" value=""/>

   <data id="CARD_ID14" value=""/>

   <data id="SHORT_NAME15" value=""/>

   <data id="CARD_ID13" value=""/>

   <data id="SHORT_NAME14" value=""/>

   <data id="CARD_ID12" value=""/>

   <data id="SHORT_NAME13" value=""/>

   <data id="CARD_ID11" value=""/>

   <data id="CO_TAX_ID_TYPE" value="0"/>

   <data id="SHORT_NAME12" value=""/>

   <data id="CARD_ID10" value=""/>

   <data id="CITY" value="測試梅市    "/>

   <data id="SHORT_NAME11" value=""/>

   <data id="SHORT_NAME10" value=""/>

   <data id="CARD_NMBR9" value=""/>

   <data id="CARD_NMBR8" value=""/>

   <data id="TRAN_ID" value="JCF6"/>

   <data id="CARD_NMBR7" value=""/>

   <data id="CARD_NMBR6" value=""/>

   <data id="CARD_NMBR5" value=""/>

   <data id="CARD_NMBR4" value=""/>

   <data id="CARD_NMBR3" value=""/>

   <data id="TYPE9" value=""/>

   <data id="CARD_NMBR2" value=""/>

   <data id="TYPE8" value=""/>

   <data id="CARD_NMBR1" value="3565511001320909"/>

   <data id="TYPE7" value=""/>

   <data id="CARD_ID9" value=""/>

   <data id="TYPE6" value=""/>

   <data id="CARD_ID8" value=""/>

   <data id="TYPE5" value=""/>

   <data id="CARD_ID7" value=""/>

   <data id="TYPE4" value=""/>

   <data id="CARD_ID6" value=""/>

   <data id="BIRTH_DATE" value="01161998"/>

   <data id="TYPE3" value=""/>

   <data id="CARD_ID5" value=""/>

   <data id="TYPE2" value=""/>

   <data id="CARD_ID4" value=""/>

   <data id="TYPE1" value="850"/>

   <data id="CARD_ID3" value=""/>

   <data id="CARD_ID2" value=""/>

   <data id="CARD_ID1" value="P203613139"/>

   <data id="WAIVE_FLAG" value="0"/>

   <data id="EU_CUSTOMER_CLASS" value="0 "/>

   <data id="BILLING_CYCLE" value="10"/>

   <data id="CARD_NMBR18" value=""/>

   <data id="CARD_NMBR17" value=""/>

   <data id="CARD_NMBR16" value=""/>

   <data id="CARD_NMBR15" value=""/>

   <data id="CARD_NMBR14" value=""/>

   <data id="CARD_NMBR13" value=""/>

   <data id="CARD_NMBR12" value=""/>

   <data id="CARD_NMBR11" value=""/>

   <data id="CARD_NMBR10" value=""/>

   <data id="OFF_PHONE_FLAG" value="0"/>

   <data id="EU_DIRECT_MAIL" value="5"/>

   <data id="USER_ID" value="Z45120"/>

   <data id="DD_ID" value=""/>

   <data id="PROGRAM_VERSION" value=""/>

   <data id="MEMO_2" value=""/>

   <data id="HOME_PHONE" value=""/>

   <data id="MEMO_1" value=""/>

   <data id="OFFICE_PHONE" value=""/>

   <data id="ACCT_NBR" value="P203613139"/>

   <data id="ZIP" value="100"/>

   <data id="ADDR_2" value=""/>

   <data id="ADDR_1" value="測試省八八市八八區八八里    "/>

   <data id="LINE_CNT" value="1"/>

   <data id="EMBOSSER_NAME_118" value=""/>

   <data id="TYPE18" value=""/>

   <data id="EMBOSSER_NAME_117" value=""/>

   <data id="TYPE17" value=""/>

   <data id="EMBOSSER_NAME_116" value=""/>

   <data id="TYPE16" value=""/>

   <data id="EMBOSSER_NAME_115" value=""/>

   <data id="FUNCTION_CODE" value="1"/>

   <data id="TYPE15" value=""/>

   <data id="EMBOSSER_NAME_114" value=""/>

  </msgBody>

 </line>

</hostgateway>


2021-11-10 13:55:00,295 INFO SessionID：htgpstsns5qym15t4yjulure UserID：Z00040883 FunctionID：01010100 HTGType：REQ HTGName：P4_JCBG Message：<?xml version="1.0" encoding="UTF-8"?>
<hostgateway>
  <header>
    <action type="transaction" />
      <data id="applicationId" value="CSIP" />
      <data id="lowValue" value="true" />
      <data id="luType" value="LU62" />
      <data id="sessionId" value="CSIP203Fxdqqsuwv4BD+E7Hh6iUKdpiZ45120" />
      <data id="transactionId" value="P4_JCBG" />
  </header>
  <body>
      <data id="ACCT_NBR" value="P203613139" />
      <data id="CON_RPT" value="" />
      <data id="E_SERVICE_CODE" value="" />
      <data id="EBILL_FLAG" value="" />
      <data id="EMAIL" value="" />
      <data id="FAX_NO" value="" />
      <data id="FUNCTION_CODE" value="1" />
      <data id="GRADE_SCHOOL" value="" />
      <data id="GRADE_SCHOOL_LOCATE" value="" />
      <data id="INFORMANT_NAME_1" value="" />
      <data id="INFORMANT_NAME_2" value="" />
      <data id="INFORMANT_TEL_NO_1" value="" />
      <data id="INFORMANT_TEL_NO_2" value="" />
      <data id="LINE_CNT" value="0000" />
      <data id="MESSAGE_TYPE" value="" />
      <data id="MOBILE_PHONE" value="" />
      <data id="OVERSEA_PHONE" value="" />
      <data id="PERM_ADDR_1" value="" />
      <data id="PERM_ADDR_2" value="" />
      <data id="PERM_CITY" value="" />
      <data id="PERM_ZIP" value="" />
      <data id="PROGRAM_ID" value="JCGU638" />
      <data id="SAME_FLAG" value="" />
      <data id="SMS_NP_FLAG" value="" />
      <data id="STUS_ADDB" value="" />
      <data id="STUS_ADDP" value="" />
      <data id="STUS_EMAIL" value="" />
      <data id="STUS_FAX" value="" />
      <data id="STUS_ID" value="" />
      <data id="STUS_MOBIL" value="" />
      <data id="STUS_TELH" value="" />
      <data id="STUS_TELO" value="" />
      <data id="STUS_TELP" value="" />
      <data id="TEL_PERM" value="" />
      <data id="TEMP_E_MAIL" value="" />
      <data id="TEMP_E_MAIL_STATUS" value="" />
      <data id="TITLE" value="" />
      <data id="TMAL_CREATE_DATE" value="" />
      <data id="TRAN_ID" value="JCBG" />
      <data id="USER_ID" value="Z45120" />
      <data id="VALID_SEL" value="" />
      <data id="VERIFY_SEQ_NO" value="" />
  </body>
</hostgateway>

2021-11-10 13:55:02,644 INFO SessionID：htgpstsns5qym15t4yjulure UserID：Z00040883 FunctionID：01010100 HTGType：RTN HTGName：P4_JCBG Message：<?xml version="1.0" encoding="UTF-8"?>

<hostgateway>

 <header>

  <action type="transaction"/>

  <data id="sessionId" value="CSIP203Fxdqqsuwv4BD+E7Hh6iUKdpiZ45120"/>

  <data id="applicationId" value="CSIP"/>

  <data id="luType" value="LU62"/>

  <data id="transactionId" value="P4_JCBG"/>

 </header>

 <line no="1">

  <msgHeader/>

  <msgBody>

   <data id="STUS_MOBIL" value="00"/>

   <data id="VALID_SEL" value=""/>

   <data id="CON_RPT" value=""/>

   <data id="INFORMANT_TEL_NO_2" value="   -"/>

   <data id="PERM_CITY" value="測試城市"/>

   <data id="INFORMANT_TEL_NO_1" value="   -"/>

   <data id="OVERSEA_PHONE" value=""/>

   <data id="FAX_NO" value=""/>

   <data id="INFORMANT_NAME_2" value=""/>

   <data id="INFORMANT_NAME_1" value=""/>

   <data id="TRAN_ID" value="JCBG"/>

   <data id="SAME_FLAG" value=""/>

   <data id="FUNCTION_CODE" value="1"/>

   <data id="TEL_PERM" value=""/>

   <data id="MOBILE_PHONE" value="0912345678"/>

   <data id="USER_ID" value="Z45120"/>

   <data id="PERM_ADDR_2" value=""/>

   <data id="PERM_ADDR_1" value="測試省八八市八八區八八里"/>

   <data id="VERIFY_SEQ_NO" value=""/>

   <data id="GRADE_SCHOOL_LOCATE" value="測試市"/>

   <data id="E_SERVICE_CODE" value=""/>

   <data id="TEMP_E_MAIL" value=""/>

   <data id="LINE_CNT" value="0000"/>

   <data id="ACCT_NBR" value="P203613139"/>

   <data id="MESSAGE_TYPE" value="0001"/>

   <data id="GRADE_SCHOOL" value="測試國小"/>

   <data id="STUS_EMAIL" value="01"/>

   <data id="SMS_NP_FLAG" value="N"/>

   <data id="TMAL_CREATE_DATE" value=""/>

   <data id="PROGRAM_ID" value="JCGU638"/>

   <data id="EBILL_FLAG" value=""/>

   <data id="TEMP_E_MAIL_STATUS" value=""/>

   <data id="EMAIL" value=""/>

   <data id="PERM_ZIP" value=""/>

   <data id="STUS_FAX" value="01"/>

   <data id="TITLE" value="工程師"/>

   <data id="STUS_ADDP" value="00"/>

   <data id="STUS_ID" value="00"/>

   <data id="STUS_TELP" value="01"/>

   <data id="STUS_TELO" value="01"/>

   <data id="STUS_ADDB" value="00"/>

   <data id="STUS_TELH" value="01"/>

  </msgBody>

 </line>

</hostgateway>


2021-11-10 13:55:10,616 INFO SessionID：htgpstsns5qym15t4yjulure UserID：Z00040883 FunctionID：01010100 HTGType：REQ HTGName：P4_PCTI Message：<?xml version="1.0" encoding="UTF-8"?>
<hostgateway>
  <header>
    <action type="transaction" />
      <data id="applicationId" value="CSIP" />
      <data id="luType" value="LU62" />
      <data id="sessionId" value="CSIP203Fxdqqsuwv4BD+E7Hh6iUKdpiZ45120" />
      <data id="transactionId" value="P4_PCTI" />
      <data id="uploadType" value="1" />
  </header>
  <body>
      <data id="ERR_MSG_CODE" value="0" />
      <data id="ERR_MSG_DATA" value="                                                              " />
      <data id="ERR_MSG_NO" value="299" />
      <data id="FUNCTION_ID" value="PCMC1" />
      <data id="ID_CODE" value="0" />
      <data id="ID_DATA" value="822P203613139" />
      <data id="ID_NO" value="000" />
      <data id="TELEPHONE" value="   -" />
      <data id="TRAN_ID" value="PCTI" />
      <data id="USER_ID" value="Z45120" />
      <data id="WORK_PHONE" value="   -" />
  </body>
</hostgateway>

2021-11-10 13:55:13,644 INFO SessionID：htgpstsns5qym15t4yjulure UserID：Z00040883 FunctionID：01010100 HTGType：RTN HTGName：P4_PCTI Message：<?xml version="1.0" encoding="UTF-8"?>

<hostgateway>

 <header>

  <action type="transaction"/>

  <data id="sessionId" value="CSIP203Fxdqqsuwv4BD+E7Hh6iUKdpiZ45120"/>

  <data id="applicationId" value="CSIP"/>

  <data id="luType" value="LU62"/>

  <data id="transactionId" value="P4_PCTI"/>

 </header>

 <line no="1">

  <msgHeader/>

  <msgBody>

   <data id="DD_ID" value=""/>

   <data id="CITY" value=""/>

   <data id="BK_ID_AC" value=""/>

   <data id="BIRTH_DATE" value=""/>

   <data id="WORK_PHONE" value="   -"/>

   <data id="TRAN_ID" value="PCTI"/>

   <data id="FUNCTION_ID" value="PCMC1"/>

   <data id="MEMO_2" value=""/>

   <data id="MEMO_1" value=""/>

   <data id="DIRECT_MAIL" value=""/>

   <data id="ERR_MSG_DATA" value="00999"/>

   <data id="ID_DATA" value="8220000025203613139"/>

   <data id="GRADUATION_DATE" value=""/>

   <data id="ERR_MSG_CODE" value="5"/>

   <data id="EU_NBR_OF_DEPS" value=""/>

   <data id="ID_CODE" value="0"/>

   <data id="BILLING_CYCLE" value=""/>

   <data id="TITLE" value=""/>

   <data id="MAIL_IND" value=""/>

   <data id="OWNER" value=""/>

   <data id="ID_NO" value="000"/>

   <data id="TELEPHONE" value="   -"/>

   <data id="MAIL" value=""/>

   <data id="LAST_CR_LINE_IND" value=""/>

   <data id="WAVE" value=""/>

   <data id="USER_ID" value="Z45120"/>

   <data id="SHORT_NAME" value=""/>

   <data id="EDUCATION_CODE" value=""/>

   <data id="ZIP" value=""/>

   <data id="ADDR_LINE_2" value=""/>

   <data id="ERR_MSG_NO" value="299"/>

   <data id="ADDR_LINE_1" value=""/>

   <data id="NAME_LINE_1" value=""/>

  </msgBody>

 </line>

</hostgateway>


2021-11-10 13:56:29,995 INFO SessionID：htgpstsns5qym15t4yjulure UserID：Z00040883 FunctionID：01010100 HTGType：REQ HTGName：establishSession Message：<?xml version="1.0" encoding="UTF-8"?>
<hostgateway>
  <header>
    <action type="establishSession" />
  </header>
  <body>
      <data id="applicationId" value="CSIP" />
      <data id="branchNo" value="0993" />
      <data id="passWord" value="********" />
      <data id="racfId" value="Z45120" />
      <data id="racfPassWord" value="********" />
      <data id="signOnLU0" value="no" />
      <data id="userId" value="Z00040883" />
  </body>
</hostgateway>

2021-11-10 13:56:30,313 INFO SessionID：htgpstsns5qym15t4yjulure UserID：Z00040883 FunctionID：01010100 HTGType：RTN HTGName：establishSession Message：<?xml version="1.0" encoding="UTF-8"?>

<hostgateway>

 <header>

  <rc value="700"/>

 </header>

 <body>

  <msg value="700 SESSION 建立成功"/>

  <data id="sessionId" value="CSIP203Cpi6KDrF9zFhsVik4pxZP2+0Z45120"/>

  <data id="loginServer" value="HTG203"/>

 </body>

</hostgateway>


2021-11-10 13:56:30,345 INFO SessionID：htgpstsns5qym15t4yjulure UserID：Z00040883 FunctionID：01010100 HTGType：REQ HTGName：P4_JCF6 Message：<?xml version="1.0" encoding="UTF-8"?>
<hostgateway>
  <header>
    <action type="transaction" />
      <data id="applicationId" value="CSIP" />
      <data id="lowValue" value="true" />
      <data id="luType" value="LU62" />
      <data id="sessionId" value="CSIP203Cpi6KDrF9zFhsVik4pxZP2+0Z45120" />
      <data id="transactionId" value="P4_JCF6" />
  </header>
  <body>
      <data id="ACCT_NBR" value="P203613139" />
      <data id="ADDR_1" value="" />
      <data id="ADDR_2" value="" />
      <data id="BILLING_CYCLE" value="" />
      <data id="BIRTH_DATE" value="" />
      <data id="CARD_ID1" value="" />
      <data id="CARD_ID10" value="" />
      <data id="CARD_ID11" value="" />
      <data id="CARD_ID12" value="" />
      <data id="CARD_ID13" value="" />
      <data id="CARD_ID14" value="" />
      <data id="CARD_ID15" value="" />
      <data id="CARD_ID16" value="" />
      <data id="CARD_ID17" value="" />
      <data id="CARD_ID18" value="" />
      <data id="CARD_ID2" value="" />
      <data id="CARD_ID3" value="" />
      <data id="CARD_ID4" value="" />
      <data id="CARD_ID5" value="" />
      <data id="CARD_ID6" value="" />
      <data id="CARD_ID7" value="" />
      <data id="CARD_ID8" value="" />
      <data id="CARD_ID9" value="" />
      <data id="CARD_NMBR1" value="" />
      <data id="CARD_NMBR10" value="" />
      <data id="CARD_NMBR11" value="" />
      <data id="CARD_NMBR12" value="" />
      <data id="CARD_NMBR13" value="" />
      <data id="CARD_NMBR14" value="" />
      <data id="CARD_NMBR15" value="" />
      <data id="CARD_NMBR16" value="" />
      <data id="CARD_NMBR17" value="" />
      <data id="CARD_NMBR18" value="" />
      <data id="CARD_NMBR2" value="" />
      <data id="CARD_NMBR3" value="" />
      <data id="CARD_NMBR4" value="" />
      <data id="CARD_NMBR5" value="" />
      <data id="CARD_NMBR6" value="" />
      <data id="CARD_NMBR7" value="" />
      <data id="CARD_NMBR8" value="" />
      <data id="CARD_NMBR9" value="" />
      <data id="CITY" value="" />
      <data id="CO_OWNER" value="" />
      <data id="CO_TAX_ID_TYPE" value="" />
      <data id="DD_ID" value="" />
      <data id="EMBOSSER_NAME_11" value="" />
      <data id="EMBOSSER_NAME_110" value="" />
      <data id="EMBOSSER_NAME_111" value="" />
      <data id="EMBOSSER_NAME_112" value="" />
      <data id="EMBOSSER_NAME_113" value="" />
      <data id="EMBOSSER_NAME_114" value="" />
      <data id="EMBOSSER_NAME_115" value="" />
      <data id="EMBOSSER_NAME_116" value="" />
      <data id="EMBOSSER_NAME_117" value="" />
      <data id="EMBOSSER_NAME_118" value="" />
      <data id="EMBOSSER_NAME_12" value="" />
      <data id="EMBOSSER_NAME_13" value="" />
      <data id="EMBOSSER_NAME_14" value="" />
      <data id="EMBOSSER_NAME_15" value="" />
      <data id="EMBOSSER_NAME_16" value="" />
      <data id="EMBOSSER_NAME_17" value="" />
      <data id="EMBOSSER_NAME_18" value="" />
      <data id="EMBOSSER_NAME_19" value="" />
      <data id="EMPLOYER" value="" />
      <data id="EU_CUSTOMER_CLASS" value="" />
      <data id="EU_DIRECT_MAIL" value="" />
      <data id="EU_NBR_OF_DEPS" value="" />
      <data id="FUNCTION_CODE" value="1" />
      <data id="GRADUATE_YYMM" value="" />
      <data id="HOME_PHONE" value="" />
      <data id="LINE_CNT" value="0000" />
      <data id="MANAGE_ZIP_CODE" value="" />
      <data id="MEMBER_SINCE" value="" />
      <data id="MEMO_1" value="" />
      <data id="MEMO_2" value="" />
      <data id="MESSAGE_TYPE" value="" />
      <data id="NAME_1" value="" />
      <data id="NAME_1_2" value="" />
      <data id="OFF_PHONE_FLAG" value="" />
      <data id="OFFICE_PHONE" value="" />
      <data id="SHORT_NAME1" value="" />
      <data id="SHORT_NAME10" value="" />
      <data id="SHORT_NAME11" value="" />
      <data id="SHORT_NAME12" value="" />
      <data id="SHORT_NAME13" value="" />
      <data id="SHORT_NAME14" value="" />
      <data id="SHORT_NAME15" value="" />
      <data id="SHORT_NAME16" value="" />
      <data id="SHORT_NAME17" value="" />
      <data id="SHORT_NAME18" value="" />
      <data id="SHORT_NAME2" value="" />
      <data id="SHORT_NAME3" value="" />
      <data id="SHORT_NAME4" value="" />
      <data id="SHORT_NAME5" value="" />
      <data id="SHORT_NAME6" value="" />
      <data id="SHORT_NAME7" value="" />
      <data id="SHORT_NAME8" value="" />
      <data id="SHORT_NAME9" value="" />
      <data id="TYPE1" value="" />
      <data id="TYPE10" value="" />
      <data id="TYPE11" value="" />
      <data id="TYPE12" value="" />
      <data id="TYPE13" value="" />
      <data id="TYPE14" value="" />
      <data id="TYPE15" value="" />
      <data id="TYPE16" value="" />
      <data id="TYPE17" value="" />
      <data id="TYPE18" value="" />
      <data id="TYPE2" value="" />
      <data id="TYPE3" value="" />
      <data id="TYPE4" value="" />
      <data id="TYPE5" value="" />
      <data id="TYPE6" value="" />
      <data id="TYPE7" value="" />
      <data id="TYPE8" value="" />
      <data id="TYPE9" value="" />
      <data id="USER_ID" value="Z45120" />
      <data id="WAIVE_FLAG" value="" />
      <data id="ZIP" value="" />
  </body>
</hostgateway>

2021-11-10 13:56:30,948 INFO SessionID：htgpstsns5qym15t4yjulure UserID：Z00040883 FunctionID：01010100 HTGType：RTN HTGName：P4_JCF6 Message：<?xml version="1.0" encoding="UTF-8"?>

<hostgateway>

 <header>

  <action type="transaction"/>

  <data id="sessionId" value="CSIP203Cpi6KDrF9zFhsVik4pxZP2+0Z45120"/>

  <data id="applicationId" value="CSIP"/>

  <data id="luType" value="LU62"/>

  <data id="transactionId" value="P4_JCF6"/>

 </header>

 <line no="1">

  <msgHeader/>

  <msgBody>

   <data id="TYPE14" value=""/>

   <data id="EMBOSSER_NAME_113" value=""/>

   <data id="TYPE13" value=""/>

   <data id="EMBOSSER_NAME_112" value=""/>

   <data id="SHORT_NAME9" value=""/>

   <data id="TYPE12" value=""/>

   <data id="EMBOSSER_NAME_111" value=""/>

   <data id="SHORT_NAME8" value=""/>

   <data id="TYPE11" value=""/>

   <data id="EMBOSSER_NAME_110" value=""/>

   <data id="SHORT_NAME7" value=""/>

   <data id="TYPE10" value=""/>

   <data id="SHORT_NAME6" value=""/>

   <data id="SHORT_NAME5" value=""/>

   <data id="SHORT_NAME4" value=""/>

   <data id="SHORT_NAME3" value=""/>

   <data id="SHORT_NAME2" value=""/>

   <data id="EMBOSSER_NAME_19" value=""/>

   <data id="SHORT_NAME1" value="測試季榮"/>

   <data id="MESSAGE_TYPE" value="0001"/>

   <data id="EMBOSSER_NAME_18" value=""/>

   <data id="NAME_1" value="測試榮季     "/>

   <data id="EMBOSSER_NAME_17" value=""/>

   <data id="NAME_1_2" value="測試榮季     "/>

   <data id="EMBOSSER_NAME_16" value=""/>

   <data id="EMBOSSER_NAME_15" value=""/>

   <data id="EMBOSSER_NAME_14" value=""/>

   <data id="EMBOSSER_NAME_13" value=""/>

   <data id="EMBOSSER_NAME_12" value=""/>

   <data id="EMBOSSER_NAME_11" value="COTOWO-WCOCCWC"/>

   <data id="MANAGE_ZIP_CODE" value="100"/>

   <data id="EU_NBR_OF_DEPS" value="00"/>

   <data id="MEMBER_SINCE" value="21/06"/>

   <data id="CO_OWNER" value=""/>

   <data id="PROGRAM_ID" value="JCGU802"/>

   <data id="GRADUATE_YYMM" value="00/00"/>

   <data id="CARD_ID18" value=""/>

   <data id="CARD_ID17" value=""/>

   <data id="EMPLOYER" value="測試玉七                    "/>

   <data id="SHORT_NAME18" value=""/>

   <data id="CARD_ID16" value=""/>

   <data id="SHORT_NAME17" value=""/>

   <data id="CARD_ID15" value=""/>

   <data id="SHORT_NAME16" value=""/>

   <data id="CARD_ID14" value=""/>

   <data id="SHORT_NAME15" value=""/>

   <data id="CARD_ID13" value=""/>

   <data id="SHORT_NAME14" value=""/>

   <data id="CARD_ID12" value=""/>

   <data id="SHORT_NAME13" value=""/>

   <data id="CARD_ID11" value=""/>

   <data id="CO_TAX_ID_TYPE" value="0"/>

   <data id="SHORT_NAME12" value=""/>

   <data id="CARD_ID10" value=""/>

   <data id="CITY" value="測試梅市    "/>

   <data id="SHORT_NAME11" value=""/>

   <data id="SHORT_NAME10" value=""/>

   <data id="CARD_NMBR9" value=""/>

   <data id="CARD_NMBR8" value=""/>

   <data id="TRAN_ID" value="JCF6"/>

   <data id="CARD_NMBR7" value=""/>

   <data id="CARD_NMBR6" value=""/>

   <data id="CARD_NMBR5" value=""/>

   <data id="CARD_NMBR4" value=""/>

   <data id="CARD_NMBR3" value=""/>

   <data id="TYPE9" value=""/>

   <data id="CARD_NMBR2" value=""/>

   <data id="TYPE8" value=""/>

   <data id="CARD_NMBR1" value="3565511001320909"/>

   <data id="TYPE7" value=""/>

   <data id="CARD_ID9" value=""/>

   <data id="TYPE6" value=""/>

   <data id="CARD_ID8" value=""/>

   <data id="TYPE5" value=""/>

   <data id="CARD_ID7" value=""/>

   <data id="TYPE4" value=""/>

   <data id="CARD_ID6" value=""/>

   <data id="BIRTH_DATE" value="01161998"/>

   <data id="TYPE3" value=""/>

   <data id="CARD_ID5" value=""/>

   <data id="TYPE2" value=""/>

   <data id="CARD_ID4" value=""/>

   <data id="TYPE1" value="850"/>

   <data id="CARD_ID3" value=""/>

   <data id="CARD_ID2" value=""/>

   <data id="CARD_ID1" value="P203613139"/>

   <data id="WAIVE_FLAG" value="0"/>

   <data id="EU_CUSTOMER_CLASS" value="0 "/>

   <data id="BILLING_CYCLE" value="10"/>

   <data id="CARD_NMBR18" value=""/>

   <data id="CARD_NMBR17" value=""/>

   <data id="CARD_NMBR16" value=""/>

   <data id="CARD_NMBR15" value=""/>

   <data id="CARD_NMBR14" value=""/>

   <data id="CARD_NMBR13" value=""/>

   <data id="CARD_NMBR12" value=""/>

   <data id="CARD_NMBR11" value=""/>

   <data id="CARD_NMBR10" value=""/>

   <data id="OFF_PHONE_FLAG" value="0"/>

   <data id="EU_DIRECT_MAIL" value="5"/>

   <data id="USER_ID" value="Z45120"/>

   <data id="DD_ID" value=""/>

   <data id="PROGRAM_VERSION" value=""/>

   <data id="MEMO_2" value=""/>

   <data id="HOME_PHONE" value="-              "/>

   <data id="MEMO_1" value=""/>

   <data id="OFFICE_PHONE" value="-              "/>

   <data id="ACCT_NBR" value="P203613139"/>

   <data id="ZIP" value="100"/>

   <data id="ADDR_2" value=""/>

   <data id="ADDR_1" value="測試省八八市八八區八八里    "/>

   <data id="LINE_CNT" value="1"/>

   <data id="EMBOSSER_NAME_118" value=""/>

   <data id="TYPE18" value=""/>

   <data id="EMBOSSER_NAME_117" value=""/>

   <data id="TYPE17" value=""/>

   <data id="EMBOSSER_NAME_116" value=""/>

   <data id="TYPE16" value=""/>

   <data id="EMBOSSER_NAME_115" value=""/>

   <data id="FUNCTION_CODE" value="1"/>

   <data id="TYPE15" value=""/>

   <data id="EMBOSSER_NAME_114" value=""/>

  </msgBody>

 </line>

</hostgateway>


2021-11-10 13:56:31,062 INFO SessionID：htgpstsns5qym15t4yjulure UserID：Z00040883 FunctionID：01010100 HTGType：REQ HTGName：P4_JCBG Message：<?xml version="1.0" encoding="UTF-8"?>
<hostgateway>
  <header>
    <action type="transaction" />
      <data id="applicationId" value="CSIP" />
      <data id="lowValue" value="true" />
      <data id="luType" value="LU62" />
      <data id="sessionId" value="CSIP203Cpi6KDrF9zFhsVik4pxZP2+0Z45120" />
      <data id="transactionId" value="P4_JCBG" />
  </header>
  <body>
      <data id="ACCT_NBR" value="P203613139" />
      <data id="CON_RPT" value="" />
      <data id="E_SERVICE_CODE" value="" />
      <data id="EBILL_FLAG" value="" />
      <data id="EMAIL" value="" />
      <data id="FAX_NO" value="" />
      <data id="FUNCTION_CODE" value="1" />
      <data id="GRADE_SCHOOL" value="" />
      <data id="GRADE_SCHOOL_LOCATE" value="" />
      <data id="INFORMANT_NAME_1" value="" />
      <data id="INFORMANT_NAME_2" value="" />
      <data id="INFORMANT_TEL_NO_1" value="" />
      <data id="INFORMANT_TEL_NO_2" value="" />
      <data id="LINE_CNT" value="0000" />
      <data id="MESSAGE_TYPE" value="" />
      <data id="MOBILE_PHONE" value="" />
      <data id="OVERSEA_PHONE" value="" />
      <data id="PERM_ADDR_1" value="" />
      <data id="PERM_ADDR_2" value="" />
      <data id="PERM_CITY" value="" />
      <data id="PERM_ZIP" value="" />
      <data id="PROGRAM_ID" value="JCGU638" />
      <data id="SAME_FLAG" value="" />
      <data id="SMS_NP_FLAG" value="" />
      <data id="STUS_ADDB" value="" />
      <data id="STUS_ADDP" value="" />
      <data id="STUS_EMAIL" value="" />
      <data id="STUS_FAX" value="" />
      <data id="STUS_ID" value="" />
      <data id="STUS_MOBIL" value="" />
      <data id="STUS_TELH" value="" />
      <data id="STUS_TELO" value="" />
      <data id="STUS_TELP" value="" />
      <data id="TEL_PERM" value="" />
      <data id="TEMP_E_MAIL" value="" />
      <data id="TEMP_E_MAIL_STATUS" value="" />
      <data id="TITLE" value="" />
      <data id="TMAL_CREATE_DATE" value="" />
      <data id="TRAN_ID" value="JCBG" />
      <data id="USER_ID" value="Z45120" />
      <data id="VALID_SEL" value="" />
      <data id="VERIFY_SEQ_NO" value="" />
  </body>
</hostgateway>

2021-11-10 13:56:31,188 INFO SessionID：htgpstsns5qym15t4yjulure UserID：Z00040883 FunctionID：01010100 HTGType：RTN HTGName：P4_JCBG Message：<?xml version="1.0" encoding="UTF-8"?>

<hostgateway>

 <header>

  <action type="transaction"/>

  <data id="sessionId" value="CSIP203Cpi6KDrF9zFhsVik4pxZP2+0Z45120"/>

  <data id="applicationId" value="CSIP"/>

  <data id="luType" value="LU62"/>

  <data id="transactionId" value="P4_JCBG"/>

 </header>

 <line no="1">

  <msgHeader/>

  <msgBody>

   <data id="STUS_MOBIL" value="00"/>

   <data id="VALID_SEL" value=""/>

   <data id="CON_RPT" value=""/>

   <data id="INFORMANT_TEL_NO_2" value="   -"/>

   <data id="PERM_CITY" value="測試城市"/>

   <data id="INFORMANT_TEL_NO_1" value="   -"/>

   <data id="OVERSEA_PHONE" value=""/>

   <data id="FAX_NO" value=""/>

   <data id="INFORMANT_NAME_2" value=""/>

   <data id="INFORMANT_NAME_1" value=""/>

   <data id="TRAN_ID" value="JCBG"/>

   <data id="SAME_FLAG" value=""/>

   <data id="FUNCTION_CODE" value="1"/>

   <data id="TEL_PERM" value=""/>

   <data id="MOBILE_PHONE" value="0912345678"/>

   <data id="USER_ID" value="Z45120"/>

   <data id="PERM_ADDR_2" value=""/>

   <data id="PERM_ADDR_1" value="測試省八八市八八區八八里"/>

   <data id="VERIFY_SEQ_NO" value=""/>

   <data id="GRADE_SCHOOL_LOCATE" value="測試市"/>

   <data id="E_SERVICE_CODE" value=""/>

   <data id="TEMP_E_MAIL" value=""/>

   <data id="LINE_CNT" value="0000"/>

   <data id="ACCT_NBR" value="P203613139"/>

   <data id="MESSAGE_TYPE" value="0001"/>

   <data id="GRADE_SCHOOL" value="測試國小"/>

   <data id="STUS_EMAIL" value="01"/>

   <data id="SMS_NP_FLAG" value="N"/>

   <data id="TMAL_CREATE_DATE" value=""/>

   <data id="PROGRAM_ID" value="JCGU638"/>

   <data id="EBILL_FLAG" value=""/>

   <data id="TEMP_E_MAIL_STATUS" value=""/>

   <data id="EMAIL" value=""/>

   <data id="PERM_ZIP" value=""/>

   <data id="STUS_FAX" value="01"/>

   <data id="TITLE" value="工程師"/>

   <data id="STUS_ADDP" value="00"/>

   <data id="STUS_ID" value="00"/>

   <data id="STUS_TELP" value="01"/>

   <data id="STUS_TELO" value="11"/>

   <data id="STUS_ADDB" value="00"/>

   <data id="STUS_TELH" value="11"/>

  </msgBody>

 </line>

</hostgateway>


