2021-11-02 10:09:21,461 INFO SessionID：fb2x50jpszxr5l31brhoigpf UserID：Z00040883 FunctionID：01010100 HTGType：REQ HTGName：establishSession Message：<?xml version="1.0" encoding="UTF-8"?>
<hostgateway>
  <header>
    <action type="establishSession" />
  </header>
  <body>
      <data id="applicationId" value="CSIP" />
      <data id="branchNo" value="0993" />
      <data id="passWord" value="********" />
      <data id="racfId" value="Z45120" />
      <data id="racfPassWord" value="********" />
      <data id="signOnLU0" value="no" />
      <data id="userId" value="Z00040883" />
  </body>
</hostgateway>

2021-11-02 10:09:22,234 INFO SessionID：fb2x50jpszxr5l31brhoigpf UserID：Z00040883 FunctionID：01010100 HTGType：RTN HTGName：establishSession Message：<?xml version="1.0" encoding="UTF-8"?>

<hostgateway>

 <header>

  <rc value="700"/>

 </header>

 <body>

  <msg value="700 SESSION 建立成功"/>

  <data id="sessionId" value="CSIP203A6h6uJ20xHIbAKZzSvGlmo-YZ45120"/>

  <data id="loginServer" value="HTG203"/>

 </body>

</hostgateway>


2021-11-02 10:09:22,300 INFO SessionID：fb2x50jpszxr5l31brhoigpf UserID：Z00040883 FunctionID：01010100 HTGType：REQ HTGName：P4_JCF6 Message：<?xml version="1.0" encoding="UTF-8"?>
<hostgateway>
  <header>
    <action type="transaction" />
      <data id="applicationId" value="CSIP" />
      <data id="lowValue" value="true" />
      <data id="luType" value="LU62" />
      <data id="sessionId" value="CSIP203A6h6uJ20xHIbAKZzSvGlmo-YZ45120" />
      <data id="transactionId" value="P4_JCF6" />
  </header>
  <body>
      <data id="ACCT_NBR" value="P121407995" />
      <data id="ADDR_1" value="" />
      <data id="ADDR_2" value="" />
      <data id="BILLING_CYCLE" value="" />
      <data id="BIRTH_DATE" value="" />
      <data id="CARD_ID1" value="" />
      <data id="CARD_ID10" value="" />
      <data id="CARD_ID11" value="" />
      <data id="CARD_ID12" value="" />
      <data id="CARD_ID13" value="" />
      <data id="CARD_ID14" value="" />
      <data id="CARD_ID15" value="" />
      <data id="CARD_ID16" value="" />
      <data id="CARD_ID17" value="" />
      <data id="CARD_ID18" value="" />
      <data id="CARD_ID2" value="" />
      <data id="CARD_ID3" value="" />
      <data id="CARD_ID4" value="" />
      <data id="CARD_ID5" value="" />
      <data id="CARD_ID6" value="" />
      <data id="CARD_ID7" value="" />
      <data id="CARD_ID8" value="" />
      <data id="CARD_ID9" value="" />
      <data id="CARD_NMBR1" value="" />
      <data id="CARD_NMBR10" value="" />
      <data id="CARD_NMBR11" value="" />
      <data id="CARD_NMBR12" value="" />
      <data id="CARD_NMBR13" value="" />
      <data id="CARD_NMBR14" value="" />
      <data id="CARD_NMBR15" value="" />
      <data id="CARD_NMBR16" value="" />
      <data id="CARD_NMBR17" value="" />
      <data id="CARD_NMBR18" value="" />
      <data id="CARD_NMBR2" value="" />
      <data id="CARD_NMBR3" value="" />
      <data id="CARD_NMBR4" value="" />
      <data id="CARD_NMBR5" value="" />
      <data id="CARD_NMBR6" value="" />
      <data id="CARD_NMBR7" value="" />
      <data id="CARD_NMBR8" value="" />
      <data id="CARD_NMBR9" value="" />
      <data id="CITY" value="" />
      <data id="CO_OWNER" value="" />
      <data id="CO_TAX_ID_TYPE" value="" />
      <data id="DD_ID" value="" />
      <data id="EMBOSSER_NAME_11" value="" />
      <data id="EMBOSSER_NAME_110" value="" />
      <data id="EMBOSSER_NAME_111" value="" />
      <data id="EMBOSSER_NAME_112" value="" />
      <data id="EMBOSSER_NAME_113" value="" />
      <data id="EMBOSSER_NAME_114" value="" />
      <data id="EMBOSSER_NAME_115" value="" />
      <data id="EMBOSSER_NAME_116" value="" />
      <data id="EMBOSSER_NAME_117" value="" />
      <data id="EMBOSSER_NAME_118" value="" />
      <data id="EMBOSSER_NAME_12" value="" />
      <data id="EMBOSSER_NAME_13" value="" />
      <data id="EMBOSSER_NAME_14" value="" />
      <data id="EMBOSSER_NAME_15" value="" />
      <data id="EMBOSSER_NAME_16" value="" />
      <data id="EMBOSSER_NAME_17" value="" />
      <data id="EMBOSSER_NAME_18" value="" />
      <data id="EMBOSSER_NAME_19" value="" />
      <data id="EMPLOYER" value="" />
      <data id="EU_CUSTOMER_CLASS" value="" />
      <data id="EU_DIRECT_MAIL" value="" />
      <data id="EU_NBR_OF_DEPS" value="" />
      <data id="FUNCTION_CODE" value="1" />
      <data id="GRADUATE_YYMM" value="" />
      <data id="HOME_PHONE" value="" />
      <data id="LINE_CNT" value="0000" />
      <data id="MANAGE_ZIP_CODE" value="" />
      <data id="MEMBER_SINCE" value="" />
      <data id="MEMO_1" value="" />
      <data id="MEMO_2" value="" />
      <data id="MESSAGE_TYPE" value="" />
      <data id="NAME_1" value="" />
      <data id="NAME_1_2" value="" />
      <data id="OFF_PHONE_FLAG" value="" />
      <data id="OFFICE_PHONE" value="" />
      <data id="SHORT_NAME1" value="" />
      <data id="SHORT_NAME10" value="" />
      <data id="SHORT_NAME11" value="" />
      <data id="SHORT_NAME12" value="" />
      <data id="SHORT_NAME13" value="" />
      <data id="SHORT_NAME14" value="" />
      <data id="SHORT_NAME15" value="" />
      <data id="SHORT_NAME16" value="" />
      <data id="SHORT_NAME17" value="" />
      <data id="SHORT_NAME18" value="" />
      <data id="SHORT_NAME2" value="" />
      <data id="SHORT_NAME3" value="" />
      <data id="SHORT_NAME4" value="" />
      <data id="SHORT_NAME5" value="" />
      <data id="SHORT_NAME6" value="" />
      <data id="SHORT_NAME7" value="" />
      <data id="SHORT_NAME8" value="" />
      <data id="SHORT_NAME9" value="" />
      <data id="TYPE1" value="" />
      <data id="TYPE10" value="" />
      <data id="TYPE11" value="" />
      <data id="TYPE12" value="" />
      <data id="TYPE13" value="" />
      <data id="TYPE14" value="" />
      <data id="TYPE15" value="" />
      <data id="TYPE16" value="" />
      <data id="TYPE17" value="" />
      <data id="TYPE18" value="" />
      <data id="TYPE2" value="" />
      <data id="TYPE3" value="" />
      <data id="TYPE4" value="" />
      <data id="TYPE5" value="" />
      <data id="TYPE6" value="" />
      <data id="TYPE7" value="" />
      <data id="TYPE8" value="" />
      <data id="TYPE9" value="" />
      <data id="USER_ID" value="Z45120" />
      <data id="WAIVE_FLAG" value="" />
      <data id="ZIP" value="" />
  </body>
</hostgateway>

2021-11-02 10:09:22,596 INFO SessionID：fb2x50jpszxr5l31brhoigpf UserID：Z00040883 FunctionID：01010100 HTGType：RTN HTGName：P4_JCF6 Message：<?xml version="1.0" encoding="UTF-8"?>

<hostgateway>

 <header>

  <action type="transaction"/>

  <data id="sessionId" value="CSIP203A6h6uJ20xHIbAKZzSvGlmo-YZ45120"/>

  <data id="applicationId" value="CSIP"/>

  <data id="luType" value="LU62"/>

  <data id="transactionId" value="P4_JCF6"/>

 </header>

 <line no="1">

  <msgHeader/>

  <msgBody>

   <data id="TYPE14" value=""/>

   <data id="EMBOSSER_NAME_113" value=""/>

   <data id="TYPE13" value=""/>

   <data id="EMBOSSER_NAME_112" value=""/>

   <data id="SHORT_NAME9" value=""/>

   <data id="TYPE12" value=""/>

   <data id="EMBOSSER_NAME_111" value=""/>

   <data id="SHORT_NAME8" value=""/>

   <data id="TYPE11" value=""/>

   <data id="EMBOSSER_NAME_110" value=""/>

   <data id="SHORT_NAME7" value=""/>

   <data id="TYPE10" value=""/>

   <data id="SHORT_NAME6" value=""/>

   <data id="SHORT_NAME5" value=""/>

   <data id="SHORT_NAME4" value=""/>

   <data id="SHORT_NAME3" value="測試保"/>

   <data id="SHORT_NAME2" value="測試保"/>

   <data id="EMBOSSER_NAME_19" value=""/>

   <data id="SHORT_NAME1" value="測試保"/>

   <data id="MESSAGE_TYPE" value="0001"/>

   <data id="EMBOSSER_NAME_18" value=""/>

   <data id="NAME_1" value="測試曉       "/>

   <data id="EMBOSSER_NAME_17" value=""/>

   <data id="NAME_1_2" value="測試曉       "/>

   <data id="EMBOSSER_NAME_16" value=""/>

   <data id="EMBOSSER_NAME_15" value=""/>

   <data id="EMBOSSER_NAME_14" value=""/>

   <data id="EMBOSSER_NAME_13" value="TEST CRMO CUU"/>

   <data id="EMBOSSER_NAME_12" value="TEST CRMO CUU"/>

   <data id="EMBOSSER_NAME_11" value="TEST00SOHV"/>

   <data id="MANAGE_ZIP_CODE" value="104"/>

   <data id="EU_NBR_OF_DEPS" value="00"/>

   <data id="MEMBER_SINCE" value="01/10"/>

   <data id="CO_OWNER" value=""/>

   <data id="PROGRAM_ID" value="JCGU802"/>

   <data id="GRADUATE_YYMM" value="00/00"/>

   <data id="CARD_ID18" value=""/>

   <data id="CARD_ID17" value=""/>

   <data id="EMPLOYER" value="測試公司                    "/>

   <data id="SHORT_NAME18" value=""/>

   <data id="CARD_ID16" value=""/>

   <data id="SHORT_NAME17" value=""/>

   <data id="CARD_ID15" value=""/>

   <data id="SHORT_NAME16" value=""/>

   <data id="CARD_ID14" value=""/>

   <data id="SHORT_NAME15" value=""/>

   <data id="CARD_ID13" value=""/>

   <data id="SHORT_NAME14" value=""/>

   <data id="CARD_ID12" value=""/>

   <data id="SHORT_NAME13" value=""/>

   <data id="CARD_ID11" value=""/>

   <data id="CO_TAX_ID_TYPE" value="0"/>

   <data id="SHORT_NAME12" value=""/>

   <data id="CARD_ID10" value=""/>

   <data id="CITY" value="平南市音梅區"/>

   <data id="SHORT_NAME11" value=""/>

   <data id="SHORT_NAME10" value=""/>

   <data id="CARD_NMBR9" value=""/>

   <data id="CARD_NMBR8" value=""/>

   <data id="TRAN_ID" value="JCF6"/>

   <data id="CARD_NMBR7" value=""/>

   <data id="CARD_NMBR6" value=""/>

   <data id="CARD_NMBR5" value=""/>

   <data id="CARD_NMBR4" value=""/>

   <data id="CARD_NMBR3" value="5520491008296874"/>

   <data id="TYPE9" value=""/>

   <data id="CARD_NMBR2" value="5520491001409722"/>

   <data id="TYPE8" value=""/>

   <data id="CARD_NMBR1" value="4000016265455740"/>

   <data id="TYPE7" value=""/>

   <data id="CARD_ID9" value=""/>

   <data id="TYPE6" value=""/>

   <data id="CARD_ID8" value=""/>

   <data id="TYPE5" value=""/>

   <data id="CARD_ID7" value=""/>

   <data id="TYPE4" value=""/>

   <data id="CARD_ID6" value=""/>

   <data id="BIRTH_DATE" value="01011980"/>

   <data id="TYPE3" value="650"/>

   <data id="CARD_ID5" value=""/>

   <data id="TYPE2" value="650"/>

   <data id="CARD_ID4" value=""/>

   <data id="TYPE1" value="160"/>

   <data id="CARD_ID3" value="P121407995"/>

   <data id="CARD_ID2" value="P121407995"/>

   <data id="CARD_ID1" value="P121407995"/>

   <data id="WAIVE_FLAG" value=""/>

   <data id="EU_CUSTOMER_CLASS" value="0 "/>

   <data id="BILLING_CYCLE" value="07"/>

   <data id="CARD_NMBR18" value=""/>

   <data id="CARD_NMBR17" value=""/>

   <data id="CARD_NMBR16" value=""/>

   <data id="CARD_NMBR15" value=""/>

   <data id="CARD_NMBR14" value=""/>

   <data id="CARD_NMBR13" value=""/>

   <data id="CARD_NMBR12" value=""/>

   <data id="CARD_NMBR11" value=""/>

   <data id="CARD_NMBR10" value=""/>

   <data id="OFF_PHONE_FLAG" value="0"/>

   <data id="EU_DIRECT_MAIL" value="5"/>

   <data id="USER_ID" value="Z45120"/>

   <data id="DD_ID" value=""/>

   <data id="PROGRAM_VERSION" value=""/>

   <data id="MEMO_2" value=""/>

   <data id="HOME_PHONE" value="02 -410821111     "/>

   <data id="MEMO_1" value=""/>

   <data id="OFFICE_PHONE" value="02 -49763111191   "/>

   <data id="ACCT_NBR" value="P121407995"/>

   <data id="ZIP" value="104"/>

   <data id="ADDR_2" value=""/>

   <data id="ADDR_1" value="測試路測試巷１８號１５樓    "/>

   <data id="LINE_CNT" value="3"/>

   <data id="EMBOSSER_NAME_118" value=""/>

   <data id="TYPE18" value=""/>

   <data id="EMBOSSER_NAME_117" value=""/>

   <data id="TYPE17" value=""/>

   <data id="EMBOSSER_NAME_116" value=""/>

   <data id="TYPE16" value=""/>

   <data id="EMBOSSER_NAME_115" value=""/>

   <data id="FUNCTION_CODE" value="1"/>

   <data id="TYPE15" value=""/>

   <data id="EMBOSSER_NAME_114" value=""/>

  </msgBody>

 </line>

</hostgateway>


2021-11-02 10:09:22,723 INFO SessionID：fb2x50jpszxr5l31brhoigpf UserID：Z00040883 FunctionID：01010100 HTGType：REQ HTGName：P4D_JCF6 Message：<?xml version="1.0" encoding="UTF-8"?>
<hostgateway>
  <header>
    <action type="transaction" />
      <data id="applicationId" value="CSIP" />
      <data id="lowValue" value="true" />
      <data id="luType" value="LU62" />
      <data id="sessionId" value="CSIP203A6h6uJ20xHIbAKZzSvGlmo-YZ45120" />
      <data id="transactionId" value="P4D_JCF6" />
  </header>
  <body>
      <data id="ACCT_NBR" value="P121407995" />
      <data id="ADDR_1" value="" />
      <data id="ADDR_2" value="" />
      <data id="BILLING_CYCLE" value="" />
      <data id="BIRTH_DATE" value="" />
      <data id="CARD_ID1" value="" />
      <data id="CARD_ID10" value="" />
      <data id="CARD_ID11" value="" />
      <data id="CARD_ID12" value="" />
      <data id="CARD_ID13" value="" />
      <data id="CARD_ID14" value="" />
      <data id="CARD_ID15" value="" />
      <data id="CARD_ID16" value="" />
      <data id="CARD_ID17" value="" />
      <data id="CARD_ID18" value="" />
      <data id="CARD_ID2" value="" />
      <data id="CARD_ID3" value="" />
      <data id="CARD_ID4" value="" />
      <data id="CARD_ID5" value="" />
      <data id="CARD_ID6" value="" />
      <data id="CARD_ID7" value="" />
      <data id="CARD_ID8" value="" />
      <data id="CARD_ID9" value="" />
      <data id="CARD_NMBR1" value="" />
      <data id="CARD_NMBR10" value="" />
      <data id="CARD_NMBR11" value="" />
      <data id="CARD_NMBR12" value="" />
      <data id="CARD_NMBR13" value="" />
      <data id="CARD_NMBR14" value="" />
      <data id="CARD_NMBR15" value="" />
      <data id="CARD_NMBR16" value="" />
      <data id="CARD_NMBR17" value="" />
      <data id="CARD_NMBR18" value="" />
      <data id="CARD_NMBR2" value="" />
      <data id="CARD_NMBR3" value="" />
      <data id="CARD_NMBR4" value="" />
      <data id="CARD_NMBR5" value="" />
      <data id="CARD_NMBR6" value="" />
      <data id="CARD_NMBR7" value="" />
      <data id="CARD_NMBR8" value="" />
      <data id="CARD_NMBR9" value="" />
      <data id="CITY" value="" />
      <data id="CO_OWNER" value="" />
      <data id="CO_TAX_ID_TYPE" value="" />
      <data id="DD_ID" value="" />
      <data id="EMBOSSER_NAME_11" value="" />
      <data id="EMBOSSER_NAME_110" value="" />
      <data id="EMBOSSER_NAME_111" value="" />
      <data id="EMBOSSER_NAME_112" value="" />
      <data id="EMBOSSER_NAME_113" value="" />
      <data id="EMBOSSER_NAME_114" value="" />
      <data id="EMBOSSER_NAME_115" value="" />
      <data id="EMBOSSER_NAME_116" value="" />
      <data id="EMBOSSER_NAME_117" value="" />
      <data id="EMBOSSER_NAME_118" value="" />
      <data id="EMBOSSER_NAME_12" value="" />
      <data id="EMBOSSER_NAME_13" value="" />
      <data id="EMBOSSER_NAME_14" value="" />
      <data id="EMBOSSER_NAME_15" value="" />
      <data id="EMBOSSER_NAME_16" value="" />
      <data id="EMBOSSER_NAME_17" value="" />
      <data id="EMBOSSER_NAME_18" value="" />
      <data id="EMBOSSER_NAME_19" value="" />
      <data id="EMPLOYER" value="" />
      <data id="EU_CUSTOMER_CLASS" value="" />
      <data id="EU_DIRECT_MAIL" value="" />
      <data id="EU_NBR_OF_DEPS" value="" />
      <data id="FUNCTION_CODE" value="1" />
      <data id="GRADUATE_YYMM" value="" />
      <data id="HOME_PHONE" value="" />
      <data id="LINE_CNT" value="0000" />
      <data id="MANAGE_ZIP_CODE" value="" />
      <data id="MEMBER_SINCE" value="" />
      <data id="MEMO_1" value="" />
      <data id="MEMO_2" value="" />
      <data id="MESSAGE_TYPE" value="" />
      <data id="NAME_1" value="" />
      <data id="NAME_1_2" value="" />
      <data id="OFF_PHONE_FLAG" value="" />
      <data id="OFFICE_PHONE" value="" />
      <data id="SHORT_NAME1" value="" />
      <data id="SHORT_NAME10" value="" />
      <data id="SHORT_NAME11" value="" />
      <data id="SHORT_NAME12" value="" />
      <data id="SHORT_NAME13" value="" />
      <data id="SHORT_NAME14" value="" />
      <data id="SHORT_NAME15" value="" />
      <data id="SHORT_NAME16" value="" />
      <data id="SHORT_NAME17" value="" />
      <data id="SHORT_NAME18" value="" />
      <data id="SHORT_NAME2" value="" />
      <data id="SHORT_NAME3" value="" />
      <data id="SHORT_NAME4" value="" />
      <data id="SHORT_NAME5" value="" />
      <data id="SHORT_NAME6" value="" />
      <data id="SHORT_NAME7" value="" />
      <data id="SHORT_NAME8" value="" />
      <data id="SHORT_NAME9" value="" />
      <data id="TYPE1" value="" />
      <data id="TYPE10" value="" />
      <data id="TYPE11" value="" />
      <data id="TYPE12" value="" />
      <data id="TYPE13" value="" />
      <data id="TYPE14" value="" />
      <data id="TYPE15" value="" />
      <data id="TYPE16" value="" />
      <data id="TYPE17" value="" />
      <data id="TYPE18" value="" />
      <data id="TYPE2" value="" />
      <data id="TYPE3" value="" />
      <data id="TYPE4" value="" />
      <data id="TYPE5" value="" />
      <data id="TYPE6" value="" />
      <data id="TYPE7" value="" />
      <data id="TYPE8" value="" />
      <data id="TYPE9" value="" />
      <data id="USER_ID" value="Z45120" />
      <data id="WAIVE_FLAG" value="" />
      <data id="ZIP" value="" />
  </body>
</hostgateway>

2021-11-02 10:09:35,859 INFO SessionID：fb2x50jpszxr5l31brhoigpf UserID：Z00040883 FunctionID：01010100 HTGType：RTN HTGName：P4D_JCF6 Message：<?xml version="1.0" encoding="UTF-8"?>

<hostgateway>

 <header>

  <rc value="752"/>

 </header>

 <body>

  <msg value="752 可取得LU62 SESSION, 但線路狀況異常"/>

  <data id="HG_EXCEPTION_MSG" value="LU62 Conversation Id: JCF6D_0"/>

 </body>

</hostgateway>


2021-11-02 10:09:35,959 INFO SessionID：fb2x50jpszxr5l31brhoigpf UserID：Z00040883 FunctionID：01010100 HTGType：REQ HTGName：P4_JCBG Message：<?xml version="1.0" encoding="UTF-8"?>
<hostgateway>
  <header>
    <action type="transaction" />
      <data id="applicationId" value="CSIP" />
      <data id="lowValue" value="true" />
      <data id="luType" value="LU62" />
      <data id="sessionId" value="CSIP203A6h6uJ20xHIbAKZzSvGlmo-YZ45120" />
      <data id="transactionId" value="P4_JCBG" />
  </header>
  <body>
      <data id="ACCT_NBR" value="P121407995" />
      <data id="CON_RPT" value="__" />
      <data id="E_SERVICE_CODE" value="____" />
      <data id="EBILL_FLAG" value="" />
      <data id="EMAIL" value="__________________________________________________" />
      <data id="FAX_NO" value="__________________" />
      <data id="FUNCTION_CODE" value="1" />
      <data id="GRADE_SCHOOL" value="______________________" />
      <data id="GRADE_SCHOOL_LOCATE" value="__________" />
      <data id="INFORMANT_NAME_1" value="__________" />
      <data id="INFORMANT_NAME_2" value="__________" />
      <data id="INFORMANT_TEL_NO_1" value="__________________" />
      <data id="INFORMANT_TEL_NO_2" value="__________________" />
      <data id="LINE_CNT" value="0000" />
      <data id="MESSAGE_TYPE" value="" />
      <data id="MOBILE_PHONE" value="__________" />
      <data id="OVERSEA_PHONE" value="__________________" />
      <data id="PERM_ADDR_1" value="______________________________" />
      <data id="PERM_ADDR_2" value="______________________________" />
      <data id="PERM_CITY" value="______________" />
      <data id="PERM_ZIP" value="_____" />
      <data id="PROGRAM_ID" value="JCGU638" />
      <data id="SAME_FLAG" value="" />
      <data id="SMS_NP_FLAG" value="_" />
      <data id="STUS_ADDB" value="__" />
      <data id="STUS_ADDP" value="__" />
      <data id="STUS_EMAIL" value="__" />
      <data id="STUS_FAX" value="__" />
      <data id="STUS_ID" value="__" />
      <data id="STUS_MOBIL" value="__" />
      <data id="STUS_TELH" value="__" />
      <data id="STUS_TELO" value="__" />
      <data id="STUS_TELP" value="__" />
      <data id="TEL_PERM" value="__________________" />
      <data id="TEMP_E_MAIL" value="" />
      <data id="TEMP_E_MAIL_STATUS" value="" />
      <data id="TITLE" value="____________" />
      <data id="TMAL_CREATE_DATE" value="" />
      <data id="TRAN_ID" value="JCBG" />
      <data id="USER_ID" value="Z45120" />
      <data id="VALID_SEL" value="" />
      <data id="VERIFY_SEQ_NO" value="" />
  </body>
</hostgateway>

2021-11-02 10:09:36,089 INFO SessionID：fb2x50jpszxr5l31brhoigpf UserID：Z00040883 FunctionID：01010100 HTGType：RTN HTGName：P4_JCBG Message：<?xml version="1.0" encoding="UTF-8"?>

<hostgateway>

 <header>

  <action type="transaction"/>

  <data id="sessionId" value="CSIP203A6h6uJ20xHIbAKZzSvGlmo-YZ45120"/>

  <data id="applicationId" value="CSIP"/>

  <data id="luType" value="LU62"/>

  <data id="transactionId" value="P4_JCBG"/>

 </header>

 <line no="1">

  <msgHeader/>

  <msgBody>

   <data id="STUS_MOBIL" value="10"/>

   <data id="VALID_SEL" value=""/>

   <data id="CON_RPT" value=""/>

   <data id="INFORMANT_TEL_NO_2" value="02 -01111108-"/>

   <data id="PERM_CITY" value="測試市測試區"/>

   <data id="INFORMANT_TEL_NO_1" value="02 -01111198-"/>

   <data id="OVERSEA_PHONE" value=""/>

   <data id="FAX_NO" value=""/>

   <data id="INFORMANT_NAME_2" value="測試季"/>

   <data id="INFORMANT_NAME_1" value="測試季"/>

   <data id="TRAN_ID" value="JCBG"/>

   <data id="SAME_FLAG" value=""/>

   <data id="FUNCTION_CODE" value="1"/>

   <data id="TEL_PERM" value="   -"/>

   <data id="MOBILE_PHONE" value="0912345678"/>

   <data id="USER_ID" value="Z45120"/>

   <data id="PERM_ADDR_2" value=""/>

   <data id="PERM_ADDR_1" value="測試梅八八十八梅梅八梅八"/>

   <data id="VERIFY_SEQ_NO" value=""/>

   <data id="GRADE_SCHOOL_LOCATE" value=""/>

   <data id="E_SERVICE_CODE" value=""/>

   <data id="TEMP_E_MAIL" value=""/>

   <data id="LINE_CNT" value="0000"/>

   <data id="ACCT_NBR" value="P121407995"/>

   <data id="MESSAGE_TYPE" value="0001"/>

   <data id="GRADE_SCHOOL" value=""/>

   <data id="STUS_EMAIL" value="50"/>

   <data id="SMS_NP_FLAG" value="N"/>

   <data id="TMAL_CREATE_DATE" value=""/>

   <data id="PROGRAM_ID" value="JCGU638"/>

   <data id="EBILL_FLAG" value=""/>

   <data id="TEMP_E_MAIL_STATUS" value=""/>

   <data id="EMAIL" value="test@test.com"/>

   <data id="PERM_ZIP" value="247"/>

   <data id="STUS_FAX" value="01"/>

   <data id="TITLE" value="課長"/>

   <data id="STUS_ADDP" value="00"/>

   <data id="STUS_ID" value="00"/>

   <data id="STUS_TELP" value="01"/>

   <data id="STUS_TELO" value="00"/>

   <data id="STUS_ADDB" value="00"/>

   <data id="STUS_TELH" value="00"/>

  </msgBody>

 </line>

</hostgateway>


2021-11-02 10:13:24,489 INFO SessionID：fb2x50jpszxr5l31brhoigpf UserID：Z00040883 FunctionID：01010100 HTGType：REQ HTGName：P4_PCTI Message：<?xml version="1.0" encoding="UTF-8"?>
<hostgateway>
  <header>
    <action type="transaction" />
      <data id="applicationId" value="CSIP" />
      <data id="luType" value="LU62" />
      <data id="sessionId" value="CSIP203A6h6uJ20xHIbAKZzSvGlmo-YZ45120" />
      <data id="transactionId" value="P4_PCTI" />
      <data id="uploadType" value="1" />
  </header>
  <body>
      <data id="CITY" value="測試市測試區" />
      <data id="ERR_MSG_CODE" value="0" />
      <data id="ERR_MSG_DATA" value="                                                              " />
      <data id="ERR_MSG_NO" value="299" />
      <data id="FUNCTION_ID" value="PCMC1" />
      <data id="ID_CODE" value="0" />
      <data id="ID_DATA" value="822P121407995" />
      <data id="ID_NO" value="000" />
      <data id="MAIL" value="7" />
      <data id="MAIL_IND" value="999" />
      <data id="TELEPHONE" value="02 -41821111" />
      <data id="TRAN_ID" value="PCTI" />
      <data id="USER_ID" value="Z45120" />
      <data id="ZIP" value="999" />
  </body>
</hostgateway>

2021-11-02 10:13:24,820 INFO SessionID：fb2x50jpszxr5l31brhoigpf UserID：Z00040883 FunctionID：01010100 HTGType：RTN HTGName：P4_PCTI Message：<?xml version="1.0" encoding="UTF-8"?>

<hostgateway>

 <header>

  <action type="transaction"/>

  <data id="sessionId" value="CSIP203A6h6uJ20xHIbAKZzSvGlmo-YZ45120"/>

  <data id="applicationId" value="CSIP"/>

  <data id="luType" value="LU62"/>

  <data id="transactionId" value="P4_PCTI"/>

 </header>

 <line no="1">

  <msgHeader/>

  <msgBody>

   <data id="DD_ID" value=""/>

   <data id="CITY" value="測試市測試區"/>

   <data id="BK_ID_AC" value=""/>

   <data id="BIRTH_DATE" value=""/>

   <data id="WORK_PHONE" value=""/>

   <data id="TRAN_ID" value="PCTI"/>

   <data id="FUNCTION_ID" value="PCMC1"/>

   <data id="MEMO_2" value=""/>

   <data id="MEMO_1" value=""/>

   <data id="DIRECT_MAIL" value=""/>

   <data id="ERR_MSG_DATA" value="00999"/>

   <data id="ID_DATA" value="8220000025121407995"/>

   <data id="GRADUATION_DATE" value=""/>

   <data id="ERR_MSG_CODE" value="5"/>

   <data id="EU_NBR_OF_DEPS" value=""/>

   <data id="ID_CODE" value="0"/>

   <data id="BILLING_CYCLE" value=""/>

   <data id="TITLE" value=""/>

   <data id="MAIL_IND" value="999"/>

   <data id="OWNER" value=""/>

   <data id="ID_NO" value="000"/>

   <data id="TELEPHONE" value="02 -41821111"/>

   <data id="MAIL" value="7"/>

   <data id="LAST_CR_LINE_IND" value=""/>

   <data id="WAVE" value=""/>

   <data id="USER_ID" value="Z45120"/>

   <data id="SHORT_NAME" value=""/>

   <data id="EDUCATION_CODE" value=""/>

   <data id="ZIP" value="999"/>

   <data id="ADDR_LINE_2" value=""/>

   <data id="ERR_MSG_NO" value="299"/>

   <data id="ADDR_LINE_1" value=""/>

   <data id="NAME_LINE_1" value=""/>

  </msgBody>

 </line>

</hostgateway>


2021-11-02 10:20:22,225 INFO SessionID：fb2x50jpszxr5l31brhoigpf UserID：Z00040883 FunctionID：01010100 HTGType：REQ HTGName：P4_JCF6 Message：<?xml version="1.0" encoding="UTF-8"?>
<hostgateway>
  <header>
    <action type="transaction" />
      <data id="applicationId" value="CSIP" />
      <data id="lowValue" value="true" />
      <data id="luType" value="LU62" />
      <data id="sessionId" value="CSIP203A6h6uJ20xHIbAKZzSvGlmo-YZ45120" />
      <data id="transactionId" value="P4_JCF6" />
  </header>
  <body>
      <data id="ACCT_NBR" value="P121407995" />
      <data id="ADDR_1" value="" />
      <data id="ADDR_2" value="" />
      <data id="BILLING_CYCLE" value="" />
      <data id="BIRTH_DATE" value="" />
      <data id="CARD_ID1" value="" />
      <data id="CARD_ID10" value="" />
      <data id="CARD_ID11" value="" />
      <data id="CARD_ID12" value="" />
      <data id="CARD_ID13" value="" />
      <data id="CARD_ID14" value="" />
      <data id="CARD_ID15" value="" />
      <data id="CARD_ID16" value="" />
      <data id="CARD_ID17" value="" />
      <data id="CARD_ID18" value="" />
      <data id="CARD_ID2" value="" />
      <data id="CARD_ID3" value="" />
      <data id="CARD_ID4" value="" />
      <data id="CARD_ID5" value="" />
      <data id="CARD_ID6" value="" />
      <data id="CARD_ID7" value="" />
      <data id="CARD_ID8" value="" />
      <data id="CARD_ID9" value="" />
      <data id="CARD_NMBR1" value="" />
      <data id="CARD_NMBR10" value="" />
      <data id="CARD_NMBR11" value="" />
      <data id="CARD_NMBR12" value="" />
      <data id="CARD_NMBR13" value="" />
      <data id="CARD_NMBR14" value="" />
      <data id="CARD_NMBR15" value="" />
      <data id="CARD_NMBR16" value="" />
      <data id="CARD_NMBR17" value="" />
      <data id="CARD_NMBR18" value="" />
      <data id="CARD_NMBR2" value="" />
      <data id="CARD_NMBR3" value="" />
      <data id="CARD_NMBR4" value="" />
      <data id="CARD_NMBR5" value="" />
      <data id="CARD_NMBR6" value="" />
      <data id="CARD_NMBR7" value="" />
      <data id="CARD_NMBR8" value="" />
      <data id="CARD_NMBR9" value="" />
      <data id="CITY" value="" />
      <data id="CO_OWNER" value="" />
      <data id="CO_TAX_ID_TYPE" value="" />
      <data id="DD_ID" value="" />
      <data id="EMBOSSER_NAME_11" value="" />
      <data id="EMBOSSER_NAME_110" value="" />
      <data id="EMBOSSER_NAME_111" value="" />
      <data id="EMBOSSER_NAME_112" value="" />
      <data id="EMBOSSER_NAME_113" value="" />
      <data id="EMBOSSER_NAME_114" value="" />
      <data id="EMBOSSER_NAME_115" value="" />
      <data id="EMBOSSER_NAME_116" value="" />
      <data id="EMBOSSER_NAME_117" value="" />
      <data id="EMBOSSER_NAME_118" value="" />
      <data id="EMBOSSER_NAME_12" value="" />
      <data id="EMBOSSER_NAME_13" value="" />
      <data id="EMBOSSER_NAME_14" value="" />
      <data id="EMBOSSER_NAME_15" value="" />
      <data id="EMBOSSER_NAME_16" value="" />
      <data id="EMBOSSER_NAME_17" value="" />
      <data id="EMBOSSER_NAME_18" value="" />
      <data id="EMBOSSER_NAME_19" value="" />
      <data id="EMPLOYER" value="" />
      <data id="EU_CUSTOMER_CLASS" value="" />
      <data id="EU_DIRECT_MAIL" value="" />
      <data id="EU_NBR_OF_DEPS" value="" />
      <data id="FUNCTION_CODE" value="1" />
      <data id="GRADUATE_YYMM" value="" />
      <data id="HOME_PHONE" value="" />
      <data id="LINE_CNT" value="0000" />
      <data id="MANAGE_ZIP_CODE" value="" />
      <data id="MEMBER_SINCE" value="" />
      <data id="MEMO_1" value="" />
      <data id="MEMO_2" value="" />
      <data id="MESSAGE_TYPE" value="" />
      <data id="NAME_1" value="" />
      <data id="NAME_1_2" value="" />
      <data id="OFF_PHONE_FLAG" value="" />
      <data id="OFFICE_PHONE" value="" />
      <data id="SHORT_NAME1" value="" />
      <data id="SHORT_NAME10" value="" />
      <data id="SHORT_NAME11" value="" />
      <data id="SHORT_NAME12" value="" />
      <data id="SHORT_NAME13" value="" />
      <data id="SHORT_NAME14" value="" />
      <data id="SHORT_NAME15" value="" />
      <data id="SHORT_NAME16" value="" />
      <data id="SHORT_NAME17" value="" />
      <data id="SHORT_NAME18" value="" />
      <data id="SHORT_NAME2" value="" />
      <data id="SHORT_NAME3" value="" />
      <data id="SHORT_NAME4" value="" />
      <data id="SHORT_NAME5" value="" />
      <data id="SHORT_NAME6" value="" />
      <data id="SHORT_NAME7" value="" />
      <data id="SHORT_NAME8" value="" />
      <data id="SHORT_NAME9" value="" />
      <data id="TYPE1" value="" />
      <data id="TYPE10" value="" />
      <data id="TYPE11" value="" />
      <data id="TYPE12" value="" />
      <data id="TYPE13" value="" />
      <data id="TYPE14" value="" />
      <data id="TYPE15" value="" />
      <data id="TYPE16" value="" />
      <data id="TYPE17" value="" />
      <data id="TYPE18" value="" />
      <data id="TYPE2" value="" />
      <data id="TYPE3" value="" />
      <data id="TYPE4" value="" />
      <data id="TYPE5" value="" />
      <data id="TYPE6" value="" />
      <data id="TYPE7" value="" />
      <data id="TYPE8" value="" />
      <data id="TYPE9" value="" />
      <data id="USER_ID" value="Z45120" />
      <data id="WAIVE_FLAG" value="" />
      <data id="ZIP" value="" />
  </body>
</hostgateway>

2021-11-02 10:20:22,617 INFO SessionID：fb2x50jpszxr5l31brhoigpf UserID：Z00040883 FunctionID：01010100 HTGType：RTN HTGName：P4_JCF6 Message：<?xml version="1.0" encoding="UTF-8"?>

<hostgateway>

 <header>

  <action type="transaction"/>

  <data id="sessionId" value="CSIP203A6h6uJ20xHIbAKZzSvGlmo-YZ45120"/>

  <data id="applicationId" value="CSIP"/>

  <data id="luType" value="LU62"/>

  <data id="transactionId" value="P4_JCF6"/>

 </header>

 <line no="1">

  <msgHeader/>

  <msgBody>

   <data id="TYPE14" value=""/>

   <data id="EMBOSSER_NAME_113" value=""/>

   <data id="TYPE13" value=""/>

   <data id="EMBOSSER_NAME_112" value=""/>

   <data id="SHORT_NAME9" value=""/>

   <data id="TYPE12" value=""/>

   <data id="EMBOSSER_NAME_111" value=""/>

   <data id="SHORT_NAME8" value=""/>

   <data id="TYPE11" value=""/>

   <data id="EMBOSSER_NAME_110" value=""/>

   <data id="SHORT_NAME7" value=""/>

   <data id="TYPE10" value=""/>

   <data id="SHORT_NAME6" value=""/>

   <data id="SHORT_NAME5" value=""/>

   <data id="SHORT_NAME4" value=""/>

   <data id="SHORT_NAME3" value="測試保"/>

   <data id="SHORT_NAME2" value="測試保"/>

   <data id="EMBOSSER_NAME_19" value=""/>

   <data id="SHORT_NAME1" value="測試保"/>

   <data id="MESSAGE_TYPE" value="0001"/>

   <data id="EMBOSSER_NAME_18" value=""/>

   <data id="NAME_1" value="測試曉       "/>

   <data id="EMBOSSER_NAME_17" value=""/>

   <data id="NAME_1_2" value="測試曉       "/>

   <data id="EMBOSSER_NAME_16" value=""/>

   <data id="EMBOSSER_NAME_15" value=""/>

   <data id="EMBOSSER_NAME_14" value=""/>

   <data id="EMBOSSER_NAME_13" value="TEST CRMO CUU"/>

   <data id="EMBOSSER_NAME_12" value="TEST CRMO CUU"/>

   <data id="EMBOSSER_NAME_11" value="TEST00SOHV"/>

   <data id="MANAGE_ZIP_CODE" value="999"/>

   <data id="EU_NBR_OF_DEPS" value="00"/>

   <data id="MEMBER_SINCE" value="01/10"/>

   <data id="CO_OWNER" value=""/>

   <data id="PROGRAM_ID" value="JCGU802"/>

   <data id="GRADUATE_YYMM" value="00/00"/>

   <data id="CARD_ID18" value=""/>

   <data id="CARD_ID17" value=""/>

   <data id="EMPLOYER" value="測試公司                    "/>

   <data id="SHORT_NAME18" value=""/>

   <data id="CARD_ID16" value=""/>

   <data id="SHORT_NAME17" value=""/>

   <data id="CARD_ID15" value=""/>

   <data id="SHORT_NAME16" value=""/>

   <data id="CARD_ID14" value=""/>

   <data id="SHORT_NAME15" value=""/>

   <data id="CARD_ID13" value=""/>

   <data id="SHORT_NAME14" value=""/>

   <data id="CARD_ID12" value=""/>

   <data id="SHORT_NAME13" value=""/>

   <data id="CARD_ID11" value=""/>

   <data id="CO_TAX_ID_TYPE" value="0"/>

   <data id="SHORT_NAME12" value=""/>

   <data id="CARD_ID10" value=""/>

   <data id="CITY" value="測試市測試區"/>

   <data id="SHORT_NAME11" value=""/>

   <data id="SHORT_NAME10" value=""/>

   <data id="CARD_NMBR9" value=""/>

   <data id="CARD_NMBR8" value=""/>

   <data id="TRAN_ID" value="JCF6"/>

   <data id="CARD_NMBR7" value=""/>

   <data id="CARD_NMBR6" value=""/>

   <data id="CARD_NMBR5" value=""/>

   <data id="CARD_NMBR4" value=""/>

   <data id="CARD_NMBR3" value="5520491008296874"/>

   <data id="TYPE9" value=""/>

   <data id="CARD_NMBR2" value="5520491001409722"/>

   <data id="TYPE8" value=""/>

   <data id="CARD_NMBR1" value="4000016265455740"/>

   <data id="TYPE7" value=""/>

   <data id="CARD_ID9" value=""/>

   <data id="TYPE6" value=""/>

   <data id="CARD_ID8" value=""/>

   <data id="TYPE5" value=""/>

   <data id="CARD_ID7" value=""/>

   <data id="TYPE4" value=""/>

   <data id="CARD_ID6" value=""/>

   <data id="BIRTH_DATE" value="01011980"/>

   <data id="TYPE3" value="650"/>

   <data id="CARD_ID5" value=""/>

   <data id="TYPE2" value="650"/>

   <data id="CARD_ID4" value=""/>

   <data id="TYPE1" value="160"/>

   <data id="CARD_ID3" value="P121407995"/>

   <data id="CARD_ID2" value="P121407995"/>

   <data id="CARD_ID1" value="P121407995"/>

   <data id="WAIVE_FLAG" value=""/>

   <data id="EU_CUSTOMER_CLASS" value="0 "/>

   <data id="BILLING_CYCLE" value="07"/>

   <data id="CARD_NMBR18" value=""/>

   <data id="CARD_NMBR17" value=""/>

   <data id="CARD_NMBR16" value=""/>

   <data id="CARD_NMBR15" value=""/>

   <data id="CARD_NMBR14" value=""/>

   <data id="CARD_NMBR13" value=""/>

   <data id="CARD_NMBR12" value=""/>

   <data id="CARD_NMBR11" value=""/>

   <data id="CARD_NMBR10" value=""/>

   <data id="OFF_PHONE_FLAG" value="7"/>

   <data id="EU_DIRECT_MAIL" value="5"/>

   <data id="USER_ID" value="Z45120"/>

   <data id="DD_ID" value=""/>

   <data id="PROGRAM_VERSION" value=""/>

   <data id="MEMO_2" value=""/>

   <data id="HOME_PHONE" value="02 -41821111      "/>

   <data id="MEMO_1" value=""/>

   <data id="OFFICE_PHONE" value="02 -49763111191   "/>

   <data id="ACCT_NBR" value="P121407995"/>

   <data id="ZIP" value="999"/>

   <data id="ADDR_2" value=""/>

   <data id="ADDR_1" value="測試路測試巷１８號１５樓    "/>

   <data id="LINE_CNT" value="3"/>

   <data id="EMBOSSER_NAME_118" value=""/>

   <data id="TYPE18" value=""/>

   <data id="EMBOSSER_NAME_117" value=""/>

   <data id="TYPE17" value=""/>

   <data id="EMBOSSER_NAME_116" value=""/>

   <data id="TYPE16" value=""/>

   <data id="EMBOSSER_NAME_115" value=""/>

   <data id="FUNCTION_CODE" value="1"/>

   <data id="TYPE15" value=""/>

   <data id="EMBOSSER_NAME_114" value=""/>

  </msgBody>

 </line>

</hostgateway>


2021-11-02 10:20:22,720 INFO SessionID：fb2x50jpszxr5l31brhoigpf UserID：Z00040883 FunctionID：01010100 HTGType：REQ HTGName：P4D_JCF6 Message：<?xml version="1.0" encoding="UTF-8"?>
<hostgateway>
  <header>
    <action type="transaction" />
      <data id="applicationId" value="CSIP" />
      <data id="lowValue" value="true" />
      <data id="luType" value="LU62" />
      <data id="sessionId" value="CSIP203A6h6uJ20xHIbAKZzSvGlmo-YZ45120" />
      <data id="transactionId" value="P4D_JCF6" />
  </header>
  <body>
      <data id="ACCT_NBR" value="P121407995" />
      <data id="ADDR_1" value="" />
      <data id="ADDR_2" value="" />
      <data id="BILLING_CYCLE" value="" />
      <data id="BIRTH_DATE" value="" />
      <data id="CARD_ID1" value="" />
      <data id="CARD_ID10" value="" />
      <data id="CARD_ID11" value="" />
      <data id="CARD_ID12" value="" />
      <data id="CARD_ID13" value="" />
      <data id="CARD_ID14" value="" />
      <data id="CARD_ID15" value="" />
      <data id="CARD_ID16" value="" />
      <data id="CARD_ID17" value="" />
      <data id="CARD_ID18" value="" />
      <data id="CARD_ID2" value="" />
      <data id="CARD_ID3" value="" />
      <data id="CARD_ID4" value="" />
      <data id="CARD_ID5" value="" />
      <data id="CARD_ID6" value="" />
      <data id="CARD_ID7" value="" />
      <data id="CARD_ID8" value="" />
      <data id="CARD_ID9" value="" />
      <data id="CARD_NMBR1" value="" />
      <data id="CARD_NMBR10" value="" />
      <data id="CARD_NMBR11" value="" />
      <data id="CARD_NMBR12" value="" />
      <data id="CARD_NMBR13" value="" />
      <data id="CARD_NMBR14" value="" />
      <data id="CARD_NMBR15" value="" />
      <data id="CARD_NMBR16" value="" />
      <data id="CARD_NMBR17" value="" />
      <data id="CARD_NMBR18" value="" />
      <data id="CARD_NMBR2" value="" />
      <data id="CARD_NMBR3" value="" />
      <data id="CARD_NMBR4" value="" />
      <data id="CARD_NMBR5" value="" />
      <data id="CARD_NMBR6" value="" />
      <data id="CARD_NMBR7" value="" />
      <data id="CARD_NMBR8" value="" />
      <data id="CARD_NMBR9" value="" />
      <data id="CITY" value="" />
      <data id="CO_OWNER" value="" />
      <data id="CO_TAX_ID_TYPE" value="" />
      <data id="DD_ID" value="" />
      <data id="EMBOSSER_NAME_11" value="" />
      <data id="EMBOSSER_NAME_110" value="" />
      <data id="EMBOSSER_NAME_111" value="" />
      <data id="EMBOSSER_NAME_112" value="" />
      <data id="EMBOSSER_NAME_113" value="" />
      <data id="EMBOSSER_NAME_114" value="" />
      <data id="EMBOSSER_NAME_115" value="" />
      <data id="EMBOSSER_NAME_116" value="" />
      <data id="EMBOSSER_NAME_117" value="" />
      <data id="EMBOSSER_NAME_118" value="" />
      <data id="EMBOSSER_NAME_12" value="" />
      <data id="EMBOSSER_NAME_13" value="" />
      <data id="EMBOSSER_NAME_14" value="" />
      <data id="EMBOSSER_NAME_15" value="" />
      <data id="EMBOSSER_NAME_16" value="" />
      <data id="EMBOSSER_NAME_17" value="" />
      <data id="EMBOSSER_NAME_18" value="" />
      <data id="EMBOSSER_NAME_19" value="" />
      <data id="EMPLOYER" value="" />
      <data id="EU_CUSTOMER_CLASS" value="" />
      <data id="EU_DIRECT_MAIL" value="" />
      <data id="EU_NBR_OF_DEPS" value="" />
      <data id="FUNCTION_CODE" value="1" />
      <data id="GRADUATE_YYMM" value="" />
      <data id="HOME_PHONE" value="" />
      <data id="LINE_CNT" value="0000" />
      <data id="MANAGE_ZIP_CODE" value="" />
      <data id="MEMBER_SINCE" value="" />
      <data id="MEMO_1" value="" />
      <data id="MEMO_2" value="" />
      <data id="MESSAGE_TYPE" value="" />
      <data id="NAME_1" value="" />
      <data id="NAME_1_2" value="" />
      <data id="OFF_PHONE_FLAG" value="" />
      <data id="OFFICE_PHONE" value="" />
      <data id="SHORT_NAME1" value="" />
      <data id="SHORT_NAME10" value="" />
      <data id="SHORT_NAME11" value="" />
      <data id="SHORT_NAME12" value="" />
      <data id="SHORT_NAME13" value="" />
      <data id="SHORT_NAME14" value="" />
      <data id="SHORT_NAME15" value="" />
      <data id="SHORT_NAME16" value="" />
      <data id="SHORT_NAME17" value="" />
      <data id="SHORT_NAME18" value="" />
      <data id="SHORT_NAME2" value="" />
      <data id="SHORT_NAME3" value="" />
      <data id="SHORT_NAME4" value="" />
      <data id="SHORT_NAME5" value="" />
      <data id="SHORT_NAME6" value="" />
      <data id="SHORT_NAME7" value="" />
      <data id="SHORT_NAME8" value="" />
      <data id="SHORT_NAME9" value="" />
      <data id="TYPE1" value="" />
      <data id="TYPE10" value="" />
      <data id="TYPE11" value="" />
      <data id="TYPE12" value="" />
      <data id="TYPE13" value="" />
      <data id="TYPE14" value="" />
      <data id="TYPE15" value="" />
      <data id="TYPE16" value="" />
      <data id="TYPE17" value="" />
      <data id="TYPE18" value="" />
      <data id="TYPE2" value="" />
      <data id="TYPE3" value="" />
      <data id="TYPE4" value="" />
      <data id="TYPE5" value="" />
      <data id="TYPE6" value="" />
      <data id="TYPE7" value="" />
      <data id="TYPE8" value="" />
      <data id="TYPE9" value="" />
      <data id="USER_ID" value="Z45120" />
      <data id="WAIVE_FLAG" value="" />
      <data id="ZIP" value="" />
  </body>
</hostgateway>

2021-11-02 10:20:35,796 INFO SessionID：fb2x50jpszxr5l31brhoigpf UserID：Z00040883 FunctionID：01010100 HTGType：RTN HTGName：P4D_JCF6 Message：<?xml version="1.0" encoding="UTF-8"?>

<hostgateway>

 <header>

  <rc value="752"/>

 </header>

 <body>

  <msg value="752 可取得LU62 SESSION, 但線路狀況異常"/>

  <data id="HG_EXCEPTION_MSG" value="LU62 Conversation Id: JCF6D_0"/>

 </body>

</hostgateway>


2021-11-02 10:20:35,899 INFO SessionID：fb2x50jpszxr5l31brhoigpf UserID：Z00040883 FunctionID：01010100 HTGType：REQ HTGName：P4_JCBG Message：<?xml version="1.0" encoding="UTF-8"?>
<hostgateway>
  <header>
    <action type="transaction" />
      <data id="applicationId" value="CSIP" />
      <data id="lowValue" value="true" />
      <data id="luType" value="LU62" />
      <data id="sessionId" value="CSIP203A6h6uJ20xHIbAKZzSvGlmo-YZ45120" />
      <data id="transactionId" value="P4_JCBG" />
  </header>
  <body>
      <data id="ACCT_NBR" value="P121407995" />
      <data id="CON_RPT" value="__" />
      <data id="E_SERVICE_CODE" value="____" />
      <data id="EBILL_FLAG" value="" />
      <data id="EMAIL" value="__________________________________________________" />
      <data id="FAX_NO" value="__________________" />
      <data id="FUNCTION_CODE" value="1" />
      <data id="GRADE_SCHOOL" value="______________________" />
      <data id="GRADE_SCHOOL_LOCATE" value="__________" />
      <data id="INFORMANT_NAME_1" value="__________" />
      <data id="INFORMANT_NAME_2" value="__________" />
      <data id="INFORMANT_TEL_NO_1" value="__________________" />
      <data id="INFORMANT_TEL_NO_2" value="__________________" />
      <data id="LINE_CNT" value="0000" />
      <data id="MESSAGE_TYPE" value="" />
      <data id="MOBILE_PHONE" value="__________" />
      <data id="OVERSEA_PHONE" value="__________________" />
      <data id="PERM_ADDR_1" value="______________________________" />
      <data id="PERM_ADDR_2" value="______________________________" />
      <data id="PERM_CITY" value="______________" />
      <data id="PERM_ZIP" value="_____" />
      <data id="PROGRAM_ID" value="JCGU638" />
      <data id="SAME_FLAG" value="" />
      <data id="SMS_NP_FLAG" value="_" />
      <data id="STUS_ADDB" value="__" />
      <data id="STUS_ADDP" value="__" />
      <data id="STUS_EMAIL" value="__" />
      <data id="STUS_FAX" value="__" />
      <data id="STUS_ID" value="__" />
      <data id="STUS_MOBIL" value="__" />
      <data id="STUS_TELH" value="__" />
      <data id="STUS_TELO" value="__" />
      <data id="STUS_TELP" value="__" />
      <data id="TEL_PERM" value="__________________" />
      <data id="TEMP_E_MAIL" value="" />
      <data id="TEMP_E_MAIL_STATUS" value="" />
      <data id="TITLE" value="____________" />
      <data id="TMAL_CREATE_DATE" value="" />
      <data id="TRAN_ID" value="JCBG" />
      <data id="USER_ID" value="Z45120" />
      <data id="VALID_SEL" value="" />
      <data id="VERIFY_SEQ_NO" value="" />
  </body>
</hostgateway>

2021-11-02 10:20:36,051 INFO SessionID：fb2x50jpszxr5l31brhoigpf UserID：Z00040883 FunctionID：01010100 HTGType：RTN HTGName：P4_JCBG Message：<?xml version="1.0" encoding="UTF-8"?>

<hostgateway>

 <header>

  <action type="transaction"/>

  <data id="sessionId" value="CSIP203A6h6uJ20xHIbAKZzSvGlmo-YZ45120"/>

  <data id="applicationId" value="CSIP"/>

  <data id="luType" value="LU62"/>

  <data id="transactionId" value="P4_JCBG"/>

 </header>

 <line no="1">

  <msgHeader/>

  <msgBody>

   <data id="STUS_MOBIL" value="10"/>

   <data id="VALID_SEL" value=""/>

   <data id="CON_RPT" value=""/>

   <data id="INFORMANT_TEL_NO_2" value="02 -01111108-"/>

   <data id="PERM_CITY" value="測試市測試區"/>

   <data id="INFORMANT_TEL_NO_1" value="02 -01111198-"/>

   <data id="OVERSEA_PHONE" value=""/>

   <data id="FAX_NO" value=""/>

   <data id="INFORMANT_NAME_2" value="測試季"/>

   <data id="INFORMANT_NAME_1" value="測試季"/>

   <data id="TRAN_ID" value="JCBG"/>

   <data id="SAME_FLAG" value=""/>

   <data id="FUNCTION_CODE" value="1"/>

   <data id="TEL_PERM" value="   -"/>

   <data id="MOBILE_PHONE" value="0912345678"/>

   <data id="USER_ID" value="Z45120"/>

   <data id="PERM_ADDR_2" value=""/>

   <data id="PERM_ADDR_1" value="測試梅八八十八梅梅八梅八"/>

   <data id="VERIFY_SEQ_NO" value=""/>

   <data id="GRADE_SCHOOL_LOCATE" value=""/>

   <data id="E_SERVICE_CODE" value=""/>

   <data id="TEMP_E_MAIL" value=""/>

   <data id="LINE_CNT" value="0000"/>

   <data id="ACCT_NBR" value="P121407995"/>

   <data id="MESSAGE_TYPE" value="0001"/>

   <data id="GRADE_SCHOOL" value=""/>

   <data id="STUS_EMAIL" value="50"/>

   <data id="SMS_NP_FLAG" value="N"/>

   <data id="TMAL_CREATE_DATE" value=""/>

   <data id="PROGRAM_ID" value="JCGU638"/>

   <data id="EBILL_FLAG" value=""/>

   <data id="TEMP_E_MAIL_STATUS" value=""/>

   <data id="EMAIL" value="test@test.com"/>

   <data id="PERM_ZIP" value="247"/>

   <data id="STUS_FAX" value="01"/>

   <data id="TITLE" value="課長"/>

   <data id="STUS_ADDP" value="00"/>

   <data id="STUS_ID" value="00"/>

   <data id="STUS_TELP" value="01"/>

   <data id="STUS_TELO" value="00"/>

   <data id="STUS_ADDB" value="30"/>

   <data id="STUS_TELH" value="10"/>

  </msgBody>

 </line>

</hostgateway>


2021-11-02 10:21:00,833 INFO SessionID：fb2x50jpszxr5l31brhoigpf UserID：Z00040883 FunctionID：01010100 HTGType：REQ HTGName：P4_JCBG Message：<?xml version="1.0" encoding="UTF-8"?>
<hostgateway>
  <header>
    <action type="transaction" />
      <data id="applicationId" value="CSIP" />
      <data id="lowValue" value="true" />
      <data id="luType" value="LU62" />
      <data id="sessionId" value="CSIP203A6h6uJ20xHIbAKZzSvGlmo-YZ45120" />
      <data id="transactionId" value="P4_JCBG" />
  </header>
  <body>
      <data id="ACCT_NBR" value="P121407995" />
      <data id="CON_RPT" value="__" />
      <data id="E_SERVICE_CODE" value="____" />
      <data id="EBILL_FLAG" value="" />
      <data id="EMAIL" value="__________________________________________________" />
      <data id="FAX_NO" value="__________________" />
      <data id="FUNCTION_CODE" value="C" />
      <data id="GRADE_SCHOOL" value="______________________" />
      <data id="GRADE_SCHOOL_LOCATE" value="__________" />
      <data id="INFORMANT_NAME_1" value="__________" />
      <data id="INFORMANT_NAME_2" value="__________" />
      <data id="INFORMANT_TEL_NO_1" value="__________________" />
      <data id="INFORMANT_TEL_NO_2" value="__________________" />
      <data id="LINE_CNT" value="0000" />
      <data id="MESSAGE_TYPE" value="" />
      <data id="MOBILE_PHONE" value="0987654321" />
      <data id="OVERSEA_PHONE" value="__________________" />
      <data id="PERM_ADDR_1" value="______________________________" />
      <data id="PERM_ADDR_2" value="______________________________" />
      <data id="PERM_CITY" value="______________" />
      <data id="PERM_ZIP" value="_____" />
      <data id="PROGRAM_ID" value="JCGU638" />
      <data id="SAME_FLAG" value="N" />
      <data id="SMS_NP_FLAG" value="_" />
      <data id="STUS_ADDB" value="__" />
      <data id="STUS_ADDP" value="__" />
      <data id="STUS_EMAIL" value="__" />
      <data id="STUS_FAX" value="__" />
      <data id="STUS_ID" value="__" />
      <data id="STUS_MOBIL" value="__" />
      <data id="STUS_TELH" value="__" />
      <data id="STUS_TELO" value="__" />
      <data id="STUS_TELP" value="__" />
      <data id="TEL_PERM" value="__________________" />
      <data id="TEMP_E_MAIL" value="" />
      <data id="TEMP_E_MAIL_STATUS" value="" />
      <data id="TITLE" value="____________" />
      <data id="TMAL_CREATE_DATE" value="" />
      <data id="TRAN_ID" value="JCBG" />
      <data id="USER_ID" value="Z45120" />
      <data id="VALID_SEL" value="" />
      <data id="VERIFY_SEQ_NO" value="CSIP2021110210210068" />
  </body>
</hostgateway>

2021-11-02 10:21:01,935 INFO SessionID：fb2x50jpszxr5l31brhoigpf UserID：Z00040883 FunctionID：01010100 HTGType：RTN HTGName：P4_JCBG Message：<?xml version="1.0" encoding="UTF-8"?>

<hostgateway>

 <header>

  <action type="transaction"/>

  <data id="sessionId" value="CSIP203A6h6uJ20xHIbAKZzSvGlmo-YZ45120"/>

  <data id="applicationId" value="CSIP"/>

  <data id="luType" value="LU62"/>

  <data id="transactionId" value="P4_JCBG"/>

 </header>

 <line no="1">

  <msgHeader/>

  <msgBody>

   <data id="STUS_MOBIL" value="__"/>

   <data id="VALID_SEL" value=""/>

   <data id="CON_RPT" value="__"/>

   <data id="INFORMANT_TEL_NO_2" value="__________________"/>

   <data id="PERM_CITY" value="______________"/>

   <data id="INFORMANT_TEL_NO_1" value="__________________"/>

   <data id="OVERSEA_PHONE" value="__________________"/>

   <data id="FAX_NO" value="__________________"/>

   <data id="INFORMANT_NAME_2" value="__________"/>

   <data id="INFORMANT_NAME_1" value="__________"/>

   <data id="TRAN_ID" value="JCBG"/>

   <data id="SAME_FLAG" value="N"/>

   <data id="FUNCTION_CODE" value="C"/>

   <data id="TEL_PERM" value="__________________"/>

   <data id="MOBILE_PHONE" value="0987654321"/>

   <data id="USER_ID" value="Z45120"/>

   <data id="PERM_ADDR_2" value="______________________________"/>

   <data id="PERM_ADDR_1" value="______________________________"/>

   <data id="VERIFY_SEQ_NO" value="CSIP2021110210210068"/>

   <data id="GRADE_SCHOOL_LOCATE" value="__________"/>

   <data id="E_SERVICE_CODE" value="____"/>

   <data id="TEMP_E_MAIL" value=""/>

   <data id="LINE_CNT" value="0000"/>

   <data id="ACCT_NBR" value="P121407995"/>

   <data id="MESSAGE_TYPE" value="0001"/>

   <data id="GRADE_SCHOOL" value="______________________"/>

   <data id="STUS_EMAIL" value="__"/>

   <data id="SMS_NP_FLAG" value="_"/>

   <data id="TMAL_CREATE_DATE" value=""/>

   <data id="PROGRAM_ID" value="JCGU638"/>

   <data id="EBILL_FLAG" value=""/>

   <data id="TEMP_E_MAIL_STATUS" value=""/>

   <data id="EMAIL" value="__________________________________________________"/>

   <data id="PERM_ZIP" value="_____"/>

   <data id="STUS_FAX" value="__"/>

   <data id="TITLE" value="____________"/>

   <data id="STUS_ADDP" value="__"/>

   <data id="STUS_ID" value="__"/>

   <data id="STUS_TELP" value="__"/>

   <data id="STUS_TELO" value="__"/>

   <data id="STUS_ADDB" value="__"/>

   <data id="STUS_TELH" value="__"/>

  </msgBody>

 </line>

</hostgateway>


2021-11-02 10:26:57,107 INFO SessionID：fb2x50jpszxr5l31brhoigpf UserID：Z00040883 FunctionID：01010100 HTGType：REQ HTGName：P4_JCF6 Message：<?xml version="1.0" encoding="UTF-8"?>
<hostgateway>
  <header>
    <action type="transaction" />
      <data id="applicationId" value="CSIP" />
      <data id="lowValue" value="true" />
      <data id="luType" value="LU62" />
      <data id="sessionId" value="CSIP203A6h6uJ20xHIbAKZzSvGlmo-YZ45120" />
      <data id="transactionId" value="P4_JCF6" />
  </header>
  <body>
      <data id="ACCT_NBR" value="P121407995" />
      <data id="ADDR_1" value="" />
      <data id="ADDR_2" value="" />
      <data id="BILLING_CYCLE" value="" />
      <data id="BIRTH_DATE" value="" />
      <data id="CARD_ID1" value="" />
      <data id="CARD_ID10" value="" />
      <data id="CARD_ID11" value="" />
      <data id="CARD_ID12" value="" />
      <data id="CARD_ID13" value="" />
      <data id="CARD_ID14" value="" />
      <data id="CARD_ID15" value="" />
      <data id="CARD_ID16" value="" />
      <data id="CARD_ID17" value="" />
      <data id="CARD_ID18" value="" />
      <data id="CARD_ID2" value="" />
      <data id="CARD_ID3" value="" />
      <data id="CARD_ID4" value="" />
      <data id="CARD_ID5" value="" />
      <data id="CARD_ID6" value="" />
      <data id="CARD_ID7" value="" />
      <data id="CARD_ID8" value="" />
      <data id="CARD_ID9" value="" />
      <data id="CARD_NMBR1" value="" />
      <data id="CARD_NMBR10" value="" />
      <data id="CARD_NMBR11" value="" />
      <data id="CARD_NMBR12" value="" />
      <data id="CARD_NMBR13" value="" />
      <data id="CARD_NMBR14" value="" />
      <data id="CARD_NMBR15" value="" />
      <data id="CARD_NMBR16" value="" />
      <data id="CARD_NMBR17" value="" />
      <data id="CARD_NMBR18" value="" />
      <data id="CARD_NMBR2" value="" />
      <data id="CARD_NMBR3" value="" />
      <data id="CARD_NMBR4" value="" />
      <data id="CARD_NMBR5" value="" />
      <data id="CARD_NMBR6" value="" />
      <data id="CARD_NMBR7" value="" />
      <data id="CARD_NMBR8" value="" />
      <data id="CARD_NMBR9" value="" />
      <data id="CITY" value="" />
      <data id="CO_OWNER" value="" />
      <data id="CO_TAX_ID_TYPE" value="" />
      <data id="DD_ID" value="" />
      <data id="EMBOSSER_NAME_11" value="" />
      <data id="EMBOSSER_NAME_110" value="" />
      <data id="EMBOSSER_NAME_111" value="" />
      <data id="EMBOSSER_NAME_112" value="" />
      <data id="EMBOSSER_NAME_113" value="" />
      <data id="EMBOSSER_NAME_114" value="" />
      <data id="EMBOSSER_NAME_115" value="" />
      <data id="EMBOSSER_NAME_116" value="" />
      <data id="EMBOSSER_NAME_117" value="" />
      <data id="EMBOSSER_NAME_118" value="" />
      <data id="EMBOSSER_NAME_12" value="" />
      <data id="EMBOSSER_NAME_13" value="" />
      <data id="EMBOSSER_NAME_14" value="" />
      <data id="EMBOSSER_NAME_15" value="" />
      <data id="EMBOSSER_NAME_16" value="" />
      <data id="EMBOSSER_NAME_17" value="" />
      <data id="EMBOSSER_NAME_18" value="" />
      <data id="EMBOSSER_NAME_19" value="" />
      <data id="EMPLOYER" value="" />
      <data id="EU_CUSTOMER_CLASS" value="" />
      <data id="EU_DIRECT_MAIL" value="" />
      <data id="EU_NBR_OF_DEPS" value="" />
      <data id="FUNCTION_CODE" value="1" />
      <data id="GRADUATE_YYMM" value="" />
      <data id="HOME_PHONE" value="" />
      <data id="LINE_CNT" value="0000" />
      <data id="MANAGE_ZIP_CODE" value="" />
      <data id="MEMBER_SINCE" value="" />
      <data id="MEMO_1" value="" />
      <data id="MEMO_2" value="" />
      <data id="MESSAGE_TYPE" value="" />
      <data id="NAME_1" value="" />
      <data id="NAME_1_2" value="" />
      <data id="OFF_PHONE_FLAG" value="" />
      <data id="OFFICE_PHONE" value="" />
      <data id="SHORT_NAME1" value="" />
      <data id="SHORT_NAME10" value="" />
      <data id="SHORT_NAME11" value="" />
      <data id="SHORT_NAME12" value="" />
      <data id="SHORT_NAME13" value="" />
      <data id="SHORT_NAME14" value="" />
      <data id="SHORT_NAME15" value="" />
      <data id="SHORT_NAME16" value="" />
      <data id="SHORT_NAME17" value="" />
      <data id="SHORT_NAME18" value="" />
      <data id="SHORT_NAME2" value="" />
      <data id="SHORT_NAME3" value="" />
      <data id="SHORT_NAME4" value="" />
      <data id="SHORT_NAME5" value="" />
      <data id="SHORT_NAME6" value="" />
      <data id="SHORT_NAME7" value="" />
      <data id="SHORT_NAME8" value="" />
      <data id="SHORT_NAME9" value="" />
      <data id="TYPE1" value="" />
      <data id="TYPE10" value="" />
      <data id="TYPE11" value="" />
      <data id="TYPE12" value="" />
      <data id="TYPE13" value="" />
      <data id="TYPE14" value="" />
      <data id="TYPE15" value="" />
      <data id="TYPE16" value="" />
      <data id="TYPE17" value="" />
      <data id="TYPE18" value="" />
      <data id="TYPE2" value="" />
      <data id="TYPE3" value="" />
      <data id="TYPE4" value="" />
      <data id="TYPE5" value="" />
      <data id="TYPE6" value="" />
      <data id="TYPE7" value="" />
      <data id="TYPE8" value="" />
      <data id="TYPE9" value="" />
      <data id="USER_ID" value="Z45120" />
      <data id="WAIVE_FLAG" value="" />
      <data id="ZIP" value="" />
  </body>
</hostgateway>

2021-11-02 10:26:57,282 INFO SessionID：fb2x50jpszxr5l31brhoigpf UserID：Z00040883 FunctionID：01010100 HTGType：RTN HTGName：P4_JCF6 Message：<?xml version="1.0" encoding="UTF-8"?>

<hostgateway>

 <header>

  <action type="transaction"/>

  <data id="sessionId" value="CSIP203A6h6uJ20xHIbAKZzSvGlmo-YZ45120"/>

  <data id="applicationId" value="CSIP"/>

  <data id="luType" value="LU62"/>

  <data id="transactionId" value="P4_JCF6"/>

 </header>

 <line no="1">

  <msgHeader/>

  <msgBody>

   <data id="TYPE14" value=""/>

   <data id="EMBOSSER_NAME_113" value=""/>

   <data id="TYPE13" value=""/>

   <data id="EMBOSSER_NAME_112" value=""/>

   <data id="SHORT_NAME9" value=""/>

   <data id="TYPE12" value=""/>

   <data id="EMBOSSER_NAME_111" value=""/>

   <data id="SHORT_NAME8" value=""/>

   <data id="TYPE11" value=""/>

   <data id="EMBOSSER_NAME_110" value=""/>

   <data id="SHORT_NAME7" value=""/>

   <data id="TYPE10" value=""/>

   <data id="SHORT_NAME6" value=""/>

   <data id="SHORT_NAME5" value=""/>

   <data id="SHORT_NAME4" value=""/>

   <data id="SHORT_NAME3" value="測試保"/>

   <data id="SHORT_NAME2" value="測試保"/>

   <data id="EMBOSSER_NAME_19" value=""/>

   <data id="SHORT_NAME1" value="測試保"/>

   <data id="MESSAGE_TYPE" value="0001"/>

   <data id="EMBOSSER_NAME_18" value=""/>

   <data id="NAME_1" value="測試曉       "/>

   <data id="EMBOSSER_NAME_17" value=""/>

   <data id="NAME_1_2" value="測試曉       "/>

   <data id="EMBOSSER_NAME_16" value=""/>

   <data id="EMBOSSER_NAME_15" value=""/>

   <data id="EMBOSSER_NAME_14" value=""/>

   <data id="EMBOSSER_NAME_13" value="TEST CRMO CUU"/>

   <data id="EMBOSSER_NAME_12" value="TEST CRMO CUU"/>

   <data id="EMBOSSER_NAME_11" value="TEST00SOHV"/>

   <data id="MANAGE_ZIP_CODE" value="999"/>

   <data id="EU_NBR_OF_DEPS" value="00"/>

   <data id="MEMBER_SINCE" value="01/10"/>

   <data id="CO_OWNER" value=""/>

   <data id="PROGRAM_ID" value="JCGU802"/>

   <data id="GRADUATE_YYMM" value="00/00"/>

   <data id="CARD_ID18" value=""/>

   <data id="CARD_ID17" value=""/>

   <data id="EMPLOYER" value="測試公司                    "/>

   <data id="SHORT_NAME18" value=""/>

   <data id="CARD_ID16" value=""/>

   <data id="SHORT_NAME17" value=""/>

   <data id="CARD_ID15" value=""/>

   <data id="SHORT_NAME16" value=""/>

   <data id="CARD_ID14" value=""/>

   <data id="SHORT_NAME15" value=""/>

   <data id="CARD_ID13" value=""/>

   <data id="SHORT_NAME14" value=""/>

   <data id="CARD_ID12" value=""/>

   <data id="SHORT_NAME13" value=""/>

   <data id="CARD_ID11" value=""/>

   <data id="CO_TAX_ID_TYPE" value="0"/>

   <data id="SHORT_NAME12" value=""/>

   <data id="CARD_ID10" value=""/>

   <data id="CITY" value="測試市測試區"/>

   <data id="SHORT_NAME11" value=""/>

   <data id="SHORT_NAME10" value=""/>

   <data id="CARD_NMBR9" value=""/>

   <data id="CARD_NMBR8" value=""/>

   <data id="TRAN_ID" value="JCF6"/>

   <data id="CARD_NMBR7" value=""/>

   <data id="CARD_NMBR6" value=""/>

   <data id="CARD_NMBR5" value=""/>

   <data id="CARD_NMBR4" value=""/>

   <data id="CARD_NMBR3" value="5520491008296874"/>

   <data id="TYPE9" value=""/>

   <data id="CARD_NMBR2" value="5520491001409722"/>

   <data id="TYPE8" value=""/>

   <data id="CARD_NMBR1" value="4000016265455740"/>

   <data id="TYPE7" value=""/>

   <data id="CARD_ID9" value=""/>

   <data id="TYPE6" value=""/>

   <data id="CARD_ID8" value=""/>

   <data id="TYPE5" value=""/>

   <data id="CARD_ID7" value=""/>

   <data id="TYPE4" value=""/>

   <data id="CARD_ID6" value=""/>

   <data id="BIRTH_DATE" value="01011980"/>

   <data id="TYPE3" value="650"/>

   <data id="CARD_ID5" value=""/>

   <data id="TYPE2" value="650"/>

   <data id="CARD_ID4" value=""/>

   <data id="TYPE1" value="160"/>

   <data id="CARD_ID3" value="P121407995"/>

   <data id="CARD_ID2" value="P121407995"/>

   <data id="CARD_ID1" value="P121407995"/>

   <data id="WAIVE_FLAG" value=""/>

   <data id="EU_CUSTOMER_CLASS" value="0 "/>

   <data id="BILLING_CYCLE" value="07"/>

   <data id="CARD_NMBR18" value=""/>

   <data id="CARD_NMBR17" value=""/>

   <data id="CARD_NMBR16" value=""/>

   <data id="CARD_NMBR15" value=""/>

   <data id="CARD_NMBR14" value=""/>

   <data id="CARD_NMBR13" value=""/>

   <data id="CARD_NMBR12" value=""/>

   <data id="CARD_NMBR11" value=""/>

   <data id="CARD_NMBR10" value=""/>

   <data id="OFF_PHONE_FLAG" value="7"/>

   <data id="EU_DIRECT_MAIL" value="5"/>

   <data id="USER_ID" value="Z45120"/>

   <data id="DD_ID" value=""/>

   <data id="PROGRAM_VERSION" value=""/>

   <data id="MEMO_2" value=""/>

   <data id="HOME_PHONE" value="02 -41821111      "/>

   <data id="MEMO_1" value=""/>

   <data id="OFFICE_PHONE" value="02 -49763111191   "/>

   <data id="ACCT_NBR" value="P121407995"/>

   <data id="ZIP" value="999"/>

   <data id="ADDR_2" value=""/>

   <data id="ADDR_1" value="測試路測試巷１８號１５樓    "/>

   <data id="LINE_CNT" value="3"/>

   <data id="EMBOSSER_NAME_118" value=""/>

   <data id="TYPE18" value=""/>

   <data id="EMBOSSER_NAME_117" value=""/>

   <data id="TYPE17" value=""/>

   <data id="EMBOSSER_NAME_116" value=""/>

   <data id="TYPE16" value=""/>

   <data id="EMBOSSER_NAME_115" value=""/>

   <data id="FUNCTION_CODE" value="1"/>

   <data id="TYPE15" value=""/>

   <data id="EMBOSSER_NAME_114" value=""/>

  </msgBody>

 </line>

</hostgateway>


2021-11-02 10:26:57,384 INFO SessionID：fb2x50jpszxr5l31brhoigpf UserID：Z00040883 FunctionID：01010100 HTGType：REQ HTGName：P4D_JCF6 Message：<?xml version="1.0" encoding="UTF-8"?>
<hostgateway>
  <header>
    <action type="transaction" />
      <data id="applicationId" value="CSIP" />
      <data id="lowValue" value="true" />
      <data id="luType" value="LU62" />
      <data id="sessionId" value="CSIP203A6h6uJ20xHIbAKZzSvGlmo-YZ45120" />
      <data id="transactionId" value="P4D_JCF6" />
  </header>
  <body>
      <data id="ACCT_NBR" value="P121407995" />
      <data id="ADDR_1" value="" />
      <data id="ADDR_2" value="" />
      <data id="BILLING_CYCLE" value="" />
      <data id="BIRTH_DATE" value="" />
      <data id="CARD_ID1" value="" />
      <data id="CARD_ID10" value="" />
      <data id="CARD_ID11" value="" />
      <data id="CARD_ID12" value="" />
      <data id="CARD_ID13" value="" />
      <data id="CARD_ID14" value="" />
      <data id="CARD_ID15" value="" />
      <data id="CARD_ID16" value="" />
      <data id="CARD_ID17" value="" />
      <data id="CARD_ID18" value="" />
      <data id="CARD_ID2" value="" />
      <data id="CARD_ID3" value="" />
      <data id="CARD_ID4" value="" />
      <data id="CARD_ID5" value="" />
      <data id="CARD_ID6" value="" />
      <data id="CARD_ID7" value="" />
      <data id="CARD_ID8" value="" />
      <data id="CARD_ID9" value="" />
      <data id="CARD_NMBR1" value="" />
      <data id="CARD_NMBR10" value="" />
      <data id="CARD_NMBR11" value="" />
      <data id="CARD_NMBR12" value="" />
      <data id="CARD_NMBR13" value="" />
      <data id="CARD_NMBR14" value="" />
      <data id="CARD_NMBR15" value="" />
      <data id="CARD_NMBR16" value="" />
      <data id="CARD_NMBR17" value="" />
      <data id="CARD_NMBR18" value="" />
      <data id="CARD_NMBR2" value="" />
      <data id="CARD_NMBR3" value="" />
      <data id="CARD_NMBR4" value="" />
      <data id="CARD_NMBR5" value="" />
      <data id="CARD_NMBR6" value="" />
      <data id="CARD_NMBR7" value="" />
      <data id="CARD_NMBR8" value="" />
      <data id="CARD_NMBR9" value="" />
      <data id="CITY" value="" />
      <data id="CO_OWNER" value="" />
      <data id="CO_TAX_ID_TYPE" value="" />
      <data id="DD_ID" value="" />
      <data id="EMBOSSER_NAME_11" value="" />
      <data id="EMBOSSER_NAME_110" value="" />
      <data id="EMBOSSER_NAME_111" value="" />
      <data id="EMBOSSER_NAME_112" value="" />
      <data id="EMBOSSER_NAME_113" value="" />
      <data id="EMBOSSER_NAME_114" value="" />
      <data id="EMBOSSER_NAME_115" value="" />
      <data id="EMBOSSER_NAME_116" value="" />
      <data id="EMBOSSER_NAME_117" value="" />
      <data id="EMBOSSER_NAME_118" value="" />
      <data id="EMBOSSER_NAME_12" value="" />
      <data id="EMBOSSER_NAME_13" value="" />
      <data id="EMBOSSER_NAME_14" value="" />
      <data id="EMBOSSER_NAME_15" value="" />
      <data id="EMBOSSER_NAME_16" value="" />
      <data id="EMBOSSER_NAME_17" value="" />
      <data id="EMBOSSER_NAME_18" value="" />
      <data id="EMBOSSER_NAME_19" value="" />
      <data id="EMPLOYER" value="" />
      <data id="EU_CUSTOMER_CLASS" value="" />
      <data id="EU_DIRECT_MAIL" value="" />
      <data id="EU_NBR_OF_DEPS" value="" />
      <data id="FUNCTION_CODE" value="1" />
      <data id="GRADUATE_YYMM" value="" />
      <data id="HOME_PHONE" value="" />
      <data id="LINE_CNT" value="0000" />
      <data id="MANAGE_ZIP_CODE" value="" />
      <data id="MEMBER_SINCE" value="" />
      <data id="MEMO_1" value="" />
      <data id="MEMO_2" value="" />
      <data id="MESSAGE_TYPE" value="" />
      <data id="NAME_1" value="" />
      <data id="NAME_1_2" value="" />
      <data id="OFF_PHONE_FLAG" value="" />
      <data id="OFFICE_PHONE" value="" />
      <data id="SHORT_NAME1" value="" />
      <data id="SHORT_NAME10" value="" />
      <data id="SHORT_NAME11" value="" />
      <data id="SHORT_NAME12" value="" />
      <data id="SHORT_NAME13" value="" />
      <data id="SHORT_NAME14" value="" />
      <data id="SHORT_NAME15" value="" />
      <data id="SHORT_NAME16" value="" />
      <data id="SHORT_NAME17" value="" />
      <data id="SHORT_NAME18" value="" />
      <data id="SHORT_NAME2" value="" />
      <data id="SHORT_NAME3" value="" />
      <data id="SHORT_NAME4" value="" />
      <data id="SHORT_NAME5" value="" />
      <data id="SHORT_NAME6" value="" />
      <data id="SHORT_NAME7" value="" />
      <data id="SHORT_NAME8" value="" />
      <data id="SHORT_NAME9" value="" />
      <data id="TYPE1" value="" />
      <data id="TYPE10" value="" />
      <data id="TYPE11" value="" />
      <data id="TYPE12" value="" />
      <data id="TYPE13" value="" />
      <data id="TYPE14" value="" />
      <data id="TYPE15" value="" />
      <data id="TYPE16" value="" />
      <data id="TYPE17" value="" />
      <data id="TYPE18" value="" />
      <data id="TYPE2" value="" />
      <data id="TYPE3" value="" />
      <data id="TYPE4" value="" />
      <data id="TYPE5" value="" />
      <data id="TYPE6" value="" />
      <data id="TYPE7" value="" />
      <data id="TYPE8" value="" />
      <data id="TYPE9" value="" />
      <data id="USER_ID" value="Z45120" />
      <data id="WAIVE_FLAG" value="" />
      <data id="ZIP" value="" />
  </body>
</hostgateway>

2021-11-02 10:27:10,478 INFO SessionID：fb2x50jpszxr5l31brhoigpf UserID：Z00040883 FunctionID：01010100 HTGType：RTN HTGName：P4D_JCF6 Message：<?xml version="1.0" encoding="UTF-8"?>

<hostgateway>

 <header>

  <rc value="752"/>

 </header>

 <body>

  <msg value="752 可取得LU62 SESSION, 但線路狀況異常"/>

  <data id="HG_EXCEPTION_MSG" value="LU62 Conversation Id: JCF6D_0"/>

 </body>

</hostgateway>


2021-11-02 10:27:10,600 INFO SessionID：fb2x50jpszxr5l31brhoigpf UserID：Z00040883 FunctionID：01010100 HTGType：REQ HTGName：P4_JCBG Message：<?xml version="1.0" encoding="UTF-8"?>
<hostgateway>
  <header>
    <action type="transaction" />
      <data id="applicationId" value="CSIP" />
      <data id="lowValue" value="true" />
      <data id="luType" value="LU62" />
      <data id="sessionId" value="CSIP203A6h6uJ20xHIbAKZzSvGlmo-YZ45120" />
      <data id="transactionId" value="P4_JCBG" />
  </header>
  <body>
      <data id="ACCT_NBR" value="P121407995" />
      <data id="CON_RPT" value="__" />
      <data id="E_SERVICE_CODE" value="____" />
      <data id="EBILL_FLAG" value="" />
      <data id="EMAIL" value="__________________________________________________" />
      <data id="FAX_NO" value="__________________" />
      <data id="FUNCTION_CODE" value="1" />
      <data id="GRADE_SCHOOL" value="______________________" />
      <data id="GRADE_SCHOOL_LOCATE" value="__________" />
      <data id="INFORMANT_NAME_1" value="__________" />
      <data id="INFORMANT_NAME_2" value="__________" />
      <data id="INFORMANT_TEL_NO_1" value="__________________" />
      <data id="INFORMANT_TEL_NO_2" value="__________________" />
      <data id="LINE_CNT" value="0000" />
      <data id="MESSAGE_TYPE" value="" />
      <data id="MOBILE_PHONE" value="__________" />
      <data id="OVERSEA_PHONE" value="__________________" />
      <data id="PERM_ADDR_1" value="______________________________" />
      <data id="PERM_ADDR_2" value="______________________________" />
      <data id="PERM_CITY" value="______________" />
      <data id="PERM_ZIP" value="_____" />
      <data id="PROGRAM_ID" value="JCGU638" />
      <data id="SAME_FLAG" value="" />
      <data id="SMS_NP_FLAG" value="_" />
      <data id="STUS_ADDB" value="__" />
      <data id="STUS_ADDP" value="__" />
      <data id="STUS_EMAIL" value="__" />
      <data id="STUS_FAX" value="__" />
      <data id="STUS_ID" value="__" />
      <data id="STUS_MOBIL" value="__" />
      <data id="STUS_TELH" value="__" />
      <data id="STUS_TELO" value="__" />
      <data id="STUS_TELP" value="__" />
      <data id="TEL_PERM" value="__________________" />
      <data id="TEMP_E_MAIL" value="" />
      <data id="TEMP_E_MAIL_STATUS" value="" />
      <data id="TITLE" value="____________" />
      <data id="TMAL_CREATE_DATE" value="" />
      <data id="TRAN_ID" value="JCBG" />
      <data id="USER_ID" value="Z45120" />
      <data id="VALID_SEL" value="" />
      <data id="VERIFY_SEQ_NO" value="" />
  </body>
</hostgateway>

2021-11-02 10:27:10,748 INFO SessionID：fb2x50jpszxr5l31brhoigpf UserID：Z00040883 FunctionID：01010100 HTGType：RTN HTGName：P4_JCBG Message：<?xml version="1.0" encoding="UTF-8"?>

<hostgateway>

 <header>

  <action type="transaction"/>

  <data id="sessionId" value="CSIP203A6h6uJ20xHIbAKZzSvGlmo-YZ45120"/>

  <data id="applicationId" value="CSIP"/>

  <data id="luType" value="LU62"/>

  <data id="transactionId" value="P4_JCBG"/>

 </header>

 <line no="1">

  <msgHeader/>

  <msgBody>

   <data id="STUS_MOBIL" value="10"/>

   <data id="VALID_SEL" value=""/>

   <data id="CON_RPT" value=""/>

   <data id="INFORMANT_TEL_NO_2" value="02 -01111108-"/>

   <data id="PERM_CITY" value="測試市測試區"/>

   <data id="INFORMANT_TEL_NO_1" value="02 -01111198-"/>

   <data id="OVERSEA_PHONE" value=""/>

   <data id="FAX_NO" value=""/>

   <data id="INFORMANT_NAME_2" value="測試季"/>

   <data id="INFORMANT_NAME_1" value="測試季"/>

   <data id="TRAN_ID" value="JCBG"/>

   <data id="SAME_FLAG" value=""/>

   <data id="FUNCTION_CODE" value="1"/>

   <data id="TEL_PERM" value="   -"/>

   <data id="MOBILE_PHONE" value="0987654321"/>

   <data id="USER_ID" value="Z45120"/>

   <data id="PERM_ADDR_2" value=""/>

   <data id="PERM_ADDR_1" value="測試梅八八十八梅梅八梅八"/>

   <data id="VERIFY_SEQ_NO" value=""/>

   <data id="GRADE_SCHOOL_LOCATE" value=""/>

   <data id="E_SERVICE_CODE" value=""/>

   <data id="TEMP_E_MAIL" value=""/>

   <data id="LINE_CNT" value="0000"/>

   <data id="ACCT_NBR" value="P121407995"/>

   <data id="MESSAGE_TYPE" value="0001"/>

   <data id="GRADE_SCHOOL" value=""/>

   <data id="STUS_EMAIL" value="50"/>

   <data id="SMS_NP_FLAG" value="N"/>

   <data id="TMAL_CREATE_DATE" value=""/>

   <data id="PROGRAM_ID" value="JCGU638"/>

   <data id="EBILL_FLAG" value=""/>

   <data id="TEMP_E_MAIL_STATUS" value=""/>

   <data id="EMAIL" value="test@test.com"/>

   <data id="PERM_ZIP" value="247"/>

   <data id="STUS_FAX" value="01"/>

   <data id="TITLE" value="課長"/>

   <data id="STUS_ADDP" value="00"/>

   <data id="STUS_ID" value="00"/>

   <data id="STUS_TELP" value="01"/>

   <data id="STUS_TELO" value="00"/>

   <data id="STUS_ADDB" value="30"/>

   <data id="STUS_TELH" value="10"/>

  </msgBody>

 </line>

</hostgateway>


2021-11-02 10:28:12,433 INFO SessionID：fb2x50jpszxr5l31brhoigpf UserID：Z00040883 FunctionID：01010100 HTGType：REQ HTGName：P4_JCBG Message：<?xml version="1.0" encoding="UTF-8"?>
<hostgateway>
  <header>
    <action type="transaction" />
      <data id="applicationId" value="CSIP" />
      <data id="lowValue" value="true" />
      <data id="luType" value="LU62" />
      <data id="sessionId" value="CSIP203A6h6uJ20xHIbAKZzSvGlmo-YZ45120" />
      <data id="transactionId" value="P4_JCBG" />
  </header>
  <body>
      <data id="ACCT_NBR" value="P121407995" />
      <data id="CON_RPT" value="__" />
      <data id="E_SERVICE_CODE" value="____" />
      <data id="EBILL_FLAG" value="" />
      <data id="EMAIL" value="__________________________________________________" />
      <data id="FAX_NO" value="__________________" />
      <data id="FUNCTION_CODE" value="C" />
      <data id="GRADE_SCHOOL" value="______________________" />
      <data id="GRADE_SCHOOL_LOCATE" value="__________" />
      <data id="INFORMANT_NAME_1" value="__________" />
      <data id="INFORMANT_NAME_2" value="__________" />
      <data id="INFORMANT_TEL_NO_1" value="__________________" />
      <data id="INFORMANT_TEL_NO_2" value="__________________" />
      <data id="LINE_CNT" value="0000" />
      <data id="MESSAGE_TYPE" value="" />
      <data id="MOBILE_PHONE" value="__________" />
      <data id="OVERSEA_PHONE" value="__________________" />
      <data id="PERM_ADDR_1" value="______________________________" />
      <data id="PERM_ADDR_2" value="______________________________" />
      <data id="PERM_CITY" value="______________" />
      <data id="PERM_ZIP" value="_____" />
      <data id="PROGRAM_ID" value="JCGU638" />
      <data id="SAME_FLAG" value="N" />
      <data id="SMS_NP_FLAG" value="_" />
      <data id="STUS_ADDB" value="__" />
      <data id="STUS_ADDP" value="__" />
      <data id="STUS_EMAIL" value="__" />
      <data id="STUS_FAX" value="__" />
      <data id="STUS_ID" value="__" />
      <data id="STUS_MOBIL" value="__" />
      <data id="STUS_TELH" value="__" />
      <data id="STUS_TELO" value="__" />
      <data id="STUS_TELP" value="__" />
      <data id="TEL_PERM" value="__________________" />
      <data id="TEMP_E_MAIL" value="aaa@test.com.tw" />
      <data id="TEMP_E_MAIL_STATUS" value="" />
      <data id="TITLE" value="____________" />
      <data id="TMAL_CREATE_DATE" value="" />
      <data id="TRAN_ID" value="JCBG" />
      <data id="USER_ID" value="Z45120" />
      <data id="VALID_SEL" value="B" />
      <data id="VERIFY_SEQ_NO" value="CSIP2021110210281094" />
  </body>
</hostgateway>

2021-11-02 10:28:12,589 INFO SessionID：fb2x50jpszxr5l31brhoigpf UserID：Z00040883 FunctionID：01010100 HTGType：RTN HTGName：P4_JCBG Message：<?xml version="1.0" encoding="UTF-8"?>

<hostgateway>

 <header>

  <action type="transaction"/>

  <data id="sessionId" value="CSIP203A6h6uJ20xHIbAKZzSvGlmo-YZ45120"/>

  <data id="applicationId" value="CSIP"/>

  <data id="luType" value="LU62"/>

  <data id="transactionId" value="P4_JCBG"/>

 </header>

 <line no="1">

  <msgHeader/>

  <msgBody>

   <data id="STUS_MOBIL" value="__"/>

   <data id="VALID_SEL" value="B"/>

   <data id="CON_RPT" value="__"/>

   <data id="INFORMANT_TEL_NO_2" value="__________________"/>

   <data id="PERM_CITY" value="______________"/>

   <data id="INFORMANT_TEL_NO_1" value="__________________"/>

   <data id="OVERSEA_PHONE" value="__________________"/>

   <data id="FAX_NO" value="__________________"/>

   <data id="INFORMANT_NAME_2" value="__________"/>

   <data id="INFORMANT_NAME_1" value="__________"/>

   <data id="TRAN_ID" value="JCBG"/>

   <data id="SAME_FLAG" value="N"/>

   <data id="FUNCTION_CODE" value="C"/>

   <data id="TEL_PERM" value="__________________"/>

   <data id="MOBILE_PHONE" value="__________"/>

   <data id="USER_ID" value="Z45120"/>

   <data id="PERM_ADDR_2" value="______________________________"/>

   <data id="PERM_ADDR_1" value="______________________________"/>

   <data id="VERIFY_SEQ_NO" value="CSIP2021110210281094"/>

   <data id="GRADE_SCHOOL_LOCATE" value="__________"/>

   <data id="E_SERVICE_CODE" value="____"/>

   <data id="TEMP_E_MAIL" value="aaa@test.com.tw"/>

   <data id="LINE_CNT" value="0000"/>

   <data id="ACCT_NBR" value="P121407995"/>

   <data id="MESSAGE_TYPE" value="0001"/>

   <data id="GRADE_SCHOOL" value="______________________"/>

   <data id="STUS_EMAIL" value="__"/>

   <data id="SMS_NP_FLAG" value="_"/>

   <data id="TMAL_CREATE_DATE" value=""/>

   <data id="PROGRAM_ID" value="JCGU638"/>

   <data id="EBILL_FLAG" value=""/>

   <data id="TEMP_E_MAIL_STATUS" value=""/>

   <data id="EMAIL" value="__________________________________________________"/>

   <data id="PERM_ZIP" value="_____"/>

   <data id="STUS_FAX" value="__"/>

   <data id="TITLE" value="____________"/>

   <data id="STUS_ADDP" value="__"/>

   <data id="STUS_ID" value="__"/>

   <data id="STUS_TELP" value="__"/>

   <data id="STUS_TELO" value="__"/>

   <data id="STUS_ADDB" value="__"/>

   <data id="STUS_TELH" value="__"/>

  </msgBody>

 </line>

</hostgateway>


2021-11-02 10:46:12,056 INFO SessionID：fb2x50jpszxr5l31brhoigpf UserID：Z00040883 FunctionID：01010100 HTGType：REQ HTGName：P4_JCF6 Message：<?xml version="1.0" encoding="UTF-8"?>
<hostgateway>
  <header>
    <action type="transaction" />
      <data id="applicationId" value="CSIP" />
      <data id="lowValue" value="true" />
      <data id="luType" value="LU62" />
      <data id="sessionId" value="CSIP203A6h6uJ20xHIbAKZzSvGlmo-YZ45120" />
      <data id="transactionId" value="P4_JCF6" />
  </header>
  <body>
      <data id="ACCT_NBR" value="P121407995" />
      <data id="ADDR_1" value="" />
      <data id="ADDR_2" value="" />
      <data id="BILLING_CYCLE" value="" />
      <data id="BIRTH_DATE" value="" />
      <data id="CARD_ID1" value="" />
      <data id="CARD_ID10" value="" />
      <data id="CARD_ID11" value="" />
      <data id="CARD_ID12" value="" />
      <data id="CARD_ID13" value="" />
      <data id="CARD_ID14" value="" />
      <data id="CARD_ID15" value="" />
      <data id="CARD_ID16" value="" />
      <data id="CARD_ID17" value="" />
      <data id="CARD_ID18" value="" />
      <data id="CARD_ID2" value="" />
      <data id="CARD_ID3" value="" />
      <data id="CARD_ID4" value="" />
      <data id="CARD_ID5" value="" />
      <data id="CARD_ID6" value="" />
      <data id="CARD_ID7" value="" />
      <data id="CARD_ID8" value="" />
      <data id="CARD_ID9" value="" />
      <data id="CARD_NMBR1" value="" />
      <data id="CARD_NMBR10" value="" />
      <data id="CARD_NMBR11" value="" />
      <data id="CARD_NMBR12" value="" />
      <data id="CARD_NMBR13" value="" />
      <data id="CARD_NMBR14" value="" />
      <data id="CARD_NMBR15" value="" />
      <data id="CARD_NMBR16" value="" />
      <data id="CARD_NMBR17" value="" />
      <data id="CARD_NMBR18" value="" />
      <data id="CARD_NMBR2" value="" />
      <data id="CARD_NMBR3" value="" />
      <data id="CARD_NMBR4" value="" />
      <data id="CARD_NMBR5" value="" />
      <data id="CARD_NMBR6" value="" />
      <data id="CARD_NMBR7" value="" />
      <data id="CARD_NMBR8" value="" />
      <data id="CARD_NMBR9" value="" />
      <data id="CITY" value="" />
      <data id="CO_OWNER" value="" />
      <data id="CO_TAX_ID_TYPE" value="" />
      <data id="DD_ID" value="" />
      <data id="EMBOSSER_NAME_11" value="" />
      <data id="EMBOSSER_NAME_110" value="" />
      <data id="EMBOSSER_NAME_111" value="" />
      <data id="EMBOSSER_NAME_112" value="" />
      <data id="EMBOSSER_NAME_113" value="" />
      <data id="EMBOSSER_NAME_114" value="" />
      <data id="EMBOSSER_NAME_115" value="" />
      <data id="EMBOSSER_NAME_116" value="" />
      <data id="EMBOSSER_NAME_117" value="" />
      <data id="EMBOSSER_NAME_118" value="" />
      <data id="EMBOSSER_NAME_12" value="" />
      <data id="EMBOSSER_NAME_13" value="" />
      <data id="EMBOSSER_NAME_14" value="" />
      <data id="EMBOSSER_NAME_15" value="" />
      <data id="EMBOSSER_NAME_16" value="" />
      <data id="EMBOSSER_NAME_17" value="" />
      <data id="EMBOSSER_NAME_18" value="" />
      <data id="EMBOSSER_NAME_19" value="" />
      <data id="EMPLOYER" value="" />
      <data id="EU_CUSTOMER_CLASS" value="" />
      <data id="EU_DIRECT_MAIL" value="" />
      <data id="EU_NBR_OF_DEPS" value="" />
      <data id="FUNCTION_CODE" value="1" />
      <data id="GRADUATE_YYMM" value="" />
      <data id="HOME_PHONE" value="" />
      <data id="LINE_CNT" value="0000" />
      <data id="MANAGE_ZIP_CODE" value="" />
      <data id="MEMBER_SINCE" value="" />
      <data id="MEMO_1" value="" />
      <data id="MEMO_2" value="" />
      <data id="MESSAGE_TYPE" value="" />
      <data id="NAME_1" value="" />
      <data id="NAME_1_2" value="" />
      <data id="OFF_PHONE_FLAG" value="" />
      <data id="OFFICE_PHONE" value="" />
      <data id="SHORT_NAME1" value="" />
      <data id="SHORT_NAME10" value="" />
      <data id="SHORT_NAME11" value="" />
      <data id="SHORT_NAME12" value="" />
      <data id="SHORT_NAME13" value="" />
      <data id="SHORT_NAME14" value="" />
      <data id="SHORT_NAME15" value="" />
      <data id="SHORT_NAME16" value="" />
      <data id="SHORT_NAME17" value="" />
      <data id="SHORT_NAME18" value="" />
      <data id="SHORT_NAME2" value="" />
      <data id="SHORT_NAME3" value="" />
      <data id="SHORT_NAME4" value="" />
      <data id="SHORT_NAME5" value="" />
      <data id="SHORT_NAME6" value="" />
      <data id="SHORT_NAME7" value="" />
      <data id="SHORT_NAME8" value="" />
      <data id="SHORT_NAME9" value="" />
      <data id="TYPE1" value="" />
      <data id="TYPE10" value="" />
      <data id="TYPE11" value="" />
      <data id="TYPE12" value="" />
      <data id="TYPE13" value="" />
      <data id="TYPE14" value="" />
      <data id="TYPE15" value="" />
      <data id="TYPE16" value="" />
      <data id="TYPE17" value="" />
      <data id="TYPE18" value="" />
      <data id="TYPE2" value="" />
      <data id="TYPE3" value="" />
      <data id="TYPE4" value="" />
      <data id="TYPE5" value="" />
      <data id="TYPE6" value="" />
      <data id="TYPE7" value="" />
      <data id="TYPE8" value="" />
      <data id="TYPE9" value="" />
      <data id="USER_ID" value="Z45120" />
      <data id="WAIVE_FLAG" value="" />
      <data id="ZIP" value="" />
  </body>
</hostgateway>

2021-11-02 10:46:12,276 INFO SessionID：fb2x50jpszxr5l31brhoigpf UserID：Z00040883 FunctionID：01010100 HTGType：RTN HTGName：P4_JCF6 Message：<?xml version="1.0" encoding="UTF-8"?>

<hostgateway>

 <header>

  <action type="transaction"/>

  <data id="sessionId" value="CSIP203A6h6uJ20xHIbAKZzSvGlmo-YZ45120"/>

  <data id="applicationId" value="CSIP"/>

  <data id="luType" value="LU62"/>

  <data id="transactionId" value="P4_JCF6"/>

 </header>

 <line no="1">

  <msgHeader/>

  <msgBody>

   <data id="TYPE14" value=""/>

   <data id="EMBOSSER_NAME_113" value=""/>

   <data id="TYPE13" value=""/>

   <data id="EMBOSSER_NAME_112" value=""/>

   <data id="SHORT_NAME9" value=""/>

   <data id="TYPE12" value=""/>

   <data id="EMBOSSER_NAME_111" value=""/>

   <data id="SHORT_NAME8" value=""/>

   <data id="TYPE11" value=""/>

   <data id="EMBOSSER_NAME_110" value=""/>

   <data id="SHORT_NAME7" value=""/>

   <data id="TYPE10" value=""/>

   <data id="SHORT_NAME6" value=""/>

   <data id="SHORT_NAME5" value=""/>

   <data id="SHORT_NAME4" value=""/>

   <data id="SHORT_NAME3" value="測試保"/>

   <data id="SHORT_NAME2" value="測試保"/>

   <data id="EMBOSSER_NAME_19" value=""/>

   <data id="SHORT_NAME1" value="測試保"/>

   <data id="MESSAGE_TYPE" value="0001"/>

   <data id="EMBOSSER_NAME_18" value=""/>

   <data id="NAME_1" value="測試曉       "/>

   <data id="EMBOSSER_NAME_17" value=""/>

   <data id="NAME_1_2" value="測試曉       "/>

   <data id="EMBOSSER_NAME_16" value=""/>

   <data id="EMBOSSER_NAME_15" value=""/>

   <data id="EMBOSSER_NAME_14" value=""/>

   <data id="EMBOSSER_NAME_13" value="TEST CRMO CUU"/>

   <data id="EMBOSSER_NAME_12" value="TEST CRMO CUU"/>

   <data id="EMBOSSER_NAME_11" value="TEST00SOHV"/>

   <data id="MANAGE_ZIP_CODE" value="999"/>

   <data id="EU_NBR_OF_DEPS" value="00"/>

   <data id="MEMBER_SINCE" value="01/10"/>

   <data id="CO_OWNER" value=""/>

   <data id="PROGRAM_ID" value="JCGU802"/>

   <data id="GRADUATE_YYMM" value="00/00"/>

   <data id="CARD_ID18" value=""/>

   <data id="CARD_ID17" value=""/>

   <data id="EMPLOYER" value="測試公司                    "/>

   <data id="SHORT_NAME18" value=""/>

   <data id="CARD_ID16" value=""/>

   <data id="SHORT_NAME17" value=""/>

   <data id="CARD_ID15" value=""/>

   <data id="SHORT_NAME16" value=""/>

   <data id="CARD_ID14" value=""/>

   <data id="SHORT_NAME15" value=""/>

   <data id="CARD_ID13" value=""/>

   <data id="SHORT_NAME14" value=""/>

   <data id="CARD_ID12" value=""/>

   <data id="SHORT_NAME13" value=""/>

   <data id="CARD_ID11" value=""/>

   <data id="CO_TAX_ID_TYPE" value="0"/>

   <data id="SHORT_NAME12" value=""/>

   <data id="CARD_ID10" value=""/>

   <data id="CITY" value="測試市測試區"/>

   <data id="SHORT_NAME11" value=""/>

   <data id="SHORT_NAME10" value=""/>

   <data id="CARD_NMBR9" value=""/>

   <data id="CARD_NMBR8" value=""/>

   <data id="TRAN_ID" value="JCF6"/>

   <data id="CARD_NMBR7" value=""/>

   <data id="CARD_NMBR6" value=""/>

   <data id="CARD_NMBR5" value=""/>

   <data id="CARD_NMBR4" value=""/>

   <data id="CARD_NMBR3" value="5520491008296874"/>

   <data id="TYPE9" value=""/>

   <data id="CARD_NMBR2" value="5520491001409722"/>

   <data id="TYPE8" value=""/>

   <data id="CARD_NMBR1" value="4000016265455740"/>

   <data id="TYPE7" value=""/>

   <data id="CARD_ID9" value=""/>

   <data id="TYPE6" value=""/>

   <data id="CARD_ID8" value=""/>

   <data id="TYPE5" value=""/>

   <data id="CARD_ID7" value=""/>

   <data id="TYPE4" value=""/>

   <data id="CARD_ID6" value=""/>

   <data id="BIRTH_DATE" value="01011980"/>

   <data id="TYPE3" value="650"/>

   <data id="CARD_ID5" value=""/>

   <data id="TYPE2" value="650"/>

   <data id="CARD_ID4" value=""/>

   <data id="TYPE1" value="160"/>

   <data id="CARD_ID3" value="P121407995"/>

   <data id="CARD_ID2" value="P121407995"/>

   <data id="CARD_ID1" value="P121407995"/>

   <data id="WAIVE_FLAG" value=""/>

   <data id="EU_CUSTOMER_CLASS" value="0 "/>

   <data id="BILLING_CYCLE" value="07"/>

   <data id="CARD_NMBR18" value=""/>

   <data id="CARD_NMBR17" value=""/>

   <data id="CARD_NMBR16" value=""/>

   <data id="CARD_NMBR15" value=""/>

   <data id="CARD_NMBR14" value=""/>

   <data id="CARD_NMBR13" value=""/>

   <data id="CARD_NMBR12" value=""/>

   <data id="CARD_NMBR11" value=""/>

   <data id="CARD_NMBR10" value=""/>

   <data id="OFF_PHONE_FLAG" value="7"/>

   <data id="EU_DIRECT_MAIL" value="5"/>

   <data id="USER_ID" value="Z45120"/>

   <data id="DD_ID" value=""/>

   <data id="PROGRAM_VERSION" value=""/>

   <data id="MEMO_2" value=""/>

   <data id="HOME_PHONE" value="02 -41821111      "/>

   <data id="MEMO_1" value=""/>

   <data id="OFFICE_PHONE" value="02 -49763111191   "/>

   <data id="ACCT_NBR" value="P121407995"/>

   <data id="ZIP" value="999"/>

   <data id="ADDR_2" value=""/>

   <data id="ADDR_1" value="測試路測試巷１８號１５樓    "/>

   <data id="LINE_CNT" value="3"/>

   <data id="EMBOSSER_NAME_118" value=""/>

   <data id="TYPE18" value=""/>

   <data id="EMBOSSER_NAME_117" value=""/>

   <data id="TYPE17" value=""/>

   <data id="EMBOSSER_NAME_116" value=""/>

   <data id="TYPE16" value=""/>

   <data id="EMBOSSER_NAME_115" value=""/>

   <data id="FUNCTION_CODE" value="1"/>

   <data id="TYPE15" value=""/>

   <data id="EMBOSSER_NAME_114" value=""/>

  </msgBody>

 </line>

</hostgateway>


2021-11-02 10:46:12,385 INFO SessionID：fb2x50jpszxr5l31brhoigpf UserID：Z00040883 FunctionID：01010100 HTGType：REQ HTGName：P4D_JCF6 Message：<?xml version="1.0" encoding="UTF-8"?>
<hostgateway>
  <header>
    <action type="transaction" />
      <data id="applicationId" value="CSIP" />
      <data id="lowValue" value="true" />
      <data id="luType" value="LU62" />
      <data id="sessionId" value="CSIP203A6h6uJ20xHIbAKZzSvGlmo-YZ45120" />
      <data id="transactionId" value="P4D_JCF6" />
  </header>
  <body>
      <data id="ACCT_NBR" value="P121407995" />
      <data id="ADDR_1" value="" />
      <data id="ADDR_2" value="" />
      <data id="BILLING_CYCLE" value="" />
      <data id="BIRTH_DATE" value="" />
      <data id="CARD_ID1" value="" />
      <data id="CARD_ID10" value="" />
      <data id="CARD_ID11" value="" />
      <data id="CARD_ID12" value="" />
      <data id="CARD_ID13" value="" />
      <data id="CARD_ID14" value="" />
      <data id="CARD_ID15" value="" />
      <data id="CARD_ID16" value="" />
      <data id="CARD_ID17" value="" />
      <data id="CARD_ID18" value="" />
      <data id="CARD_ID2" value="" />
      <data id="CARD_ID3" value="" />
      <data id="CARD_ID4" value="" />
      <data id="CARD_ID5" value="" />
      <data id="CARD_ID6" value="" />
      <data id="CARD_ID7" value="" />
      <data id="CARD_ID8" value="" />
      <data id="CARD_ID9" value="" />
      <data id="CARD_NMBR1" value="" />
      <data id="CARD_NMBR10" value="" />
      <data id="CARD_NMBR11" value="" />
      <data id="CARD_NMBR12" value="" />
      <data id="CARD_NMBR13" value="" />
      <data id="CARD_NMBR14" value="" />
      <data id="CARD_NMBR15" value="" />
      <data id="CARD_NMBR16" value="" />
      <data id="CARD_NMBR17" value="" />
      <data id="CARD_NMBR18" value="" />
      <data id="CARD_NMBR2" value="" />
      <data id="CARD_NMBR3" value="" />
      <data id="CARD_NMBR4" value="" />
      <data id="CARD_NMBR5" value="" />
      <data id="CARD_NMBR6" value="" />
      <data id="CARD_NMBR7" value="" />
      <data id="CARD_NMBR8" value="" />
      <data id="CARD_NMBR9" value="" />
      <data id="CITY" value="" />
      <data id="CO_OWNER" value="" />
      <data id="CO_TAX_ID_TYPE" value="" />
      <data id="DD_ID" value="" />
      <data id="EMBOSSER_NAME_11" value="" />
      <data id="EMBOSSER_NAME_110" value="" />
      <data id="EMBOSSER_NAME_111" value="" />
      <data id="EMBOSSER_NAME_112" value="" />
      <data id="EMBOSSER_NAME_113" value="" />
      <data id="EMBOSSER_NAME_114" value="" />
      <data id="EMBOSSER_NAME_115" value="" />
      <data id="EMBOSSER_NAME_116" value="" />
      <data id="EMBOSSER_NAME_117" value="" />
      <data id="EMBOSSER_NAME_118" value="" />
      <data id="EMBOSSER_NAME_12" value="" />
      <data id="EMBOSSER_NAME_13" value="" />
      <data id="EMBOSSER_NAME_14" value="" />
      <data id="EMBOSSER_NAME_15" value="" />
      <data id="EMBOSSER_NAME_16" value="" />
      <data id="EMBOSSER_NAME_17" value="" />
      <data id="EMBOSSER_NAME_18" value="" />
      <data id="EMBOSSER_NAME_19" value="" />
      <data id="EMPLOYER" value="" />
      <data id="EU_CUSTOMER_CLASS" value="" />
      <data id="EU_DIRECT_MAIL" value="" />
      <data id="EU_NBR_OF_DEPS" value="" />
      <data id="FUNCTION_CODE" value="1" />
      <data id="GRADUATE_YYMM" value="" />
      <data id="HOME_PHONE" value="" />
      <data id="LINE_CNT" value="0000" />
      <data id="MANAGE_ZIP_CODE" value="" />
      <data id="MEMBER_SINCE" value="" />
      <data id="MEMO_1" value="" />
      <data id="MEMO_2" value="" />
      <data id="MESSAGE_TYPE" value="" />
      <data id="NAME_1" value="" />
      <data id="NAME_1_2" value="" />
      <data id="OFF_PHONE_FLAG" value="" />
      <data id="OFFICE_PHONE" value="" />
      <data id="SHORT_NAME1" value="" />
      <data id="SHORT_NAME10" value="" />
      <data id="SHORT_NAME11" value="" />
      <data id="SHORT_NAME12" value="" />
      <data id="SHORT_NAME13" value="" />
      <data id="SHORT_NAME14" value="" />
      <data id="SHORT_NAME15" value="" />
      <data id="SHORT_NAME16" value="" />
      <data id="SHORT_NAME17" value="" />
      <data id="SHORT_NAME18" value="" />
      <data id="SHORT_NAME2" value="" />
      <data id="SHORT_NAME3" value="" />
      <data id="SHORT_NAME4" value="" />
      <data id="SHORT_NAME5" value="" />
      <data id="SHORT_NAME6" value="" />
      <data id="SHORT_NAME7" value="" />
      <data id="SHORT_NAME8" value="" />
      <data id="SHORT_NAME9" value="" />
      <data id="TYPE1" value="" />
      <data id="TYPE10" value="" />
      <data id="TYPE11" value="" />
      <data id="TYPE12" value="" />
      <data id="TYPE13" value="" />
      <data id="TYPE14" value="" />
      <data id="TYPE15" value="" />
      <data id="TYPE16" value="" />
      <data id="TYPE17" value="" />
      <data id="TYPE18" value="" />
      <data id="TYPE2" value="" />
      <data id="TYPE3" value="" />
      <data id="TYPE4" value="" />
      <data id="TYPE5" value="" />
      <data id="TYPE6" value="" />
      <data id="TYPE7" value="" />
      <data id="TYPE8" value="" />
      <data id="TYPE9" value="" />
      <data id="USER_ID" value="Z45120" />
      <data id="WAIVE_FLAG" value="" />
      <data id="ZIP" value="" />
  </body>
</hostgateway>

2021-11-02 10:46:25,483 INFO SessionID：fb2x50jpszxr5l31brhoigpf UserID：Z00040883 FunctionID：01010100 HTGType：RTN HTGName：P4D_JCF6 Message：<?xml version="1.0" encoding="UTF-8"?>

<hostgateway>

 <header>

  <rc value="752"/>

 </header>

 <body>

  <msg value="752 可取得LU62 SESSION, 但線路狀況異常"/>

  <data id="HG_EXCEPTION_MSG" value="LU62 Conversation Id: JCF6D_0"/>

 </body>

</hostgateway>


2021-11-02 10:46:25,590 INFO SessionID：fb2x50jpszxr5l31brhoigpf UserID：Z00040883 FunctionID：01010100 HTGType：REQ HTGName：P4_JCBG Message：<?xml version="1.0" encoding="UTF-8"?>
<hostgateway>
  <header>
    <action type="transaction" />
      <data id="applicationId" value="CSIP" />
      <data id="lowValue" value="true" />
      <data id="luType" value="LU62" />
      <data id="sessionId" value="CSIP203A6h6uJ20xHIbAKZzSvGlmo-YZ45120" />
      <data id="transactionId" value="P4_JCBG" />
  </header>
  <body>
      <data id="ACCT_NBR" value="P121407995" />
      <data id="CON_RPT" value="__" />
      <data id="E_SERVICE_CODE" value="____" />
      <data id="EBILL_FLAG" value="" />
      <data id="EMAIL" value="__________________________________________________" />
      <data id="FAX_NO" value="__________________" />
      <data id="FUNCTION_CODE" value="1" />
      <data id="GRADE_SCHOOL" value="______________________" />
      <data id="GRADE_SCHOOL_LOCATE" value="__________" />
      <data id="INFORMANT_NAME_1" value="__________" />
      <data id="INFORMANT_NAME_2" value="__________" />
      <data id="INFORMANT_TEL_NO_1" value="__________________" />
      <data id="INFORMANT_TEL_NO_2" value="__________________" />
      <data id="LINE_CNT" value="0000" />
      <data id="MESSAGE_TYPE" value="" />
      <data id="MOBILE_PHONE" value="__________" />
      <data id="OVERSEA_PHONE" value="__________________" />
      <data id="PERM_ADDR_1" value="______________________________" />
      <data id="PERM_ADDR_2" value="______________________________" />
      <data id="PERM_CITY" value="______________" />
      <data id="PERM_ZIP" value="_____" />
      <data id="PROGRAM_ID" value="JCGU638" />
      <data id="SAME_FLAG" value="" />
      <data id="SMS_NP_FLAG" value="_" />
      <data id="STUS_ADDB" value="__" />
      <data id="STUS_ADDP" value="__" />
      <data id="STUS_EMAIL" value="__" />
      <data id="STUS_FAX" value="__" />
      <data id="STUS_ID" value="__" />
      <data id="STUS_MOBIL" value="__" />
      <data id="STUS_TELH" value="__" />
      <data id="STUS_TELO" value="__" />
      <data id="STUS_TELP" value="__" />
      <data id="TEL_PERM" value="__________________" />
      <data id="TEMP_E_MAIL" value="" />
      <data id="TEMP_E_MAIL_STATUS" value="" />
      <data id="TITLE" value="____________" />
      <data id="TMAL_CREATE_DATE" value="" />
      <data id="TRAN_ID" value="JCBG" />
      <data id="USER_ID" value="Z45120" />
      <data id="VALID_SEL" value="" />
      <data id="VERIFY_SEQ_NO" value="" />
  </body>
</hostgateway>

2021-11-02 10:46:25,710 INFO SessionID：fb2x50jpszxr5l31brhoigpf UserID：Z00040883 FunctionID：01010100 HTGType：RTN HTGName：P4_JCBG Message：<?xml version="1.0" encoding="UTF-8"?>

<hostgateway>

 <header>

  <action type="transaction"/>

  <data id="sessionId" value="CSIP203A6h6uJ20xHIbAKZzSvGlmo-YZ45120"/>

  <data id="applicationId" value="CSIP"/>

  <data id="luType" value="LU62"/>

  <data id="transactionId" value="P4_JCBG"/>

 </header>

 <line no="1">

  <msgHeader/>

  <msgBody>

   <data id="STUS_MOBIL" value="10"/>

   <data id="VALID_SEL" value=""/>

   <data id="CON_RPT" value=""/>

   <data id="INFORMANT_TEL_NO_2" value="02 -01111108-"/>

   <data id="PERM_CITY" value="測試市測試區"/>

   <data id="INFORMANT_TEL_NO_1" value="02 -01111198-"/>

   <data id="OVERSEA_PHONE" value=""/>

   <data id="FAX_NO" value=""/>

   <data id="INFORMANT_NAME_2" value="測試季"/>

   <data id="INFORMANT_NAME_1" value="測試季"/>

   <data id="TRAN_ID" value="JCBG"/>

   <data id="SAME_FLAG" value="N"/>

   <data id="FUNCTION_CODE" value="1"/>

   <data id="TEL_PERM" value="   -"/>

   <data id="MOBILE_PHONE" value="0987654321"/>

   <data id="USER_ID" value="Z45120"/>

   <data id="PERM_ADDR_2" value=""/>

   <data id="PERM_ADDR_1" value="測試梅八八十八梅梅八梅八"/>

   <data id="VERIFY_SEQ_NO" value="CSIP2021110210281094"/>

   <data id="GRADE_SCHOOL_LOCATE" value=""/>

   <data id="E_SERVICE_CODE" value=""/>

   <data id="TEMP_E_MAIL" value="aaa@test.com.tw"/>

   <data id="LINE_CNT" value="0000"/>

   <data id="ACCT_NBR" value="P121407995"/>

   <data id="MESSAGE_TYPE" value="0001"/>

   <data id="GRADE_SCHOOL" value=""/>

   <data id="STUS_EMAIL" value="50"/>

   <data id="SMS_NP_FLAG" value="N"/>

   <data id="TMAL_CREATE_DATE" value="20211102"/>

   <data id="PROGRAM_ID" value="JCGU638"/>

   <data id="EBILL_FLAG" value=""/>

   <data id="TEMP_E_MAIL_STATUS" value="P"/>

   <data id="EMAIL" value="test@test.com"/>

   <data id="PERM_ZIP" value="247"/>

   <data id="STUS_FAX" value="01"/>

   <data id="TITLE" value="課長"/>

   <data id="STUS_ADDP" value="00"/>

   <data id="STUS_ID" value="00"/>

   <data id="STUS_TELP" value="01"/>

   <data id="STUS_TELO" value="00"/>

   <data id="STUS_ADDB" value="30"/>

   <data id="STUS_TELH" value="10"/>

  </msgBody>

 </line>

</hostgateway>


