2021-11-03 09:54:40,844 INFO SessionID：k0vkdw3qhi11cj0w0etarxgi UserID：Z00040883 FunctionID：01010100 Message：
[2021/11/03 09:54:40:844] ---------------- REQ --------------------------
<?xml version="1.0" encoding="UTF-8"?>
<ns0:ServiceEnvelope xmlns:ns0="http://ns.chinatrust.com.tw/XSD/CTCB/ESB/Message/EMF/ServiceEnvelope">
<ns1:ServiceHeader xmlns:ns1="http://ns.chinatrust.com.tw/XSD/CTCB/ESB/Message/EMF/ServiceHeader">
<ns1:StandardType>BSMF</ns1:StandardType>
<ns1:StandardVersion>01</ns1:StandardVersion>
<ns1:ServiceName>ebPhneEMailWhoRegnInq</ns1:ServiceName>
<ns1:ServiceVersion>01</ns1:ServiceVersion>
<ns1:SourceID>CSIP</ns1:SourceID>
<ns1:TransactionID>CSIP2021110309544081</ns1:TransactionID>
<ns1:RqTimestamp>2021-11-03T09:54:40.84+08:00</ns1:RqTimestamp>
</ns1:ServiceHeader>
<ns1:ServiceBody xmlns:ns1="http://ns.chinatrust.com.tw/XSD/CTCB/ESB/Message/EMF/ServiceBody">
<ns2:ebPhneEMailWhoRegnInqRq xmlns:ns2="http://ns.chinatrust.com.tw/XSD/CTCB/ESB/Message/BSMF/ebPhneEMailWhoRegnInqRq/01" > 
<ns2:REQHDR>
<ns2:TrnNum>CSIP2021110309544081</ns2:TrnNum>
<ns2:SourceID>CSIP</ns2:SourceID>
<ns2:UserId>Z00040883</ns2:UserId>
<ns2:RowCount>1</ns2:RowCount>
<ns2:RowSize>1</ns2:RowSize>
</ns2:REQHDR>
<ns2:REQBDY>
<ns2:MobileNo>
</ns2:MobileNo>
<ns2:Email>abc@test.com</ns2:Email>
<ns2:OtpNo>
</ns2:OtpNo>
<ns2:CustId>P122476752</ns2:CustId>
<ns2:EmailAllStatus>Y</ns2:EmailAllStatus>
</ns2:REQBDY>
</ns2:ebPhneEMailWhoRegnInqRq>
</ns1:ServiceBody>
</ns0:ServiceEnvelope>

2021-11-03 09:54:41,410 INFO SessionID：k0vkdw3qhi11cj0w0etarxgi UserID：Z00040883 FunctionID：01010100 Message：
[2021/11/03 09:54:41:410] ---------------- RTN --------------------------
<?xml version="1.0" encoding="UTF-8"?>
<ns0:ServiceEnvelope xmlns:ns0="http://ns.chinatrust.com.tw/XSD/CTCB/ESB/Message/EMF/ServiceEnvelope">
    <ns1:ServiceHeader xmlns:ns1="http://ns.chinatrust.com.tw/XSD/CTCB/ESB/Message/EMF/ServiceHeader">
        <ns1:StandardType>BSMF</ns1:StandardType>
        <ns1:StandardVersion>01</ns1:StandardVersion>
        <ns1:TrackingID>aBS9VPsHss3bzUMjSz0YGtc-Aos</ns1:TrackingID>
        <ns1:ServiceName>ebPhneEMailWhoRegnInq</ns1:ServiceName>
        <ns1:ServiceVersion>01</ns1:ServiceVersion>
        <ns1:SourceID>CSIP</ns1:SourceID>
        <ns1:TransactionID>CSIP2021110309544081</ns1:TransactionID>
        <ns1:RsTimestamp>2021-11-03T09:54:41.378+08:00</ns1:RsTimestamp>
        <ns1:StatusCode>0</ns1:StatusCode>
    </ns1:ServiceHeader>
    <ns1:ServiceBody xmlns:ns0="http://ns.chinatrust.com.tw/XSD/CTCB/ESB/Message/EMF/ServiceEnvelope" xmlns:ns1="http://ns.chinatrust.com.tw/XSD/CTCB/ESB/Message/EMF/ServiceBody">
        <ns2:ebPhneEMailWhoRegnInqRs xmlns:ns2="http://ns.chinatrust.com.tw/XSD/CTCB/ESB/Message/BSMF/ebPhneEMailWhoRegnInqRs/01">
            <ns2:RESHDR>
                <ns2:TrnNum>CSIP2021110309544081</ns2:TrnNum>
                <ns2:RspCode>C001</ns2:RspCode>
                <ns2:RspMsg>查無相同資料，查詢結束</ns2:RspMsg>
                <ns2:RowCount>1</ns2:RowCount>
                <ns2:RowSize>1</ns2:RowSize>
                <ns2:TotalRow>0</ns2:TotalRow>
                <ns2:TotalRowExId>0</ns2:TotalRowExId>
            </ns2:RESHDR>
            <ns2:RESBDY/>
        </ns2:ebPhneEMailWhoRegnInqRs>
    </ns1:ServiceBody>
</ns0:ServiceEnvelope>
2021-11-03 09:54:41,449 INFO SessionID：k0vkdw3qhi11cj0w0etarxgi UserID：Z00040883 FunctionID：01010100 Message：
[2021/11/03 09:54:41:449] ---------------- REQ --------------------------
<?xml version="1.0" encoding="UTF-8"?>
<ns0:ServiceEnvelope xmlns:ns0="http://ns.chinatrust.com.tw/XSD/CTCB/ESB/Message/EMF/ServiceEnvelope">
<ns1:ServiceHeader xmlns:ns1="http://ns.chinatrust.com.tw/XSD/CTCB/ESB/Message/EMF/ServiceHeader">
<ns1:StandardType>BSMF</ns1:StandardType>
<ns1:StandardVersion>01</ns1:StandardVersion>
<ns1:ServiceName>cpCstmrEmailUpdRcrdMemoAdd</ns1:ServiceName>
<ns1:ServiceVersion>01</ns1:ServiceVersion>
<ns1:SourceID>CSIP</ns1:SourceID>
<ns1:TransactionID>CSIP2021110309544081</ns1:TransactionID>
<ns1:RqTimestamp>2021-11-03T09:54:41.44+08:00</ns1:RqTimestamp>
</ns1:ServiceHeader>
<ns1:ServiceBody xmlns:ns1="http://ns.chinatrust.com.tw/XSD/CTCB/ESB/Message/EMF/ServiceBody">
<ns2:cpCstmrEmailUpdRcrdMemoAddRq xmlns:ns2="http://ns.chinatrust.com.tw/XSD/CTCB/ESB/Message/BSMF/cpCstmrEmailUpdRcrdMemoAddRq/01" > 
<ns2:REQHDR>
<ns2:TrnNum>CSIP2021110309544081</ns2:TrnNum>
<ns2:TrnCode>
</ns2:TrnCode>
<ns2:SourceID>CSIP</ns2:SourceID>
<ns2:UserID>Z00040883</ns2:UserID>
<ns2:ReturnType>01</ns2:ReturnType>
<ns2:ReqPageNum>1</ns2:ReqPageNum>
<ns2:ReqPageRowSize>1</ns2:ReqPageRowSize>
<ns2:ReqFileNotifyType>01</ns2:ReqFileNotifyType>
</ns2:REQHDR>
<ns2:REQBDY>
<ns2:TxnSeqNo>CSIP2021110309544081</ns2:TxnSeqNo>
<ns2:ApplyCustId>P122476752</ns2:ApplyCustId>
<ns2:Email>abc@test.com</ns2:Email>
<ns2:OtpNo>
</ns2:OtpNo>
<ns2:MobileNo>
</ns2:MobileNo>
<ns2:CheckType>email</ns2:CheckType>
<ns2:ReplyCheckReason>N</ns2:ReplyCheckReason>
<ns2:EmpId>Z00040883</ns2:EmpId>
<ns2:BranchNo>
</ns2:BranchNo>
<ns2:ReplyCustCheckInfoList>
<ns2:ProcessType>r</ns2:ProcessType>
<ns2:CheckTime>2021-11-03 09:54:40</ns2:CheckTime>
<ns2:ProcessTime>2021-11-03 09:54:41</ns2:ProcessTime>
<ns2:ProcessStatus>
</ns2:ProcessStatus>
<ns2:ProcessChannel>CSIP</ns2:ProcessChannel>
</ns2:ReplyCustCheckInfoList>
</ns2:REQBDY>
</ns2:cpCstmrEmailUpdRcrdMemoAddRq>
</ns1:ServiceBody>
</ns0:ServiceEnvelope>

2021-11-03 09:54:42,120 INFO SessionID：k0vkdw3qhi11cj0w0etarxgi UserID：Z00040883 FunctionID：01010100 Message：
[2021/11/03 09:54:42:119] ---------------- RTN --------------------------
<?xml version="1.0" encoding="UTF-8"?>
<ns0:ServiceEnvelope xmlns:ns0="http://ns.chinatrust.com.tw/XSD/CTCB/ESB/Message/EMF/ServiceEnvelope">
    <ns1:ServiceHeader xmlns:ns1="http://ns.chinatrust.com.tw/XSD/CTCB/ESB/Message/EMF/ServiceHeader">
        <ns1:StandardType>BSMF</ns1:StandardType>
        <ns1:StandardVersion>01</ns1:StandardVersion>
        <ns1:TrackingID>6Od3fZnlss3dPUEYBT0YGtcEAos</ns1:TrackingID>
        <ns1:ServiceName>cpCstmrEmailUpdRcrdMemoAdd</ns1:ServiceName>
        <ns1:ServiceVersion>01</ns1:ServiceVersion>
        <ns1:SourceID>CSIP</ns1:SourceID>
        <ns1:TransactionID>CSIP2021110309544081</ns1:TransactionID>
        <ns1:RsTimestamp>2021-11-03T09:54:42.103+08:00</ns1:RsTimestamp>
        <ns1:StatusCode>0</ns1:StatusCode>
    </ns1:ServiceHeader>
    <ns1:ServiceBody xmlns:ns0="http://ns.chinatrust.com.tw/XSD/CTCB/ESB/Message/EMF/ServiceEnvelope" xmlns:ns1="http://ns.chinatrust.com.tw/XSD/CTCB/ESB/Message/EMF/ServiceBody">
        <ns2:cpCstmrEmailUpdRcrdMemoAddRs xmlns:ns2="http://ns.chinatrust.com.tw/XSD/CTCB/ESB/Message/BSMF/cpCstmrEmailUpdRcrdMemoAddRs/01">
            <ns2:RESHDR>
                <ns2:TrnNum>CSIP2021110309544081</ns2:TrnNum>
                <ns2:RspCode>0000</ns2:RspCode>
                <ns2:RspMsg>交易成功</ns2:RspMsg>
            </ns2:RESHDR>
            <ns2:RESBDY>
                <ns2:BDYREC>
                    <ns2:TxnSeqNo>CSIP2021110309544081</ns2:TxnSeqNo>
                </ns2:BDYREC>
            </ns2:RESBDY>
        </ns2:cpCstmrEmailUpdRcrdMemoAddRs>
    </ns1:ServiceBody>
</ns0:ServiceEnvelope>
2021-11-03 14:01:44,247 INFO SessionID：52dyqdkvhguijhr52rt1iw1p UserID：Z00040883 FunctionID：01010100 Message：
[2021/11/03 02:01:44:247] ---------------- REQ --------------------------
<?xml version="1.0" encoding="UTF-8"?>
<ns0:ServiceEnvelope xmlns:ns0="http://ns.chinatrust.com.tw/XSD/CTCB/ESB/Message/EMF/ServiceEnvelope">
<ns1:ServiceHeader xmlns:ns1="http://ns.chinatrust.com.tw/XSD/CTCB/ESB/Message/EMF/ServiceHeader">
<ns1:StandardType>BSMF</ns1:StandardType>
<ns1:StandardVersion>01</ns1:StandardVersion>
<ns1:ServiceName>ebPhneEMailWhoRegnInq</ns1:ServiceName>
<ns1:ServiceVersion>01</ns1:ServiceVersion>
<ns1:SourceID>CSIP</ns1:SourceID>
<ns1:TransactionID>CSIP2021110314014420</ns1:TransactionID>
<ns1:RqTimestamp>2021-11-03T14:01:44.24+08:00</ns1:RqTimestamp>
</ns1:ServiceHeader>
<ns1:ServiceBody xmlns:ns1="http://ns.chinatrust.com.tw/XSD/CTCB/ESB/Message/EMF/ServiceBody">
<ns2:ebPhneEMailWhoRegnInqRq xmlns:ns2="http://ns.chinatrust.com.tw/XSD/CTCB/ESB/Message/BSMF/ebPhneEMailWhoRegnInqRq/01" > 
<ns2:REQHDR>
<ns2:TrnNum>CSIP2021110314014420</ns2:TrnNum>
<ns2:SourceID>CSIP</ns2:SourceID>
<ns2:UserId>Z00040883</ns2:UserId>
<ns2:RowCount>1</ns2:RowCount>
<ns2:RowSize>1</ns2:RowSize>
</ns2:REQHDR>
<ns2:REQBDY>
<ns2:MobileNo>
</ns2:MobileNo>
<ns2:Email>tttttt@test.com</ns2:Email>
<ns2:OtpNo>
</ns2:OtpNo>
<ns2:CustId>P122476752</ns2:CustId>
<ns2:EmailAllStatus>Y</ns2:EmailAllStatus>
</ns2:REQBDY>
</ns2:ebPhneEMailWhoRegnInqRq>
</ns1:ServiceBody>
</ns0:ServiceEnvelope>

2021-11-03 14:01:44,946 INFO SessionID：52dyqdkvhguijhr52rt1iw1p UserID：Z00040883 FunctionID：01010100 Message：
[2021/11/03 02:01:44:946] ---------------- RTN --------------------------
<?xml version="1.0" encoding="UTF-8"?>
<ns0:ServiceEnvelope xmlns:ns0="http://ns.chinatrust.com.tw/XSD/CTCB/ESB/Message/EMF/ServiceEnvelope">
    <ns1:ServiceHeader xmlns:ns1="http://ns.chinatrust.com.tw/XSD/CTCB/ESB/Message/EMF/ServiceHeader">
        <ns1:StandardType>BSMF</ns1:StandardType>
        <ns1:StandardVersion>01</ns1:StandardVersion>
        <ns1:TrackingID>5DgagJc6t4CLkUy1i20YH1VEAos</ns1:TrackingID>
        <ns1:ServiceName>ebPhneEMailWhoRegnInq</ns1:ServiceName>
        <ns1:ServiceVersion>01</ns1:ServiceVersion>
        <ns1:SourceID>CSIP</ns1:SourceID>
        <ns1:TransactionID>CSIP2021110314014420</ns1:TransactionID>
        <ns1:RsTimestamp>2021-11-03T14:01:44.915+08:00</ns1:RsTimestamp>
        <ns1:StatusCode>0</ns1:StatusCode>
    </ns1:ServiceHeader>
    <ns1:ServiceBody xmlns:ns0="http://ns.chinatrust.com.tw/XSD/CTCB/ESB/Message/EMF/ServiceEnvelope" xmlns:ns1="http://ns.chinatrust.com.tw/XSD/CTCB/ESB/Message/EMF/ServiceBody">
        <ns2:ebPhneEMailWhoRegnInqRs xmlns:ns2="http://ns.chinatrust.com.tw/XSD/CTCB/ESB/Message/BSMF/ebPhneEMailWhoRegnInqRs/01">
            <ns2:RESHDR>
                <ns2:TrnNum>CSIP2021110314014420</ns2:TrnNum>
                <ns2:RspCode>C001</ns2:RspCode>
                <ns2:RspMsg>查無相同資料，查詢結束</ns2:RspMsg>
                <ns2:RowCount>1</ns2:RowCount>
                <ns2:RowSize>1</ns2:RowSize>
                <ns2:TotalRow>0</ns2:TotalRow>
                <ns2:TotalRowExId>0</ns2:TotalRowExId>
            </ns2:RESHDR>
            <ns2:RESBDY/>
        </ns2:ebPhneEMailWhoRegnInqRs>
    </ns1:ServiceBody>
</ns0:ServiceEnvelope>
2021-11-03 14:01:44,985 INFO SessionID：52dyqdkvhguijhr52rt1iw1p UserID：Z00040883 FunctionID：01010100 Message：
[2021/11/03 02:01:44:985] ---------------- REQ --------------------------
<?xml version="1.0" encoding="UTF-8"?>
<ns0:ServiceEnvelope xmlns:ns0="http://ns.chinatrust.com.tw/XSD/CTCB/ESB/Message/EMF/ServiceEnvelope">
<ns1:ServiceHeader xmlns:ns1="http://ns.chinatrust.com.tw/XSD/CTCB/ESB/Message/EMF/ServiceHeader">
<ns1:StandardType>BSMF</ns1:StandardType>
<ns1:StandardVersion>01</ns1:StandardVersion>
<ns1:ServiceName>cpCstmrEmailUpdRcrdMemoAdd</ns1:ServiceName>
<ns1:ServiceVersion>01</ns1:ServiceVersion>
<ns1:SourceID>CSIP</ns1:SourceID>
<ns1:TransactionID>CSIP2021110314014498</ns1:TransactionID>
<ns1:RqTimestamp>2021-11-03T14:01:44.98+08:00</ns1:RqTimestamp>
</ns1:ServiceHeader>
<ns1:ServiceBody xmlns:ns1="http://ns.chinatrust.com.tw/XSD/CTCB/ESB/Message/EMF/ServiceBody">
<ns2:cpCstmrEmailUpdRcrdMemoAddRq xmlns:ns2="http://ns.chinatrust.com.tw/XSD/CTCB/ESB/Message/BSMF/cpCstmrEmailUpdRcrdMemoAddRq/01" > 
<ns2:REQHDR>
<ns2:TrnNum>CSIP2021110314014498</ns2:TrnNum>
<ns2:TrnCode>
</ns2:TrnCode>
<ns2:SourceID>CSIP</ns2:SourceID>
<ns2:UserID>Z00040883</ns2:UserID>
<ns2:ReturnType>01</ns2:ReturnType>
<ns2:ReqPageNum>1</ns2:ReqPageNum>
<ns2:ReqPageRowSize>1</ns2:ReqPageRowSize>
<ns2:ReqFileNotifyType>01</ns2:ReqFileNotifyType>
</ns2:REQHDR>
<ns2:REQBDY>
<ns2:TxnSeqNo>CSIP2021110314014498</ns2:TxnSeqNo>
<ns2:ApplyCustId>P122476752</ns2:ApplyCustId>
<ns2:Email>tttttt@test.com</ns2:Email>
<ns2:OtpNo>
</ns2:OtpNo>
<ns2:MobileNo>
</ns2:MobileNo>
<ns2:CheckType>email</ns2:CheckType>
<ns2:ReplyCheckReason>N</ns2:ReplyCheckReason>
<ns2:EmpId>Z00040883</ns2:EmpId>
<ns2:BranchNo>
</ns2:BranchNo>
<ns2:ReplyCustCheckInfoList>
<ns2:ProcessType>r</ns2:ProcessType>
<ns2:CheckTime>2021-11-03 14:01:44</ns2:CheckTime>
<ns2:ProcessTime>2021-11-03 14:01:44</ns2:ProcessTime>
<ns2:ProcessStatus>
</ns2:ProcessStatus>
<ns2:ProcessChannel>CSIP</ns2:ProcessChannel>
</ns2:ReplyCustCheckInfoList>
</ns2:REQBDY>
</ns2:cpCstmrEmailUpdRcrdMemoAddRq>
</ns1:ServiceBody>
</ns0:ServiceEnvelope>

2021-11-03 14:01:45,623 INFO SessionID：52dyqdkvhguijhr52rt1iw1p UserID：Z00040883 FunctionID：01010100 Message：
[2021/11/03 02:01:45:623] ---------------- RTN --------------------------
<?xml version="1.0" encoding="UTF-8"?>
<ns0:ServiceEnvelope xmlns:ns0="http://ns.chinatrust.com.tw/XSD/CTCB/ESB/Message/EMF/ServiceEnvelope">
    <ns1:ServiceHeader xmlns:ns1="http://ns.chinatrust.com.tw/XSD/CTCB/ESB/Message/EMF/ServiceHeader">
        <ns1:StandardType>BSMF</ns1:StandardType>
        <ns1:StandardVersion>01</ns1:StandardVersion>
        <ns1:TrackingID>Uc1sBqpit4CNr-KZWY0YH1VUAos</ns1:TrackingID>
        <ns1:ServiceName>cpCstmrEmailUpdRcrdMemoAdd</ns1:ServiceName>
        <ns1:ServiceVersion>01</ns1:ServiceVersion>
        <ns1:SourceID>CSIP</ns1:SourceID>
        <ns1:TransactionID>CSIP2021110314014498</ns1:TransactionID>
        <ns1:RsTimestamp>2021-11-03T14:01:45.609+08:00</ns1:RsTimestamp>
        <ns1:StatusCode>0</ns1:StatusCode>
    </ns1:ServiceHeader>
    <ns1:ServiceBody xmlns:ns0="http://ns.chinatrust.com.tw/XSD/CTCB/ESB/Message/EMF/ServiceEnvelope" xmlns:ns1="http://ns.chinatrust.com.tw/XSD/CTCB/ESB/Message/EMF/ServiceBody">
        <ns2:cpCstmrEmailUpdRcrdMemoAddRs xmlns:ns2="http://ns.chinatrust.com.tw/XSD/CTCB/ESB/Message/BSMF/cpCstmrEmailUpdRcrdMemoAddRs/01">
            <ns2:RESHDR>
                <ns2:TrnNum>CSIP2021110314014498</ns2:TrnNum>
                <ns2:RspCode>0000</ns2:RspCode>
                <ns2:RspMsg>交易成功</ns2:RspMsg>
            </ns2:RESHDR>
            <ns2:RESBDY>
                <ns2:BDYREC>
                    <ns2:TxnSeqNo>CSIP2021110314014498</ns2:TxnSeqNo>
                </ns2:BDYREC>
            </ns2:RESBDY>
        </ns2:cpCstmrEmailUpdRcrdMemoAddRs>
    </ns1:ServiceBody>
</ns0:ServiceEnvelope>
2021-11-03 14:19:06,572 INFO SessionID：52dyqdkvhguijhr52rt1iw1p UserID：Z00040883 FunctionID：01010100 Message：
[2021/11/03 02:19:06:572] ---------------- REQ --------------------------
<?xml version="1.0" encoding="UTF-8"?>
<ns0:ServiceEnvelope xmlns:ns0="http://ns.chinatrust.com.tw/XSD/CTCB/ESB/Message/EMF/ServiceEnvelope">
<ns1:ServiceHeader xmlns:ns1="http://ns.chinatrust.com.tw/XSD/CTCB/ESB/Message/EMF/ServiceHeader">
<ns1:StandardType>BSMF</ns1:StandardType>
<ns1:StandardVersion>01</ns1:StandardVersion>
<ns1:ServiceName>ebPhneEMailWhoRegnInq</ns1:ServiceName>
<ns1:ServiceVersion>01</ns1:ServiceVersion>
<ns1:SourceID>CSIP</ns1:SourceID>
<ns1:TransactionID>CSIP2021110314190655</ns1:TransactionID>
<ns1:RqTimestamp>2021-11-03T14:19:06.57+08:00</ns1:RqTimestamp>
</ns1:ServiceHeader>
<ns1:ServiceBody xmlns:ns1="http://ns.chinatrust.com.tw/XSD/CTCB/ESB/Message/EMF/ServiceBody">
<ns2:ebPhneEMailWhoRegnInqRq xmlns:ns2="http://ns.chinatrust.com.tw/XSD/CTCB/ESB/Message/BSMF/ebPhneEMailWhoRegnInqRq/01" > 
<ns2:REQHDR>
<ns2:TrnNum>CSIP2021110314190655</ns2:TrnNum>
<ns2:SourceID>CSIP</ns2:SourceID>
<ns2:UserId>Z00040883</ns2:UserId>
<ns2:RowCount>1</ns2:RowCount>
<ns2:RowSize>1</ns2:RowSize>
</ns2:REQHDR>
<ns2:REQBDY>
<ns2:MobileNo>
</ns2:MobileNo>
<ns2:Email>ppp@mail.com</ns2:Email>
<ns2:OtpNo>
</ns2:OtpNo>
<ns2:CustId>P200274952</ns2:CustId>
<ns2:EmailAllStatus>Y</ns2:EmailAllStatus>
</ns2:REQBDY>
</ns2:ebPhneEMailWhoRegnInqRq>
</ns1:ServiceBody>
</ns0:ServiceEnvelope>

2021-11-03 14:19:06,880 INFO SessionID：52dyqdkvhguijhr52rt1iw1p UserID：Z00040883 FunctionID：01010100 Message：
[2021/11/03 02:19:06:880] ---------------- RTN --------------------------
<?xml version="1.0" encoding="UTF-8"?>
<ns0:ServiceEnvelope xmlns:ns0="http://ns.chinatrust.com.tw/XSD/CTCB/ESB/Message/EMF/ServiceEnvelope">
    <ns1:ServiceHeader xmlns:ns1="http://ns.chinatrust.com.tw/XSD/CTCB/ESB/Message/EMF/ServiceHeader">
        <ns1:StandardType>BSMF</ns1:StandardType>
        <ns1:StandardVersion>01</ns1:StandardVersion>
        <ns1:TrackingID>nBDy-4pDt5Byg-3i2Z0YH2XkAos</ns1:TrackingID>
        <ns1:ServiceName>ebPhneEMailWhoRegnInq</ns1:ServiceName>
        <ns1:ServiceVersion>01</ns1:ServiceVersion>
        <ns1:SourceID>CSIP</ns1:SourceID>
        <ns1:TransactionID>CSIP2021110314190655</ns1:TransactionID>
        <ns1:RsTimestamp>2021-11-03T14:19:06.863+08:00</ns1:RsTimestamp>
        <ns1:StatusCode>0</ns1:StatusCode>
    </ns1:ServiceHeader>
    <ns1:ServiceBody xmlns:ns0="http://ns.chinatrust.com.tw/XSD/CTCB/ESB/Message/EMF/ServiceEnvelope" xmlns:ns1="http://ns.chinatrust.com.tw/XSD/CTCB/ESB/Message/EMF/ServiceBody">
        <ns2:ebPhneEMailWhoRegnInqRs xmlns:ns2="http://ns.chinatrust.com.tw/XSD/CTCB/ESB/Message/BSMF/ebPhneEMailWhoRegnInqRs/01">
            <ns2:RESHDR>
                <ns2:TrnNum>CSIP2021110314190655</ns2:TrnNum>
                <ns2:RspCode>C001</ns2:RspCode>
                <ns2:RspMsg>查無相同資料，查詢結束</ns2:RspMsg>
                <ns2:RowCount>1</ns2:RowCount>
                <ns2:RowSize>1</ns2:RowSize>
                <ns2:TotalRow>0</ns2:TotalRow>
                <ns2:TotalRowExId>0</ns2:TotalRowExId>
            </ns2:RESHDR>
            <ns2:RESBDY/>
        </ns2:ebPhneEMailWhoRegnInqRs>
    </ns1:ServiceBody>
</ns0:ServiceEnvelope>
2021-11-03 14:19:06,900 INFO SessionID：52dyqdkvhguijhr52rt1iw1p UserID：Z00040883 FunctionID：01010100 Message：
[2021/11/03 02:19:06:900] ---------------- REQ --------------------------
<?xml version="1.0" encoding="UTF-8"?>
<ns0:ServiceEnvelope xmlns:ns0="http://ns.chinatrust.com.tw/XSD/CTCB/ESB/Message/EMF/ServiceEnvelope">
<ns1:ServiceHeader xmlns:ns1="http://ns.chinatrust.com.tw/XSD/CTCB/ESB/Message/EMF/ServiceHeader">
<ns1:StandardType>BSMF</ns1:StandardType>
<ns1:StandardVersion>01</ns1:StandardVersion>
<ns1:ServiceName>cpCstmrEmailUpdRcrdMemoAdd</ns1:ServiceName>
<ns1:ServiceVersion>01</ns1:ServiceVersion>
<ns1:SourceID>CSIP</ns1:SourceID>
<ns1:TransactionID>CSIP2021110314190690</ns1:TransactionID>
<ns1:RqTimestamp>2021-11-03T14:19:06.90+08:00</ns1:RqTimestamp>
</ns1:ServiceHeader>
<ns1:ServiceBody xmlns:ns1="http://ns.chinatrust.com.tw/XSD/CTCB/ESB/Message/EMF/ServiceBody">
<ns2:cpCstmrEmailUpdRcrdMemoAddRq xmlns:ns2="http://ns.chinatrust.com.tw/XSD/CTCB/ESB/Message/BSMF/cpCstmrEmailUpdRcrdMemoAddRq/01" > 
<ns2:REQHDR>
<ns2:TrnNum>CSIP2021110314190690</ns2:TrnNum>
<ns2:TrnCode>
</ns2:TrnCode>
<ns2:SourceID>CSIP</ns2:SourceID>
<ns2:UserID>Z00040883</ns2:UserID>
<ns2:ReturnType>01</ns2:ReturnType>
<ns2:ReqPageNum>1</ns2:ReqPageNum>
<ns2:ReqPageRowSize>1</ns2:ReqPageRowSize>
<ns2:ReqFileNotifyType>01</ns2:ReqFileNotifyType>
</ns2:REQHDR>
<ns2:REQBDY>
<ns2:TxnSeqNo>CSIP2021110314190690</ns2:TxnSeqNo>
<ns2:ApplyCustId>P200274952</ns2:ApplyCustId>
<ns2:Email>ppp@mail.com</ns2:Email>
<ns2:OtpNo>
</ns2:OtpNo>
<ns2:MobileNo>
</ns2:MobileNo>
<ns2:CheckType>email</ns2:CheckType>
<ns2:ReplyCheckReason>N</ns2:ReplyCheckReason>
<ns2:EmpId>Z00040883</ns2:EmpId>
<ns2:BranchNo>
</ns2:BranchNo>
<ns2:ReplyCustCheckInfoList>
<ns2:ProcessType>r</ns2:ProcessType>
<ns2:CheckTime>2021-11-03 14:19:06</ns2:CheckTime>
<ns2:ProcessTime>2021-11-03 14:19:06</ns2:ProcessTime>
<ns2:ProcessStatus>
</ns2:ProcessStatus>
<ns2:ProcessChannel>CSIP</ns2:ProcessChannel>
</ns2:ReplyCustCheckInfoList>
</ns2:REQBDY>
</ns2:cpCstmrEmailUpdRcrdMemoAddRq>
</ns1:ServiceBody>
</ns0:ServiceEnvelope>

2021-11-03 14:19:07,317 INFO SessionID：52dyqdkvhguijhr52rt1iw1p UserID：Z00040883 FunctionID：01010100 Message：
[2021/11/03 02:19:07:317] ---------------- RTN --------------------------
<?xml version="1.0" encoding="UTF-8"?>
<ns0:ServiceEnvelope xmlns:ns0="http://ns.chinatrust.com.tw/XSD/CTCB/ESB/Message/EMF/ServiceEnvelope">
    <ns1:ServiceHeader xmlns:ns1="http://ns.chinatrust.com.tw/XSD/CTCB/ESB/Message/EMF/ServiceHeader">
        <ns1:StandardType>BSMF</ns1:StandardType>
        <ns1:StandardVersion>01</ns1:StandardVersion>
        <ns1:TrackingID>tpIJr6f0t5Bzt-OH9a0YH2YEAos</ns1:TrackingID>
        <ns1:ServiceName>cpCstmrEmailUpdRcrdMemoAdd</ns1:ServiceName>
        <ns1:ServiceVersion>01</ns1:ServiceVersion>
        <ns1:SourceID>CSIP</ns1:SourceID>
        <ns1:TransactionID>CSIP2021110314190690</ns1:TransactionID>
        <ns1:RsTimestamp>2021-11-03T14:19:07.299+08:00</ns1:RsTimestamp>
        <ns1:StatusCode>0</ns1:StatusCode>
    </ns1:ServiceHeader>
    <ns1:ServiceBody xmlns:ns0="http://ns.chinatrust.com.tw/XSD/CTCB/ESB/Message/EMF/ServiceEnvelope" xmlns:ns1="http://ns.chinatrust.com.tw/XSD/CTCB/ESB/Message/EMF/ServiceBody">
        <ns2:cpCstmrEmailUpdRcrdMemoAddRs xmlns:ns2="http://ns.chinatrust.com.tw/XSD/CTCB/ESB/Message/BSMF/cpCstmrEmailUpdRcrdMemoAddRs/01">
            <ns2:RESHDR>
                <ns2:TrnNum>CSIP2021110314190690</ns2:TrnNum>
                <ns2:RspCode>0000</ns2:RspCode>
                <ns2:RspMsg>交易成功</ns2:RspMsg>
            </ns2:RESHDR>
            <ns2:RESBDY>
                <ns2:BDYREC>
                    <ns2:TxnSeqNo>CSIP2021110314190690</ns2:TxnSeqNo>
                </ns2:BDYREC>
            </ns2:RESBDY>
        </ns2:cpCstmrEmailUpdRcrdMemoAddRs>
    </ns1:ServiceBody>
</ns0:ServiceEnvelope>
2021-11-03 14:30:55,749 INFO SessionID：52dyqdkvhguijhr52rt1iw1p UserID：Z00040883 FunctionID：01010100 Message：
[2021/11/03 02:30:55:749] ---------------- REQ --------------------------
<?xml version="1.0" encoding="UTF-8"?>
<ns0:ServiceEnvelope xmlns:ns0="http://ns.chinatrust.com.tw/XSD/CTCB/ESB/Message/EMF/ServiceEnvelope">
<ns1:ServiceHeader xmlns:ns1="http://ns.chinatrust.com.tw/XSD/CTCB/ESB/Message/EMF/ServiceHeader">
<ns1:StandardType>BSMF</ns1:StandardType>
<ns1:StandardVersion>01</ns1:StandardVersion>
<ns1:ServiceName>ebPhneEMailWhoRegnInq</ns1:ServiceName>
<ns1:ServiceVersion>01</ns1:ServiceVersion>
<ns1:SourceID>CSIP</ns1:SourceID>
<ns1:TransactionID>CSIP2021110314305573</ns1:TransactionID>
<ns1:RqTimestamp>2021-11-03T14:30:55.74+08:00</ns1:RqTimestamp>
</ns1:ServiceHeader>
<ns1:ServiceBody xmlns:ns1="http://ns.chinatrust.com.tw/XSD/CTCB/ESB/Message/EMF/ServiceBody">
<ns2:ebPhneEMailWhoRegnInqRq xmlns:ns2="http://ns.chinatrust.com.tw/XSD/CTCB/ESB/Message/BSMF/ebPhneEMailWhoRegnInqRq/01" > 
<ns2:REQHDR>
<ns2:TrnNum>CSIP2021110314305573</ns2:TrnNum>
<ns2:SourceID>CSIP</ns2:SourceID>
<ns2:UserId>Z00040883</ns2:UserId>
<ns2:RowCount>1</ns2:RowCount>
<ns2:RowSize>1</ns2:RowSize>
</ns2:REQHDR>
<ns2:REQBDY>
<ns2:MobileNo>
</ns2:MobileNo>
<ns2:Email>xxx@ctbc.com</ns2:Email>
<ns2:OtpNo>
</ns2:OtpNo>
<ns2:CustId>P200274952</ns2:CustId>
<ns2:EmailAllStatus>Y</ns2:EmailAllStatus>
</ns2:REQBDY>
</ns2:ebPhneEMailWhoRegnInqRq>
</ns1:ServiceBody>
</ns0:ServiceEnvelope>

2021-11-03 14:30:59,058 INFO SessionID：52dyqdkvhguijhr52rt1iw1p UserID：Z00040883 FunctionID：01010100 Message：
[2021/11/03 02:30:59:058] ---------------- RTN --------------------------
<?xml version="1.0" encoding="UTF-8"?>
<ns0:ServiceEnvelope xmlns:ns0="http://ns.chinatrust.com.tw/XSD/CTCB/ESB/Message/EMF/ServiceEnvelope">
    <ns1:ServiceHeader xmlns:ns1="http://ns.chinatrust.com.tw/XSD/CTCB/ESB/Message/EMF/ServiceHeader">
        <ns1:StandardType>BSMF</ns1:StandardType>
        <ns1:StandardVersion>01</ns1:StandardVersion>
        <ns1:TrackingID>OyhTu7yqt5tQckPOZh0YH3pEAos</ns1:TrackingID>
        <ns1:ServiceName>ebPhneEMailWhoRegnInq</ns1:ServiceName>
        <ns1:ServiceVersion>01</ns1:ServiceVersion>
        <ns1:SourceID>CSIP</ns1:SourceID>
        <ns1:TransactionID>CSIP2021110314305573</ns1:TransactionID>
        <ns1:RsTimestamp>2021-11-03T14:30:59.04+08:00</ns1:RsTimestamp>
        <ns1:StatusCode>0</ns1:StatusCode>
    </ns1:ServiceHeader>
    <ns1:ServiceBody xmlns:ns0="http://ns.chinatrust.com.tw/XSD/CTCB/ESB/Message/EMF/ServiceEnvelope" xmlns:ns1="http://ns.chinatrust.com.tw/XSD/CTCB/ESB/Message/EMF/ServiceBody">
        <ns2:ebPhneEMailWhoRegnInqRs xmlns:ns2="http://ns.chinatrust.com.tw/XSD/CTCB/ESB/Message/BSMF/ebPhneEMailWhoRegnInqRs/01">
            <ns2:RESHDR>
                <ns2:TrnNum>CSIP2021110314305573</ns2:TrnNum>
                <ns2:RspCode>C001</ns2:RspCode>
                <ns2:RspMsg>查無相同資料，查詢結束</ns2:RspMsg>
                <ns2:RowCount>1</ns2:RowCount>
                <ns2:RowSize>1</ns2:RowSize>
                <ns2:TotalRow>0</ns2:TotalRow>
                <ns2:TotalRowExId>0</ns2:TotalRowExId>
            </ns2:RESHDR>
            <ns2:RESBDY/>
        </ns2:ebPhneEMailWhoRegnInqRs>
    </ns1:ServiceBody>
</ns0:ServiceEnvelope>
2021-11-03 14:30:59,080 INFO SessionID：52dyqdkvhguijhr52rt1iw1p UserID：Z00040883 FunctionID：01010100 Message：
[2021/11/03 02:30:59:080] ---------------- REQ --------------------------
<?xml version="1.0" encoding="UTF-8"?>
<ns0:ServiceEnvelope xmlns:ns0="http://ns.chinatrust.com.tw/XSD/CTCB/ESB/Message/EMF/ServiceEnvelope">
<ns1:ServiceHeader xmlns:ns1="http://ns.chinatrust.com.tw/XSD/CTCB/ESB/Message/EMF/ServiceHeader">
<ns1:StandardType>BSMF</ns1:StandardType>
<ns1:StandardVersion>01</ns1:StandardVersion>
<ns1:ServiceName>cpCstmrEmailUpdRcrdMemoAdd</ns1:ServiceName>
<ns1:ServiceVersion>01</ns1:ServiceVersion>
<ns1:SourceID>CSIP</ns1:SourceID>
<ns1:TransactionID>CSIP2021110314305908</ns1:TransactionID>
<ns1:RqTimestamp>2021-11-03T14:30:59.08+08:00</ns1:RqTimestamp>
</ns1:ServiceHeader>
<ns1:ServiceBody xmlns:ns1="http://ns.chinatrust.com.tw/XSD/CTCB/ESB/Message/EMF/ServiceBody">
<ns2:cpCstmrEmailUpdRcrdMemoAddRq xmlns:ns2="http://ns.chinatrust.com.tw/XSD/CTCB/ESB/Message/BSMF/cpCstmrEmailUpdRcrdMemoAddRq/01" > 
<ns2:REQHDR>
<ns2:TrnNum>CSIP2021110314305908</ns2:TrnNum>
<ns2:TrnCode>
</ns2:TrnCode>
<ns2:SourceID>CSIP</ns2:SourceID>
<ns2:UserID>Z00040883</ns2:UserID>
<ns2:ReturnType>01</ns2:ReturnType>
<ns2:ReqPageNum>1</ns2:ReqPageNum>
<ns2:ReqPageRowSize>1</ns2:ReqPageRowSize>
<ns2:ReqFileNotifyType>01</ns2:ReqFileNotifyType>
</ns2:REQHDR>
<ns2:REQBDY>
<ns2:TxnSeqNo>CSIP2021110314305908</ns2:TxnSeqNo>
<ns2:ApplyCustId>P200274952</ns2:ApplyCustId>
<ns2:Email>xxx@ctbc.com</ns2:Email>
<ns2:OtpNo>
</ns2:OtpNo>
<ns2:MobileNo>
</ns2:MobileNo>
<ns2:CheckType>email</ns2:CheckType>
<ns2:ReplyCheckReason>N</ns2:ReplyCheckReason>
<ns2:EmpId>Z00040883</ns2:EmpId>
<ns2:BranchNo>
</ns2:BranchNo>
<ns2:ReplyCustCheckInfoList>
<ns2:ProcessType>r</ns2:ProcessType>
<ns2:CheckTime>2021-11-03 14:30:55</ns2:CheckTime>
<ns2:ProcessTime>2021-11-03 14:30:59</ns2:ProcessTime>
<ns2:ProcessStatus>
</ns2:ProcessStatus>
<ns2:ProcessChannel>CSIP</ns2:ProcessChannel>
</ns2:ReplyCustCheckInfoList>
</ns2:REQBDY>
</ns2:cpCstmrEmailUpdRcrdMemoAddRq>
</ns1:ServiceBody>
</ns0:ServiceEnvelope>

2021-11-03 14:30:59,492 INFO SessionID：52dyqdkvhguijhr52rt1iw1p UserID：Z00040883 FunctionID：01010100 Message：
[2021/11/03 02:30:59:492] ---------------- RTN --------------------------
<?xml version="1.0" encoding="UTF-8"?>
<ns0:ServiceEnvelope xmlns:ns0="http://ns.chinatrust.com.tw/XSD/CTCB/ESB/Message/EMF/ServiceEnvelope">
    <ns1:ServiceHeader xmlns:ns1="http://ns.chinatrust.com.tw/XSD/CTCB/ESB/Message/EMF/ServiceHeader">
        <ns1:StandardType>BSMF</ns1:StandardType>
        <ns1:StandardVersion>01</ns1:StandardVersion>
        <ns1:TrackingID>oL-lPeAPt5tRuEnwOB0YH3pUAos</ns1:TrackingID>
        <ns1:ServiceName>cpCstmrEmailUpdRcrdMemoAdd</ns1:ServiceName>
        <ns1:ServiceVersion>01</ns1:ServiceVersion>
        <ns1:SourceID>CSIP</ns1:SourceID>
        <ns1:TransactionID>CSIP2021110314305908</ns1:TransactionID>
        <ns1:RsTimestamp>2021-11-03T14:30:59.478+08:00</ns1:RsTimestamp>
        <ns1:StatusCode>0</ns1:StatusCode>
    </ns1:ServiceHeader>
    <ns1:ServiceBody xmlns:ns0="http://ns.chinatrust.com.tw/XSD/CTCB/ESB/Message/EMF/ServiceEnvelope" xmlns:ns1="http://ns.chinatrust.com.tw/XSD/CTCB/ESB/Message/EMF/ServiceBody">
        <ns2:cpCstmrEmailUpdRcrdMemoAddRs xmlns:ns2="http://ns.chinatrust.com.tw/XSD/CTCB/ESB/Message/BSMF/cpCstmrEmailUpdRcrdMemoAddRs/01">
            <ns2:RESHDR>
                <ns2:TrnNum>CSIP2021110314305908</ns2:TrnNum>
                <ns2:RspCode>0000</ns2:RspCode>
                <ns2:RspMsg>交易成功</ns2:RspMsg>
            </ns2:RESHDR>
            <ns2:RESBDY>
                <ns2:BDYREC>
                    <ns2:TxnSeqNo>CSIP2021110314305908</ns2:TxnSeqNo>
                </ns2:BDYREC>
            </ns2:RESBDY>
        </ns2:cpCstmrEmailUpdRcrdMemoAddRs>
    </ns1:ServiceBody>
</ns0:ServiceEnvelope>
