2021-11-05 10:55:17,723 INFO SessionID：g1vllbvvyxlxzpet1rjmmnys UserID：Z00040883 FunctionID：01010100 Message：
[2021/11/05 10:55:17:722] ---------------- REQ --------------------------
<?xml version="1.0" encoding="UTF-8"?>
<ns0:ServiceEnvelope xmlns:ns0="http://ns.chinatrust.com.tw/XSD/CTCB/ESB/Message/EMF/ServiceEnvelope">
<ns1:ServiceHeader xmlns:ns1="http://ns.chinatrust.com.tw/XSD/CTCB/ESB/Message/EMF/ServiceHeader">
<ns1:StandardType>BSMF</ns1:StandardType>
<ns1:StandardVersion>01</ns1:StandardVersion>
<ns1:ServiceName>ebPhneEMailWhoRegnInq</ns1:ServiceName>
<ns1:ServiceVersion>01</ns1:ServiceVersion>
<ns1:SourceID>CSIP</ns1:SourceID>
<ns1:TransactionID>CSIP2021110510551770</ns1:TransactionID>
<ns1:RqTimestamp>2021-11-05T10:55:17.72+08:00</ns1:RqTimestamp>
</ns1:ServiceHeader>
<ns1:ServiceBody xmlns:ns1="http://ns.chinatrust.com.tw/XSD/CTCB/ESB/Message/EMF/ServiceBody">
<ns2:ebPhneEMailWhoRegnInqRq xmlns:ns2="http://ns.chinatrust.com.tw/XSD/CTCB/ESB/Message/BSMF/ebPhneEMailWhoRegnInqRq/01" > 
<ns2:REQHDR>
<ns2:TrnNum>CSIP2021110510551770</ns2:TrnNum>
<ns2:SourceID>CSIP</ns2:SourceID>
<ns2:UserId>Z00040883</ns2:UserId>
<ns2:RowCount>1</ns2:RowCount>
<ns2:RowSize>1</ns2:RowSize>
</ns2:REQHDR>
<ns2:REQBDY>
<ns2:MobileNo>
</ns2:MobileNo>
<ns2:Email>unitest1@test.com</ns2:Email>
<ns2:OtpNo>
</ns2:OtpNo>
<ns2:CustId>P200804030</ns2:CustId>
<ns2:EmailAllStatus>Y</ns2:EmailAllStatus>
</ns2:REQBDY>
</ns2:ebPhneEMailWhoRegnInqRq>
</ns1:ServiceBody>
</ns0:ServiceEnvelope>

2021-11-05 10:55:18,247 INFO SessionID：g1vllbvvyxlxzpet1rjmmnys UserID：Z00040883 FunctionID：01010100 Message：
[2021/11/05 10:55:18:247] ---------------- RTN --------------------------
<?xml version="1.0" encoding="UTF-8"?>
<ns0:ServiceEnvelope xmlns:ns0="http://ns.chinatrust.com.tw/XSD/CTCB/ESB/Message/EMF/ServiceEnvelope">
    <ns1:ServiceHeader xmlns:ns1="http://ns.chinatrust.com.tw/XSD/CTCB/ESB/Message/EMF/ServiceHeader">
        <ns1:StandardType>BSMF</ns1:StandardType>
        <ns1:StandardVersion>01</ns1:StandardVersion>
        <ns1:TrackingID>ccy/r2oZvUKSP-ftwR0YHPcUAos</ns1:TrackingID>
        <ns1:ServiceName>ebPhneEMailWhoRegnInq</ns1:ServiceName>
        <ns1:ServiceVersion>01</ns1:ServiceVersion>
        <ns1:SourceID>CSIP</ns1:SourceID>
        <ns1:TransactionID>CSIP2021110510551770</ns1:TransactionID>
        <ns1:RsTimestamp>2021-11-05T10:55:18.205+08:00</ns1:RsTimestamp>
        <ns1:StatusCode>0</ns1:StatusCode>
    </ns1:ServiceHeader>
    <ns1:ServiceBody xmlns:ns0="http://ns.chinatrust.com.tw/XSD/CTCB/ESB/Message/EMF/ServiceEnvelope" xmlns:ns1="http://ns.chinatrust.com.tw/XSD/CTCB/ESB/Message/EMF/ServiceBody">
        <ns2:ebPhneEMailWhoRegnInqRs xmlns:ns2="http://ns.chinatrust.com.tw/XSD/CTCB/ESB/Message/BSMF/ebPhneEMailWhoRegnInqRs/01">
            <ns2:RESHDR>
                <ns2:TrnNum>CSIP2021110510551770</ns2:TrnNum>
                <ns2:RspCode>0000</ns2:RspCode>
                <ns2:RspMsg>查詢成功</ns2:RspMsg>
                <ns2:RowCount>1</ns2:RowCount>
                <ns2:RowSize>1</ns2:RowSize>
                <ns2:TotalRow>1</ns2:TotalRow>
                <ns2:TotalRowExId>0</ns2:TotalRowExId>
            </ns2:RESHDR>
            <ns2:RESBDY>
                <ns2:BDYREC>
                    <ns2:CustId>P200804030</ns2:CustId>
                    <ns2:CustName>測試三</ns2:CustName>
                    <ns2:MobileNo>0912312312</ns2:MobileNo>
                    <ns2:OtpNo>0912312312</ns2:OtpNo>
                    <ns2:Email>unitest1@test.com</ns2:Email>
                    <ns2:BirthDate>19910104</ns2:BirthDate>
                    <ns2:RespCustId/>
                    <ns2:RespCustName/>
                    <ns2:Addr>測試市測試路一段182號</ns2:Addr>
                    <ns2:AoBranchNo>00000</ns2:AoBranchNo>
                    <ns2:AoCode>00000</ns2:AoCode>
                    <ns2:RestrictFlag>N</ns2:RestrictFlag>
                    <ns2:RestrictType/>
                    <ns2:MatchReason>02</ns2:MatchReason>
                    <ns2:BankAcctCloseFlag/>
                    <ns2:CardAcctCloseFlag/>
                    <ns2:FraudFlag/>
                </ns2:BDYREC>
            </ns2:RESBDY>
        </ns2:ebPhneEMailWhoRegnInqRs>
    </ns1:ServiceBody>
</ns0:ServiceEnvelope>
2021-11-05 10:55:18,287 INFO SessionID：g1vllbvvyxlxzpet1rjmmnys UserID：Z00040883 FunctionID：01010100 Message：
[2021/11/05 10:55:18:287] ---------------- REQ --------------------------
<?xml version="1.0" encoding="UTF-8"?>
<ns0:ServiceEnvelope xmlns:ns0="http://ns.chinatrust.com.tw/XSD/CTCB/ESB/Message/EMF/ServiceEnvelope">
<ns1:ServiceHeader xmlns:ns1="http://ns.chinatrust.com.tw/XSD/CTCB/ESB/Message/EMF/ServiceHeader">
<ns1:StandardType>BSMF</ns1:StandardType>
<ns1:StandardVersion>01</ns1:StandardVersion>
<ns1:ServiceName>cpCstmrEmailUpdRcrdMemoAdd</ns1:ServiceName>
<ns1:ServiceVersion>01</ns1:ServiceVersion>
<ns1:SourceID>CSIP</ns1:SourceID>
<ns1:TransactionID>CSIP2021110510551828</ns1:TransactionID>
<ns1:RqTimestamp>2021-11-05T10:55:18.28+08:00</ns1:RqTimestamp>
</ns1:ServiceHeader>
<ns1:ServiceBody xmlns:ns1="http://ns.chinatrust.com.tw/XSD/CTCB/ESB/Message/EMF/ServiceBody">
<ns2:cpCstmrEmailUpdRcrdMemoAddRq xmlns:ns2="http://ns.chinatrust.com.tw/XSD/CTCB/ESB/Message/BSMF/cpCstmrEmailUpdRcrdMemoAddRq/01" > 
<ns2:REQHDR>
<ns2:TrnNum>CSIP2021110510551828</ns2:TrnNum>
<ns2:TrnCode>
</ns2:TrnCode>
<ns2:SourceID>CSIP</ns2:SourceID>
<ns2:UserID>Z00040883</ns2:UserID>
<ns2:ReturnType>01</ns2:ReturnType>
<ns2:ReqPageNum>1</ns2:ReqPageNum>
<ns2:ReqPageRowSize>1</ns2:ReqPageRowSize>
<ns2:ReqFileNotifyType>01</ns2:ReqFileNotifyType>
</ns2:REQHDR>
<ns2:REQBDY>
<ns2:TxnSeqNo>CSIP2021110510551828</ns2:TxnSeqNo>
<ns2:ApplyCustId>P200804030</ns2:ApplyCustId>
<ns2:Email>unitest1@test.com</ns2:Email>
<ns2:OtpNo>
</ns2:OtpNo>
<ns2:MobileNo>
</ns2:MobileNo>
<ns2:CheckType>email</ns2:CheckType>
<ns2:ReplyCheckReason>N</ns2:ReplyCheckReason>
<ns2:EmpId>Z00040883</ns2:EmpId>
<ns2:BranchNo>
</ns2:BranchNo>
<ns2:ReplyCustCheckInfoList>
<ns2:ProcessType>r</ns2:ProcessType>
<ns2:CheckTime>2021-11-05 10:55:17</ns2:CheckTime>
<ns2:ProcessTime>2021-11-05 10:55:18</ns2:ProcessTime>
<ns2:ProcessStatus>
</ns2:ProcessStatus>
<ns2:ProcessChannel>CSIP</ns2:ProcessChannel>
</ns2:ReplyCustCheckInfoList>
</ns2:REQBDY>
</ns2:cpCstmrEmailUpdRcrdMemoAddRq>
</ns1:ServiceBody>
</ns0:ServiceEnvelope>

2021-11-05 10:55:18,644 INFO SessionID：g1vllbvvyxlxzpet1rjmmnys UserID：Z00040883 FunctionID：01010100 Message：
[2021/11/05 10:55:18:644] ---------------- RTN --------------------------
<?xml version="1.0" encoding="UTF-8"?>
<ns0:ServiceEnvelope xmlns:ns0="http://ns.chinatrust.com.tw/XSD/CTCB/ESB/Message/EMF/ServiceEnvelope">
    <ns1:ServiceHeader xmlns:ns1="http://ns.chinatrust.com.tw/XSD/CTCB/ESB/Message/EMF/ServiceHeader">
        <ns1:StandardType>BSMF</ns1:StandardType>
        <ns1:StandardVersion>01</ns1:StandardVersion>
        <ns1:TrackingID>psLSo0NOvUKToEuqHR0YHPd-Aos</ns1:TrackingID>
        <ns1:ServiceName>cpCstmrEmailUpdRcrdMemoAdd</ns1:ServiceName>
        <ns1:ServiceVersion>01</ns1:ServiceVersion>
        <ns1:SourceID>CSIP</ns1:SourceID>
        <ns1:TransactionID>CSIP2021110510551828</ns1:TransactionID>
        <ns1:RsTimestamp>2021-11-05T10:55:18.623+08:00</ns1:RsTimestamp>
        <ns1:StatusCode>0</ns1:StatusCode>
    </ns1:ServiceHeader>
    <ns1:ServiceBody xmlns:ns0="http://ns.chinatrust.com.tw/XSD/CTCB/ESB/Message/EMF/ServiceEnvelope" xmlns:ns1="http://ns.chinatrust.com.tw/XSD/CTCB/ESB/Message/EMF/ServiceBody">
        <ns2:cpCstmrEmailUpdRcrdMemoAddRs xmlns:ns2="http://ns.chinatrust.com.tw/XSD/CTCB/ESB/Message/BSMF/cpCstmrEmailUpdRcrdMemoAddRs/01">
            <ns2:RESHDR>
                <ns2:TrnNum>CSIP2021110510551828</ns2:TrnNum>
                <ns2:RspCode>0000</ns2:RspCode>
                <ns2:RspMsg>交易成功</ns2:RspMsg>
            </ns2:RESHDR>
            <ns2:RESBDY>
                <ns2:BDYREC>
                    <ns2:TxnSeqNo>CSIP2021110510551828</ns2:TxnSeqNo>
                </ns2:BDYREC>
            </ns2:RESBDY>
        </ns2:cpCstmrEmailUpdRcrdMemoAddRs>
    </ns1:ServiceBody>
</ns0:ServiceEnvelope>
