2021-02-19 18:00:14,868 INFO  Layer：BusinessRule Message：ACHR02_HJOB啟動,

2021-02-19 18:00:36,656 INFO  Layer：BusinessRule Message：刪除舊檔：開始,

2021-02-19 18:00:37,707 INFO  Layer：BusinessRule Message：刪除舊檔：結束,

2021-02-19 18:00:39,290 INFO  Layer：BusinessRule Message：FTP下載檔案：開始,

2021-02-19 18:00:43,603 INFO  Layer：BusinessRule Message：FTP下載檔案：來源FTP目錄：pilot/from,

2021-02-19 18:00:43,828 INFO  Layer：BusinessRule Message：FTP下載檔案：來源FTP檔名：ACHR02_01100104_03077208.txt,

2021-02-19 18:00:44,019 INFO  Layer：BusinessRule Message：FTP下載檔案：目標目錄：D:\CSIP2.0\csip_keyingui_sit\WebPage\FileDownload\ACHR02_H\,

2021-02-19 18:00:44,348 INFO  Layer：BusinessRule Message：FTP下載檔案：目標檔名：ACHR02_01100104_03077208.txt,

2021-02-19 18:01:49,129 ERROR  Layer：BusinessRule Message：FTP下載檔案：下載失敗！,

2021-02-19 18:01:49,222 INFO  Layer：BusinessRule Message：ACHR02_H執行於:2021/2/19 下午 06:00:14,

2021-02-19 18:01:49,244 INFO  Layer：BusinessRule Message：ACHR02_HJOB結束,

2021-02-19 18:05:11,743 INFO  Layer：BusinessRule Message：ACHR02_HJOB啟動,

2021-02-19 18:05:19,165 INFO  Layer：BusinessRule Message：刪除舊檔：開始,

2021-02-19 18:05:19,166 INFO  Layer：BusinessRule Message：刪除舊檔：結束,

2021-02-19 18:05:19,167 INFO  Layer：BusinessRule Message：FTP下載檔案：開始,

2021-02-19 18:05:19,172 INFO  Layer：BusinessRule Message：FTP下載檔案：來源FTP目錄：pilot/from,

2021-02-19 18:05:19,173 INFO  Layer：BusinessRule Message：FTP下載檔案：來源FTP檔名：ACHR02_20210201_03077208.txt,

2021-02-19 18:05:19,174 INFO  Layer：BusinessRule Message：FTP下載檔案：目標目錄：D:\CSIP2.0\csip_keyingui_sit\WebPage\FileDownload\ACHR02_H\,

2021-02-19 18:05:19,175 INFO  Layer：BusinessRule Message：FTP下載檔案：目標檔名：ACHR02_20210201_03077208.txt,

2021-02-19 18:05:49,600 ERROR  Layer：BusinessRule Message：FTP下載檔案：下載失敗！,

2021-02-19 18:05:49,620 INFO  Layer：BusinessRule Message：ACHR02_H執行於:2021/2/19 下午 06:05:11,

2021-02-19 18:05:49,637 INFO  Layer：BusinessRule Message：ACHR02_HJOB結束,

2021-02-19 18:07:37,713 INFO  Layer：BusinessRule Message：ACHR02_HJOB啟動,

2021-02-19 18:07:39,750 INFO  Layer：BusinessRule Message：刪除舊檔：開始,

2021-02-19 18:07:39,752 INFO  Layer：BusinessRule Message：刪除舊檔：結束,

2021-02-19 18:07:39,753 INFO  Layer：BusinessRule Message：FTP下載檔案：開始,

2021-02-19 18:07:39,761 INFO  Layer：BusinessRule Message：FTP下載檔案：來源FTP目錄：pilot/from,

2021-02-19 18:07:39,762 INFO  Layer：BusinessRule Message：FTP下載檔案：來源FTP檔名：ACHR02_20210201_03077208.txt,

2021-02-19 18:07:39,763 INFO  Layer：BusinessRule Message：FTP下載檔案：目標目錄：D:\CSIP2.0\csip_keyingui_sit\WebPage\FileDownload\ACHR02_H\,

2021-02-19 18:07:39,764 INFO  Layer：BusinessRule Message：FTP下載檔案：目標檔名：ACHR02_20210201_03077208.txt,

2021-02-19 18:08:10,121 ERROR  Layer：BusinessRule Message：FTP下載檔案：下載失敗！,

2021-02-19 18:08:10,138 INFO  Layer：BusinessRule Message：ACHR02_H執行於:2021/2/19 下午 06:07:37,

2021-02-19 18:08:10,155 INFO  Layer：BusinessRule Message：ACHR02_HJOB結束,

2021-02-19 18:12:46,201 INFO  Layer：BusinessRule Message：ACHR02_HJOB啟動,

2021-02-19 18:12:47,653 INFO  Layer：BusinessRule Message：刪除舊檔：開始,

2021-02-19 18:12:47,654 INFO  Layer：BusinessRule Message：刪除舊檔：結束,

2021-02-19 18:12:47,656 INFO  Layer：BusinessRule Message：FTP下載檔案：開始,

2021-02-19 18:12:47,662 INFO  Layer：BusinessRule Message：FTP下載檔案：來源FTP目錄：pilot/from,

2021-02-19 18:12:47,664 INFO  Layer：BusinessRule Message：FTP下載檔案：來源FTP檔名：ACHR02_20210201_03077208.txt,

2021-02-19 18:12:47,665 INFO  Layer：BusinessRule Message：FTP下載檔案：目標目錄：D:\CSIP2.0\csip_keyingui_sit\WebPage\FileDownload\ACHR02_H\,

2021-02-19 18:12:47,666 INFO  Layer：BusinessRule Message：FTP下載檔案：目標檔名：ACHR02_20210201_03077208.txt,

2021-02-19 18:12:47,894 INFO  Layer：BusinessRule Message：FTP下載檔案：下載成功！,

2021-02-19 18:12:49,135 INFO  Layer：BusinessRule Message：FTP上傳檔案：開始,

2021-02-19 18:12:49,136 INFO  Layer：BusinessRule Message：FTP上傳檔案：來源目錄：D:\CSIP2.0\csip_keyingui_sit\WebPage\FileDownload\ACHR02_H\,

2021-02-19 18:12:49,137 INFO  Layer：BusinessRule Message：FTP上傳檔案：來源檔名：ACHR02_20210201_03077208.txt,

2021-02-19 18:12:49,137 INFO  Layer：BusinessRule Message：FTP上傳檔案：目標FTP目錄：pilot/from,

2021-02-19 18:12:49,138 INFO  Layer：BusinessRule Message：FTP上傳檔案：目標FTP檔名：ACHR02_20210201_03077208.txt,

2021-02-19 18:12:49,238 INFO  Layer：BusinessRule Message：FTP上傳檔案：上傳成功！,

2021-02-19 18:12:49,239 INFO  Layer：BusinessRule Message：清空暫存(ACHR02_Tmp)：開始,

2021-02-19 18:12:49,250 INFO  Layer：BusinessRule Message：清空暫存(ACHR02_Tmp)：成功！,

2021-02-19 18:12:49,251 INFO  Layer：BusinessRule Message：檔案匯入至ACHR02_TMP開始,

2021-02-19 18:12:49,652 INFO  Layer：BusinessRule Message：匯入檔案：成功！全部匯入成功，檔案預計匯入總筆數:75筆。(成功:75筆，失敗:0筆),

2021-02-19 18:12:49,653 INFO  Layer：BusinessRule Message：取得DB ACHR02_Tmp資料總數開始,

2021-02-19 18:12:49,657 INFO  Layer：BusinessRule Message：取得DB ACHR02_Tmp資料總數:成功！(總共75筆),

2021-02-19 18:12:49,658 INFO  Layer：BusinessRule Message：取得DB ACHR02_Tmp資料條件總數開始,

2021-02-19 18:12:49,664 INFO  Layer：BusinessRule Message：取得DB ACHR02_Tmp資料條件總數:成功！(總共0筆),

2021-02-19 18:12:49,665 INFO  Layer：BusinessRule Message：查詢ACHR02_Tmp資料開始,

2021-02-19 18:12:49,671 INFO  Layer：BusinessRule Message：查詢ACHR02_Tmp資料:成功！(總共73筆),

2021-02-19 18:12:49,672 INFO  Layer：BusinessRule Message：更新Other_Bank_Temp開始,

2021-02-19 18:12:49,680 INFO  Layer：BusinessRule Message：更新Other_Bank_Temp:成功！(總共1筆),

2021-02-19 18:12:49,681 INFO  Layer：BusinessRule Message：更新Other_Bank_Temp開始,

2021-02-19 18:12:49,685 INFO  Layer：BusinessRule Message：更新Other_Bank_Temp:成功！(總共1筆),

2021-02-19 18:12:49,686 INFO  Layer：BusinessRule Message：更新Other_Bank_Temp開始,

2021-02-19 18:12:49,691 INFO  Layer：BusinessRule Message：更新Other_Bank_Temp:成功！(總共1筆),

2021-02-19 18:12:49,691 INFO  Layer：BusinessRule Message：更新Other_Bank_Temp開始,

2021-02-19 18:12:49,696 INFO  Layer：BusinessRule Message：更新Other_Bank_Temp:成功！(總共1筆),

2021-02-19 18:12:49,697 INFO  Layer：BusinessRule Message：更新Other_Bank_Temp開始,

2021-02-19 18:12:49,703 INFO  Layer：BusinessRule Message：更新Other_Bank_Temp:成功！(總共1筆),

2021-02-19 18:12:49,703 INFO  Layer：BusinessRule Message：更新Other_Bank_Temp開始,

2021-02-19 18:12:49,709 INFO  Layer：BusinessRule Message：更新Other_Bank_Temp:成功！(總共1筆),

2021-02-19 18:12:49,710 INFO  Layer：BusinessRule Message：更新Other_Bank_Temp開始,

2021-02-19 18:12:49,716 INFO  Layer：BusinessRule Message：更新Other_Bank_Temp:成功！(總共1筆),

2021-02-19 18:12:49,717 INFO  Layer：BusinessRule Message：更新Other_Bank_Temp開始,

2021-02-19 18:12:49,722 INFO  Layer：BusinessRule Message：更新Other_Bank_Temp:成功！(總共1筆),

2021-02-19 18:12:49,723 INFO  Layer：BusinessRule Message：更新Other_Bank_Temp開始,

2021-02-19 18:12:49,728 INFO  Layer：BusinessRule Message：更新Other_Bank_Temp:成功！(總共1筆),

2021-02-19 18:12:49,729 INFO  Layer：BusinessRule Message：更新Other_Bank_Temp開始,

2021-02-19 18:12:49,734 INFO  Layer：BusinessRule Message：更新Other_Bank_Temp:成功！(總共1筆),

2021-02-19 18:12:49,735 INFO  Layer：BusinessRule Message：更新Other_Bank_Temp開始,

2021-02-19 18:12:49,740 INFO  Layer：BusinessRule Message：更新Other_Bank_Temp:成功！(總共1筆),

2021-02-19 18:12:49,741 INFO  Layer：BusinessRule Message：更新Other_Bank_Temp開始,

2021-02-19 18:12:49,746 INFO  Layer：BusinessRule Message：更新Other_Bank_Temp:成功！(總共1筆),

2021-02-19 18:12:49,747 INFO  Layer：BusinessRule Message：更新Other_Bank_Temp開始,

2021-02-19 18:12:49,752 INFO  Layer：BusinessRule Message：更新Other_Bank_Temp:成功！(總共1筆),

2021-02-19 18:12:49,753 INFO  Layer：BusinessRule Message：更新Other_Bank_Temp開始,

2021-02-19 18:12:49,760 INFO  Layer：BusinessRule Message：更新Other_Bank_Temp:成功！(總共1筆),

2021-02-19 18:12:49,761 INFO  Layer：BusinessRule Message：更新Other_Bank_Temp開始,

2021-02-19 18:12:49,765 INFO  Layer：BusinessRule Message：更新Other_Bank_Temp:成功！(總共1筆),

2021-02-19 18:12:49,766 INFO  Layer：BusinessRule Message：更新Other_Bank_Temp開始,

2021-02-19 18:12:49,771 INFO  Layer：BusinessRule Message：更新Other_Bank_Temp:成功！(總共1筆),

2021-02-19 18:12:49,772 INFO  Layer：BusinessRule Message：更新Other_Bank_Temp開始,

2021-02-19 18:12:49,778 INFO  Layer：BusinessRule Message：更新Other_Bank_Temp:成功！(總共1筆),

2021-02-19 18:12:49,778 INFO  Layer：BusinessRule Message：更新Other_Bank_Temp開始,

2021-02-19 18:12:49,784 INFO  Layer：BusinessRule Message：更新Other_Bank_Temp:成功！(總共1筆),

2021-02-19 18:12:49,785 INFO  Layer：BusinessRule Message：更新Other_Bank_Temp開始,

2021-02-19 18:12:49,791 INFO  Layer：BusinessRule Message：更新Other_Bank_Temp:成功！(總共1筆),

2021-02-19 18:12:49,791 INFO  Layer：BusinessRule Message：更新Other_Bank_Temp開始,

2021-02-19 18:12:49,797 INFO  Layer：BusinessRule Message：更新Other_Bank_Temp:成功！(總共1筆),

2021-02-19 18:12:49,798 INFO  Layer：BusinessRule Message：更新Other_Bank_Temp開始,

2021-02-19 18:12:49,803 INFO  Layer：BusinessRule Message：更新Other_Bank_Temp:成功！(總共1筆),

2021-02-19 18:12:49,804 INFO  Layer：BusinessRule Message：更新Other_Bank_Temp開始,

2021-02-19 18:12:49,809 INFO  Layer：BusinessRule Message：更新Other_Bank_Temp:成功！(總共1筆),

2021-02-19 18:12:49,810 INFO  Layer：BusinessRule Message：更新Other_Bank_Temp開始,

2021-02-19 18:12:49,815 INFO  Layer：BusinessRule Message：更新Other_Bank_Temp:成功！(總共1筆),

2021-02-19 18:12:49,816 INFO  Layer：BusinessRule Message：更新Other_Bank_Temp開始,

2021-02-19 18:12:49,820 INFO  Layer：BusinessRule Message：更新Other_Bank_Temp:成功！(總共1筆),

2021-02-19 18:12:49,821 INFO  Layer：BusinessRule Message：更新Other_Bank_Temp開始,

2021-02-19 18:12:49,826 INFO  Layer：BusinessRule Message：更新Other_Bank_Temp:成功！(總共1筆),

2021-02-19 18:12:49,827 INFO  Layer：BusinessRule Message：更新Other_Bank_Temp開始,

2021-02-19 18:12:49,832 INFO  Layer：BusinessRule Message：更新Other_Bank_Temp:成功！(總共1筆),

2021-02-19 18:12:49,833 INFO  Layer：BusinessRule Message：更新Other_Bank_Temp開始,

2021-02-19 18:12:49,837 INFO  Layer：BusinessRule Message：更新Other_Bank_Temp:成功！(總共1筆),

2021-02-19 18:12:49,838 INFO  Layer：BusinessRule Message：更新Other_Bank_Temp開始,

2021-02-19 18:12:49,843 INFO  Layer：BusinessRule Message：更新Other_Bank_Temp:成功！(總共1筆),

2021-02-19 18:12:49,844 INFO  Layer：BusinessRule Message：更新Other_Bank_Temp開始,

2021-02-19 18:12:49,849 INFO  Layer：BusinessRule Message：更新Other_Bank_Temp:成功！(總共1筆),

2021-02-19 18:12:49,850 INFO  Layer：BusinessRule Message：更新Other_Bank_Temp開始,

2021-02-19 18:12:49,857 INFO  Layer：BusinessRule Message：更新Other_Bank_Temp:成功！(總共1筆),

2021-02-19 18:12:49,857 INFO  Layer：BusinessRule Message：更新Other_Bank_Temp開始,

2021-02-19 18:12:49,862 INFO  Layer：BusinessRule Message：更新Other_Bank_Temp:成功！(總共1筆),

2021-02-19 18:12:49,863 INFO  Layer：BusinessRule Message：更新Other_Bank_Temp開始,

2021-02-19 18:12:49,868 INFO  Layer：BusinessRule Message：更新Other_Bank_Temp:成功！(總共1筆),

2021-02-19 18:12:49,869 INFO  Layer：BusinessRule Message：更新Other_Bank_Temp開始,

2021-02-19 18:12:49,874 INFO  Layer：BusinessRule Message：更新Other_Bank_Temp:成功！(總共1筆),

2021-02-19 18:12:49,875 INFO  Layer：BusinessRule Message：更新Other_Bank_Temp開始,

2021-02-19 18:12:49,880 INFO  Layer：BusinessRule Message：更新Other_Bank_Temp:成功！(總共1筆),

2021-02-19 18:12:49,881 INFO  Layer：BusinessRule Message：更新Other_Bank_Temp開始,

2021-02-19 18:12:49,887 INFO  Layer：BusinessRule Message：更新Other_Bank_Temp:成功！(總共1筆),

2021-02-19 18:12:49,888 INFO  Layer：BusinessRule Message：更新Other_Bank_Temp開始,

2021-02-19 18:12:49,893 INFO  Layer：BusinessRule Message：更新Other_Bank_Temp:成功！(總共1筆),

2021-02-19 18:12:49,894 INFO  Layer：BusinessRule Message：更新Other_Bank_Temp開始,

2021-02-19 18:12:49,902 INFO  Layer：BusinessRule Message：更新Other_Bank_Temp:成功！(總共1筆),

2021-02-19 18:12:49,903 INFO  Layer：BusinessRule Message：更新Other_Bank_Temp開始,

2021-02-19 18:12:49,908 INFO  Layer：BusinessRule Message：更新Other_Bank_Temp:成功！(總共1筆),

2021-02-19 18:12:49,909 INFO  Layer：BusinessRule Message：更新Other_Bank_Temp開始,

2021-02-19 18:12:49,914 INFO  Layer：BusinessRule Message：更新Other_Bank_Temp:成功！(總共1筆),

2021-02-19 18:12:49,915 INFO  Layer：BusinessRule Message：更新Other_Bank_Temp開始,

2021-02-19 18:12:49,920 INFO  Layer：BusinessRule Message：更新Other_Bank_Temp:成功！(總共1筆),

2021-02-19 18:12:49,921 INFO  Layer：BusinessRule Message：更新Other_Bank_Temp開始,

2021-02-19 18:12:49,926 INFO  Layer：BusinessRule Message：更新Other_Bank_Temp:成功！(總共1筆),

2021-02-19 18:12:49,927 INFO  Layer：BusinessRule Message：更新Other_Bank_Temp開始,

2021-02-19 18:12:49,932 INFO  Layer：BusinessRule Message：更新Other_Bank_Temp:成功！(總共1筆),

2021-02-19 18:12:49,933 INFO  Layer：BusinessRule Message：更新Other_Bank_Temp開始,

2021-02-19 18:12:49,938 INFO  Layer：BusinessRule Message：更新Other_Bank_Temp:成功！(總共1筆),

2021-02-19 18:12:49,939 INFO  Layer：BusinessRule Message：更新Other_Bank_Temp開始,

2021-02-19 18:12:49,944 INFO  Layer：BusinessRule Message：更新Other_Bank_Temp:成功！(總共1筆),

2021-02-19 18:12:49,945 INFO  Layer：BusinessRule Message：更新Other_Bank_Temp開始,

2021-02-19 18:12:49,950 INFO  Layer：BusinessRule Message：更新Other_Bank_Temp:成功！(總共1筆),

2021-02-19 18:12:49,951 INFO  Layer：BusinessRule Message：更新Other_Bank_Temp開始,

2021-02-19 18:12:49,956 INFO  Layer：BusinessRule Message：更新Other_Bank_Temp:成功！(總共1筆),

2021-02-19 18:12:49,957 INFO  Layer：BusinessRule Message：更新Other_Bank_Temp開始,

2021-02-19 18:12:49,962 INFO  Layer：BusinessRule Message：更新Other_Bank_Temp:成功！(總共1筆),

2021-02-19 18:12:49,963 INFO  Layer：BusinessRule Message：更新Other_Bank_Temp開始,

2021-02-19 18:12:49,968 INFO  Layer：BusinessRule Message：更新Other_Bank_Temp:成功！(總共1筆),

2021-02-19 18:12:49,969 INFO  Layer：BusinessRule Message：更新Other_Bank_Temp開始,

2021-02-19 18:12:49,974 INFO  Layer：BusinessRule Message：更新Other_Bank_Temp:成功！(總共1筆),

2021-02-19 18:12:49,975 INFO  Layer：BusinessRule Message：更新Other_Bank_Temp開始,

2021-02-19 18:12:49,980 INFO  Layer：BusinessRule Message：更新Other_Bank_Temp:成功！(總共1筆),

2021-02-19 18:12:49,981 INFO  Layer：BusinessRule Message：更新Other_Bank_Temp開始,

2021-02-19 18:12:49,986 INFO  Layer：BusinessRule Message：更新Other_Bank_Temp:成功！(總共1筆),

2021-02-19 18:12:49,987 INFO  Layer：BusinessRule Message：更新Other_Bank_Temp開始,

2021-02-19 18:12:49,992 INFO  Layer：BusinessRule Message：更新Other_Bank_Temp:成功！(總共1筆),

2021-02-19 18:12:49,993 INFO  Layer：BusinessRule Message：更新Other_Bank_Temp開始,

2021-02-19 18:12:49,998 INFO  Layer：BusinessRule Message：更新Other_Bank_Temp:成功！(總共1筆),

2021-02-19 18:12:49,999 INFO  Layer：BusinessRule Message：更新Other_Bank_Temp開始,

2021-02-19 18:12:50,004 INFO  Layer：BusinessRule Message：更新Other_Bank_Temp:成功！(總共1筆),

2021-02-19 18:12:50,005 INFO  Layer：BusinessRule Message：更新Other_Bank_Temp開始,

2021-02-19 18:12:50,010 INFO  Layer：BusinessRule Message：更新Other_Bank_Temp:成功！(總共1筆),

2021-02-19 18:12:50,011 INFO  Layer：BusinessRule Message：更新Other_Bank_Temp開始,

2021-02-19 18:12:50,016 INFO  Layer：BusinessRule Message：更新Other_Bank_Temp:成功！(總共1筆),

2021-02-19 18:12:50,018 INFO  Layer：BusinessRule Message：更新Other_Bank_Temp開始,

2021-02-19 18:12:50,022 INFO  Layer：BusinessRule Message：更新Other_Bank_Temp:成功！(總共1筆),

2021-02-19 18:12:50,023 INFO  Layer：BusinessRule Message：更新Other_Bank_Temp開始,

2021-02-19 18:12:50,028 INFO  Layer：BusinessRule Message：更新Other_Bank_Temp:成功！(總共1筆),

2021-02-19 18:12:50,029 INFO  Layer：BusinessRule Message：更新Other_Bank_Temp開始,

2021-02-19 18:12:50,034 INFO  Layer：BusinessRule Message：更新Other_Bank_Temp:成功！(總共1筆),

2021-02-19 18:12:50,035 INFO  Layer：BusinessRule Message：更新Other_Bank_Temp開始,

2021-02-19 18:12:50,040 INFO  Layer：BusinessRule Message：更新Other_Bank_Temp:成功！(總共1筆),

2021-02-19 18:12:50,040 INFO  Layer：BusinessRule Message：更新Other_Bank_Temp開始,

2021-02-19 18:12:50,046 INFO  Layer：BusinessRule Message：更新Other_Bank_Temp:成功！(總共1筆),

2021-02-19 18:12:50,047 INFO  Layer：BusinessRule Message：更新Other_Bank_Temp開始,

2021-02-19 18:12:50,052 INFO  Layer：BusinessRule Message：更新Other_Bank_Temp:成功！(總共1筆),

2021-02-19 18:12:50,052 INFO  Layer：BusinessRule Message：更新Other_Bank_Temp開始,

2021-02-19 18:12:50,057 INFO  Layer：BusinessRule Message：更新Other_Bank_Temp:成功！(總共1筆),

2021-02-19 18:12:50,058 INFO  Layer：BusinessRule Message：更新Other_Bank_Temp開始,

2021-02-19 18:12:50,063 INFO  Layer：BusinessRule Message：更新Other_Bank_Temp:成功！(總共1筆),

2021-02-19 18:12:50,064 INFO  Layer：BusinessRule Message：更新Other_Bank_Temp開始,

2021-02-19 18:12:50,069 INFO  Layer：BusinessRule Message：更新Other_Bank_Temp:成功！(總共1筆),

2021-02-19 18:12:50,070 INFO  Layer：BusinessRule Message：更新Other_Bank_Temp開始,

2021-02-19 18:12:50,075 INFO  Layer：BusinessRule Message：更新Other_Bank_Temp:成功！(總共1筆),

2021-02-19 18:12:50,076 INFO  Layer：BusinessRule Message：更新Other_Bank_Temp開始,

2021-02-19 18:12:50,082 INFO  Layer：BusinessRule Message：更新Other_Bank_Temp:成功！(總共1筆),

2021-02-19 18:12:50,083 INFO  Layer：BusinessRule Message：更新Other_Bank_Temp開始,

2021-02-19 18:12:50,089 INFO  Layer：BusinessRule Message：更新Other_Bank_Temp:成功！(總共1筆),

2021-02-19 18:12:50,090 INFO  Layer：BusinessRule Message：更新Other_Bank_Temp開始,

2021-02-19 18:12:50,096 INFO  Layer：BusinessRule Message：更新Other_Bank_Temp:成功！(總共1筆),

2021-02-19 18:12:50,097 INFO  Layer：BusinessRule Message：更新Other_Bank_Temp開始,

2021-02-19 18:12:50,105 INFO  Layer：BusinessRule Message：更新Other_Bank_Temp:成功！(總共1筆),

2021-02-19 18:12:50,106 INFO  Layer：BusinessRule Message：更新Other_Bank_Temp開始,

2021-02-19 18:12:50,113 INFO  Layer：BusinessRule Message：更新Other_Bank_Temp:成功！(總共1筆),

2021-02-19 18:12:50,114 INFO  Layer：BusinessRule Message：更新Other_Bank_Temp開始,

2021-02-19 18:12:50,119 INFO  Layer：BusinessRule Message：更新Other_Bank_Temp:成功！(總共1筆),

2021-02-19 18:12:50,120 INFO  Layer：BusinessRule Message：更新Other_Bank_Temp開始,

2021-02-19 18:12:50,125 INFO  Layer：BusinessRule Message：更新Other_Bank_Temp:成功！(總共1筆),

2021-02-19 18:12:50,127 INFO  Layer：BusinessRule Message：開始寄信！,

2021-02-19 18:12:50,502 ERROR  Layer：BusinessRule Message：發送mail中發生以下異常:無法使用服務，正在關閉傳送通道。 伺服器回應為: 4.3.2 Service not available,

2021-02-19 18:12:50,503 ERROR  Layer：BusinessRule Message：寄信失敗！,

2021-02-19 18:12:50,509 INFO  Layer：BusinessRule Message：開始更新Batch資料,

2021-02-19 18:12:50,517 INFO  Layer：BusinessRule Message：更新Batch資料:成功！(總共1筆),

2021-02-19 18:12:50,521 INFO  Layer：BusinessRule Message：ACHR02_H執行於:2021/2/19 下午 06:12:46,

2021-02-19 18:12:50,545 INFO  Layer：BusinessRule Message：ACHR02_HJOB結束,

