2021-10-01 17:18:47,397 INFO SessionID¡G20z141jrf0ieydfmashf0h2b UserID¡GZ00040883 FunctionID¡G01010400 Layer¡GHTG Message¡GHTGCommunicator this.HtgTimeout:130000
2021-10-01 17:18:49,502 INFO SessionID¡G20z141jrf0ieydfmashf0h2b UserID¡GZ00040883 FunctionID¡G01010400 Layer¡GHTG Message¡GgetRtnHostBegin
2021-10-01 17:18:49,505 INFO SessionID¡G20z141jrf0ieydfmashf0h2b UserID¡GZ00040883 FunctionID¡G01010400 Layer¡GHTG Message¡GTRUE
2021-10-01 17:18:49,507 INFO SessionID¡G20z141jrf0ieydfmashf0h2b UserID¡GZ00040883 FunctionID¡G01010400 Layer¡GHTG Message¡G9
2021-10-01 17:18:49,508 INFO SessionID¡G20z141jrf0ieydfmashf0h2b UserID¡GZ00040883 FunctionID¡G01010400 Layer¡GHTG Message¡G119
2021-10-01 17:18:49,580 INFO SessionID¡G20z141jrf0ieydfmashf0h2b UserID¡GZ00040883 FunctionID¡G01010400 Layer¡GHTG Message¡GHTGCommunicator this.HtgTimeout:130000
2021-10-01 17:18:49,785 INFO SessionID¡G20z141jrf0ieydfmashf0h2b UserID¡GZ00040883 FunctionID¡G01010400 Layer¡GHTG Message¡GgetRtnHostEnd
2021-10-01 17:18:49,926 INFO SessionID¡G20z141jrf0ieydfmashf0h2b UserID¡GZ00040883 FunctionID¡G01010400 Layer¡GHTG Message¡GgetRtnHostBegin
2021-10-01 17:18:49,927 INFO SessionID¡G20z141jrf0ieydfmashf0h2b UserID¡GZ00040883 FunctionID¡G01010400 Layer¡GHTG Message¡GTRUE
2021-10-01 17:18:49,927 INFO SessionID¡G20z141jrf0ieydfmashf0h2b UserID¡GZ00040883 FunctionID¡G01010400 Layer¡GHTG Message¡G10
2021-10-01 17:18:49,928 INFO SessionID¡G20z141jrf0ieydfmashf0h2b UserID¡GZ00040883 FunctionID¡G01010400 Layer¡GHTG Message¡G119
2021-10-01 17:18:49,959 INFO SessionID¡G20z141jrf0ieydfmashf0h2b UserID¡GZ00040883 FunctionID¡G01010400 Layer¡GHTG Message¡GHTGCommunicator this.HtgTimeout:130000
2021-10-01 17:18:50,089 INFO SessionID¡G20z141jrf0ieydfmashf0h2b UserID¡GZ00040883 FunctionID¡G01010400 Layer¡GHTG Message¡GgetRtnHostEnd
2021-10-01 17:18:50,204 INFO SessionID¡G20z141jrf0ieydfmashf0h2b UserID¡GZ00040883 FunctionID¡G01010400 Layer¡GHTG Message¡GgetRtnHostBegin
2021-10-01 17:18:50,205 INFO SessionID¡G20z141jrf0ieydfmashf0h2b UserID¡GZ00040883 FunctionID¡G01010400 Layer¡GHTG Message¡GTRUE
2021-10-01 17:18:50,205 INFO SessionID¡G20z141jrf0ieydfmashf0h2b UserID¡GZ00040883 FunctionID¡G01010400 Layer¡GHTG Message¡G10
2021-10-01 17:18:50,206 INFO SessionID¡G20z141jrf0ieydfmashf0h2b UserID¡GZ00040883 FunctionID¡G01010400 Layer¡GHTG Message¡G119
2021-10-01 17:18:50,234 INFO SessionID¡G20z141jrf0ieydfmashf0h2b UserID¡GZ00040883 FunctionID¡G01010400 Layer¡GHTG Message¡GHTGCommunicator this.HtgTimeout:130000
2021-10-01 17:18:50,369 INFO SessionID¡G20z141jrf0ieydfmashf0h2b UserID¡GZ00040883 FunctionID¡G01010400 Layer¡GHTG Message¡GgetRtnHostEnd
2021-10-01 17:18:50,499 INFO SessionID¡G20z141jrf0ieydfmashf0h2b UserID¡GZ00040883 FunctionID¡G01010400 Layer¡GHTG Message¡GgetRtnHostBegin
2021-10-01 17:18:50,500 INFO SessionID¡G20z141jrf0ieydfmashf0h2b UserID¡GZ00040883 FunctionID¡G01010400 Layer¡GHTG Message¡GTRUE
2021-10-01 17:18:50,501 INFO SessionID¡G20z141jrf0ieydfmashf0h2b UserID¡GZ00040883 FunctionID¡G01010400 Layer¡GHTG Message¡G10
2021-10-01 17:18:50,501 INFO SessionID¡G20z141jrf0ieydfmashf0h2b UserID¡GZ00040883 FunctionID¡G01010400 Layer¡GHTG Message¡G119
2021-10-01 17:18:50,536 INFO SessionID¡G20z141jrf0ieydfmashf0h2b UserID¡GZ00040883 FunctionID¡G01010400 Layer¡GHTG Message¡GHTGCommunicator this.HtgTimeout:130000
2021-10-01 17:18:51,340 INFO SessionID¡G20z141jrf0ieydfmashf0h2b UserID¡GZ00040883 FunctionID¡G01010400 Layer¡GHTG Message¡GgetRtnHostEnd
2021-10-01 17:18:51,498 INFO SessionID¡G20z141jrf0ieydfmashf0h2b UserID¡GZ00040883 FunctionID¡G01010400 Layer¡GHTG Message¡GgetRtnHostBegin
2021-10-01 17:18:51,499 INFO SessionID¡G20z141jrf0ieydfmashf0h2b UserID¡GZ00040883 FunctionID¡G01010400 Layer¡GHTG Message¡GTRUE
2021-10-01 17:18:51,500 INFO SessionID¡G20z141jrf0ieydfmashf0h2b UserID¡GZ00040883 FunctionID¡G01010400 Layer¡GHTG Message¡G10
2021-10-01 17:18:51,501 INFO SessionID¡G20z141jrf0ieydfmashf0h2b UserID¡GZ00040883 FunctionID¡G01010400 Layer¡GHTG Message¡G119
2021-10-01 17:18:51,537 INFO SessionID¡G20z141jrf0ieydfmashf0h2b UserID¡GZ00040883 FunctionID¡G01010400 Layer¡GHTG Message¡GHTGCommunicator this.HtgTimeout:130000
2021-10-01 17:18:51,670 INFO SessionID¡G20z141jrf0ieydfmashf0h2b UserID¡GZ00040883 FunctionID¡G01010400 Layer¡GHTG Message¡GgetRtnHostEnd
2021-10-01 17:18:51,790 INFO SessionID¡G20z141jrf0ieydfmashf0h2b UserID¡GZ00040883 FunctionID¡G01010400 Layer¡GHTG Message¡GgetRtnHostBegin
2021-10-01 17:18:51,790 INFO SessionID¡G20z141jrf0ieydfmashf0h2b UserID¡GZ00040883 FunctionID¡G01010400 Layer¡GHTG Message¡GTRUE
2021-10-01 17:18:51,791 INFO SessionID¡G20z141jrf0ieydfmashf0h2b UserID¡GZ00040883 FunctionID¡G01010400 Layer¡GHTG Message¡G10
2021-10-01 17:18:51,791 INFO SessionID¡G20z141jrf0ieydfmashf0h2b UserID¡GZ00040883 FunctionID¡G01010400 Layer¡GHTG Message¡G119
2021-10-01 17:18:51,851 INFO SessionID¡G20z141jrf0ieydfmashf0h2b UserID¡GZ00040883 FunctionID¡G01010400 Layer¡GHTG Message¡GHTGCommunicator this.HtgTimeout:130000
2021-10-01 17:18:52,093 INFO SessionID¡G20z141jrf0ieydfmashf0h2b UserID¡GZ00040883 FunctionID¡G01010400 Layer¡GHTG Message¡GgetRtnHostEnd
2021-10-01 17:18:52,211 INFO SessionID¡G20z141jrf0ieydfmashf0h2b UserID¡GZ00040883 FunctionID¡G01010400 Layer¡GHTG Message¡GgetRtnHostBegin
2021-10-01 17:18:52,211 INFO SessionID¡G20z141jrf0ieydfmashf0h2b UserID¡GZ00040883 FunctionID¡G01010400 Layer¡GHTG Message¡GTRUE
2021-10-01 17:18:52,212 INFO SessionID¡G20z141jrf0ieydfmashf0h2b UserID¡GZ00040883 FunctionID¡G01010400 Layer¡GHTG Message¡G10
2021-10-01 17:18:52,212 INFO SessionID¡G20z141jrf0ieydfmashf0h2b UserID¡GZ00040883 FunctionID¡G01010400 Layer¡GHTG Message¡G119
2021-10-01 17:18:52,241 INFO SessionID¡G20z141jrf0ieydfmashf0h2b UserID¡GZ00040883 FunctionID¡G01010400 Layer¡GHTG Message¡GHTGCommunicator this.HtgTimeout:130000
2021-10-01 17:18:52,366 INFO SessionID¡G20z141jrf0ieydfmashf0h2b UserID¡GZ00040883 FunctionID¡G01010400 Layer¡GHTG Message¡GgetRtnHostEnd
2021-10-01 17:18:52,484 INFO SessionID¡G20z141jrf0ieydfmashf0h2b UserID¡GZ00040883 FunctionID¡G01010400 Layer¡GHTG Message¡GgetRtnHostBegin
2021-10-01 17:18:52,485 INFO SessionID¡G20z141jrf0ieydfmashf0h2b UserID¡GZ00040883 FunctionID¡G01010400 Layer¡GHTG Message¡GTRUE
2021-10-01 17:18:52,485 INFO SessionID¡G20z141jrf0ieydfmashf0h2b UserID¡GZ00040883 FunctionID¡G01010400 Layer¡GHTG Message¡G10
2021-10-01 17:18:52,486 INFO SessionID¡G20z141jrf0ieydfmashf0h2b UserID¡GZ00040883 FunctionID¡G01010400 Layer¡GHTG Message¡G119
2021-10-01 17:18:52,517 INFO SessionID¡G20z141jrf0ieydfmashf0h2b UserID¡GZ00040883 FunctionID¡G01010400 Layer¡GHTG Message¡GHTGCommunicator this.HtgTimeout:130000
2021-10-01 17:18:53,677 INFO SessionID¡G20z141jrf0ieydfmashf0h2b UserID¡GZ00040883 FunctionID¡G01010400 Layer¡GHTG Message¡GgetRtnHostEnd
2021-10-01 17:18:53,791 INFO SessionID¡G20z141jrf0ieydfmashf0h2b UserID¡GZ00040883 FunctionID¡G01010400 Layer¡GHTG Message¡GgetRtnHostBegin
2021-10-01 17:18:53,791 INFO SessionID¡G20z141jrf0ieydfmashf0h2b UserID¡GZ00040883 FunctionID¡G01010400 Layer¡GHTG Message¡GTRUE
2021-10-01 17:18:53,791 INFO SessionID¡G20z141jrf0ieydfmashf0h2b UserID¡GZ00040883 FunctionID¡G01010400 Layer¡GHTG Message¡G10
2021-10-01 17:18:53,791 INFO SessionID¡G20z141jrf0ieydfmashf0h2b UserID¡GZ00040883 FunctionID¡G01010400 Layer¡GHTG Message¡G119
2021-10-01 17:18:53,822 INFO SessionID¡G20z141jrf0ieydfmashf0h2b UserID¡GZ00040883 FunctionID¡G01010400 Layer¡GHTG Message¡GHTGCommunicator this.HtgTimeout:130000
2021-10-01 17:18:53,950 INFO SessionID¡G20z141jrf0ieydfmashf0h2b UserID¡GZ00040883 FunctionID¡G01010400 Layer¡GHTG Message¡GgetRtnHostEnd
2021-10-01 17:18:54,066 INFO SessionID¡G20z141jrf0ieydfmashf0h2b UserID¡GZ00040883 FunctionID¡G01010400 Layer¡GHTG Message¡GgetRtnHostBegin
2021-10-01 17:18:54,067 INFO SessionID¡G20z141jrf0ieydfmashf0h2b UserID¡GZ00040883 FunctionID¡G01010400 Layer¡GHTG Message¡GTRUE
2021-10-01 17:18:54,067 INFO SessionID¡G20z141jrf0ieydfmashf0h2b UserID¡GZ00040883 FunctionID¡G01010400 Layer¡GHTG Message¡G10
2021-10-01 17:18:54,068 INFO SessionID¡G20z141jrf0ieydfmashf0h2b UserID¡GZ00040883 FunctionID¡G01010400 Layer¡GHTG Message¡G119
2021-10-01 17:18:54,101 INFO SessionID¡G20z141jrf0ieydfmashf0h2b UserID¡GZ00040883 FunctionID¡G01010400 Layer¡GHTG Message¡GHTGCommunicator this.HtgTimeout:130000
2021-10-01 17:18:54,225 INFO SessionID¡G20z141jrf0ieydfmashf0h2b UserID¡GZ00040883 FunctionID¡G01010400 Layer¡GHTG Message¡GgetRtnHostEnd
2021-10-01 17:18:54,347 INFO SessionID¡G20z141jrf0ieydfmashf0h2b UserID¡GZ00040883 FunctionID¡G01010400 Layer¡GHTG Message¡GgetRtnHostBegin
2021-10-01 17:18:54,348 INFO SessionID¡G20z141jrf0ieydfmashf0h2b UserID¡GZ00040883 FunctionID¡G01010400 Layer¡GHTG Message¡GTRUE
2021-10-01 17:18:54,348 INFO SessionID¡G20z141jrf0ieydfmashf0h2b UserID¡GZ00040883 FunctionID¡G01010400 Layer¡GHTG Message¡G10
2021-10-01 17:18:54,348 INFO SessionID¡G20z141jrf0ieydfmashf0h2b UserID¡GZ00040883 FunctionID¡G01010400 Layer¡GHTG Message¡G119
2021-10-01 17:18:54,377 INFO SessionID¡G20z141jrf0ieydfmashf0h2b UserID¡GZ00040883 FunctionID¡G01010400 Layer¡GHTG Message¡GHTGCommunicator this.HtgTimeout:130000
2021-10-01 17:18:54,503 INFO SessionID¡G20z141jrf0ieydfmashf0h2b UserID¡GZ00040883 FunctionID¡G01010400 Layer¡GHTG Message¡GgetRtnHostEnd
2021-10-01 17:18:54,626 INFO SessionID¡G20z141jrf0ieydfmashf0h2b UserID¡GZ00040883 FunctionID¡G01010400 Layer¡GHTG Message¡GgetRtnHostBegin
2021-10-01 17:18:54,627 INFO SessionID¡G20z141jrf0ieydfmashf0h2b UserID¡GZ00040883 FunctionID¡G01010400 Layer¡GHTG Message¡GTRUE
2021-10-01 17:18:54,627 INFO SessionID¡G20z141jrf0ieydfmashf0h2b UserID¡GZ00040883 FunctionID¡G01010400 Layer¡GHTG Message¡G10
2021-10-01 17:18:54,628 INFO SessionID¡G20z141jrf0ieydfmashf0h2b UserID¡GZ00040883 FunctionID¡G01010400 Layer¡GHTG Message¡G119
2021-10-01 17:18:54,656 INFO SessionID¡G20z141jrf0ieydfmashf0h2b UserID¡GZ00040883 FunctionID¡G01010400 Layer¡GHTG Message¡GHTGCommunicator this.HtgTimeout:130000
2021-10-01 17:18:54,799 INFO SessionID¡G20z141jrf0ieydfmashf0h2b UserID¡GZ00040883 FunctionID¡G01010400 Layer¡GHTG Message¡GgetRtnHostEnd
2021-10-01 17:18:54,917 INFO SessionID¡G20z141jrf0ieydfmashf0h2b UserID¡GZ00040883 FunctionID¡G01010400 Layer¡GHTG Message¡GgetRtnHostBegin
2021-10-01 17:18:54,918 INFO SessionID¡G20z141jrf0ieydfmashf0h2b UserID¡GZ00040883 FunctionID¡G01010400 Layer¡GHTG Message¡GTRUE
2021-10-01 17:18:54,919 INFO SessionID¡G20z141jrf0ieydfmashf0h2b UserID¡GZ00040883 FunctionID¡G01010400 Layer¡GHTG Message¡G10
2021-10-01 17:18:54,920 INFO SessionID¡G20z141jrf0ieydfmashf0h2b UserID¡GZ00040883 FunctionID¡G01010400 Layer¡GHTG Message¡G119
2021-10-01 17:18:54,952 INFO SessionID¡G20z141jrf0ieydfmashf0h2b UserID¡GZ00040883 FunctionID¡G01010400 Layer¡GHTG Message¡GHTGCommunicator this.HtgTimeout:130000
2021-10-01 17:18:55,079 INFO SessionID¡G20z141jrf0ieydfmashf0h2b UserID¡GZ00040883 FunctionID¡G01010400 Layer¡GHTG Message¡GgetRtnHostEnd
2021-10-01 17:18:55,198 INFO SessionID¡G20z141jrf0ieydfmashf0h2b UserID¡GZ00040883 FunctionID¡G01010400 Layer¡GHTG Message¡GgetRtnHostBegin
2021-10-01 17:18:55,198 INFO SessionID¡G20z141jrf0ieydfmashf0h2b UserID¡GZ00040883 FunctionID¡G01010400 Layer¡GHTG Message¡GTRUE
2021-10-01 17:18:55,199 INFO SessionID¡G20z141jrf0ieydfmashf0h2b UserID¡GZ00040883 FunctionID¡G01010400 Layer¡GHTG Message¡G10
2021-10-01 17:18:55,200 INFO SessionID¡G20z141jrf0ieydfmashf0h2b UserID¡GZ00040883 FunctionID¡G01010400 Layer¡GHTG Message¡G119
2021-10-01 17:18:55,232 INFO SessionID¡G20z141jrf0ieydfmashf0h2b UserID¡GZ00040883 FunctionID¡G01010400 Layer¡GHTG Message¡GHTGCommunicator this.HtgTimeout:130000
2021-10-01 17:18:55,354 INFO SessionID¡G20z141jrf0ieydfmashf0h2b UserID¡GZ00040883 FunctionID¡G01010400 Layer¡GHTG Message¡GgetRtnHostEnd
2021-10-01 17:18:55,472 INFO SessionID¡G20z141jrf0ieydfmashf0h2b UserID¡GZ00040883 FunctionID¡G01010400 Layer¡GHTG Message¡GgetRtnHostBegin
2021-10-01 17:18:55,473 INFO SessionID¡G20z141jrf0ieydfmashf0h2b UserID¡GZ00040883 FunctionID¡G01010400 Layer¡GHTG Message¡GTRUE
2021-10-01 17:18:55,473 INFO SessionID¡G20z141jrf0ieydfmashf0h2b UserID¡GZ00040883 FunctionID¡G01010400 Layer¡GHTG Message¡G10
2021-10-01 17:18:55,474 INFO SessionID¡G20z141jrf0ieydfmashf0h2b UserID¡GZ00040883 FunctionID¡G01010400 Layer¡GHTG Message¡G119
2021-10-01 17:18:55,510 INFO SessionID¡G20z141jrf0ieydfmashf0h2b UserID¡GZ00040883 FunctionID¡G01010400 Layer¡GHTG Message¡GHTGCommunicator this.HtgTimeout:130000
2021-10-01 17:18:55,627 INFO SessionID¡G20z141jrf0ieydfmashf0h2b UserID¡GZ00040883 FunctionID¡G01010400 Layer¡GHTG Message¡GgetRtnHostEnd
2021-10-01 17:18:55,764 INFO SessionID¡G20z141jrf0ieydfmashf0h2b UserID¡GZ00040883 FunctionID¡G01010400 Layer¡GHTG Message¡GgetRtnHostBegin
2021-10-01 17:18:55,765 INFO SessionID¡G20z141jrf0ieydfmashf0h2b UserID¡GZ00040883 FunctionID¡G01010400 Layer¡GHTG Message¡GTRUE
2021-10-01 17:18:55,766 INFO SessionID¡G20z141jrf0ieydfmashf0h2b UserID¡GZ00040883 FunctionID¡G01010400 Layer¡GHTG Message¡G10
2021-10-01 17:18:55,766 INFO SessionID¡G20z141jrf0ieydfmashf0h2b UserID¡GZ00040883 FunctionID¡G01010400 Layer¡GHTG Message¡G119
2021-10-01 17:18:55,796 INFO SessionID¡G20z141jrf0ieydfmashf0h2b UserID¡GZ00040883 FunctionID¡G01010400 Layer¡GHTG Message¡GHTGCommunicator this.HtgTimeout:130000
2021-10-01 17:18:55,918 INFO SessionID¡G20z141jrf0ieydfmashf0h2b UserID¡GZ00040883 FunctionID¡G01010400 Layer¡GHTG Message¡GgetRtnHostEnd
2021-10-01 17:18:56,056 INFO SessionID¡G20z141jrf0ieydfmashf0h2b UserID¡GZ00040883 FunctionID¡G01010400 Layer¡GHTG Message¡GgetRtnHostBegin
2021-10-01 17:18:56,057 INFO SessionID¡G20z141jrf0ieydfmashf0h2b UserID¡GZ00040883 FunctionID¡G01010400 Layer¡GHTG Message¡GTRUE
2021-10-01 17:18:56,057 INFO SessionID¡G20z141jrf0ieydfmashf0h2b UserID¡GZ00040883 FunctionID¡G01010400 Layer¡GHTG Message¡G9
2021-10-01 17:18:56,058 INFO SessionID¡G20z141jrf0ieydfmashf0h2b UserID¡GZ00040883 FunctionID¡G01010400 Layer¡GHTG Message¡G119
2021-10-01 17:18:56,088 INFO SessionID¡G20z141jrf0ieydfmashf0h2b UserID¡GZ00040883 FunctionID¡G01010400 Layer¡GHTG Message¡GHTGCommunicator this.HtgTimeout:130000
2021-10-01 17:18:56,205 INFO SessionID¡G20z141jrf0ieydfmashf0h2b UserID¡GZ00040883 FunctionID¡G01010400 Layer¡GHTG Message¡GgetRtnHostEnd
2021-10-01 17:18:56,206 ERROR SessionID¡G20z141jrf0ieydfmashf0h2b UserID¡GZ00040883 FunctionID¡G01010400 Layer¡GHTG Message¡GP4D_JCF6:
2021-10-01 17:20:01,898 INFO SessionID¡G20z141jrf0ieydfmashf0h2b UserID¡GZ00040883 FunctionID¡G01010400 Layer¡GHTG Message¡GgetRtnHostBegin
2021-10-01 17:20:01,898 INFO SessionID¡G20z141jrf0ieydfmashf0h2b UserID¡GZ00040883 FunctionID¡G01010400 Layer¡GHTG Message¡GTRUE
2021-10-01 17:20:01,898 INFO SessionID¡G20z141jrf0ieydfmashf0h2b UserID¡GZ00040883 FunctionID¡G01010400 Layer¡GHTG Message¡G9
2021-10-01 17:20:01,898 INFO SessionID¡G20z141jrf0ieydfmashf0h2b UserID¡GZ00040883 FunctionID¡G01010400 Layer¡GHTG Message¡G10
2021-10-01 17:20:01,945 INFO SessionID¡G20z141jrf0ieydfmashf0h2b UserID¡GZ00040883 FunctionID¡G01010400 Layer¡GHTG Message¡GHTGCommunicator this.HtgTimeout:130000
2021-10-01 17:20:02,085 INFO SessionID¡G20z141jrf0ieydfmashf0h2b UserID¡GZ00040883 FunctionID¡G01010400 Layer¡GHTG Message¡GgetRtnHostEnd
2021-10-01 17:20:02,085 ERROR SessionID¡G20z141jrf0ieydfmashf0h2b UserID¡GZ00040883 FunctionID¡G01010400 Layer¡GHTG Message¡GP4_PCTI:
2021-10-01 17:20:02,226 INFO SessionID¡G20z141jrf0ieydfmashf0h2b UserID¡GZ00040883 FunctionID¡G01010400 Layer¡GHTG Message¡GgetRtnHostBegin
2021-10-01 17:20:02,226 INFO SessionID¡G20z141jrf0ieydfmashf0h2b UserID¡GZ00040883 FunctionID¡G01010400 Layer¡GHTG Message¡GTRUE
2021-10-01 17:20:02,226 INFO SessionID¡G20z141jrf0ieydfmashf0h2b UserID¡GZ00040883 FunctionID¡G01010400 Layer¡GHTG Message¡G9
2021-10-01 17:20:02,226 INFO SessionID¡G20z141jrf0ieydfmashf0h2b UserID¡GZ00040883 FunctionID¡G01010400 Layer¡GHTG Message¡G10
2021-10-01 17:20:02,257 INFO SessionID¡G20z141jrf0ieydfmashf0h2b UserID¡GZ00040883 FunctionID¡G01010400 Layer¡GHTG Message¡GHTGCommunicator this.HtgTimeout:130000
2021-10-01 17:20:02,376 INFO SessionID¡G20z141jrf0ieydfmashf0h2b UserID¡GZ00040883 FunctionID¡G01010400 Layer¡GHTG Message¡GgetRtnHostEnd
2021-10-01 17:20:02,379 ERROR SessionID¡G20z141jrf0ieydfmashf0h2b UserID¡GZ00040883 FunctionID¡G01010400 Layer¡GHTG Message¡GP4_PCTI:
2021-10-01 17:20:02,503 INFO SessionID¡G20z141jrf0ieydfmashf0h2b UserID¡GZ00040883 FunctionID¡G01010400 Layer¡GHTG Message¡GgetRtnHostBegin
2021-10-01 17:20:02,503 INFO SessionID¡G20z141jrf0ieydfmashf0h2b UserID¡GZ00040883 FunctionID¡G01010400 Layer¡GHTG Message¡GTRUE
2021-10-01 17:20:02,503 INFO SessionID¡G20z141jrf0ieydfmashf0h2b UserID¡GZ00040883 FunctionID¡G01010400 Layer¡GHTG Message¡G9
2021-10-01 17:20:02,503 INFO SessionID¡G20z141jrf0ieydfmashf0h2b UserID¡GZ00040883 FunctionID¡G01010400 Layer¡GHTG Message¡G10
2021-10-01 17:20:02,534 INFO SessionID¡G20z141jrf0ieydfmashf0h2b UserID¡GZ00040883 FunctionID¡G01010400 Layer¡GHTG Message¡GHTGCommunicator this.HtgTimeout:130000
2021-10-01 17:20:02,628 INFO SessionID¡G20z141jrf0ieydfmashf0h2b UserID¡GZ00040883 FunctionID¡G01010400 Layer¡GHTG Message¡GgetRtnHostEnd
2021-10-01 17:20:02,628 ERROR SessionID¡G20z141jrf0ieydfmashf0h2b UserID¡GZ00040883 FunctionID¡G01010400 Layer¡GHTG Message¡GP4_PCTI:
2021-10-01 17:20:02,776 INFO SessionID¡G20z141jrf0ieydfmashf0h2b UserID¡GZ00040883 FunctionID¡G01010400 Layer¡GHTG Message¡GgetRtnHostBegin
2021-10-01 17:20:02,778 INFO SessionID¡G20z141jrf0ieydfmashf0h2b UserID¡GZ00040883 FunctionID¡G01010400 Layer¡GHTG Message¡GTRUE
2021-10-01 17:20:02,781 INFO SessionID¡G20z141jrf0ieydfmashf0h2b UserID¡GZ00040883 FunctionID¡G01010400 Layer¡GHTG Message¡G9
2021-10-01 17:20:02,786 INFO SessionID¡G20z141jrf0ieydfmashf0h2b UserID¡GZ00040883 FunctionID¡G01010400 Layer¡GHTG Message¡G10
2021-10-01 17:20:02,874 INFO SessionID¡G20z141jrf0ieydfmashf0h2b UserID¡GZ00040883 FunctionID¡G01010400 Layer¡GHTG Message¡GHTGCommunicator this.HtgTimeout:130000
2021-10-01 17:20:02,975 INFO SessionID¡G20z141jrf0ieydfmashf0h2b UserID¡GZ00040883 FunctionID¡G01010400 Layer¡GHTG Message¡GgetRtnHostEnd
2021-10-01 17:20:02,976 ERROR SessionID¡G20z141jrf0ieydfmashf0h2b UserID¡GZ00040883 FunctionID¡G01010400 Layer¡GHTG Message¡GP4_PCTI:
2021-10-01 17:20:03,117 INFO SessionID¡G20z141jrf0ieydfmashf0h2b UserID¡GZ00040883 FunctionID¡G01010400 Layer¡GHTG Message¡GgetRtnHostBegin
2021-10-01 17:20:03,118 INFO SessionID¡G20z141jrf0ieydfmashf0h2b UserID¡GZ00040883 FunctionID¡G01010400 Layer¡GHTG Message¡GTRUE
2021-10-01 17:20:03,119 INFO SessionID¡G20z141jrf0ieydfmashf0h2b UserID¡GZ00040883 FunctionID¡G01010400 Layer¡GHTG Message¡G9
2021-10-01 17:20:03,119 INFO SessionID¡G20z141jrf0ieydfmashf0h2b UserID¡GZ00040883 FunctionID¡G01010400 Layer¡GHTG Message¡G10
2021-10-01 17:20:03,150 INFO SessionID¡G20z141jrf0ieydfmashf0h2b UserID¡GZ00040883 FunctionID¡G01010400 Layer¡GHTG Message¡GHTGCommunicator this.HtgTimeout:130000
2021-10-01 17:20:03,244 INFO SessionID¡G20z141jrf0ieydfmashf0h2b UserID¡GZ00040883 FunctionID¡G01010400 Layer¡GHTG Message¡GgetRtnHostEnd
2021-10-01 17:20:03,245 ERROR SessionID¡G20z141jrf0ieydfmashf0h2b UserID¡GZ00040883 FunctionID¡G01010400 Layer¡GHTG Message¡GP4_PCTI:
2021-10-01 17:20:03,368 INFO SessionID¡G20z141jrf0ieydfmashf0h2b UserID¡GZ00040883 FunctionID¡G01010400 Layer¡GHTG Message¡GgetRtnHostBegin
2021-10-01 17:20:03,369 INFO SessionID¡G20z141jrf0ieydfmashf0h2b UserID¡GZ00040883 FunctionID¡G01010400 Layer¡GHTG Message¡GTRUE
2021-10-01 17:20:03,369 INFO SessionID¡G20z141jrf0ieydfmashf0h2b UserID¡GZ00040883 FunctionID¡G01010400 Layer¡GHTG Message¡G9
2021-10-01 17:20:03,370 INFO SessionID¡G20z141jrf0ieydfmashf0h2b UserID¡GZ00040883 FunctionID¡G01010400 Layer¡GHTG Message¡G10
2021-10-01 17:20:03,397 INFO SessionID¡G20z141jrf0ieydfmashf0h2b UserID¡GZ00040883 FunctionID¡G01010400 Layer¡GHTG Message¡GHTGCommunicator this.HtgTimeout:130000
2021-10-01 17:20:03,822 INFO SessionID¡G20z141jrf0ieydfmashf0h2b UserID¡GZ00040883 FunctionID¡G01010400 Layer¡GHTG Message¡GgetRtnHostEnd
2021-10-01 17:20:03,823 ERROR SessionID¡G20z141jrf0ieydfmashf0h2b UserID¡GZ00040883 FunctionID¡G01010400 Layer¡GHTG Message¡GP4_PCTI:
2021-10-01 17:20:03,942 INFO SessionID¡G20z141jrf0ieydfmashf0h2b UserID¡GZ00040883 FunctionID¡G01010400 Layer¡GHTG Message¡GgetRtnHostBegin
2021-10-01 17:20:03,943 INFO SessionID¡G20z141jrf0ieydfmashf0h2b UserID¡GZ00040883 FunctionID¡G01010400 Layer¡GHTG Message¡GTRUE
2021-10-01 17:20:03,943 INFO SessionID¡G20z141jrf0ieydfmashf0h2b UserID¡GZ00040883 FunctionID¡G01010400 Layer¡GHTG Message¡G10
2021-10-01 17:20:03,944 INFO SessionID¡G20z141jrf0ieydfmashf0h2b UserID¡GZ00040883 FunctionID¡G01010400 Layer¡GHTG Message¡G11
2021-10-01 17:20:03,974 INFO SessionID¡G20z141jrf0ieydfmashf0h2b UserID¡GZ00040883 FunctionID¡G01010400 Layer¡GHTG Message¡GHTGCommunicator this.HtgTimeout:130000
2021-10-01 17:20:04,198 INFO SessionID¡G20z141jrf0ieydfmashf0h2b UserID¡GZ00040883 FunctionID¡G01010400 Layer¡GHTG Message¡GgetRtnHostEnd
2021-10-01 17:20:04,199 ERROR SessionID¡G20z141jrf0ieydfmashf0h2b UserID¡GZ00040883 FunctionID¡G01010400 Layer¡GHTG Message¡GP4_PCTI:
2021-10-01 17:20:04,337 INFO SessionID¡G20z141jrf0ieydfmashf0h2b UserID¡GZ00040883 FunctionID¡G01010400 Layer¡GHTG Message¡GgetRtnHostBegin
2021-10-01 17:20:04,338 INFO SessionID¡G20z141jrf0ieydfmashf0h2b UserID¡GZ00040883 FunctionID¡G01010400 Layer¡GHTG Message¡GTRUE
2021-10-01 17:20:04,338 INFO SessionID¡G20z141jrf0ieydfmashf0h2b UserID¡GZ00040883 FunctionID¡G01010400 Layer¡GHTG Message¡G9
2021-10-01 17:20:04,339 INFO SessionID¡G20z141jrf0ieydfmashf0h2b UserID¡GZ00040883 FunctionID¡G01010400 Layer¡GHTG Message¡G10
2021-10-01 17:20:04,376 INFO SessionID¡G20z141jrf0ieydfmashf0h2b UserID¡GZ00040883 FunctionID¡G01010400 Layer¡GHTG Message¡GHTGCommunicator this.HtgTimeout:130000
2021-10-01 17:20:04,854 INFO SessionID¡G20z141jrf0ieydfmashf0h2b UserID¡GZ00040883 FunctionID¡G01010400 Layer¡GHTG Message¡GgetRtnHostEnd
2021-10-01 17:20:04,856 ERROR SessionID¡G20z141jrf0ieydfmashf0h2b UserID¡GZ00040883 FunctionID¡G01010400 Layer¡GHTG Message¡GP4_PCTI:
2021-10-01 17:20:04,994 INFO SessionID¡G20z141jrf0ieydfmashf0h2b UserID¡GZ00040883 FunctionID¡G01010400 Layer¡GHTG Message¡GgetRtnHostBegin
2021-10-01 17:20:04,995 INFO SessionID¡G20z141jrf0ieydfmashf0h2b UserID¡GZ00040883 FunctionID¡G01010400 Layer¡GHTG Message¡GTRUE
2021-10-01 17:20:04,995 INFO SessionID¡G20z141jrf0ieydfmashf0h2b UserID¡GZ00040883 FunctionID¡G01010400 Layer¡GHTG Message¡G9
2021-10-01 17:20:04,995 INFO SessionID¡G20z141jrf0ieydfmashf0h2b UserID¡GZ00040883 FunctionID¡G01010400 Layer¡GHTG Message¡G10
2021-10-01 17:20:05,028 INFO SessionID¡G20z141jrf0ieydfmashf0h2b UserID¡GZ00040883 FunctionID¡G01010400 Layer¡GHTG Message¡GHTGCommunicator this.HtgTimeout:130000
2021-10-01 17:20:05,118 INFO SessionID¡G20z141jrf0ieydfmashf0h2b UserID¡GZ00040883 FunctionID¡G01010400 Layer¡GHTG Message¡GgetRtnHostEnd
2021-10-01 17:20:05,119 ERROR SessionID¡G20z141jrf0ieydfmashf0h2b UserID¡GZ00040883 FunctionID¡G01010400 Layer¡GHTG Message¡GP4_PCTI:
2021-10-01 17:20:05,245 INFO SessionID¡G20z141jrf0ieydfmashf0h2b UserID¡GZ00040883 FunctionID¡G01010400 Layer¡GHTG Message¡GgetRtnHostBegin
2021-10-01 17:20:05,246 INFO SessionID¡G20z141jrf0ieydfmashf0h2b UserID¡GZ00040883 FunctionID¡G01010400 Layer¡GHTG Message¡GTRUE
2021-10-01 17:20:05,246 INFO SessionID¡G20z141jrf0ieydfmashf0h2b UserID¡GZ00040883 FunctionID¡G01010400 Layer¡GHTG Message¡G9
2021-10-01 17:20:05,247 INFO SessionID¡G20z141jrf0ieydfmashf0h2b UserID¡GZ00040883 FunctionID¡G01010400 Layer¡GHTG Message¡G10
2021-10-01 17:20:05,277 INFO SessionID¡G20z141jrf0ieydfmashf0h2b UserID¡GZ00040883 FunctionID¡G01010400 Layer¡GHTG Message¡GHTGCommunicator this.HtgTimeout:130000
2021-10-01 17:20:05,375 INFO SessionID¡G20z141jrf0ieydfmashf0h2b UserID¡GZ00040883 FunctionID¡G01010400 Layer¡GHTG Message¡GgetRtnHostEnd
2021-10-01 17:20:05,376 ERROR SessionID¡G20z141jrf0ieydfmashf0h2b UserID¡GZ00040883 FunctionID¡G01010400 Layer¡GHTG Message¡GP4_PCTI:
2021-10-01 17:20:05,530 INFO SessionID¡G20z141jrf0ieydfmashf0h2b UserID¡GZ00040883 FunctionID¡G01010400 Layer¡GHTG Message¡GgetRtnHostBegin
2021-10-01 17:20:05,530 INFO SessionID¡G20z141jrf0ieydfmashf0h2b UserID¡GZ00040883 FunctionID¡G01010400 Layer¡GHTG Message¡GTRUE
2021-10-01 17:20:05,531 INFO SessionID¡G20z141jrf0ieydfmashf0h2b UserID¡GZ00040883 FunctionID¡G01010400 Layer¡GHTG Message¡G9
2021-10-01 17:20:05,531 INFO SessionID¡G20z141jrf0ieydfmashf0h2b UserID¡GZ00040883 FunctionID¡G01010400 Layer¡GHTG Message¡G10
2021-10-01 17:20:05,560 INFO SessionID¡G20z141jrf0ieydfmashf0h2b UserID¡GZ00040883 FunctionID¡G01010400 Layer¡GHTG Message¡GHTGCommunicator this.HtgTimeout:130000
2021-10-01 17:20:05,657 INFO SessionID¡G20z141jrf0ieydfmashf0h2b UserID¡GZ00040883 FunctionID¡G01010400 Layer¡GHTG Message¡GgetRtnHostEnd
2021-10-01 17:20:05,658 ERROR SessionID¡G20z141jrf0ieydfmashf0h2b UserID¡GZ00040883 FunctionID¡G01010400 Layer¡GHTG Message¡GP4_PCTI:
2021-10-01 17:20:05,778 INFO SessionID¡G20z141jrf0ieydfmashf0h2b UserID¡GZ00040883 FunctionID¡G01010400 Layer¡GHTG Message¡GgetRtnHostBegin
2021-10-01 17:20:05,778 INFO SessionID¡G20z141jrf0ieydfmashf0h2b UserID¡GZ00040883 FunctionID¡G01010400 Layer¡GHTG Message¡GTRUE
2021-10-01 17:20:05,779 INFO SessionID¡G20z141jrf0ieydfmashf0h2b UserID¡GZ00040883 FunctionID¡G01010400 Layer¡GHTG Message¡G9
2021-10-01 17:20:05,779 INFO SessionID¡G20z141jrf0ieydfmashf0h2b UserID¡GZ00040883 FunctionID¡G01010400 Layer¡GHTG Message¡G10
2021-10-01 17:20:05,808 INFO SessionID¡G20z141jrf0ieydfmashf0h2b UserID¡GZ00040883 FunctionID¡G01010400 Layer¡GHTG Message¡GHTGCommunicator this.HtgTimeout:130000
2021-10-01 17:20:05,903 INFO SessionID¡G20z141jrf0ieydfmashf0h2b UserID¡GZ00040883 FunctionID¡G01010400 Layer¡GHTG Message¡GgetRtnHostEnd
2021-10-01 17:20:05,903 ERROR SessionID¡G20z141jrf0ieydfmashf0h2b UserID¡GZ00040883 FunctionID¡G01010400 Layer¡GHTG Message¡GP4_PCTI:
2021-10-01 17:20:06,015 INFO SessionID¡G20z141jrf0ieydfmashf0h2b UserID¡GZ00040883 FunctionID¡G01010400 Layer¡GHTG Message¡GgetRtnHostBegin
2021-10-01 17:20:06,015 INFO SessionID¡G20z141jrf0ieydfmashf0h2b UserID¡GZ00040883 FunctionID¡G01010400 Layer¡GHTG Message¡GTRUE
2021-10-01 17:20:06,016 INFO SessionID¡G20z141jrf0ieydfmashf0h2b UserID¡GZ00040883 FunctionID¡G01010400 Layer¡GHTG Message¡G10
2021-10-01 17:20:06,016 INFO SessionID¡G20z141jrf0ieydfmashf0h2b UserID¡GZ00040883 FunctionID¡G01010400 Layer¡GHTG Message¡G11
2021-10-01 17:20:06,044 INFO SessionID¡G20z141jrf0ieydfmashf0h2b UserID¡GZ00040883 FunctionID¡G01010400 Layer¡GHTG Message¡GHTGCommunicator this.HtgTimeout:130000
2021-10-01 17:20:06,351 INFO SessionID¡G20z141jrf0ieydfmashf0h2b UserID¡GZ00040883 FunctionID¡G01010400 Layer¡GHTG Message¡GgetRtnHostEnd
2021-10-01 17:20:06,351 ERROR SessionID¡G20z141jrf0ieydfmashf0h2b UserID¡GZ00040883 FunctionID¡G01010400 Layer¡GHTG Message¡GP4_PCTI:
2021-10-01 17:20:06,468 INFO SessionID¡G20z141jrf0ieydfmashf0h2b UserID¡GZ00040883 FunctionID¡G01010400 Layer¡GHTG Message¡GgetRtnHostBegin
2021-10-01 17:20:06,469 INFO SessionID¡G20z141jrf0ieydfmashf0h2b UserID¡GZ00040883 FunctionID¡G01010400 Layer¡GHTG Message¡GTRUE
2021-10-01 17:20:06,469 INFO SessionID¡G20z141jrf0ieydfmashf0h2b UserID¡GZ00040883 FunctionID¡G01010400 Layer¡GHTG Message¡G9
2021-10-01 17:20:06,470 INFO SessionID¡G20z141jrf0ieydfmashf0h2b UserID¡GZ00040883 FunctionID¡G01010400 Layer¡GHTG Message¡G10
2021-10-01 17:20:06,497 INFO SessionID¡G20z141jrf0ieydfmashf0h2b UserID¡GZ00040883 FunctionID¡G01010400 Layer¡GHTG Message¡GHTGCommunicator this.HtgTimeout:130000
2021-10-01 17:20:06,587 INFO SessionID¡G20z141jrf0ieydfmashf0h2b UserID¡GZ00040883 FunctionID¡G01010400 Layer¡GHTG Message¡GgetRtnHostEnd
2021-10-01 17:20:06,588 ERROR SessionID¡G20z141jrf0ieydfmashf0h2b UserID¡GZ00040883 FunctionID¡G01010400 Layer¡GHTG Message¡GP4_PCTI:
2021-10-01 17:20:06,702 INFO SessionID¡G20z141jrf0ieydfmashf0h2b UserID¡GZ00040883 FunctionID¡G01010400 Layer¡GHTG Message¡GgetRtnHostBegin
2021-10-01 17:20:06,703 INFO SessionID¡G20z141jrf0ieydfmashf0h2b UserID¡GZ00040883 FunctionID¡G01010400 Layer¡GHTG Message¡GTRUE
2021-10-01 17:20:06,703 INFO SessionID¡G20z141jrf0ieydfmashf0h2b UserID¡GZ00040883 FunctionID¡G01010400 Layer¡GHTG Message¡G9
2021-10-01 17:20:06,704 INFO SessionID¡G20z141jrf0ieydfmashf0h2b UserID¡GZ00040883 FunctionID¡G01010400 Layer¡GHTG Message¡G10
2021-10-01 17:20:06,733 INFO SessionID¡G20z141jrf0ieydfmashf0h2b UserID¡GZ00040883 FunctionID¡G01010400 Layer¡GHTG Message¡GHTGCommunicator this.HtgTimeout:130000
2021-10-01 17:20:07,037 INFO SessionID¡G20z141jrf0ieydfmashf0h2b UserID¡GZ00040883 FunctionID¡G01010400 Layer¡GHTG Message¡GgetRtnHostEnd
2021-10-01 17:20:07,038 ERROR SessionID¡G20z141jrf0ieydfmashf0h2b UserID¡GZ00040883 FunctionID¡G01010400 Layer¡GHTG Message¡GP4_PCTI:
2021-10-01 17:20:07,151 INFO SessionID¡G20z141jrf0ieydfmashf0h2b UserID¡GZ00040883 FunctionID¡G01010400 Layer¡GHTG Message¡GgetRtnHostBegin
2021-10-01 17:20:07,152 INFO SessionID¡G20z141jrf0ieydfmashf0h2b UserID¡GZ00040883 FunctionID¡G01010400 Layer¡GHTG Message¡GTRUE
2021-10-01 17:20:07,153 INFO SessionID¡G20z141jrf0ieydfmashf0h2b UserID¡GZ00040883 FunctionID¡G01010400 Layer¡GHTG Message¡G10
2021-10-01 17:20:07,154 INFO SessionID¡G20z141jrf0ieydfmashf0h2b UserID¡GZ00040883 FunctionID¡G01010400 Layer¡GHTG Message¡G11
2021-10-01 17:20:07,193 INFO SessionID¡G20z141jrf0ieydfmashf0h2b UserID¡GZ00040883 FunctionID¡G01010400 Layer¡GHTG Message¡GHTGCommunicator this.HtgTimeout:130000
2021-10-01 17:20:07,284 INFO SessionID¡G20z141jrf0ieydfmashf0h2b UserID¡GZ00040883 FunctionID¡G01010400 Layer¡GHTG Message¡GgetRtnHostEnd
2021-10-01 17:20:07,285 ERROR SessionID¡G20z141jrf0ieydfmashf0h2b UserID¡GZ00040883 FunctionID¡G01010400 Layer¡GHTG Message¡GP4_PCTI:
2021-10-01 17:20:07,404 INFO SessionID¡G20z141jrf0ieydfmashf0h2b UserID¡GZ00040883 FunctionID¡G01010400 Layer¡GHTG Message¡GgetRtnHostBegin
2021-10-01 17:20:07,405 INFO SessionID¡G20z141jrf0ieydfmashf0h2b UserID¡GZ00040883 FunctionID¡G01010400 Layer¡GHTG Message¡GTRUE
2021-10-01 17:20:07,406 INFO SessionID¡G20z141jrf0ieydfmashf0h2b UserID¡GZ00040883 FunctionID¡G01010400 Layer¡GHTG Message¡G10
2021-10-01 17:20:07,406 INFO SessionID¡G20z141jrf0ieydfmashf0h2b UserID¡GZ00040883 FunctionID¡G01010400 Layer¡GHTG Message¡G11
2021-10-01 17:20:07,437 INFO SessionID¡G20z141jrf0ieydfmashf0h2b UserID¡GZ00040883 FunctionID¡G01010400 Layer¡GHTG Message¡GHTGCommunicator this.HtgTimeout:130000
2021-10-01 17:20:07,524 INFO SessionID¡G20z141jrf0ieydfmashf0h2b UserID¡GZ00040883 FunctionID¡G01010400 Layer¡GHTG Message¡GgetRtnHostEnd
2021-10-01 17:20:07,524 ERROR SessionID¡G20z141jrf0ieydfmashf0h2b UserID¡GZ00040883 FunctionID¡G01010400 Layer¡GHTG Message¡GP4_PCTI:
2021-10-01 17:20:07,641 INFO SessionID¡G20z141jrf0ieydfmashf0h2b UserID¡GZ00040883 FunctionID¡G01010400 Layer¡GHTG Message¡GgetRtnHostBegin
2021-10-01 17:20:07,641 INFO SessionID¡G20z141jrf0ieydfmashf0h2b UserID¡GZ00040883 FunctionID¡G01010400 Layer¡GHTG Message¡GTRUE
2021-10-01 17:20:07,642 INFO SessionID¡G20z141jrf0ieydfmashf0h2b UserID¡GZ00040883 FunctionID¡G01010400 Layer¡GHTG Message¡G9
2021-10-01 17:20:07,642 INFO SessionID¡G20z141jrf0ieydfmashf0h2b UserID¡GZ00040883 FunctionID¡G01010400 Layer¡GHTG Message¡G10
2021-10-01 17:20:07,670 INFO SessionID¡G20z141jrf0ieydfmashf0h2b UserID¡GZ00040883 FunctionID¡G01010400 Layer¡GHTG Message¡GHTGCommunicator this.HtgTimeout:130000
2021-10-01 17:20:07,979 INFO SessionID¡G20z141jrf0ieydfmashf0h2b UserID¡GZ00040883 FunctionID¡G01010400 Layer¡GHTG Message¡GgetRtnHostEnd
2021-10-01 17:20:07,980 ERROR SessionID¡G20z141jrf0ieydfmashf0h2b UserID¡GZ00040883 FunctionID¡G01010400 Layer¡GHTG Message¡GP4_PCTI:
2021-10-01 17:20:08,119 INFO SessionID¡G20z141jrf0ieydfmashf0h2b UserID¡GZ00040883 FunctionID¡G01010400 Layer¡GHTG Message¡GgetRtnHostBegin
2021-10-01 17:20:08,120 INFO SessionID¡G20z141jrf0ieydfmashf0h2b UserID¡GZ00040883 FunctionID¡G01010400 Layer¡GHTG Message¡GTRUE
2021-10-01 17:20:08,120 INFO SessionID¡G20z141jrf0ieydfmashf0h2b UserID¡GZ00040883 FunctionID¡G01010400 Layer¡GHTG Message¡G9
2021-10-01 17:20:08,121 INFO SessionID¡G20z141jrf0ieydfmashf0h2b UserID¡GZ00040883 FunctionID¡G01010400 Layer¡GHTG Message¡G10
2021-10-01 17:20:08,148 INFO SessionID¡G20z141jrf0ieydfmashf0h2b UserID¡GZ00040883 FunctionID¡G01010400 Layer¡GHTG Message¡GHTGCommunicator this.HtgTimeout:130000
2021-10-01 17:20:08,244 INFO SessionID¡G20z141jrf0ieydfmashf0h2b UserID¡GZ00040883 FunctionID¡G01010400 Layer¡GHTG Message¡GgetRtnHostEnd
2021-10-01 17:20:08,245 ERROR SessionID¡G20z141jrf0ieydfmashf0h2b UserID¡GZ00040883 FunctionID¡G01010400 Layer¡GHTG Message¡GP4_PCTI:
2021-10-01 17:20:08,358 INFO SessionID¡G20z141jrf0ieydfmashf0h2b UserID¡GZ00040883 FunctionID¡G01010400 Layer¡GHTG Message¡GgetRtnHostBegin
2021-10-01 17:20:08,358 INFO SessionID¡G20z141jrf0ieydfmashf0h2b UserID¡GZ00040883 FunctionID¡G01010400 Layer¡GHTG Message¡GTRUE
2021-10-01 17:20:08,359 INFO SessionID¡G20z141jrf0ieydfmashf0h2b UserID¡GZ00040883 FunctionID¡G01010400 Layer¡GHTG Message¡G10
2021-10-01 17:20:08,359 INFO SessionID¡G20z141jrf0ieydfmashf0h2b UserID¡GZ00040883 FunctionID¡G01010400 Layer¡GHTG Message¡G11
2021-10-01 17:20:08,389 INFO SessionID¡G20z141jrf0ieydfmashf0h2b UserID¡GZ00040883 FunctionID¡G01010400 Layer¡GHTG Message¡GHTGCommunicator this.HtgTimeout:130000
2021-10-01 17:20:08,484 INFO SessionID¡G20z141jrf0ieydfmashf0h2b UserID¡GZ00040883 FunctionID¡G01010400 Layer¡GHTG Message¡GgetRtnHostEnd
2021-10-01 17:20:08,485 ERROR SessionID¡G20z141jrf0ieydfmashf0h2b UserID¡GZ00040883 FunctionID¡G01010400 Layer¡GHTG Message¡GP4_PCTI:
2021-10-01 17:20:08,600 INFO SessionID¡G20z141jrf0ieydfmashf0h2b UserID¡GZ00040883 FunctionID¡G01010400 Layer¡GHTG Message¡GgetRtnHostBegin
2021-10-01 17:20:08,601 INFO SessionID¡G20z141jrf0ieydfmashf0h2b UserID¡GZ00040883 FunctionID¡G01010400 Layer¡GHTG Message¡GTRUE
2021-10-01 17:20:08,602 INFO SessionID¡G20z141jrf0ieydfmashf0h2b UserID¡GZ00040883 FunctionID¡G01010400 Layer¡GHTG Message¡G10
2021-10-01 17:20:08,602 INFO SessionID¡G20z141jrf0ieydfmashf0h2b UserID¡GZ00040883 FunctionID¡G01010400 Layer¡GHTG Message¡G11
2021-10-01 17:20:08,631 INFO SessionID¡G20z141jrf0ieydfmashf0h2b UserID¡GZ00040883 FunctionID¡G01010400 Layer¡GHTG Message¡GHTGCommunicator this.HtgTimeout:130000
2021-10-01 17:20:08,717 INFO SessionID¡G20z141jrf0ieydfmashf0h2b UserID¡GZ00040883 FunctionID¡G01010400 Layer¡GHTG Message¡GgetRtnHostEnd
2021-10-01 17:20:08,719 ERROR SessionID¡G20z141jrf0ieydfmashf0h2b UserID¡GZ00040883 FunctionID¡G01010400 Layer¡GHTG Message¡GP4_PCTI:
2021-10-01 17:20:08,841 INFO SessionID¡G20z141jrf0ieydfmashf0h2b UserID¡GZ00040883 FunctionID¡G01010400 Layer¡GHTG Message¡GgetRtnHostBegin
2021-10-01 17:20:08,842 INFO SessionID¡G20z141jrf0ieydfmashf0h2b UserID¡GZ00040883 FunctionID¡G01010400 Layer¡GHTG Message¡GTRUE
2021-10-01 17:20:08,843 INFO SessionID¡G20z141jrf0ieydfmashf0h2b UserID¡GZ00040883 FunctionID¡G01010400 Layer¡GHTG Message¡G9
2021-10-01 17:20:08,843 INFO SessionID¡G20z141jrf0ieydfmashf0h2b UserID¡GZ00040883 FunctionID¡G01010400 Layer¡GHTG Message¡G10
2021-10-01 17:20:08,870 INFO SessionID¡G20z141jrf0ieydfmashf0h2b UserID¡GZ00040883 FunctionID¡G01010400 Layer¡GHTG Message¡GHTGCommunicator this.HtgTimeout:130000
2021-10-01 17:20:09,009 INFO SessionID¡G20z141jrf0ieydfmashf0h2b UserID¡GZ00040883 FunctionID¡G01010400 Layer¡GHTG Message¡GgetRtnHostEnd
2021-10-01 17:20:09,010 ERROR SessionID¡G20z141jrf0ieydfmashf0h2b UserID¡GZ00040883 FunctionID¡G01010400 Layer¡GHTG Message¡GP4_PCTI:
2021-10-01 17:20:09,127 INFO SessionID¡G20z141jrf0ieydfmashf0h2b UserID¡GZ00040883 FunctionID¡G01010400 Layer¡GHTG Message¡GgetRtnHostBegin
2021-10-01 17:20:09,128 INFO SessionID¡G20z141jrf0ieydfmashf0h2b UserID¡GZ00040883 FunctionID¡G01010400 Layer¡GHTG Message¡GTRUE
2021-10-01 17:20:09,128 INFO SessionID¡G20z141jrf0ieydfmashf0h2b UserID¡GZ00040883 FunctionID¡G01010400 Layer¡GHTG Message¡G9
2021-10-01 17:20:09,129 INFO SessionID¡G20z141jrf0ieydfmashf0h2b UserID¡GZ00040883 FunctionID¡G01010400 Layer¡GHTG Message¡G10
2021-10-01 17:20:09,156 INFO SessionID¡G20z141jrf0ieydfmashf0h2b UserID¡GZ00040883 FunctionID¡G01010400 Layer¡GHTG Message¡GHTGCommunicator this.HtgTimeout:130000
2021-10-01 17:20:09,246 INFO SessionID¡G20z141jrf0ieydfmashf0h2b UserID¡GZ00040883 FunctionID¡G01010400 Layer¡GHTG Message¡GgetRtnHostEnd
2021-10-01 17:20:09,246 ERROR SessionID¡G20z141jrf0ieydfmashf0h2b UserID¡GZ00040883 FunctionID¡G01010400 Layer¡GHTG Message¡GP4_PCTI:
2021-10-01 17:20:09,365 INFO SessionID¡G20z141jrf0ieydfmashf0h2b UserID¡GZ00040883 FunctionID¡G01010400 Layer¡GHTG Message¡GgetRtnHostBegin
2021-10-01 17:20:09,366 INFO SessionID¡G20z141jrf0ieydfmashf0h2b UserID¡GZ00040883 FunctionID¡G01010400 Layer¡GHTG Message¡GTRUE
2021-10-01 17:20:09,366 INFO SessionID¡G20z141jrf0ieydfmashf0h2b UserID¡GZ00040883 FunctionID¡G01010400 Layer¡GHTG Message¡G9
2021-10-01 17:20:09,367 INFO SessionID¡G20z141jrf0ieydfmashf0h2b UserID¡GZ00040883 FunctionID¡G01010400 Layer¡GHTG Message¡G10
2021-10-01 17:20:09,395 INFO SessionID¡G20z141jrf0ieydfmashf0h2b UserID¡GZ00040883 FunctionID¡G01010400 Layer¡GHTG Message¡GHTGCommunicator this.HtgTimeout:130000
2021-10-01 17:20:09,521 INFO SessionID¡G20z141jrf0ieydfmashf0h2b UserID¡GZ00040883 FunctionID¡G01010400 Layer¡GHTG Message¡GgetRtnHostEnd
2021-10-01 17:20:09,522 ERROR SessionID¡G20z141jrf0ieydfmashf0h2b UserID¡GZ00040883 FunctionID¡G01010400 Layer¡GHTG Message¡GP4_PCTI:
2021-10-01 17:20:09,654 INFO SessionID¡G20z141jrf0ieydfmashf0h2b UserID¡GZ00040883 FunctionID¡G01010400 Layer¡GHTG Message¡GgetRtnHostBegin
2021-10-01 17:20:09,655 INFO SessionID¡G20z141jrf0ieydfmashf0h2b UserID¡GZ00040883 FunctionID¡G01010400 Layer¡GHTG Message¡GTRUE
2021-10-01 17:20:09,655 INFO SessionID¡G20z141jrf0ieydfmashf0h2b UserID¡GZ00040883 FunctionID¡G01010400 Layer¡GHTG Message¡G9
2021-10-01 17:20:09,656 INFO SessionID¡G20z141jrf0ieydfmashf0h2b UserID¡GZ00040883 FunctionID¡G01010400 Layer¡GHTG Message¡G10
2021-10-01 17:20:09,688 INFO SessionID¡G20z141jrf0ieydfmashf0h2b UserID¡GZ00040883 FunctionID¡G01010400 Layer¡GHTG Message¡GHTGCommunicator this.HtgTimeout:130000
2021-10-01 17:20:09,777 INFO SessionID¡G20z141jrf0ieydfmashf0h2b UserID¡GZ00040883 FunctionID¡G01010400 Layer¡GHTG Message¡GgetRtnHostEnd
2021-10-01 17:20:09,778 ERROR SessionID¡G20z141jrf0ieydfmashf0h2b UserID¡GZ00040883 FunctionID¡G01010400 Layer¡GHTG Message¡GP4_PCTI:
2021-10-01 17:20:09,906 INFO SessionID¡G20z141jrf0ieydfmashf0h2b UserID¡GZ00040883 FunctionID¡G01010400 Layer¡GHTG Message¡GgetRtnHostBegin
2021-10-01 17:20:09,906 INFO SessionID¡G20z141jrf0ieydfmashf0h2b UserID¡GZ00040883 FunctionID¡G01010400 Layer¡GHTG Message¡GTRUE
2021-10-01 17:20:09,907 INFO SessionID¡G20z141jrf0ieydfmashf0h2b UserID¡GZ00040883 FunctionID¡G01010400 Layer¡GHTG Message¡G9
2021-10-01 17:20:09,907 INFO SessionID¡G20z141jrf0ieydfmashf0h2b UserID¡GZ00040883 FunctionID¡G01010400 Layer¡GHTG Message¡G10
2021-10-01 17:20:09,937 INFO SessionID¡G20z141jrf0ieydfmashf0h2b UserID¡GZ00040883 FunctionID¡G01010400 Layer¡GHTG Message¡GHTGCommunicator this.HtgTimeout:130000
2021-10-01 17:20:10,117 INFO SessionID¡G20z141jrf0ieydfmashf0h2b UserID¡GZ00040883 FunctionID¡G01010400 Layer¡GHTG Message¡GgetRtnHostEnd
2021-10-01 17:20:10,118 ERROR SessionID¡G20z141jrf0ieydfmashf0h2b UserID¡GZ00040883 FunctionID¡G01010400 Layer¡GHTG Message¡GP4_PCTI:
2021-10-01 17:20:10,262 INFO SessionID¡G20z141jrf0ieydfmashf0h2b UserID¡GZ00040883 FunctionID¡G01010400 Layer¡GHTG Message¡GgetRtnHostBegin
2021-10-01 17:20:10,263 INFO SessionID¡G20z141jrf0ieydfmashf0h2b UserID¡GZ00040883 FunctionID¡G01010400 Layer¡GHTG Message¡GTRUE
2021-10-01 17:20:10,263 INFO SessionID¡G20z141jrf0ieydfmashf0h2b UserID¡GZ00040883 FunctionID¡G01010400 Layer¡GHTG Message¡G9
2021-10-01 17:20:10,264 INFO SessionID¡G20z141jrf0ieydfmashf0h2b UserID¡GZ00040883 FunctionID¡G01010400 Layer¡GHTG Message¡G10
2021-10-01 17:20:10,295 INFO SessionID¡G20z141jrf0ieydfmashf0h2b UserID¡GZ00040883 FunctionID¡G01010400 Layer¡GHTG Message¡GHTGCommunicator this.HtgTimeout:130000
2021-10-01 17:20:11,945 INFO SessionID¡G20z141jrf0ieydfmashf0h2b UserID¡GZ00040883 FunctionID¡G01010400 Layer¡GHTG Message¡GgetRtnHostEnd
2021-10-01 17:20:11,946 ERROR SessionID¡G20z141jrf0ieydfmashf0h2b UserID¡GZ00040883 FunctionID¡G01010400 Layer¡GHTG Message¡GP4_PCTI:
2021-10-01 17:20:12,060 INFO SessionID¡G20z141jrf0ieydfmashf0h2b UserID¡GZ00040883 FunctionID¡G01010400 Layer¡GHTG Message¡GgetRtnHostBegin
2021-10-01 17:20:12,060 INFO SessionID¡G20z141jrf0ieydfmashf0h2b UserID¡GZ00040883 FunctionID¡G01010400 Layer¡GHTG Message¡GTRUE
2021-10-01 17:20:12,061 INFO SessionID¡G20z141jrf0ieydfmashf0h2b UserID¡GZ00040883 FunctionID¡G01010400 Layer¡GHTG Message¡G9
2021-10-01 17:20:12,062 INFO SessionID¡G20z141jrf0ieydfmashf0h2b UserID¡GZ00040883 FunctionID¡G01010400 Layer¡GHTG Message¡G10
2021-10-01 17:20:12,100 INFO SessionID¡G20z141jrf0ieydfmashf0h2b UserID¡GZ00040883 FunctionID¡G01010400 Layer¡GHTG Message¡GHTGCommunicator this.HtgTimeout:130000
2021-10-01 17:20:12,223 INFO SessionID¡G20z141jrf0ieydfmashf0h2b UserID¡GZ00040883 FunctionID¡G01010400 Layer¡GHTG Message¡GgetRtnHostEnd
2021-10-01 17:20:12,224 ERROR SessionID¡G20z141jrf0ieydfmashf0h2b UserID¡GZ00040883 FunctionID¡G01010400 Layer¡GHTG Message¡GP4_PCTI:
2021-10-01 17:20:12,371 INFO SessionID¡G20z141jrf0ieydfmashf0h2b UserID¡GZ00040883 FunctionID¡G01010400 Layer¡GHTG Message¡GgetRtnHostBegin
2021-10-01 17:20:12,371 INFO SessionID¡G20z141jrf0ieydfmashf0h2b UserID¡GZ00040883 FunctionID¡G01010400 Layer¡GHTG Message¡GTRUE
2021-10-01 17:20:12,372 INFO SessionID¡G20z141jrf0ieydfmashf0h2b UserID¡GZ00040883 FunctionID¡G01010400 Layer¡GHTG Message¡G9
2021-10-01 17:20:12,372 INFO SessionID¡G20z141jrf0ieydfmashf0h2b UserID¡GZ00040883 FunctionID¡G01010400 Layer¡GHTG Message¡G10
2021-10-01 17:20:12,402 INFO SessionID¡G20z141jrf0ieydfmashf0h2b UserID¡GZ00040883 FunctionID¡G01010400 Layer¡GHTG Message¡GHTGCommunicator this.HtgTimeout:130000
2021-10-01 17:20:12,648 INFO SessionID¡G20z141jrf0ieydfmashf0h2b UserID¡GZ00040883 FunctionID¡G01010400 Layer¡GHTG Message¡GgetRtnHostEnd
2021-10-01 17:20:12,650 ERROR SessionID¡G20z141jrf0ieydfmashf0h2b UserID¡GZ00040883 FunctionID¡G01010400 Layer¡GHTG Message¡GP4_PCTI:
2021-10-01 17:20:12,800 INFO SessionID¡G20z141jrf0ieydfmashf0h2b UserID¡GZ00040883 FunctionID¡G01010400 Layer¡GHTG Message¡GgetRtnHostBegin
2021-10-01 17:20:12,801 INFO SessionID¡G20z141jrf0ieydfmashf0h2b UserID¡GZ00040883 FunctionID¡G01010400 Layer¡GHTG Message¡GTRUE
2021-10-01 17:20:12,802 INFO SessionID¡G20z141jrf0ieydfmashf0h2b UserID¡GZ00040883 FunctionID¡G01010400 Layer¡GHTG Message¡G10
2021-10-01 17:20:12,802 INFO SessionID¡G20z141jrf0ieydfmashf0h2b UserID¡GZ00040883 FunctionID¡G01010400 Layer¡GHTG Message¡G11
2021-10-01 17:20:12,837 INFO SessionID¡G20z141jrf0ieydfmashf0h2b UserID¡GZ00040883 FunctionID¡G01010400 Layer¡GHTG Message¡GHTGCommunicator this.HtgTimeout:130000
2021-10-01 17:20:13,246 INFO SessionID¡G20z141jrf0ieydfmashf0h2b UserID¡GZ00040883 FunctionID¡G01010400 Layer¡GHTG Message¡GgetRtnHostEnd
2021-10-01 17:20:13,248 ERROR SessionID¡G20z141jrf0ieydfmashf0h2b UserID¡GZ00040883 FunctionID¡G01010400 Layer¡GHTG Message¡GP4_PCTI:
2021-10-01 17:20:13,395 INFO SessionID¡G20z141jrf0ieydfmashf0h2b UserID¡GZ00040883 FunctionID¡G01010400 Layer¡GHTG Message¡GgetRtnHostBegin
2021-10-01 17:20:13,395 INFO SessionID¡G20z141jrf0ieydfmashf0h2b UserID¡GZ00040883 FunctionID¡G01010400 Layer¡GHTG Message¡GTRUE
2021-10-01 17:20:13,396 INFO SessionID¡G20z141jrf0ieydfmashf0h2b UserID¡GZ00040883 FunctionID¡G01010400 Layer¡GHTG Message¡G10
2021-10-01 17:20:13,396 INFO SessionID¡G20z141jrf0ieydfmashf0h2b UserID¡GZ00040883 FunctionID¡G01010400 Layer¡GHTG Message¡G11
2021-10-01 17:20:13,427 INFO SessionID¡G20z141jrf0ieydfmashf0h2b UserID¡GZ00040883 FunctionID¡G01010400 Layer¡GHTG Message¡GHTGCommunicator this.HtgTimeout:130000
2021-10-01 17:20:13,743 INFO SessionID¡G20z141jrf0ieydfmashf0h2b UserID¡GZ00040883 FunctionID¡G01010400 Layer¡GHTG Message¡GgetRtnHostEnd
2021-10-01 17:20:13,745 ERROR SessionID¡G20z141jrf0ieydfmashf0h2b UserID¡GZ00040883 FunctionID¡G01010400 Layer¡GHTG Message¡GP4_PCTI:
2021-10-01 17:20:13,872 INFO SessionID¡G20z141jrf0ieydfmashf0h2b UserID¡GZ00040883 FunctionID¡G01010400 Layer¡GHTG Message¡GgetRtnHostBegin
2021-10-01 17:20:13,873 INFO SessionID¡G20z141jrf0ieydfmashf0h2b UserID¡GZ00040883 FunctionID¡G01010400 Layer¡GHTG Message¡GTRUE
2021-10-01 17:20:13,874 INFO SessionID¡G20z141jrf0ieydfmashf0h2b UserID¡GZ00040883 FunctionID¡G01010400 Layer¡GHTG Message¡G9
2021-10-01 17:20:13,874 INFO SessionID¡G20z141jrf0ieydfmashf0h2b UserID¡GZ00040883 FunctionID¡G01010400 Layer¡GHTG Message¡G10
2021-10-01 17:20:13,903 INFO SessionID¡G20z141jrf0ieydfmashf0h2b UserID¡GZ00040883 FunctionID¡G01010400 Layer¡GHTG Message¡GHTGCommunicator this.HtgTimeout:130000
2021-10-01 17:20:14,392 INFO SessionID¡G20z141jrf0ieydfmashf0h2b UserID¡GZ00040883 FunctionID¡G01010400 Layer¡GHTG Message¡GgetRtnHostEnd
2021-10-01 17:20:14,394 ERROR SessionID¡G20z141jrf0ieydfmashf0h2b UserID¡GZ00040883 FunctionID¡G01010400 Layer¡GHTG Message¡GP4_PCTI:
2021-10-01 17:20:14,517 INFO SessionID¡G20z141jrf0ieydfmashf0h2b UserID¡GZ00040883 FunctionID¡G01010400 Layer¡GHTG Message¡GgetRtnHostBegin
2021-10-01 17:20:14,518 INFO SessionID¡G20z141jrf0ieydfmashf0h2b UserID¡GZ00040883 FunctionID¡G01010400 Layer¡GHTG Message¡GTRUE
2021-10-01 17:20:14,518 INFO SessionID¡G20z141jrf0ieydfmashf0h2b UserID¡GZ00040883 FunctionID¡G01010400 Layer¡GHTG Message¡G9
2021-10-01 17:20:14,519 INFO SessionID¡G20z141jrf0ieydfmashf0h2b UserID¡GZ00040883 FunctionID¡G01010400 Layer¡GHTG Message¡G10
2021-10-01 17:20:14,547 INFO SessionID¡G20z141jrf0ieydfmashf0h2b UserID¡GZ00040883 FunctionID¡G01010400 Layer¡GHTG Message¡GHTGCommunicator this.HtgTimeout:130000
2021-10-01 17:20:14,752 INFO SessionID¡G20z141jrf0ieydfmashf0h2b UserID¡GZ00040883 FunctionID¡G01010400 Layer¡GHTG Message¡GgetRtnHostEnd
2021-10-01 17:20:14,753 ERROR SessionID¡G20z141jrf0ieydfmashf0h2b UserID¡GZ00040883 FunctionID¡G01010400 Layer¡GHTG Message¡GP4_PCTI:
2021-10-01 17:20:14,885 INFO SessionID¡G20z141jrf0ieydfmashf0h2b UserID¡GZ00040883 FunctionID¡G01010400 Layer¡GHTG Message¡GgetRtnHostBegin
2021-10-01 17:20:14,886 INFO SessionID¡G20z141jrf0ieydfmashf0h2b UserID¡GZ00040883 FunctionID¡G01010400 Layer¡GHTG Message¡GTRUE
2021-10-01 17:20:14,886 INFO SessionID¡G20z141jrf0ieydfmashf0h2b UserID¡GZ00040883 FunctionID¡G01010400 Layer¡GHTG Message¡G9
2021-10-01 17:20:14,887 INFO SessionID¡G20z141jrf0ieydfmashf0h2b UserID¡GZ00040883 FunctionID¡G01010400 Layer¡GHTG Message¡G10
2021-10-01 17:20:14,915 INFO SessionID¡G20z141jrf0ieydfmashf0h2b UserID¡GZ00040883 FunctionID¡G01010400 Layer¡GHTG Message¡GHTGCommunicator this.HtgTimeout:130000
2021-10-01 17:20:15,106 INFO SessionID¡G20z141jrf0ieydfmashf0h2b UserID¡GZ00040883 FunctionID¡G01010400 Layer¡GHTG Message¡GgetRtnHostEnd
2021-10-01 17:20:15,108 ERROR SessionID¡G20z141jrf0ieydfmashf0h2b UserID¡GZ00040883 FunctionID¡G01010400 Layer¡GHTG Message¡GP4_PCTI:
2021-10-01 17:20:15,258 INFO SessionID¡G20z141jrf0ieydfmashf0h2b UserID¡GZ00040883 FunctionID¡G01010400 Layer¡GHTG Message¡GgetRtnHostBegin
2021-10-01 17:20:15,258 INFO SessionID¡G20z141jrf0ieydfmashf0h2b UserID¡GZ00040883 FunctionID¡G01010400 Layer¡GHTG Message¡GTRUE
2021-10-01 17:20:15,259 INFO SessionID¡G20z141jrf0ieydfmashf0h2b UserID¡GZ00040883 FunctionID¡G01010400 Layer¡GHTG Message¡G9
2021-10-01 17:20:15,259 INFO SessionID¡G20z141jrf0ieydfmashf0h2b UserID¡GZ00040883 FunctionID¡G01010400 Layer¡GHTG Message¡G10
2021-10-01 17:20:15,288 INFO SessionID¡G20z141jrf0ieydfmashf0h2b UserID¡GZ00040883 FunctionID¡G01010400 Layer¡GHTG Message¡GHTGCommunicator this.HtgTimeout:130000
2021-10-01 17:20:15,484 INFO SessionID¡G20z141jrf0ieydfmashf0h2b UserID¡GZ00040883 FunctionID¡G01010400 Layer¡GHTG Message¡GgetRtnHostEnd
2021-10-01 17:20:15,484 ERROR SessionID¡G20z141jrf0ieydfmashf0h2b UserID¡GZ00040883 FunctionID¡G01010400 Layer¡GHTG Message¡GP4_PCTI:
2021-10-01 17:20:15,607 INFO SessionID¡G20z141jrf0ieydfmashf0h2b UserID¡GZ00040883 FunctionID¡G01010400 Layer¡GHTG Message¡GgetRtnHostBegin
2021-10-01 17:20:15,608 INFO SessionID¡G20z141jrf0ieydfmashf0h2b UserID¡GZ00040883 FunctionID¡G01010400 Layer¡GHTG Message¡GTRUE
2021-10-01 17:20:15,608 INFO SessionID¡G20z141jrf0ieydfmashf0h2b UserID¡GZ00040883 FunctionID¡G01010400 Layer¡GHTG Message¡G9
2021-10-01 17:20:15,609 INFO SessionID¡G20z141jrf0ieydfmashf0h2b UserID¡GZ00040883 FunctionID¡G01010400 Layer¡GHTG Message¡G10
2021-10-01 17:20:15,637 INFO SessionID¡G20z141jrf0ieydfmashf0h2b UserID¡GZ00040883 FunctionID¡G01010400 Layer¡GHTG Message¡GHTGCommunicator this.HtgTimeout:130000
2021-10-01 17:20:15,839 INFO SessionID¡G20z141jrf0ieydfmashf0h2b UserID¡GZ00040883 FunctionID¡G01010400 Layer¡GHTG Message¡GgetRtnHostEnd
2021-10-01 17:20:15,842 ERROR SessionID¡G20z141jrf0ieydfmashf0h2b UserID¡GZ00040883 FunctionID¡G01010400 Layer¡GHTG Message¡GP4_PCTI:
2021-10-01 17:20:15,979 INFO SessionID¡G20z141jrf0ieydfmashf0h2b UserID¡GZ00040883 FunctionID¡G01010400 Layer¡GHTG Message¡GgetRtnHostBegin
2021-10-01 17:20:15,980 INFO SessionID¡G20z141jrf0ieydfmashf0h2b UserID¡GZ00040883 FunctionID¡G01010400 Layer¡GHTG Message¡GTRUE
2021-10-01 17:20:15,980 INFO SessionID¡G20z141jrf0ieydfmashf0h2b UserID¡GZ00040883 FunctionID¡G01010400 Layer¡GHTG Message¡G10
2021-10-01 17:20:15,980 INFO SessionID¡G20z141jrf0ieydfmashf0h2b UserID¡GZ00040883 FunctionID¡G01010400 Layer¡GHTG Message¡G11
2021-10-01 17:20:16,009 INFO SessionID¡G20z141jrf0ieydfmashf0h2b UserID¡GZ00040883 FunctionID¡G01010400 Layer¡GHTG Message¡GHTGCommunicator this.HtgTimeout:130000
2021-10-01 17:20:16,192 INFO SessionID¡G20z141jrf0ieydfmashf0h2b UserID¡GZ00040883 FunctionID¡G01010400 Layer¡GHTG Message¡GgetRtnHostEnd
2021-10-01 17:20:16,194 ERROR SessionID¡G20z141jrf0ieydfmashf0h2b UserID¡GZ00040883 FunctionID¡G01010400 Layer¡GHTG Message¡GP4_PCTI:
2021-10-01 17:20:16,333 INFO SessionID¡G20z141jrf0ieydfmashf0h2b UserID¡GZ00040883 FunctionID¡G01010400 Layer¡GHTG Message¡GgetRtnHostBegin
2021-10-01 17:20:16,334 INFO SessionID¡G20z141jrf0ieydfmashf0h2b UserID¡GZ00040883 FunctionID¡G01010400 Layer¡GHTG Message¡GTRUE
2021-10-01 17:20:16,334 INFO SessionID¡G20z141jrf0ieydfmashf0h2b UserID¡GZ00040883 FunctionID¡G01010400 Layer¡GHTG Message¡G10
2021-10-01 17:20:16,334 INFO SessionID¡G20z141jrf0ieydfmashf0h2b UserID¡GZ00040883 FunctionID¡G01010400 Layer¡GHTG Message¡G11
2021-10-01 17:20:16,362 INFO SessionID¡G20z141jrf0ieydfmashf0h2b UserID¡GZ00040883 FunctionID¡G01010400 Layer¡GHTG Message¡GHTGCommunicator this.HtgTimeout:130000
2021-10-01 17:20:16,578 INFO SessionID¡G20z141jrf0ieydfmashf0h2b UserID¡GZ00040883 FunctionID¡G01010400 Layer¡GHTG Message¡GgetRtnHostEnd
2021-10-01 17:20:16,578 ERROR SessionID¡G20z141jrf0ieydfmashf0h2b UserID¡GZ00040883 FunctionID¡G01010400 Layer¡GHTG Message¡GP4_PCTI:
2021-10-01 17:20:16,697 INFO SessionID¡G20z141jrf0ieydfmashf0h2b UserID¡GZ00040883 FunctionID¡G01010400 Layer¡GHTG Message¡GgetRtnHostBegin
2021-10-01 17:20:16,697 INFO SessionID¡G20z141jrf0ieydfmashf0h2b UserID¡GZ00040883 FunctionID¡G01010400 Layer¡GHTG Message¡GTRUE
2021-10-01 17:20:16,698 INFO SessionID¡G20z141jrf0ieydfmashf0h2b UserID¡GZ00040883 FunctionID¡G01010400 Layer¡GHTG Message¡G9
2021-10-01 17:20:16,699 INFO SessionID¡G20z141jrf0ieydfmashf0h2b UserID¡GZ00040883 FunctionID¡G01010400 Layer¡GHTG Message¡G10
2021-10-01 17:20:16,730 INFO SessionID¡G20z141jrf0ieydfmashf0h2b UserID¡GZ00040883 FunctionID¡G01010400 Layer¡GHTG Message¡GHTGCommunicator this.HtgTimeout:130000
2021-10-01 17:20:16,901 INFO SessionID¡G20z141jrf0ieydfmashf0h2b UserID¡GZ00040883 FunctionID¡G01010400 Layer¡GHTG Message¡GgetRtnHostEnd
2021-10-01 17:20:16,901 ERROR SessionID¡G20z141jrf0ieydfmashf0h2b UserID¡GZ00040883 FunctionID¡G01010400 Layer¡GHTG Message¡GP4_PCTI:
2021-10-01 17:20:17,022 INFO SessionID¡G20z141jrf0ieydfmashf0h2b UserID¡GZ00040883 FunctionID¡G01010400 Layer¡GHTG Message¡GgetRtnHostBegin
2021-10-01 17:20:17,023 INFO SessionID¡G20z141jrf0ieydfmashf0h2b UserID¡GZ00040883 FunctionID¡G01010400 Layer¡GHTG Message¡GTRUE
2021-10-01 17:20:17,024 INFO SessionID¡G20z141jrf0ieydfmashf0h2b UserID¡GZ00040883 FunctionID¡G01010400 Layer¡GHTG Message¡G9
2021-10-01 17:20:17,024 INFO SessionID¡G20z141jrf0ieydfmashf0h2b UserID¡GZ00040883 FunctionID¡G01010400 Layer¡GHTG Message¡G10
2021-10-01 17:20:17,054 INFO SessionID¡G20z141jrf0ieydfmashf0h2b UserID¡GZ00040883 FunctionID¡G01010400 Layer¡GHTG Message¡GHTGCommunicator this.HtgTimeout:130000
2021-10-01 17:20:17,291 INFO SessionID¡G20z141jrf0ieydfmashf0h2b UserID¡GZ00040883 FunctionID¡G01010400 Layer¡GHTG Message¡GgetRtnHostEnd
2021-10-01 17:20:17,294 ERROR SessionID¡G20z141jrf0ieydfmashf0h2b UserID¡GZ00040883 FunctionID¡G01010400 Layer¡GHTG Message¡GP4_PCTI:
2021-10-01 17:20:17,414 INFO SessionID¡G20z141jrf0ieydfmashf0h2b UserID¡GZ00040883 FunctionID¡G01010400 Layer¡GHTG Message¡GgetRtnHostBegin
2021-10-01 17:20:17,414 INFO SessionID¡G20z141jrf0ieydfmashf0h2b UserID¡GZ00040883 FunctionID¡G01010400 Layer¡GHTG Message¡GTRUE
2021-10-01 17:20:17,415 INFO SessionID¡G20z141jrf0ieydfmashf0h2b UserID¡GZ00040883 FunctionID¡G01010400 Layer¡GHTG Message¡G9
2021-10-01 17:20:17,416 INFO SessionID¡G20z141jrf0ieydfmashf0h2b UserID¡GZ00040883 FunctionID¡G01010400 Layer¡GHTG Message¡G10
2021-10-01 17:20:17,443 INFO SessionID¡G20z141jrf0ieydfmashf0h2b UserID¡GZ00040883 FunctionID¡G01010400 Layer¡GHTG Message¡GHTGCommunicator this.HtgTimeout:130000
2021-10-01 17:20:17,644 INFO SessionID¡G20z141jrf0ieydfmashf0h2b UserID¡GZ00040883 FunctionID¡G01010400 Layer¡GHTG Message¡GgetRtnHostEnd
2021-10-01 17:20:17,645 ERROR SessionID¡G20z141jrf0ieydfmashf0h2b UserID¡GZ00040883 FunctionID¡G01010400 Layer¡GHTG Message¡GP4_PCTI:
2021-10-01 17:20:17,757 INFO SessionID¡G20z141jrf0ieydfmashf0h2b UserID¡GZ00040883 FunctionID¡G01010400 Layer¡GHTG Message¡GgetRtnHostBegin
2021-10-01 17:20:17,758 INFO SessionID¡G20z141jrf0ieydfmashf0h2b UserID¡GZ00040883 FunctionID¡G01010400 Layer¡GHTG Message¡GTRUE
2021-10-01 17:20:17,758 INFO SessionID¡G20z141jrf0ieydfmashf0h2b UserID¡GZ00040883 FunctionID¡G01010400 Layer¡GHTG Message¡G9
2021-10-01 17:20:17,759 INFO SessionID¡G20z141jrf0ieydfmashf0h2b UserID¡GZ00040883 FunctionID¡G01010400 Layer¡GHTG Message¡G10
2021-10-01 17:20:17,791 INFO SessionID¡G20z141jrf0ieydfmashf0h2b UserID¡GZ00040883 FunctionID¡G01010400 Layer¡GHTG Message¡GHTGCommunicator this.HtgTimeout:130000
2021-10-01 17:20:17,928 INFO SessionID¡G20z141jrf0ieydfmashf0h2b UserID¡GZ00040883 FunctionID¡G01010400 Layer¡GHTG Message¡GgetRtnHostEnd
2021-10-01 17:20:17,929 ERROR SessionID¡G20z141jrf0ieydfmashf0h2b UserID¡GZ00040883 FunctionID¡G01010400 Layer¡GHTG Message¡GP4_PCTI:
2021-10-01 17:20:18,042 INFO SessionID¡G20z141jrf0ieydfmashf0h2b UserID¡GZ00040883 FunctionID¡G01010400 Layer¡GHTG Message¡GgetRtnHostBegin
2021-10-01 17:20:18,043 INFO SessionID¡G20z141jrf0ieydfmashf0h2b UserID¡GZ00040883 FunctionID¡G01010400 Layer¡GHTG Message¡GTRUE
2021-10-01 17:20:18,043 INFO SessionID¡G20z141jrf0ieydfmashf0h2b UserID¡GZ00040883 FunctionID¡G01010400 Layer¡GHTG Message¡G9
2021-10-01 17:20:18,044 INFO SessionID¡G20z141jrf0ieydfmashf0h2b UserID¡GZ00040883 FunctionID¡G01010400 Layer¡GHTG Message¡G10
2021-10-01 17:20:18,075 INFO SessionID¡G20z141jrf0ieydfmashf0h2b UserID¡GZ00040883 FunctionID¡G01010400 Layer¡GHTG Message¡GHTGCommunicator this.HtgTimeout:130000
2021-10-01 17:20:18,171 INFO SessionID¡G20z141jrf0ieydfmashf0h2b UserID¡GZ00040883 FunctionID¡G01010400 Layer¡GHTG Message¡GgetRtnHostEnd
2021-10-01 17:20:18,172 ERROR SessionID¡G20z141jrf0ieydfmashf0h2b UserID¡GZ00040883 FunctionID¡G01010400 Layer¡GHTG Message¡GP4_PCTI:
2021-10-01 17:20:18,283 INFO SessionID¡G20z141jrf0ieydfmashf0h2b UserID¡GZ00040883 FunctionID¡G01010400 Layer¡GHTG Message¡GgetRtnHostBegin
2021-10-01 17:20:18,284 INFO SessionID¡G20z141jrf0ieydfmashf0h2b UserID¡GZ00040883 FunctionID¡G01010400 Layer¡GHTG Message¡GTRUE
2021-10-01 17:20:18,284 INFO SessionID¡G20z141jrf0ieydfmashf0h2b UserID¡GZ00040883 FunctionID¡G01010400 Layer¡GHTG Message¡G9
2021-10-01 17:20:18,285 INFO SessionID¡G20z141jrf0ieydfmashf0h2b UserID¡GZ00040883 FunctionID¡G01010400 Layer¡GHTG Message¡G10
2021-10-01 17:20:18,316 INFO SessionID¡G20z141jrf0ieydfmashf0h2b UserID¡GZ00040883 FunctionID¡G01010400 Layer¡GHTG Message¡GHTGCommunicator this.HtgTimeout:130000
2021-10-01 17:20:18,415 INFO SessionID¡G20z141jrf0ieydfmashf0h2b UserID¡GZ00040883 FunctionID¡G01010400 Layer¡GHTG Message¡GgetRtnHostEnd
2021-10-01 17:20:18,415 ERROR SessionID¡G20z141jrf0ieydfmashf0h2b UserID¡GZ00040883 FunctionID¡G01010400 Layer¡GHTG Message¡GP4_PCTI:
2021-10-01 17:20:18,533 INFO SessionID¡G20z141jrf0ieydfmashf0h2b UserID¡GZ00040883 FunctionID¡G01010400 Layer¡GHTG Message¡GgetRtnHostBegin
2021-10-01 17:20:18,534 INFO SessionID¡G20z141jrf0ieydfmashf0h2b UserID¡GZ00040883 FunctionID¡G01010400 Layer¡GHTG Message¡GTRUE
2021-10-01 17:20:18,534 INFO SessionID¡G20z141jrf0ieydfmashf0h2b UserID¡GZ00040883 FunctionID¡G01010400 Layer¡GHTG Message¡G9
2021-10-01 17:20:18,535 INFO SessionID¡G20z141jrf0ieydfmashf0h2b UserID¡GZ00040883 FunctionID¡G01010400 Layer¡GHTG Message¡G10
2021-10-01 17:20:18,570 INFO SessionID¡G20z141jrf0ieydfmashf0h2b UserID¡GZ00040883 FunctionID¡G01010400 Layer¡GHTG Message¡GHTGCommunicator this.HtgTimeout:130000
2021-10-01 17:20:18,676 INFO SessionID¡G20z141jrf0ieydfmashf0h2b UserID¡GZ00040883 FunctionID¡G01010400 Layer¡GHTG Message¡GgetRtnHostEnd
2021-10-01 17:20:18,678 ERROR SessionID¡G20z141jrf0ieydfmashf0h2b UserID¡GZ00040883 FunctionID¡G01010400 Layer¡GHTG Message¡GP4_PCTI:
2021-10-01 17:20:18,816 INFO SessionID¡G20z141jrf0ieydfmashf0h2b UserID¡GZ00040883 FunctionID¡G01010400 Layer¡GHTG Message¡GgetRtnHostBegin
2021-10-01 17:20:18,817 INFO SessionID¡G20z141jrf0ieydfmashf0h2b UserID¡GZ00040883 FunctionID¡G01010400 Layer¡GHTG Message¡GTRUE
2021-10-01 17:20:18,817 INFO SessionID¡G20z141jrf0ieydfmashf0h2b UserID¡GZ00040883 FunctionID¡G01010400 Layer¡GHTG Message¡G10
2021-10-01 17:20:18,818 INFO SessionID¡G20z141jrf0ieydfmashf0h2b UserID¡GZ00040883 FunctionID¡G01010400 Layer¡GHTG Message¡G11
2021-10-01 17:20:18,845 INFO SessionID¡G20z141jrf0ieydfmashf0h2b UserID¡GZ00040883 FunctionID¡G01010400 Layer¡GHTG Message¡GHTGCommunicator this.HtgTimeout:130000
2021-10-01 17:20:18,947 INFO SessionID¡G20z141jrf0ieydfmashf0h2b UserID¡GZ00040883 FunctionID¡G01010400 Layer¡GHTG Message¡GgetRtnHostEnd
2021-10-01 17:20:18,948 ERROR SessionID¡G20z141jrf0ieydfmashf0h2b UserID¡GZ00040883 FunctionID¡G01010400 Layer¡GHTG Message¡GP4_PCTI:
2021-10-01 17:20:19,072 INFO SessionID¡G20z141jrf0ieydfmashf0h2b UserID¡GZ00040883 FunctionID¡G01010400 Layer¡GHTG Message¡GgetRtnHostBegin
2021-10-01 17:20:19,073 INFO SessionID¡G20z141jrf0ieydfmashf0h2b UserID¡GZ00040883 FunctionID¡G01010400 Layer¡GHTG Message¡GTRUE
2021-10-01 17:20:19,074 INFO SessionID¡G20z141jrf0ieydfmashf0h2b UserID¡GZ00040883 FunctionID¡G01010400 Layer¡GHTG Message¡G9
2021-10-01 17:20:19,074 INFO SessionID¡G20z141jrf0ieydfmashf0h2b UserID¡GZ00040883 FunctionID¡G01010400 Layer¡GHTG Message¡G10
2021-10-01 17:20:19,106 INFO SessionID¡G20z141jrf0ieydfmashf0h2b UserID¡GZ00040883 FunctionID¡G01010400 Layer¡GHTG Message¡GHTGCommunicator this.HtgTimeout:130000
2021-10-01 17:20:19,208 INFO SessionID¡G20z141jrf0ieydfmashf0h2b UserID¡GZ00040883 FunctionID¡G01010400 Layer¡GHTG Message¡GgetRtnHostEnd
2021-10-01 17:20:19,209 ERROR SessionID¡G20z141jrf0ieydfmashf0h2b UserID¡GZ00040883 FunctionID¡G01010400 Layer¡GHTG Message¡GP4_PCTI:
2021-10-01 17:20:19,314 INFO SessionID¡G20z141jrf0ieydfmashf0h2b UserID¡GZ00040883 FunctionID¡G01010400 Layer¡GHTG Message¡GgetRtnHostBegin
2021-10-01 17:20:19,315 INFO SessionID¡G20z141jrf0ieydfmashf0h2b UserID¡GZ00040883 FunctionID¡G01010400 Layer¡GHTG Message¡GTRUE
2021-10-01 17:20:19,315 INFO SessionID¡G20z141jrf0ieydfmashf0h2b UserID¡GZ00040883 FunctionID¡G01010400 Layer¡GHTG Message¡G9
2021-10-01 17:20:19,316 INFO SessionID¡G20z141jrf0ieydfmashf0h2b UserID¡GZ00040883 FunctionID¡G01010400 Layer¡GHTG Message¡G10
2021-10-01 17:20:19,347 INFO SessionID¡G20z141jrf0ieydfmashf0h2b UserID¡GZ00040883 FunctionID¡G01010400 Layer¡GHTG Message¡GHTGCommunicator this.HtgTimeout:130000
2021-10-01 17:20:19,443 INFO SessionID¡G20z141jrf0ieydfmashf0h2b UserID¡GZ00040883 FunctionID¡G01010400 Layer¡GHTG Message¡GgetRtnHostEnd
2021-10-01 17:20:19,444 ERROR SessionID¡G20z141jrf0ieydfmashf0h2b UserID¡GZ00040883 FunctionID¡G01010400 Layer¡GHTG Message¡GP4_PCTI:
2021-10-01 17:20:19,556 INFO SessionID¡G20z141jrf0ieydfmashf0h2b UserID¡GZ00040883 FunctionID¡G01010400 Layer¡GHTG Message¡GgetRtnHostBegin
2021-10-01 17:20:19,557 INFO SessionID¡G20z141jrf0ieydfmashf0h2b UserID¡GZ00040883 FunctionID¡G01010400 Layer¡GHTG Message¡GTRUE
2021-10-01 17:20:19,557 INFO SessionID¡G20z141jrf0ieydfmashf0h2b UserID¡GZ00040883 FunctionID¡G01010400 Layer¡GHTG Message¡G9
2021-10-01 17:20:19,558 INFO SessionID¡G20z141jrf0ieydfmashf0h2b UserID¡GZ00040883 FunctionID¡G01010400 Layer¡GHTG Message¡G10
2021-10-01 17:20:19,595 INFO SessionID¡G20z141jrf0ieydfmashf0h2b UserID¡GZ00040883 FunctionID¡G01010400 Layer¡GHTG Message¡GHTGCommunicator this.HtgTimeout:130000
2021-10-01 17:20:19,696 INFO SessionID¡G20z141jrf0ieydfmashf0h2b UserID¡GZ00040883 FunctionID¡G01010400 Layer¡GHTG Message¡GgetRtnHostEnd
2021-10-01 17:20:19,697 ERROR SessionID¡G20z141jrf0ieydfmashf0h2b UserID¡GZ00040883 FunctionID¡G01010400 Layer¡GHTG Message¡GP4_PCTI:
2021-10-01 17:20:19,820 INFO SessionID¡G20z141jrf0ieydfmashf0h2b UserID¡GZ00040883 FunctionID¡G01010400 Layer¡GHTG Message¡GgetRtnHostBegin
2021-10-01 17:20:19,820 INFO SessionID¡G20z141jrf0ieydfmashf0h2b UserID¡GZ00040883 FunctionID¡G01010400 Layer¡GHTG Message¡GTRUE
2021-10-01 17:20:19,821 INFO SessionID¡G20z141jrf0ieydfmashf0h2b UserID¡GZ00040883 FunctionID¡G01010400 Layer¡GHTG Message¡G9
2021-10-01 17:20:19,821 INFO SessionID¡G20z141jrf0ieydfmashf0h2b UserID¡GZ00040883 FunctionID¡G01010400 Layer¡GHTG Message¡G10
2021-10-01 17:20:19,855 INFO SessionID¡G20z141jrf0ieydfmashf0h2b UserID¡GZ00040883 FunctionID¡G01010400 Layer¡GHTG Message¡GHTGCommunicator this.HtgTimeout:130000
2021-10-01 17:20:19,945 INFO SessionID¡G20z141jrf0ieydfmashf0h2b UserID¡GZ00040883 FunctionID¡G01010400 Layer¡GHTG Message¡GgetRtnHostEnd
2021-10-01 17:20:19,946 ERROR SessionID¡G20z141jrf0ieydfmashf0h2b UserID¡GZ00040883 FunctionID¡G01010400 Layer¡GHTG Message¡GP4_PCTI:
2021-10-01 17:20:20,077 INFO SessionID¡G20z141jrf0ieydfmashf0h2b UserID¡GZ00040883 FunctionID¡G01010400 Layer¡GHTG Message¡GgetRtnHostBegin
2021-10-01 17:20:20,078 INFO SessionID¡G20z141jrf0ieydfmashf0h2b UserID¡GZ00040883 FunctionID¡G01010400 Layer¡GHTG Message¡GTRUE
2021-10-01 17:20:20,078 INFO SessionID¡G20z141jrf0ieydfmashf0h2b UserID¡GZ00040883 FunctionID¡G01010400 Layer¡GHTG Message¡G9
2021-10-01 17:20:20,079 INFO SessionID¡G20z141jrf0ieydfmashf0h2b UserID¡GZ00040883 FunctionID¡G01010400 Layer¡GHTG Message¡G10
2021-10-01 17:20:20,107 INFO SessionID¡G20z141jrf0ieydfmashf0h2b UserID¡GZ00040883 FunctionID¡G01010400 Layer¡GHTG Message¡GHTGCommunicator this.HtgTimeout:130000
2021-10-01 17:20:20,195 INFO SessionID¡G20z141jrf0ieydfmashf0h2b UserID¡GZ00040883 FunctionID¡G01010400 Layer¡GHTG Message¡GgetRtnHostEnd
2021-10-01 17:20:20,195 ERROR SessionID¡G20z141jrf0ieydfmashf0h2b UserID¡GZ00040883 FunctionID¡G01010400 Layer¡GHTG Message¡GP4_PCTI:
2021-10-01 17:20:20,308 INFO SessionID¡G20z141jrf0ieydfmashf0h2b UserID¡GZ00040883 FunctionID¡G01010400 Layer¡GHTG Message¡GgetRtnHostBegin
2021-10-01 17:20:20,308 INFO SessionID¡G20z141jrf0ieydfmashf0h2b UserID¡GZ00040883 FunctionID¡G01010400 Layer¡GHTG Message¡GTRUE
2021-10-01 17:20:20,309 INFO SessionID¡G20z141jrf0ieydfmashf0h2b UserID¡GZ00040883 FunctionID¡G01010400 Layer¡GHTG Message¡G9
2021-10-01 17:20:20,309 INFO SessionID¡G20z141jrf0ieydfmashf0h2b UserID¡GZ00040883 FunctionID¡G01010400 Layer¡GHTG Message¡G10
2021-10-01 17:20:20,338 INFO SessionID¡G20z141jrf0ieydfmashf0h2b UserID¡GZ00040883 FunctionID¡G01010400 Layer¡GHTG Message¡GHTGCommunicator this.HtgTimeout:130000
2021-10-01 17:20:20,428 INFO SessionID¡G20z141jrf0ieydfmashf0h2b UserID¡GZ00040883 FunctionID¡G01010400 Layer¡GHTG Message¡GgetRtnHostEnd
2021-10-01 17:20:20,429 ERROR SessionID¡G20z141jrf0ieydfmashf0h2b UserID¡GZ00040883 FunctionID¡G01010400 Layer¡GHTG Message¡GP4_PCTI:
2021-10-01 17:20:20,542 INFO SessionID¡G20z141jrf0ieydfmashf0h2b UserID¡GZ00040883 FunctionID¡G01010400 Layer¡GHTG Message¡GgetRtnHostBegin
2021-10-01 17:20:20,542 INFO SessionID¡G20z141jrf0ieydfmashf0h2b UserID¡GZ00040883 FunctionID¡G01010400 Layer¡GHTG Message¡GTRUE
2021-10-01 17:20:20,543 INFO SessionID¡G20z141jrf0ieydfmashf0h2b UserID¡GZ00040883 FunctionID¡G01010400 Layer¡GHTG Message¡G9
2021-10-01 17:20:20,545 INFO SessionID¡G20z141jrf0ieydfmashf0h2b UserID¡GZ00040883 FunctionID¡G01010400 Layer¡GHTG Message¡G10
2021-10-01 17:20:20,573 INFO SessionID¡G20z141jrf0ieydfmashf0h2b UserID¡GZ00040883 FunctionID¡G01010400 Layer¡GHTG Message¡GHTGCommunicator this.HtgTimeout:130000
2021-10-01 17:20:20,659 INFO SessionID¡G20z141jrf0ieydfmashf0h2b UserID¡GZ00040883 FunctionID¡G01010400 Layer¡GHTG Message¡GgetRtnHostEnd
2021-10-01 17:20:20,660 ERROR SessionID¡G20z141jrf0ieydfmashf0h2b UserID¡GZ00040883 FunctionID¡G01010400 Layer¡GHTG Message¡GP4_PCTI:
2021-10-01 17:20:20,778 INFO SessionID¡G20z141jrf0ieydfmashf0h2b UserID¡GZ00040883 FunctionID¡G01010400 Layer¡GHTG Message¡GgetRtnHostBegin
2021-10-01 17:20:20,779 INFO SessionID¡G20z141jrf0ieydfmashf0h2b UserID¡GZ00040883 FunctionID¡G01010400 Layer¡GHTG Message¡GTRUE
2021-10-01 17:20:20,779 INFO SessionID¡G20z141jrf0ieydfmashf0h2b UserID¡GZ00040883 FunctionID¡G01010400 Layer¡GHTG Message¡G9
2021-10-01 17:20:20,780 INFO SessionID¡G20z141jrf0ieydfmashf0h2b UserID¡GZ00040883 FunctionID¡G01010400 Layer¡GHTG Message¡G10
2021-10-01 17:20:20,810 INFO SessionID¡G20z141jrf0ieydfmashf0h2b UserID¡GZ00040883 FunctionID¡G01010400 Layer¡GHTG Message¡GHTGCommunicator this.HtgTimeout:130000
2021-10-01 17:20:20,913 INFO SessionID¡G20z141jrf0ieydfmashf0h2b UserID¡GZ00040883 FunctionID¡G01010400 Layer¡GHTG Message¡GgetRtnHostEnd
2021-10-01 17:20:20,913 ERROR SessionID¡G20z141jrf0ieydfmashf0h2b UserID¡GZ00040883 FunctionID¡G01010400 Layer¡GHTG Message¡GP4_PCTI:
2021-10-01 17:20:21,034 INFO SessionID¡G20z141jrf0ieydfmashf0h2b UserID¡GZ00040883 FunctionID¡G01010400 Layer¡GHTG Message¡GgetRtnHostBegin
2021-10-01 17:20:21,035 INFO SessionID¡G20z141jrf0ieydfmashf0h2b UserID¡GZ00040883 FunctionID¡G01010400 Layer¡GHTG Message¡GTRUE
2021-10-01 17:20:21,035 INFO SessionID¡G20z141jrf0ieydfmashf0h2b UserID¡GZ00040883 FunctionID¡G01010400 Layer¡GHTG Message¡G9
2021-10-01 17:20:21,036 INFO SessionID¡G20z141jrf0ieydfmashf0h2b UserID¡GZ00040883 FunctionID¡G01010400 Layer¡GHTG Message¡G10
2021-10-01 17:20:21,063 INFO SessionID¡G20z141jrf0ieydfmashf0h2b UserID¡GZ00040883 FunctionID¡G01010400 Layer¡GHTG Message¡GHTGCommunicator this.HtgTimeout:130000
2021-10-01 17:20:21,147 INFO SessionID¡G20z141jrf0ieydfmashf0h2b UserID¡GZ00040883 FunctionID¡G01010400 Layer¡GHTG Message¡GgetRtnHostEnd
2021-10-01 17:20:21,148 ERROR SessionID¡G20z141jrf0ieydfmashf0h2b UserID¡GZ00040883 FunctionID¡G01010400 Layer¡GHTG Message¡GP4_PCTI:
2021-10-01 17:20:21,291 INFO SessionID¡G20z141jrf0ieydfmashf0h2b UserID¡GZ00040883 FunctionID¡G01010400 Layer¡GHTG Message¡GgetRtnHostBegin
2021-10-01 17:20:21,292 INFO SessionID¡G20z141jrf0ieydfmashf0h2b UserID¡GZ00040883 FunctionID¡G01010400 Layer¡GHTG Message¡GTRUE
2021-10-01 17:20:21,292 INFO SessionID¡G20z141jrf0ieydfmashf0h2b UserID¡GZ00040883 FunctionID¡G01010400 Layer¡GHTG Message¡G9
2021-10-01 17:20:21,293 INFO SessionID¡G20z141jrf0ieydfmashf0h2b UserID¡GZ00040883 FunctionID¡G01010400 Layer¡GHTG Message¡G10
2021-10-01 17:20:21,320 INFO SessionID¡G20z141jrf0ieydfmashf0h2b UserID¡GZ00040883 FunctionID¡G01010400 Layer¡GHTG Message¡GHTGCommunicator this.HtgTimeout:130000
2021-10-01 17:20:21,407 INFO SessionID¡G20z141jrf0ieydfmashf0h2b UserID¡GZ00040883 FunctionID¡G01010400 Layer¡GHTG Message¡GgetRtnHostEnd
2021-10-01 17:20:21,408 ERROR SessionID¡G20z141jrf0ieydfmashf0h2b UserID¡GZ00040883 FunctionID¡G01010400 Layer¡GHTG Message¡GP4_PCTI:
2021-10-01 17:20:21,532 INFO SessionID¡G20z141jrf0ieydfmashf0h2b UserID¡GZ00040883 FunctionID¡G01010400 Layer¡GHTG Message¡GgetRtnHostBegin
2021-10-01 17:20:21,532 INFO SessionID¡G20z141jrf0ieydfmashf0h2b UserID¡GZ00040883 FunctionID¡G01010400 Layer¡GHTG Message¡GTRUE
2021-10-01 17:20:21,533 INFO SessionID¡G20z141jrf0ieydfmashf0h2b UserID¡GZ00040883 FunctionID¡G01010400 Layer¡GHTG Message¡G9
2021-10-01 17:20:21,533 INFO SessionID¡G20z141jrf0ieydfmashf0h2b UserID¡GZ00040883 FunctionID¡G01010400 Layer¡GHTG Message¡G10
2021-10-01 17:20:21,562 INFO SessionID¡G20z141jrf0ieydfmashf0h2b UserID¡GZ00040883 FunctionID¡G01010400 Layer¡GHTG Message¡GHTGCommunicator this.HtgTimeout:130000
2021-10-01 17:20:21,647 INFO SessionID¡G20z141jrf0ieydfmashf0h2b UserID¡GZ00040883 FunctionID¡G01010400 Layer¡GHTG Message¡GgetRtnHostEnd
2021-10-01 17:20:21,648 ERROR SessionID¡G20z141jrf0ieydfmashf0h2b UserID¡GZ00040883 FunctionID¡G01010400 Layer¡GHTG Message¡GP4_PCTI:
2021-10-01 17:20:21,759 INFO SessionID¡G20z141jrf0ieydfmashf0h2b UserID¡GZ00040883 FunctionID¡G01010400 Layer¡GHTG Message¡GgetRtnHostBegin
2021-10-01 17:20:21,759 INFO SessionID¡G20z141jrf0ieydfmashf0h2b UserID¡GZ00040883 FunctionID¡G01010400 Layer¡GHTG Message¡GTRUE
2021-10-01 17:20:21,760 INFO SessionID¡G20z141jrf0ieydfmashf0h2b UserID¡GZ00040883 FunctionID¡G01010400 Layer¡GHTG Message¡G9
2021-10-01 17:20:21,760 INFO SessionID¡G20z141jrf0ieydfmashf0h2b UserID¡GZ00040883 FunctionID¡G01010400 Layer¡GHTG Message¡G10
2021-10-01 17:20:21,790 INFO SessionID¡G20z141jrf0ieydfmashf0h2b UserID¡GZ00040883 FunctionID¡G01010400 Layer¡GHTG Message¡GHTGCommunicator this.HtgTimeout:130000
2021-10-01 17:20:21,878 INFO SessionID¡G20z141jrf0ieydfmashf0h2b UserID¡GZ00040883 FunctionID¡G01010400 Layer¡GHTG Message¡GgetRtnHostEnd
2021-10-01 17:20:21,879 ERROR SessionID¡G20z141jrf0ieydfmashf0h2b UserID¡GZ00040883 FunctionID¡G01010400 Layer¡GHTG Message¡GP4_PCTI:
2021-10-01 17:20:21,989 INFO SessionID¡G20z141jrf0ieydfmashf0h2b UserID¡GZ00040883 FunctionID¡G01010400 Layer¡GHTG Message¡GgetRtnHostBegin
2021-10-01 17:20:21,989 INFO SessionID¡G20z141jrf0ieydfmashf0h2b UserID¡GZ00040883 FunctionID¡G01010400 Layer¡GHTG Message¡GTRUE
2021-10-01 17:20:21,990 INFO SessionID¡G20z141jrf0ieydfmashf0h2b UserID¡GZ00040883 FunctionID¡G01010400 Layer¡GHTG Message¡G9
2021-10-01 17:20:21,990 INFO SessionID¡G20z141jrf0ieydfmashf0h2b UserID¡GZ00040883 FunctionID¡G01010400 Layer¡GHTG Message¡G10
2021-10-01 17:20:22,020 INFO SessionID¡G20z141jrf0ieydfmashf0h2b UserID¡GZ00040883 FunctionID¡G01010400 Layer¡GHTG Message¡GHTGCommunicator this.HtgTimeout:130000
2021-10-01 17:20:22,111 INFO SessionID¡G20z141jrf0ieydfmashf0h2b UserID¡GZ00040883 FunctionID¡G01010400 Layer¡GHTG Message¡GgetRtnHostEnd
2021-10-01 17:20:22,112 ERROR SessionID¡G20z141jrf0ieydfmashf0h2b UserID¡GZ00040883 FunctionID¡G01010400 Layer¡GHTG Message¡GP4_PCTI:
2021-10-01 17:20:22,249 INFO SessionID¡G20z141jrf0ieydfmashf0h2b UserID¡GZ00040883 FunctionID¡G01010400 Layer¡GHTG Message¡GgetRtnHostBegin
2021-10-01 17:20:22,250 INFO SessionID¡G20z141jrf0ieydfmashf0h2b UserID¡GZ00040883 FunctionID¡G01010400 Layer¡GHTG Message¡GTRUE
2021-10-01 17:20:22,251 INFO SessionID¡G20z141jrf0ieydfmashf0h2b UserID¡GZ00040883 FunctionID¡G01010400 Layer¡GHTG Message¡G8
2021-10-01 17:20:22,251 INFO SessionID¡G20z141jrf0ieydfmashf0h2b UserID¡GZ00040883 FunctionID¡G01010400 Layer¡GHTG Message¡G5
2021-10-01 17:20:22,282 INFO SessionID¡G20z141jrf0ieydfmashf0h2b UserID¡GZ00040883 FunctionID¡G01010400 Layer¡GHTG Message¡GHTGCommunicator this.HtgTimeout:130000
2021-10-01 17:20:22,382 INFO SessionID¡G20z141jrf0ieydfmashf0h2b UserID¡GZ00040883 FunctionID¡G01010400 Layer¡GHTG Message¡GgetRtnHostEnd
2021-10-01 17:20:22,383 ERROR SessionID¡G20z141jrf0ieydfmashf0h2b UserID¡GZ00040883 FunctionID¡G01010400 Layer¡GHTG Message¡GP4_JCHO:
