2021-10-07 17:00:11,965 INFO SessionID¡Gooimq5fmgnuyrddhjhzwzpbr UserID¡GZ00040883 FunctionID¡G01020600 Layer¡GHTG Message¡GHTGCommunicator this.HtgTimeout:130000
2021-10-07 17:00:13,686 INFO SessionID¡Gooimq5fmgnuyrddhjhzwzpbr UserID¡GZ00040883 FunctionID¡G01020600 Layer¡GHTG Message¡GgetRtnHostBegin
2021-10-07 17:00:13,687 INFO SessionID¡Gooimq5fmgnuyrddhjhzwzpbr UserID¡GZ00040883 FunctionID¡G01020600 Layer¡GHTG Message¡GTRUE
2021-10-07 17:00:13,687 INFO SessionID¡Gooimq5fmgnuyrddhjhzwzpbr UserID¡GZ00040883 FunctionID¡G01020600 Layer¡GHTG Message¡G9
2021-10-07 17:00:13,688 INFO SessionID¡Gooimq5fmgnuyrddhjhzwzpbr UserID¡GZ00040883 FunctionID¡G01020600 Layer¡GHTG Message¡G23
2021-10-07 17:00:13,730 INFO SessionID¡Gooimq5fmgnuyrddhjhzwzpbr UserID¡GZ00040883 FunctionID¡G01020600 Layer¡GHTG Message¡GHTGCommunicator this.HtgTimeout:130000
2021-10-07 17:00:14,604 INFO SessionID¡Gooimq5fmgnuyrddhjhzwzpbr UserID¡GZ00040883 FunctionID¡G01020600 Layer¡GHTG Message¡GgetRtnHostEnd
2021-10-07 17:00:14,613 ERROR SessionID¡Gooimq5fmgnuyrddhjhzwzpbr UserID¡GZ00040883 FunctionID¡G01020600 Layer¡GHTG Message¡GP4_JCEM:
2021-10-07 17:00:14,769 INFO SessionID¡Gooimq5fmgnuyrddhjhzwzpbr UserID¡GZ00040883 FunctionID¡G01020600 Layer¡GHTG Message¡GgetRtnHostBegin
2021-10-07 17:00:14,770 INFO SessionID¡Gooimq5fmgnuyrddhjhzwzpbr UserID¡GZ00040883 FunctionID¡G01020600 Layer¡GHTG Message¡GTRUE
2021-10-07 17:00:14,770 INFO SessionID¡Gooimq5fmgnuyrddhjhzwzpbr UserID¡GZ00040883 FunctionID¡G01020600 Layer¡GHTG Message¡G9
2021-10-07 17:00:14,771 INFO SessionID¡Gooimq5fmgnuyrddhjhzwzpbr UserID¡GZ00040883 FunctionID¡G01020600 Layer¡GHTG Message¡G4
2021-10-07 17:00:14,806 INFO SessionID¡Gooimq5fmgnuyrddhjhzwzpbr UserID¡GZ00040883 FunctionID¡G01020600 Layer¡GHTG Message¡GHTGCommunicator this.HtgTimeout:130000
2021-10-07 17:00:15,961 INFO SessionID¡Gooimq5fmgnuyrddhjhzwzpbr UserID¡GZ00040883 FunctionID¡G01020600 Layer¡GHTG Message¡GgetRtnHostEnd
2021-10-07 17:00:16,092 INFO SessionID¡Gooimq5fmgnuyrddhjhzwzpbr UserID¡GZ00040883 FunctionID¡G01020600 Layer¡GHTG Message¡GgetRtnHostBegin
2021-10-07 17:00:16,093 INFO SessionID¡Gooimq5fmgnuyrddhjhzwzpbr UserID¡GZ00040883 FunctionID¡G01020600 Layer¡GHTG Message¡GTRUE
2021-10-07 17:00:16,093 INFO SessionID¡Gooimq5fmgnuyrddhjhzwzpbr UserID¡GZ00040883 FunctionID¡G01020600 Layer¡GHTG Message¡G9
2021-10-07 17:00:16,093 INFO SessionID¡Gooimq5fmgnuyrddhjhzwzpbr UserID¡GZ00040883 FunctionID¡G01020600 Layer¡GHTG Message¡G5
2021-10-07 17:00:16,125 INFO SessionID¡Gooimq5fmgnuyrddhjhzwzpbr UserID¡GZ00040883 FunctionID¡G01020600 Layer¡GHTG Message¡GHTGCommunicator this.HtgTimeout:130000
2021-10-07 17:00:16,824 INFO SessionID¡Gooimq5fmgnuyrddhjhzwzpbr UserID¡GZ00040883 FunctionID¡G01020600 Layer¡GHTG Message¡GgetRtnHostEnd
2021-10-07 17:00:50,269 INFO SessionID¡Gooimq5fmgnuyrddhjhzwzpbr UserID¡GZ00045120 FunctionID¡G01020700 Layer¡GHTG Message¡GHTGCommunicator this.HtgTimeout:130000
2021-10-07 17:00:50,918 INFO SessionID¡Gooimq5fmgnuyrddhjhzwzpbr UserID¡GZ00045120 FunctionID¡G01020700 Layer¡GHTG Message¡GgetRtnHostBegin
2021-10-07 17:00:50,919 INFO SessionID¡Gooimq5fmgnuyrddhjhzwzpbr UserID¡GZ00045120 FunctionID¡G01020700 Layer¡GHTG Message¡GTRUE
2021-10-07 17:00:50,919 INFO SessionID¡Gooimq5fmgnuyrddhjhzwzpbr UserID¡GZ00045120 FunctionID¡G01020700 Layer¡GHTG Message¡G9
2021-10-07 17:00:50,920 INFO SessionID¡Gooimq5fmgnuyrddhjhzwzpbr UserID¡GZ00045120 FunctionID¡G01020700 Layer¡GHTG Message¡G23
2021-10-07 17:00:50,946 INFO SessionID¡Gooimq5fmgnuyrddhjhzwzpbr UserID¡GZ00045120 FunctionID¡G01020700 Layer¡GHTG Message¡GHTGCommunicator this.HtgTimeout:130000
2021-10-07 17:00:51,556 INFO SessionID¡Gooimq5fmgnuyrddhjhzwzpbr UserID¡GZ00045120 FunctionID¡G01020700 Layer¡GHTG Message¡GgetRtnHostEnd
2021-10-07 17:00:51,557 ERROR SessionID¡Gooimq5fmgnuyrddhjhzwzpbr UserID¡GZ00045120 FunctionID¡G01020700 Layer¡GHTG Message¡GP4_JCEM:
2021-10-07 17:00:51,634 INFO SessionID¡Gooimq5fmgnuyrddhjhzwzpbr UserID¡GZ00045120 FunctionID¡G01020700 Layer¡GHTG Message¡GgetRtnHostBegin
2021-10-07 17:00:51,635 INFO SessionID¡Gooimq5fmgnuyrddhjhzwzpbr UserID¡GZ00045120 FunctionID¡G01020700 Layer¡GHTG Message¡GTRUE
2021-10-07 17:00:51,636 INFO SessionID¡Gooimq5fmgnuyrddhjhzwzpbr UserID¡GZ00045120 FunctionID¡G01020700 Layer¡GHTG Message¡G9
2021-10-07 17:00:51,636 INFO SessionID¡Gooimq5fmgnuyrddhjhzwzpbr UserID¡GZ00045120 FunctionID¡G01020700 Layer¡GHTG Message¡G4
2021-10-07 17:00:51,658 INFO SessionID¡Gooimq5fmgnuyrddhjhzwzpbr UserID¡GZ00045120 FunctionID¡G01020700 Layer¡GHTG Message¡GHTGCommunicator this.HtgTimeout:130000
2021-10-07 17:00:52,012 INFO SessionID¡Gooimq5fmgnuyrddhjhzwzpbr UserID¡GZ00045120 FunctionID¡G01020700 Layer¡GHTG Message¡GgetRtnHostEnd
2021-10-07 17:00:52,092 INFO SessionID¡Gooimq5fmgnuyrddhjhzwzpbr UserID¡GZ00045120 FunctionID¡G01020700 Layer¡GHTG Message¡GgetRtnHostBegin
2021-10-07 17:00:52,093 INFO SessionID¡Gooimq5fmgnuyrddhjhzwzpbr UserID¡GZ00045120 FunctionID¡G01020700 Layer¡GHTG Message¡GTRUE
2021-10-07 17:00:52,094 INFO SessionID¡Gooimq5fmgnuyrddhjhzwzpbr UserID¡GZ00045120 FunctionID¡G01020700 Layer¡GHTG Message¡G9
2021-10-07 17:00:52,095 INFO SessionID¡Gooimq5fmgnuyrddhjhzwzpbr UserID¡GZ00045120 FunctionID¡G01020700 Layer¡GHTG Message¡G5
2021-10-07 17:00:52,116 INFO SessionID¡Gooimq5fmgnuyrddhjhzwzpbr UserID¡GZ00045120 FunctionID¡G01020700 Layer¡GHTG Message¡GHTGCommunicator this.HtgTimeout:130000
2021-10-07 17:00:52,371 INFO SessionID¡Gooimq5fmgnuyrddhjhzwzpbr UserID¡GZ00045120 FunctionID¡G01020700 Layer¡GHTG Message¡GgetRtnHostEnd
2021-10-07 17:00:55,911 INFO SessionID¡Gooimq5fmgnuyrddhjhzwzpbr UserID¡GZ00045120 FunctionID¡G01020700 Layer¡GHTG Message¡GgetRtnHostBegin
2021-10-07 17:00:55,915 INFO SessionID¡Gooimq5fmgnuyrddhjhzwzpbr UserID¡GZ00045120 FunctionID¡G01020700 Layer¡GHTG Message¡GTRUE
2021-10-07 17:00:55,916 INFO SessionID¡Gooimq5fmgnuyrddhjhzwzpbr UserID¡GZ00045120 FunctionID¡G01020700 Layer¡GHTG Message¡G15
2021-10-07 17:00:55,917 INFO SessionID¡Gooimq5fmgnuyrddhjhzwzpbr UserID¡GZ00045120 FunctionID¡G01020700 Layer¡GHTG Message¡G17
2021-10-07 17:00:55,943 INFO SessionID¡Gooimq5fmgnuyrddhjhzwzpbr UserID¡GZ00045120 FunctionID¡G01020700 Layer¡GHTG Message¡GHTGCommunicator this.HtgTimeout:130000
2021-10-07 17:00:56,263 INFO SessionID¡Gooimq5fmgnuyrddhjhzwzpbr UserID¡GZ00045120 FunctionID¡G01020700 Layer¡GHTG Message¡GgetRtnHostEnd
2021-10-07 17:00:56,264 ERROR SessionID¡Gooimq5fmgnuyrddhjhzwzpbr UserID¡GZ00045120 FunctionID¡G01020700 Layer¡GHTG Message¡GP4_JCAW:
2021-10-07 17:06:39,432 INFO SessionID¡Gooimq5fmgnuyrddhjhzwzpbr UserID¡GZ00045120 FunctionID¡G01020700 Layer¡GHTG Message¡GgetRtnHostBegin
2021-10-07 17:06:39,433 INFO SessionID¡Gooimq5fmgnuyrddhjhzwzpbr UserID¡GZ00045120 FunctionID¡G01020700 Layer¡GHTG Message¡GTRUE
2021-10-07 17:06:39,433 INFO SessionID¡Gooimq5fmgnuyrddhjhzwzpbr UserID¡GZ00045120 FunctionID¡G01020700 Layer¡GHTG Message¡G15
2021-10-07 17:06:39,434 INFO SessionID¡Gooimq5fmgnuyrddhjhzwzpbr UserID¡GZ00045120 FunctionID¡G01020700 Layer¡GHTG Message¡G17
2021-10-07 17:06:39,455 INFO SessionID¡Gooimq5fmgnuyrddhjhzwzpbr UserID¡GZ00045120 FunctionID¡G01020700 Layer¡GHTG Message¡GHTGCommunicator this.HtgTimeout:130000
2021-10-07 17:06:40,453 INFO SessionID¡Gooimq5fmgnuyrddhjhzwzpbr UserID¡GZ00045120 FunctionID¡G01020700 Layer¡GHTG Message¡GgetRtnHostEnd
2021-10-07 17:06:40,454 ERROR SessionID¡Gooimq5fmgnuyrddhjhzwzpbr UserID¡GZ00045120 FunctionID¡G01020700 Layer¡GHTG Message¡GP4_JCAW:
2021-10-07 17:19:01,558 INFO SessionID¡Gooimq5fmgnuyrddhjhzwzpbr UserID¡GZ00045120 FunctionID¡G01020700 Layer¡GHTG Message¡GgetRtnHostBegin
2021-10-07 17:19:01,591 INFO SessionID¡Gooimq5fmgnuyrddhjhzwzpbr UserID¡GZ00045120 FunctionID¡G01020700 Layer¡GHTG Message¡GTRUE
2021-10-07 17:19:01,592 INFO SessionID¡Gooimq5fmgnuyrddhjhzwzpbr UserID¡GZ00045120 FunctionID¡G01020700 Layer¡GHTG Message¡G15
2021-10-07 17:19:01,593 INFO SessionID¡Gooimq5fmgnuyrddhjhzwzpbr UserID¡GZ00045120 FunctionID¡G01020700 Layer¡GHTG Message¡G17
2021-10-07 17:19:01,627 INFO SessionID¡Gooimq5fmgnuyrddhjhzwzpbr UserID¡GZ00045120 FunctionID¡G01020700 Layer¡GHTG Message¡GHTGCommunicator this.HtgTimeout:130000
2021-10-07 17:19:02,015 INFO SessionID¡Gooimq5fmgnuyrddhjhzwzpbr UserID¡GZ00045120 FunctionID¡G01020700 Layer¡GHTG Message¡GgetRtnHostEnd
2021-10-07 17:19:02,015 ERROR SessionID¡Gooimq5fmgnuyrddhjhzwzpbr UserID¡GZ00045120 FunctionID¡G01020700 Layer¡GHTG Message¡GP4_JCAW:
