2021-08-30 11:43:00,791 INFO  Message¡GApplication and Jobs End
2021-08-30 11:44:45,715 INFO  Message¡GApplication and Jobs End
2021-08-30 11:45:36,411 INFO  Message¡GApplication and Jobs End
2021-08-30 11:46:06,103 INFO  Message¡GApplication and Jobs End
2021-08-30 11:47:46,036 INFO  Message¡GApplication and Jobs End
2021-08-30 11:48:13,358 INFO  Message¡GApplication and Jobs End
2021-08-30 11:50:30,385 INFO  Message¡GApplication and Jobs End
2021-08-30 13:58:28,084 INFO  Message¡GApplication and Jobs End
2021-08-30 13:58:35,415 INFO  Message¡GApplication and Jobs End
2021-08-30 13:58:47,523 INFO  Message¡GApplication and Jobs End
2021-08-30 13:58:53,569 INFO  Message¡GApplication and Jobs End
2021-08-30 13:58:59,802 INFO  Message¡GApplication and Jobs End
2021-08-30 14:02:43,539 ERROR SessionID¡G0acjex4scileguyuktbyel5c UserID¡GZ00040883 FunctionID¡G01080100 Layer¡GBusinessRule Message¡GInvalid object name 'CSIP.dbo.M_USER'.,
Type:CSIPNewInvoice.EntityLayer_new.EntityAML_HQ_Work, 
Source:.Net SqlClient Data Provider,
StackTrace:   at System.Data.SqlClient.SqlConnection.OnError(SqlException exception, Boolean breakConnection, Action`1 wrapCloseInAction)
   at System.Data.SqlClient.SqlInternalConnection.OnError(SqlException exception, Boolean breakConnection, Action`1 wrapCloseInAction)
   at System.Data.SqlClient.TdsParser.ThrowExceptionAndWarning(TdsParserStateObject stateObj, Boolean callerHasConnectionLock, Boolean asyncClose)
   at System.Data.SqlClient.TdsParser.TryRun(RunBehavior runBehavior, SqlCommand cmdHandler, SqlDataReader dataStream, BulkCopySimpleResultSet bulkCopyHandler, TdsParserStateObject stateObj, Boolean& dataReady)
   at System.Data.SqlClient.SqlDataReader.TryConsumeMetaData()
   at System.Data.SqlClient.SqlDataReader.get_MetaData()
   at System.Data.SqlClient.SqlCommand.FinishExecuteReader(SqlDataReader ds, RunBehavior runBehavior, String resetOptionsString, Boolean isInternal, Boolean forDescribeParameterEncryption, Boolean shouldCacheForAlwaysEncrypted)
   at System.Data.SqlClient.SqlCommand.RunExecuteReaderTds(CommandBehavior cmdBehavior, RunBehavior runBehavior, Boolean returnStream, Boolean async, Int32 timeout, Task& task, Boolean asyncWrite, Boolean inRetry, SqlDataReader ds, Boolean describeParameterEncryptionRequest)
   at System.Data.SqlClient.SqlCommand.RunExecuteReader(CommandBehavior cmdBehavior, RunBehavior runBehavior, Boolean returnStream, String method, TaskCompletionSource`1 completion, Int32 timeout, Task& task, Boolean& usedCache, Boolean asyncWrite, Boolean inRetry)
   at System.Data.SqlClient.SqlCommand.RunExecuteReader(CommandBehavior cmdBehavior, RunBehavior runBehavior, Boolean returnStream, String method)
   at System.Data.SqlClient.SqlCommand.ExecuteReader(CommandBehavior behavior, String method)
   at System.Data.SqlClient.SqlCommand.ExecuteDbDataReader(CommandBehavior behavior)
   at System.Data.Common.DbCommand.System.Data.IDbCommand.ExecuteReader(CommandBehavior behavior)
   at System.Data.Common.DbDataAdapter.FillInternal(DataSet dataset, DataTable[] datatables, Int32 startRecord, Int32 maxRecords, String srcTable, IDbCommand command, CommandBehavior behavior)
   at System.Data.Common.DbDataAdapter.Fill(DataSet dataSet, Int32 startRecord, Int32 maxRecords, String srcTable, IDbCommand command, CommandBehavior behavior)
   at System.Data.Common.DbDataAdapter.Fill(DataSet dataSet)
   at Microsoft.Practices.EnterpriseLibrary.Data.Database.DoLoadDataSet(DbCommand command, DataSet dataSet, String[] tableNames)
   at Microsoft.Practices.EnterpriseLibrary.Data.Database.LoadDataSet(DbCommand command, DataSet dataSet, String[] tableNames)
   at Microsoft.Practices.EnterpriseLibrary.Data.Database.LoadDataSet(DbCommand command, DataSet dataSet, String tableName)
   at Microsoft.Practices.EnterpriseLibrary.Data.Database.ExecuteDataSet(DbCommand command)
   at Framework.Data.DataHelper.ExecuteDataSet(DbCommand command) in D:\CSIP2.0\csip_commonmodel_sit\Framework.Data\OM\DataHelper.cs:line 320
   at CSIPCommonModel.BusinessRules.BRBase`1.SearchOnDataSet(DbCommand command) in D:\CSIP2.0\csip_commonmodel_sit\BusinessRules\BRBase.cs:line 851
