2022-04-11 11:03:01,304 INFO  Message：Application and Jobs End
2022-04-11 11:06:57,723 INFO  Message：Application and Jobs End
2022-04-11 11:08:25,293 INFO  Message：Application and Jobs End
2022-04-11 11:08:29,729 INFO  Message：Application and Jobs End
2022-04-11 11:15:28,006 INFO  Message：Application and Jobs End
2022-04-11 11:17:18,720 INFO  Message：Application and Jobs End
2022-04-11 11:22:41,787 INFO  Message：Application and Jobs End
2022-04-11 11:27:12,466 INFO  Message：Application and Jobs End
2022-04-11 11:27:19,062 INFO  Message：Application and Jobs End
2022-04-11 11:30:43,299 INFO  Layer：Util Message：FTP_IP:172.24.44.47
2022-04-11 11:30:43,299 INFO  Layer：Util Message：remotePath:/SITfromAml
2022-04-11 11:30:43,301 INFO  Layer：Util Message：remFileName:AML_TW_RMMOK_A_CACA_20220410.dat
2022-04-11 11:30:43,301 INFO  Layer：Util Message：Encoding is UTF8:False
2022-04-11 11:30:43,304 ERROR  Layer：Util Message：獲取FTP目錄錯誤(0)：System.Net.WebException: 基礎連接已關閉: 伺服器認可通訊協定違規。
   於 System.Net.FtpWebRequest.SyncRequestCallback(Object obj)
   於 System.Net.CommandStream.Dispose(Boolean disposing)
   於 System.IO.Stream.Close()
   於 System.Net.ConnectionPool.Destroy(PooledStream pooledStream)
   於 System.Net.ConnectionPool.PutConnection(PooledStream pooledStream, Object owningObject, Int32 creationTimeout, Boolean canReuse)
   於 System.Net.FtpWebRequest.FinishRequestStage(RequestStage stage)
   於 System.Net.FtpWebRequest.GetResponse()
   於 FTPFactory.GetFileList(String remotePath, String remFileName, Boolean isUtf8) 於 D:\中信專案檔\csip_commonmodel_sit\Framework.Common\IO\FTPFactory.cs: 行 228
2022-04-11 11:30:53,434 INFO  Layer：Util Message：FTP_IP:172.24.44.47
2022-04-11 11:30:53,434 INFO  Layer：Util Message：remotePath:/SITfromAml
2022-04-11 11:30:53,435 INFO  Layer：Util Message：remFileName:AML_TW_RMMOK_A_CACA_20220410.dat
2022-04-11 11:30:53,435 INFO  Layer：Util Message：Encoding is UTF8:False
2022-04-11 11:30:53,435 ERROR  Layer：Util Message：獲取FTP目錄錯誤(1)：System.Net.WebException: 基礎連接已關閉: 伺服器認可通訊協定違規。
   於 System.Net.FtpWebRequest.SyncRequestCallback(Object obj)
   於 System.Net.CommandStream.Dispose(Boolean disposing)
   於 System.IO.Stream.Close()
   於 System.Net.ConnectionPool.Destroy(PooledStream pooledStream)
   於 System.Net.ConnectionPool.PutConnection(PooledStream pooledStream, Object owningObject, Int32 creationTimeout, Boolean canReuse)
   於 System.Net.FtpWebRequest.FinishRequestStage(RequestStage stage)
   於 System.Net.FtpWebRequest.GetResponse()
   於 FTPFactory.GetFileList(String remotePath, String remFileName, Boolean isUtf8) 於 D:\中信專案檔\csip_commonmodel_sit\Framework.Common\IO\FTPFactory.cs: 行 228
2022-04-11 11:31:03,874 INFO  Layer：Util Message：FTP_IP:172.24.44.47
2022-04-11 11:31:03,874 INFO  Layer：Util Message：remotePath:/SITfromAml
2022-04-11 11:31:03,874 INFO  Layer：Util Message：remFileName:AML_TW_RMMOK_A_CACA_20220410.dat
2022-04-11 11:31:03,874 INFO  Layer：Util Message：Encoding is UTF8:False
2022-04-11 11:31:03,875 ERROR  Layer：Util Message：獲取FTP目錄錯誤(2)：System.Net.WebException: 基礎連接已關閉: 伺服器認可通訊協定違規。
   於 System.Net.FtpWebRequest.SyncRequestCallback(Object obj)
   於 System.Net.CommandStream.Dispose(Boolean disposing)
   於 System.IO.Stream.Close()
   於 System.Net.ConnectionPool.Destroy(PooledStream pooledStream)
   於 System.Net.ConnectionPool.PutConnection(PooledStream pooledStream, Object owningObject, Int32 creationTimeout, Boolean canReuse)
   於 System.Net.FtpWebRequest.FinishRequestStage(RequestStage stage)
   於 System.Net.FtpWebRequest.GetResponse()
   於 FTPFactory.GetFileList(String remotePath, String remFileName, Boolean isUtf8) 於 D:\中信專案檔\csip_commonmodel_sit\Framework.Common\IO\FTPFactory.cs: 行 228
2022-04-11 11:31:13,879 ERROR  Layer：Util Message：檔案 AML_TW_RMMOK_A_CACA_20220410.dat 未找到！
2022-04-11 11:31:14,012 INFO  Layer：Util Message：FTP_IP:172.24.44.47
2022-04-11 11:31:14,013 INFO  Layer：Util Message：remotePath:/SITfromAml
2022-04-11 11:31:14,013 INFO  Layer：Util Message：remFileName:AML_TW_RMMOK_A_CACA_20220410.ctl
2022-04-11 11:31:14,013 INFO  Layer：Util Message：Encoding is UTF8:False
2022-04-11 11:31:14,014 ERROR  Layer：Util Message：獲取FTP目錄錯誤(0)：System.Net.WebException: 基礎連接已關閉: 伺服器認可通訊協定違規。
   於 System.Net.FtpWebRequest.SyncRequestCallback(Object obj)
   於 System.Net.CommandStream.Dispose(Boolean disposing)
   於 System.IO.Stream.Close()
   於 System.Net.ConnectionPool.Destroy(PooledStream pooledStream)
   於 System.Net.ConnectionPool.PutConnection(PooledStream pooledStream, Object owningObject, Int32 creationTimeout, Boolean canReuse)
   於 System.Net.FtpWebRequest.FinishRequestStage(RequestStage stage)
   於 System.Net.FtpWebRequest.GetResponse()
   於 FTPFactory.GetFileList(String remotePath, String remFileName, Boolean isUtf8) 於 D:\中信專案檔\csip_commonmodel_sit\Framework.Common\IO\FTPFactory.cs: 行 228
2022-04-11 11:31:24,151 INFO  Layer：Util Message：FTP_IP:172.24.44.47
2022-04-11 11:31:24,151 INFO  Layer：Util Message：remotePath:/SITfromAml
2022-04-11 11:31:24,151 INFO  Layer：Util Message：remFileName:AML_TW_RMMOK_A_CACA_20220410.ctl
2022-04-11 11:31:24,151 INFO  Layer：Util Message：Encoding is UTF8:False
2022-04-11 11:31:24,152 ERROR  Layer：Util Message：獲取FTP目錄錯誤(1)：System.Net.WebException: 基礎連接已關閉: 伺服器認可通訊協定違規。
   於 System.Net.FtpWebRequest.SyncRequestCallback(Object obj)
   於 System.Net.CommandStream.Dispose(Boolean disposing)
   於 System.IO.Stream.Close()
   於 System.Net.ConnectionPool.Destroy(PooledStream pooledStream)
   於 System.Net.ConnectionPool.PutConnection(PooledStream pooledStream, Object owningObject, Int32 creationTimeout, Boolean canReuse)
   於 System.Net.FtpWebRequest.FinishRequestStage(RequestStage stage)
   於 System.Net.FtpWebRequest.GetResponse()
   於 FTPFactory.GetFileList(String remotePath, String remFileName, Boolean isUtf8) 於 D:\中信專案檔\csip_commonmodel_sit\Framework.Common\IO\FTPFactory.cs: 行 228
2022-04-11 11:31:34,278 INFO  Layer：Util Message：FTP_IP:172.24.44.47
2022-04-11 11:31:34,278 INFO  Layer：Util Message：remotePath:/SITfromAml
2022-04-11 11:31:34,279 INFO  Layer：Util Message：remFileName:AML_TW_RMMOK_A_CACA_20220410.ctl
2022-04-11 11:31:34,279 INFO  Layer：Util Message：Encoding is UTF8:False
2022-04-11 11:31:34,279 ERROR  Layer：Util Message：獲取FTP目錄錯誤(2)：System.Net.WebException: 基礎連接已關閉: 伺服器認可通訊協定違規。
   於 System.Net.FtpWebRequest.SyncRequestCallback(Object obj)
   於 System.Net.CommandStream.Dispose(Boolean disposing)
   於 System.IO.Stream.Close()
   於 System.Net.ConnectionPool.Destroy(PooledStream pooledStream)
   於 System.Net.ConnectionPool.PutConnection(PooledStream pooledStream, Object owningObject, Int32 creationTimeout, Boolean canReuse)
   於 System.Net.FtpWebRequest.FinishRequestStage(RequestStage stage)
   於 System.Net.FtpWebRequest.GetResponse()
   於 FTPFactory.GetFileList(String remotePath, String remFileName, Boolean isUtf8) 於 D:\中信專案檔\csip_commonmodel_sit\Framework.Common\IO\FTPFactory.cs: 行 228
2022-04-11 11:31:44,284 ERROR  Layer：Util Message：檔案 AML_TW_RMMOK_A_CACA_20220410.ctl 未找到！
2022-04-11 11:32:38,191 ERROR  Message：System.Net.Mail.SmtpException: SMTP 伺服器需要安全連接，或用戶端未經驗證。 伺服器回應為: 5.7.0 Must issue a STARTTLS command first. z16-20020a056a00241000b004f3a647ae89sm34550824pfh.174 - gsmtp
   於 Framework.Common.Message.MailService.MailSenderBasic(String[] _To, String _From, String _Subject, String _Body, String AttachParam) 於 D:\中信專案檔\csip_commonmodel_sit\Framework.Common\Message\MailService.cs: 行 265
   於 Framework.Common.Message.MailService.MailSender(String[] _arrMailAdds, Int32 _mailTemplateId, NameValueCollection _coTags, String sAttachParam) 於 D:\中信專案檔\csip_commonmodel_sit\Framework.Common\Message\MailService.cs: 行 95
   於 AMLAFileRtnServiceFromAML.SendMail(String mailTitle, String mailBody, String status, DateTime startTime) 於 d:\中信專案檔\csip_keyingui_sit\WebPage\App_Code\AMLAFileRtnServiceFromAML.cs: 行 50
2022-04-11 11:36:09,685 INFO  Message：Application and Jobs End
2022-04-11 11:36:39,076 INFO  Message：Application and Jobs End
2022-04-11 11:43:50,903 INFO  Message：Application and Jobs End
2022-04-11 11:48:49,499 ERROR  Message：System.Net.Mail.SmtpException: SMTP 伺服器需要安全連接，或用戶端未經驗證。 伺服器回應為: 5.7.0 Must issue a STARTTLS command first. z18-20020aa785d2000000b00505c3b85842sm1455417pfn.1 - gsmtp
   於 Framework.Common.Message.MailService.MailSenderBasic(String[] _To, String _From, String _Subject, String _Body, String AttachParam) 於 D:\中信專案檔\csip_commonmodel_sit\Framework.Common\Message\MailService.cs: 行 265
   於 Framework.Common.Message.MailService.MailSender(String[] _arrMailAdds, Int32 _mailTemplateId, NameValueCollection _coTags, String sAttachParam) 於 D:\中信專案檔\csip_commonmodel_sit\Framework.Common\Message\MailService.cs: 行 95
   於 AMLAFileRtnServiceFromAML.SendMail(String mailTitle, String mailBody, String status, DateTime startTime) 於 d:\中信專案檔\csip_keyingui_sit\WebPage\App_Code\AMLAFileRtnServiceFromAML.cs: 行 50
2022-04-11 11:50:26,589 INFO  Message：Application and Jobs End
2022-04-11 11:53:42,192 INFO  Message：Application and Jobs End
2022-04-11 12:48:12,819 INFO  Message：Application and Jobs End
2022-04-11 12:48:58,062 INFO  Message：Application and Jobs End
2022-04-11 12:52:34,433 INFO  Message：Application and Jobs End
2022-04-11 12:56:24,978 INFO  Message：Application and Jobs End
2022-04-11 12:56:39,763 INFO  Message：Application and Jobs End
2022-04-11 12:59:15,706 INFO  Message：Application and Jobs End
2022-04-11 13:00:54,234 INFO  Message：Application and Jobs End
2022-04-11 13:01:18,770 INFO  Message：Application and Jobs End
2022-04-11 13:03:10,614 INFO  Message：Application and Jobs End
2022-04-11 13:08:41,469 INFO  Message：Application and Jobs End
2022-04-11 13:10:45,322 ERROR  Message：System.Net.Mail.SmtpException: SMTP 伺服器需要安全連接，或用戶端未經驗證。 伺服器回應為: 5.7.0 Must issue a STARTTLS command first. g17-20020a62e311000000b00505b16fed90sm3534632pfh.37 - gsmtp
   於 Framework.Common.Message.MailService.MailSenderBasic(String[] _To, String _From, String _Subject, String _Body, String AttachParam) 於 D:\中信專案檔\csip_commonmodel_sit\Framework.Common\Message\MailService.cs: 行 265
   於 Framework.Common.Message.MailService.MailSender(String[] _arrMailAdds, Int32 _mailTemplateId, NameValueCollection _coTags, String sAttachParam) 於 D:\中信專案檔\csip_commonmodel_sit\Framework.Common\Message\MailService.cs: 行 95
   於 AMLAFileRtnServiceFromAML.SendMail(String mailTitle, String mailBody, String status, DateTime startTime) 於 d:\中信專案檔\csip_keyingui_sit\WebPage\App_Code\AMLAFileRtnServiceFromAML.cs: 行 52
2022-04-11 13:16:15,524 INFO  Message：Application and Jobs End
2022-04-11 13:49:17,753 INFO  Message：Application and Jobs End
2022-04-11 13:50:10,994 INFO  Message：Application and Jobs End
2022-04-11 13:50:53,368 INFO  Message：Application and Jobs End
2022-04-11 13:54:57,192 ERROR  Message：System.Net.Mail.SmtpException: SMTP 伺服器需要安全連接，或用戶端未經驗證。 伺服器回應為: 5.7.0 Must issue a STARTTLS command first. x5-20020aa79a45000000b00505c1ab148esm2141207pfj.131 - gsmtp
   於 Framework.Common.Message.MailService.MailSenderBasic(String[] _To, String _From, String _Subject, String _Body, String AttachParam) 於 D:\中信專案檔\csip_commonmodel_sit\Framework.Common\Message\MailService.cs: 行 265
   於 Framework.Common.Message.MailService.MailSender(String[] _arrMailAdds, Int32 _mailTemplateId, NameValueCollection _coTags, String sAttachParam) 於 D:\中信專案檔\csip_commonmodel_sit\Framework.Common\Message\MailService.cs: 行 95
   於 AMLAFileRtnServiceFromAML.SendMail(String mailTitle, String mailBody, String status, DateTime startTime) 於 d:\中信專案檔\csip_keyingui_sit\WebPage\App_Code\AMLAFileRtnServiceFromAML.cs: 行 52
2022-04-11 13:55:21,515 INFO  Message：Application and Jobs End
2022-04-11 13:59:44,428 INFO  Message：Application and Jobs End
2022-04-11 14:05:08,156 INFO  Message：Application and Jobs End
2022-04-11 14:09:15,434 INFO  Message：Application and Jobs End
2022-04-11 14:19:58,733 INFO  Message：Application and Jobs End
2022-04-11 14:22:07,757 ERROR  Message：System.Net.Mail.SmtpException: SMTP 伺服器需要安全連接，或用戶端未經驗證。 伺服器回應為: 5.7.0 Must issue a STARTTLS command first. y20-20020aa79af4000000b005056a0171bdsm12569115pfp.6 - gsmtp
   於 Framework.Common.Message.MailService.MailSenderBasic(String[] _To, String _From, String _Subject, String _Body, String AttachParam) 於 D:\中信專案檔\csip_commonmodel_sit\Framework.Common\Message\MailService.cs: 行 265
   於 Framework.Common.Message.MailService.MailSender(String[] _arrMailAdds, Int32 _mailTemplateId, NameValueCollection _coTags, String sAttachParam) 於 D:\中信專案檔\csip_commonmodel_sit\Framework.Common\Message\MailService.cs: 行 95
   於 AMLAFileRtnServiceFromAML.SendMail(String mailTitle, String mailBody, String status, DateTime startTime) 於 d:\中信專案檔\csip_keyingui_sit\WebPage\App_Code\AMLAFileRtnServiceFromAML.cs: 行 52
2022-04-11 14:22:23,189 INFO  Message：Application and Jobs End
2022-04-11 14:22:47,474 INFO  Message：Application and Jobs End
2022-04-11 14:26:51,628 INFO  Message：Application and Jobs End
2022-04-11 14:27:04,932 INFO  Message：Application and Jobs End
2022-04-11 14:27:31,705 INFO  Message：Application and Jobs End
2022-04-11 14:27:37,689 INFO  Message：Application and Jobs End
2022-04-11 14:27:42,644 INFO  Message：Application and Jobs End
2022-04-11 14:28:02,656 INFO  Message：Application and Jobs End
2022-04-11 14:29:42,570 INFO  Message：Application and Jobs End
2022-04-11 14:29:54,994 INFO  Message：Application and Jobs End
2022-04-11 14:30:53,476 INFO  Message：Application and Jobs End
2022-04-11 14:31:12,881 INFO  Message：Application and Jobs End
2022-04-11 14:31:45,049 INFO  Message：Application and Jobs End
2022-04-11 14:31:59,331 INFO  Message：Application and Jobs End
2022-04-11 14:32:19,233 INFO  Message：Application and Jobs End
2022-04-11 14:33:00,695 INFO  Message：Application and Jobs End
2022-04-11 14:33:04,192 INFO  Message：Application and Jobs End
2022-04-11 14:33:24,269 INFO  Message：Application and Jobs End
2022-04-11 14:38:10,333 INFO  Message：Application and Jobs End
2022-04-11 14:39:23,445 INFO  Message：Application and Jobs End
2022-04-11 14:39:31,629 INFO  Message：Application and Jobs End
2022-04-11 14:39:42,905 INFO  Message：Application and Jobs End
2022-04-11 14:40:14,269 INFO  Message：Application and Jobs End
2022-04-11 14:40:35,168 INFO  Message：Application and Jobs End
2022-04-11 14:41:03,083 INFO  Message：Application and Jobs End
2022-04-11 14:41:08,613 INFO  Message：Application and Jobs End
2022-04-11 14:41:19,661 INFO  Message：Application and Jobs End
2022-04-11 14:43:23,390 INFO  Message：Application and Jobs End
2022-04-11 14:44:57,819 ERROR  Message：System.Net.Mail.SmtpException: SMTP 伺服器需要安全連接，或用戶端未經驗證。 伺服器回應為: 5.7.0 Must issue a STARTTLS command first. z128-20020a633386000000b0039900902a78sm24502609pgz.28 - gsmtp
   於 Framework.Common.Message.MailService.MailSenderBasic(String[] _To, String _From, String _Subject, String _Body, String AttachParam) 於 D:\中信專案檔\csip_commonmodel_sit\Framework.Common\Message\MailService.cs: 行 265
   於 Framework.Common.Message.MailService.MailSender(String[] _arrMailAdds, Int32 _mailTemplateId, NameValueCollection _coTags, String sAttachParam) 於 D:\中信專案檔\csip_commonmodel_sit\Framework.Common\Message\MailService.cs: 行 95
   於 AMLAFileRtnServiceFromAML.SendMail(String mailTitle, String mailBody, String status, DateTime startTime) 於 d:\中信專案檔\csip_keyingui_sit\WebPage\App_Code\AMLAFileRtnServiceFromAML.cs: 行 52
2022-04-11 14:55:13,204 INFO  Message：Application and Jobs End
2022-04-11 14:56:03,518 INFO  Message：Application and Jobs End
