2021-03-11 15:57:42,265 INFO  Layer：BusinessRule Message：ACHP02JOB啟動,

2021-03-11 15:57:58,063 INFO  Layer：BusinessRule Message：開始清空DB ACHP02_Tmp,

2021-03-11 15:57:58,123 INFO  Layer：BusinessRule Message：清空DB ACHP02_Tmp：成功！,

2021-03-11 15:57:58,125 INFO  Layer：BusinessRule Message：開始新增ACHP02_Tmp資料[表頭],

2021-03-11 15:57:58,140 INFO  Layer：BusinessRule Message：新增ACHP02_Tmp資料[表頭]:成功！(總共1筆),

2021-03-11 15:57:58,142 INFO  Layer：BusinessRule Message：開始新增ACHP02_Tmp資料[來源:Other_Bank_Temp],

2021-03-11 15:57:58,232 INFO  Layer：BusinessRule Message：新增ACHP02_Tmp資料[來源:Other_Bank_Temp]:成功！(總共102筆),

2021-03-11 15:57:58,233 INFO  Layer：BusinessRule Message：開始更新ACHP02_Tmp資料,

2021-03-11 15:57:58,244 INFO  Layer：BusinessRule Message：更新ACHP02_Tmp資料:成功！(總共102筆),

2021-03-11 15:57:58,245 INFO  Layer：BusinessRule Message：開始更新ACHP02_Tmp資料,

2021-03-11 15:57:58,260 INFO  Layer：BusinessRule Message：更新ACHP02_Tmp資料:成功！(總共102筆),

2021-03-11 15:57:58,261 INFO  Layer：BusinessRule Message：開始新增ACHP02_Tmp資料,

2021-03-11 15:57:58,267 INFO  Layer：BusinessRule Message：新增ACHP02_Tmp資料:成功！(總共1筆),

2021-03-11 15:57:58,268 INFO  Layer：BusinessRule Message：開始匯出檔案,

2021-03-11 15:57:58,293 INFO  Layer：BusinessRule Message：匯出檔案：成功！(預計匯入104筆。（成功:104筆）),

2021-03-11 15:57:58,294 INFO  Layer：BusinessRule Message：開始上傳檔案至FTP,

2021-03-11 15:57:58,432 INFO  Layer：BusinessRule Message：上傳檔案至FTP：來源目錄：D:\CSIP2.0\csip_keyingui_sit\WebPage\FileUpload\ACHP02\,

2021-03-11 15:57:58,433 INFO  Layer：BusinessRule Message：上傳檔案至FTP：來源檔案：ACHP02_01100312_03077208.txt,

2021-03-11 15:57:58,434 INFO  Layer：BusinessRule Message：上傳檔案至FTP：上傳成功！,

2021-03-11 15:57:58,435 INFO  Layer：BusinessRule Message：開始更新Batch資料,

2021-03-11 15:57:58,445 INFO  Layer：BusinessRule Message：更新Batch資料:成功！(總共1筆),

2021-03-11 15:57:58,446 INFO  Layer：BusinessRule Message：匯出檔案失敗，開始寄信！,

2021-03-11 15:57:58,701 ERROR  Layer：BusinessRule Message：發送mail中發生以下異常:無法使用服務，正在關閉傳送通道。 伺服器回應為: 4.3.2 Service not available,

2021-03-11 15:57:58,702 ERROR  Layer：BusinessRule Message：寄信失敗！,

2021-03-11 15:57:58,715 INFO  Layer：BusinessRule Message：ACHP02執行於:2021/3/11 下午 03:57:42,

2021-03-11 15:57:58,742 INFO  Layer：BusinessRule Message：ACHP02JOB結束,

