2021-02-19 15:41:18,023 INFO  Layer：BusinessRule Message：ACHP02JOB啟動,

2021-02-19 15:42:23,555 INFO  Layer：BusinessRule Message：開始清空DB ACHP02_Tmp,

2021-02-19 15:42:25,017 INFO  Layer：BusinessRule Message：清空DB ACHP02_Tmp：成功！,

2021-02-19 15:42:26,096 INFO  Layer：BusinessRule Message：開始新增ACHP02_Tmp資料[表頭],

2021-02-19 15:42:27,500 INFO  Layer：BusinessRule Message：新增ACHP02_Tmp資料[表頭]:成功！(總共1筆),

2021-02-19 15:42:28,893 INFO  Layer：BusinessRule Message：開始新增ACHP02_Tmp資料[來源:Other_Bank_Temp],

2021-02-19 15:42:32,170 INFO  Layer：BusinessRule Message：新增ACHP02_Tmp資料[來源:Other_Bank_Temp]:成功！(總共77筆),

2021-02-19 15:42:33,125 INFO  Layer：BusinessRule Message：開始更新ACHP02_Tmp資料,

2021-02-19 15:42:34,726 INFO  Layer：BusinessRule Message：更新ACHP02_Tmp資料:成功！(總共77筆),

2021-02-19 15:42:36,567 INFO  Layer：BusinessRule Message：開始更新ACHP02_Tmp資料,

2021-02-19 15:42:37,704 INFO  Layer：BusinessRule Message：更新ACHP02_Tmp資料:成功！(總共77筆),

2021-02-19 15:42:38,801 INFO  Layer：BusinessRule Message：開始新增ACHP02_Tmp資料,

2021-02-19 15:42:39,867 INFO  Layer：BusinessRule Message：新增ACHP02_Tmp資料:成功！(總共1筆),

2021-02-19 15:42:40,099 INFO  Layer：BusinessRule Message：開始匯出檔案,

2021-02-19 15:42:40,290 INFO  Layer：BusinessRule Message：匯出檔案：成功！(預計匯入79筆。（成功:79筆）),

2021-02-19 15:42:40,467 INFO  Layer：BusinessRule Message：開始上傳檔案至FTP,

2021-02-19 15:42:40,771 INFO  Layer：BusinessRule Message：上傳檔案至FTP：來源目錄：D:\CSIP2.0\csip_keyingui_sit\WebPage\FileUpload\ACHP02\,

2021-02-19 15:42:40,829 INFO  Layer：BusinessRule Message：上傳檔案至FTP：來源檔案：ACHP02_20210220_03077208.txt,

2021-02-19 15:42:40,891 INFO  Layer：BusinessRule Message：上傳檔案至FTP：上傳成功！,

2021-02-19 15:42:41,110 INFO  Layer：BusinessRule Message：開始更新Batch資料,

2021-02-19 15:42:41,510 INFO  Layer：BusinessRule Message：更新Batch資料:成功！(總共1筆),

2021-02-19 15:42:41,625 INFO  Layer：BusinessRule Message：匯出檔案失敗，開始寄信！,

2021-02-19 15:42:41,914 ERROR  Layer：BusinessRule Message：發送mail中發生以下異常:無法使用服務，正在關閉傳送通道。 伺服器回應為: 4.3.2 Service not available,

2021-02-19 15:42:41,915 ERROR  Layer：BusinessRule Message：寄信失敗！,

2021-02-19 15:42:42,200 INFO  Layer：BusinessRule Message：ACHP02執行於:2021/2/19 下午 03:41:17,

2021-02-19 15:42:42,343 INFO  Layer：BusinessRule Message：ACHP02JOB結束,

