2022-04-21 10:41:57,378 INFO  Layer：BusinessRule Message：BatchJob_MFANJOB啟動,

2022-04-21 10:42:08,228 INFO  Layer：BusinessRule Message：JobId:BatchJob_MFAN,

2022-04-21 10:42:09,333 INFO  Layer：BusinessRule Message：jobMailTo:wendy.cheng@ctbcbank.com;nash.liu@ctbcbank.com;hsiangchi.chen@ctbcbank.com;darren.ho@ctbcbank.com;,

2022-04-21 10:42:31,546 INFO  Layer：BusinessRule Message：判斷是否手動輸入參數 啟動排程：開始！,

2022-04-21 10:42:33,319 INFO  Layer：BusinessRule Message：手動輸入參數啟動排程：否！,

2022-04-21 10:42:34,155 INFO  Layer：BusinessRule Message：判斷是否手動輸入參數 啟動排程：結束！,

2022-04-21 10:42:40,469 ERROR  Message：FTP 取檔開始
2022-04-21 10:44:48,182 ERROR  Message：[FAIL] 檔案: MFAN_20220421.TXT 不存在， FTP 取檔失敗
2022-04-21 10:44:54,547 ERROR  Layer：BusinessRule Message：發送mail中發生以下異常:參數 'addresses' 不可為空字串。
參數名稱: addresses,

2022-04-21 10:45:50,587 INFO  Layer：BusinessRule Message：BatchJob_MFANJOB啟動,

2022-04-21 10:45:52,562 INFO  Layer：BusinessRule Message：JobId:BatchJob_MFAN,

2022-04-21 10:45:52,780 INFO  Layer：BusinessRule Message：jobMailTo:wendy.cheng@ctbcbank.com;nash.liu@ctbcbank.com;hsiangchi.chen@ctbcbank.com;darren.ho@ctbcbank.com;,

2022-04-21 10:45:58,022 INFO  Layer：BusinessRule Message：判斷是否手動輸入參數 啟動排程：開始！,

2022-04-21 10:45:59,297 INFO  Layer：BusinessRule Message：手動輸入參數啟動排程：否！,

2022-04-21 10:46:00,335 INFO  Layer：BusinessRule Message：判斷是否手動輸入參數 啟動排程：結束！,

2022-04-21 10:46:02,894 ERROR  Layer：BusinessRule Message：發送mail中發生以下異常:參數 'addresses' 不可為空字串。
參數名稱: addresses,

2022-04-21 10:48:24,118 INFO  Layer：BusinessRule Message：BatchJob_MFANJOB啟動,

2022-04-21 10:48:29,637 INFO  Layer：BusinessRule Message：JobId:BatchJob_MFAN,

2022-04-21 10:48:29,638 INFO  Layer：BusinessRule Message：jobMailTo:wendy.cheng@ctbcbank.com;nash.liu@ctbcbank.com;hsiangchi.chen@ctbcbank.com;darren.ho@ctbcbank.com;,

2022-04-21 10:48:29,814 INFO  Layer：BusinessRule Message：判斷是否手動輸入參數 啟動排程：開始！,

2022-04-21 10:48:29,814 INFO  Layer：BusinessRule Message：手動輸入參數啟動排程：否！,

2022-04-21 10:48:29,814 INFO  Layer：BusinessRule Message：判斷是否手動輸入參數 啟動排程：結束！,

2022-04-21 10:49:21,173 ERROR  Layer：BusinessRule Message：發送mail中發生以下異常:參數 'addresses' 不可為空字串。
參數名稱: addresses,

2022-04-21 10:49:28,985 INFO  Layer：BusinessRule Message：BatchJob_MFANJOB啟動,

2022-04-21 10:49:29,088 INFO  Layer：BusinessRule Message：JobId:BatchJob_MFAN,

2022-04-21 10:49:29,088 INFO  Layer：BusinessRule Message：jobMailTo:wendy.cheng@ctbcbank.com;nash.liu@ctbcbank.com;hsiangchi.chen@ctbcbank.com;darren.ho@ctbcbank.com;,

2022-04-21 10:49:29,211 INFO  Layer：BusinessRule Message：判斷是否手動輸入參數 啟動排程：開始！,

2022-04-21 10:49:29,211 INFO  Layer：BusinessRule Message：手動輸入參數啟動排程：否！,

2022-04-21 10:49:29,211 INFO  Layer：BusinessRule Message：判斷是否手動輸入參數 啟動排程：結束！,

2022-04-21 10:49:46,504 ERROR  Layer：BusinessRule Message：發送mail中發生以下異常:參數 'addresses' 不可為空字串。
參數名稱: addresses,

2022-04-21 10:49:49,379 INFO  Layer：BusinessRule Message：BatchJob_MFANJOB啟動,

2022-04-21 10:49:49,480 INFO  Layer：BusinessRule Message：JobId:BatchJob_MFAN,

2022-04-21 10:49:49,481 INFO  Layer：BusinessRule Message：jobMailTo:wendy.cheng@ctbcbank.com;nash.liu@ctbcbank.com;hsiangchi.chen@ctbcbank.com;darren.ho@ctbcbank.com;,

2022-04-21 10:49:49,599 INFO  Layer：BusinessRule Message：判斷是否手動輸入參數 啟動排程：開始！,

2022-04-21 10:49:49,600 INFO  Layer：BusinessRule Message：手動輸入參數啟動排程：否！,

2022-04-21 10:49:49,600 INFO  Layer：BusinessRule Message：判斷是否手動輸入參數 啟動排程：結束！,

2022-04-21 10:52:05,284 ERROR  Layer：BusinessRule Message：發送mail中發生以下異常:參數 'addresses' 不可為空字串。
參數名稱: addresses,

2022-04-21 10:56:35,513 INFO  Layer：BusinessRule Message：BatchJob_MFANJOB啟動,

2022-04-21 10:56:41,049 INFO  Layer：BusinessRule Message：JobId:BatchJob_MFAN,

2022-04-21 10:56:41,049 INFO  Layer：BusinessRule Message：jobMailTo:wendy.cheng@ctbcbank.com;nash.liu@ctbcbank.com;hsiangchi.chen@ctbcbank.com;darren.ho@ctbcbank.com;,

2022-04-21 10:56:41,174 INFO  Layer：BusinessRule Message：判斷是否手動輸入參數 啟動排程：開始！,

2022-04-21 10:56:41,174 INFO  Layer：BusinessRule Message：手動輸入參數啟動排程：否！,

2022-04-21 10:56:41,175 INFO  Layer：BusinessRule Message：判斷是否手動輸入參數 啟動排程：結束！,

2022-04-21 10:56:45,057 ERROR  Layer：BusinessRule Message：發送mail中發生以下異常:參數 'addresses' 不可為空字串。
參數名稱: addresses,

2022-04-21 11:05:00,424 INFO  Layer：BusinessRule Message：BatchJob_MFANJOB啟動,

2022-04-21 11:05:15,535 INFO  Layer：BusinessRule Message：判斷是否手動輸入參數 啟動排程：開始！,

2022-04-21 11:05:15,536 INFO  Layer：BusinessRule Message：手動輸入參數啟動排程：否！,

2022-04-21 11:05:15,536 INFO  Layer：BusinessRule Message：判斷是否手動輸入參數 啟動排程：結束！,

2022-04-21 11:05:15,538 ERROR  Message：FTP 取檔開始
2022-04-21 11:07:21,438 ERROR  Message：[FAIL] 檔案: MFAN_20220421.TXT 不存在， FTP 取檔失敗
2022-04-21 11:07:22,701 ERROR  Layer：BusinessRule Message：發送mail中發生以下異常:SMTP 伺服器需要安全連接，或用戶端未經驗證。 伺服器回應為: 5.7.0 Must issue a STARTTLS command first. h189-20020a636cc6000000b0039841f669bcsm21553362pgc.78 - gsmtp,

2022-04-21 11:08:39,535 INFO  Layer：BusinessRule Message：BatchJob_MFANJOB啟動,

2022-04-21 11:08:45,983 INFO  Layer：BusinessRule Message：判斷是否手動輸入參數 啟動排程：開始！,

2022-04-21 11:08:45,983 INFO  Layer：BusinessRule Message：手動輸入參數啟動排程：否！,

2022-04-21 11:08:45,984 INFO  Layer：BusinessRule Message：判斷是否手動輸入參數 啟動排程：結束！,

2022-04-21 11:09:02,389 ERROR  Layer：BusinessRule Message：發送mail中發生以下異常:SMTP 伺服器需要安全連接，或用戶端未經驗證。 伺服器回應為: 5.7.0 Must issue a STARTTLS command first. h18-20020a056a001a5200b0050a43bb7ae6sm20798053pfv.161 - gsmtp,

